[I 2025-10-08 19:06:14,140] Trial 2 finished with value: -0.0331 and parameters: {'h1_weight': 0.15000000000000002, 'h5_weight': 0.4, 'bb_period': 20, 'bb_std_dev': 1.75, 'bb_proximity': 0.35000000000000003, 'regularization': 0.011}. Best is trial 2 with value: -0.0331.
  Trial 0: MRB=-0.0331% buy=0.55 sell=0.43
[I 2025-10-08 19:06:14,147] Trial 0 finished with value: -0.0331 and parameters: {'h1_weight': 0.25, 'h5_weight': 0.5, 'bb_period': 10, 'bb_std_dev': 1.5, 'bb_proximity': 0.25, 'regularization': 0.026000000000000002}. Best is trial 2 with value: -0.0331.
[I 2025-10-08 19:06:14,148] Trial 5 finished with value: -999.0 and parameters: {'h1_weight': 0.45000000000000007, 'h5_weight': 0.5}. Best is trial 2 with value: -0.0331.
  Trial 1: MRB=-0.0331% buy=0.55 sell=0.43
[I 2025-10-08 19:06:14,152] Trial 1 finished with value: -0.0331 and parameters: {'h1_weight': 0.5, 'h5_weight': 0.25, 'bb_period': 30, 'bb_std_dev': 2.0, 'bb_proximity': 0.30000000000000004, 'regularization': 0.026000000000000002}. Best is trial 2 with value: -0.0331.
  Trial 3: MRB=-0.0331% buy=0.55 sell=0.43
[I 2025-10-08 19:06:14,156] Trial 3 finished with value: -0.0331 and parameters: {'h1_weight': 0.30000000000000004, 'h5_weight': 0.45, 'bb_period': 15, 'bb_std_dev': 2.0, 'bb_proximity': 0.2, 'regularization': 0.031}. Best is trial 2 with value: -0.0331.
  Trial 4: MRB=-0.0187% buy=0.55 sell=0.43
[I 2025-10-08 19:06:18,300] Trial 4 finished with value: -0.0187 and parameters: {'h1_weight': 0.30000000000000004, 'h5_weight': 0.35000000000000003, 'bb_period': 30, 'bb_std_dev': 2.25, 'bb_proximity': 0.25, 'regularization': 0.021}. Best is trial 4 with value: -0.0187.
  Trial 6: MRB=-0.0187% buy=0.55 sell=0.43
[I 2025-10-08 19:06:18,301] Trial 6 finished with value: -0.0187 and parameters: {'h1_weight': 0.15000000000000002, 'h5_weight': 0.4, 'bb_period': 30, 'bb_std_dev': 2.25, 'bb_proximity': 0.30000000000000004, 'regularization': 0.036000000000000004}. Best is trial 4 with value: -0.0187.
  Trial 7: MRB=-0.0187% buy=0.55 sell=0.43
[I 2025-10-08 19:06:18,310] Trial 7 finished with value: -0.0187 and parameters: {'h1_weight': 0.5, 'h5_weight': 0.35000000000000003, 'bb_period': 25, 'bb_std_dev': 2.0, 'bb_proximity': 0.2, 'regularization': 0.036000000000000004}. Best is trial 4 with value: -0.0187.
[I 2025-10-08 19:06:18,311] Trial 11 finished with value: -999.0 and parameters: {'h1_weight': 0.35, 'h5_weight': 0.7}. Best is trial 4 with value: -0.0187.
  Trial 8: MRB=-0.0187% buy=0.55 sell=0.43
[I 2025-10-08 19:06:18,318] Trial 8 finished with value: -0.0187 and parameters: {'h1_weight': 0.35, 'h5_weight': 0.35000000000000003, 'bb_period': 25, 'bb_std_dev': 2.5, 'bb_proximity': 0.2, 'regularization': 0.036000000000000004}. Best is trial 4 with value: -0.0187.
  Trial 10: MRB=-0.0433% buy=0.55 sell=0.43
[I 2025-10-08 19:06:22,515] Trial 10 finished with value: -0.0433 and parameters: {'h1_weight': 0.35, 'h5_weight': 0.25, 'bb_period': 15, 'bb_std_dev': 1.75, 'bb_proximity': 0.25, 'regularization': 0.046}. Best is trial 4 with value: -0.0187.
  Trial 9: MRB=-0.0433% buy=0.55 sell=0.43
[I 2025-10-08 19:06:22,527] Trial 9 finished with value: -0.0433 and parameters: {'h1_weight': 0.35, 'h5_weight': 0.35000000000000003, 'bb_period': 15, 'bb_std_dev': 2.25, 'bb_proximity': 0.4, 'regularization': 0.026000000000000002}. Best is trial 4 with value: -0.0187.
  Trial 12: MRB=-0.0433% buy=0.55 sell=0.43
[I 2025-10-08 19:06:22,532] Trial 12 finished with value: -0.0433 and parameters: {'h1_weight': 0.2, 'h5_weight': 0.35000000000000003, 'bb_period': 10, 'bb_std_dev': 2.5, 'bb_proximity': 0.30000000000000004, 'regularization': 0.041}. Best is trial 4 with value: -0.0187.
  Trial 13: MRB=-0.0433% buy=0.55 sell=0.43
[I 2025-10-08 19:06:22,551] Trial 13 finished with value: -0.0433 and parameters: {'h1_weight': 0.6, 'h5_weight': 0.2, 'bb_period': 20, 'bb_std_dev': 2.5, 'bb_proximity': 0.4, 'regularization': 0.001}. Best is trial 4 with value: -0.0187.
  Trial 14: MRB=-0.0014% buy=0.55 sell=0.43
[I 2025-10-08 19:06:26,588] Trial 14 finished with value: -0.0014 and parameters: {'h1_weight': 0.1, 'h5_weight': 0.6000000000000001, 'bb_period': 30, 'bb_std_dev': 2.5, 'bb_proximity': 0.4, 'regularization': 0.011}. Best is trial 14 with value: -0.0014.
  Trial 15: MRB=0.0000% buy=0.55 sell=0.43
[I 2025-10-08 19:06:26,609] Trial 15 finished with value: 0.0 and parameters: {'h1_weight': 0.15000000000000002, 'h5_weight': 0.65, 'bb_period': 30, 'bb_std_dev': 2.5, 'bb_proximity': 0.30000000000000004, 'regularization': 0.011}. Best is trial 15 with value: 0.0.
  Trial 17: MRB=0.0519% buy=0.55 sell=0.43
[I 2025-10-08 19:06:26,695] Trial 17 finished with value: 0.0519 and parameters: {'h1_weight': 0.1, 'h5_weight': 0.6000000000000001, 'bb_period': 30, 'bb_std_dev': 2.25, 'bb_proximity': 0.25, 'regularization': 0.016}. Best is trial 17 with value: 0.0519.
  Trial 16: MRB=0.0519% buy=0.55 sell=0.43
[I 2025-10-08 19:06:26,706] Trial 16 finished with value: 0.0519 and parameters: {'h1_weight': 0.15000000000000002, 'h5_weight': 0.6000000000000001, 'bb_period': 30, 'bb_std_dev': 2.25, 'bb_proximity': 0.25, 'regularization': 0.011}. Best is trial 17 with value: 0.0519.
  Trial 18: MRB=0.0079% buy=0.55 sell=0.43
[I 2025-10-08 19:06:30,729] Trial 18 finished with value: 0.0079 and parameters: {'h1_weight': 0.1, 'h5_weight': 0.65, 'bb_period': 30, 'bb_std_dev': 2.25, 'bb_proximity': 0.35000000000000003, 'regularization': 0.016}. Best is trial 17 with value: 0.0519.
  Trial 19: MRB=0.0000% buy=0.55 sell=0.43
[I 2025-10-08 19:06:30,821] Trial 19 finished with value: 0.0 and parameters: {'h1_weight': 0.1, 'h5_weight': 0.65, 'bb_period': 25, 'bb_std_dev': 2.5, 'bb_proximity': 0.35000000000000003, 'regularization': 0.011}. Best is trial 17 with value: 0.0519.
  Trial 20: MRB=0.0000% buy=0.55 sell=0.43
[I 2025-10-08 19:06:30,826] Trial 20 finished with value: 0.0 and parameters: {'h1_weight': 0.1, 'h5_weight': 0.7, 'bb_period': 25, 'bb_std_dev': 2.25, 'bb_proximity': 0.35000000000000003, 'regularization': 0.016}. Best is trial 17 with value: 0.0519.
  Trial 21: MRB=0.0441% buy=0.55 sell=0.43
[I 2025-10-08 19:06:30,919] Trial 21 finished with value: 0.0441 and parameters: {'h1_weight': 0.1, 'h5_weight': 0.6000000000000001, 'bb_period': 25, 'bb_std_dev': 2.25, 'bb_proximity': 0.25, 'regularization': 0.001}. Best is trial 17 with value: 0.0519.
  Trial 22: MRB=0.0032% buy=0.55 sell=0.43
[I 2025-10-08 19:06:34,894] Trial 22 finished with value: 0.0032 and parameters: {'h1_weight': 0.2, 'h5_weight': 0.55, 'bb_period': 25, 'bb_std_dev': 2.25, 'bb_proximity': 0.25, 'regularization': 0.001}. Best is trial 17 with value: 0.0519.
  Trial 23: MRB=0.0032% buy=0.55 sell=0.43
[I 2025-10-08 19:06:34,997] Trial 23 finished with value: 0.0032 and parameters: {'h1_weight': 0.2, 'h5_weight': 0.55, 'bb_period': 25, 'bb_std_dev': 2.0, 'bb_proximity': 0.25, 'regularization': 0.001}. Best is trial 17 with value: 0.0519.
  Trial 24: MRB=0.0032% buy=0.55 sell=0.43
[I 2025-10-08 19:06:35,007] Trial 24 finished with value: 0.0032 and parameters: {'h1_weight': 0.2, 'h5_weight': 0.55, 'bb_period': 25, 'bb_std_dev': 2.25, 'bb_proximity': 0.25, 'regularization': 0.001}. Best is trial 17 with value: 0.0519.
  Trial 25: MRB=-0.0241% buy=0.55 sell=0.43
[I 2025-10-08 19:06:35,092] Trial 25 finished with value: -0.0241 and parameters: {'h1_weight': 0.2, 'h5_weight': 0.55, 'bb_period': 25, 'bb_std_dev': 2.0, 'bb_proximity': 0.25, 'regularization': 0.001}. Best is trial 17 with value: 0.0519.
[ERROR] Analysis failed: Error: No trades loaded

  Trial 26: MRB=-999.0000% buy=0.55 sell=0.43
[I 2025-10-08 19:06:39,094] Trial 26 finished with value: -999.0 and parameters: {'h1_weight': 0.2, 'h5_weight': 0.55, 'bb_period': 25, 'bb_std_dev': 2.0, 'bb_proximity': 0.25, 'regularization': 0.006}. Best is trial 17 with value: 0.0519.
[ERROR] Analysis failed: Error: No trades loaded

  Trial 28: MRB=-999.0000% buy=0.55 sell=0.43
