[I 2025-10-08 19:06:39,115] Trial 28 finished with value: -999.0 and parameters: {'h1_weight': 0.25, 'h5_weight': 0.6000000000000001, 'bb_period': 30, 'bb_std_dev': 2.0, 'bb_proximity': 0.2, 'regularization': 0.006}. Best is trial 17 with value: 0.0519.Best trial: 31. Best value: 0.1039:  56%|█████▌    | 56/100 [00:54<00:38,  1.14it/s]Best trial: 31. Best value: 0.1039:  56%|█████▌    | 56/100 [00:54<00:38,  1.14it/s]Best trial: 31. Best value: 0.1039:  57%|█████▋    | 57/100 [00:54<00:27,  1.58it/s]/Library/Frameworks/Python.framework/Versions/3.13/lib/python3.13/site-packages/optuna/distributions.py:687: UserWarning: The distribution is specified by [0.001, 0.05] and step=0.005, but the range is not divisible by `step`. It will be replaced by [0.001, 0.046].
  warnings.warn(
                                                                                    Best trial: 31. Best value: 0.1039:  57%|█████▋    | 57/100 [00:58<00:27,  1.58it/s]Best trial: 31. Best value: 0.1039:  57%|█████▋    | 57/100 [00:58<00:27,  1.58it/s]Best trial: 31. Best value: 0.1039:  58%|█████▊    | 58/100 [00:58<00:52,  1.24s/it]/Library/Frameworks/Python.framework/Versions/3.13/lib/python3.13/site-packages/optuna/distributions.py:687: UserWarning: The distribution is specified by [0.001, 0.05] and step=0.005, but the range is not divisible by `step`. It will be replaced by [0.001, 0.046].
  warnings.warn(
                                                                                    Best trial: 31. Best value: 0.1039:  58%|█████▊    | 58/100 [00:58<00:52,  1.24s/it]Best trial: 31. Best value: 0.1039:  58%|█████▊    | 58/100 [00:58<00:52,  1.24s/it]Best trial: 31. Best value: 0.1039:  59%|█████▉    | 59/100 [00:58<00:41,  1.00s/it]/Library/Frameworks/Python.framework/Versions/3.13/lib/python3.13/site-packages/optuna/distributions.py:687: UserWarning: The distribution is specified by [0.001, 0.05] and step=0.005, but the range is not divisible by `step`. It will be replaced by [0.001, 0.046].
  warnings.warn(
                                                                                    Best trial: 31. Best value: 0.1039:  59%|█████▉    | 59/100 [00:58<00:41,  1.00s/it]Best trial: 31. Best value: 0.1039:  59%|█████▉    | 59/100 [00:58<00:41,  1.00s/it]/Library/Frameworks/Python.framework/Versions/3.13/lib/python3.13/site-packages/optuna/distributions.py:687: UserWarning: The distribution is specified by [0.001, 0.05] and step=0.005, but the range is not divisible by `step`. It will be replaced by [0.001, 0.046].
  warnings.warn(
                                                                                    Best trial: 31. Best value: 0.1039:  60%|██████    | 60/100 [00:58<00:40,  1.00s/it]Best trial: 31. Best value: 0.1039:  60%|██████    | 60/100 [00:58<00:40,  1.00s/it]Best trial: 31. Best value: 0.1039:  61%|██████    | 61/100 [00:58<00:26,  1.49it/s]/Library/Frameworks/Python.framework/Versions/3.13/lib/python3.13/site-packages/optuna/distributions.py:687: UserWarning: The distribution is specified by [0.001, 0.05] and step=0.005, but the range is not divisible by `step`. It will be replaced by [0.001, 0.046].
  warnings.warn(
                                                                                    Best trial: 31. Best value: 0.1039:  61%|██████    | 61/100 [01:02<00:26,  1.49it/s]Best trial: 31. Best value: 0.1039:  61%|██████    | 61/100 [01:02<00:26,  1.49it/s]Best trial: 31. Best value: 0.1039:  62%|██████▏   | 62/100 [01:02<00:51,  1.34s/it]/Library/Frameworks/Python.framework/Versions/3.13/lib/python3.13/site-packages/optuna/distributions.py:687: UserWarning: The distribution is specified by [0.001, 0.05] and step=0.005, but the range is not divisible by `step`. It will be replaced by [0.001, 0.046].
  warnings.warn(
                                                                                    Best trial: 31. Best value: 0.1039:  62%|██████▏   | 62/100 [01:02<00:51,  1.34s/it]Best trial: 31. Best value: 0.1039:  62%|██████▏   | 62/100 [01:02<00:51,  1.34s/it]/Library/Frameworks/Python.framework/Versions/3.13/lib/python3.13/site-packages/optuna/distributions.py:687: UserWarning: The distribution is specified by [0.001, 0.05] and step=0.005, but the range is not divisible by `step`. It will be replaced by [0.001, 0.046].
  warnings.warn(
                                                                                    Best trial: 31. Best value: 0.1039:  63%|██████▎   | 63/100 [01:02<00:49,  1.34s/it]Best trial: 31. Best value: 0.1039:  63%|██████▎   | 63/100 [01:02<00:49,  1.34s/it]Best trial: 31. Best value: 0.1039:  64%|██████▍   | 64/100 [01:02<00:31,  1.15it/s]/Library/Frameworks/Python.framework/Versions/3.13/lib/python3.13/site-packages/optuna/distributions.py:687: UserWarning: The distribution is specified by [0.001, 0.05] and step=0.005, but the range is not divisible by `step`. It will be replaced by [0.001, 0.046].
  warnings.warn(
                                                                                    Best trial: 31. Best value: 0.1039:  64%|██████▍   | 64/100 [01:02<00:31,  1.15it/s]Best trial: 31. Best value: 0.1039:  64%|██████▍   | 64/100 [01:02<00:31,  1.15it/s]Best trial: 31. Best value: 0.1039:  65%|██████▌   | 65/100 [01:02<00:25,  1.38it/s]/Library/Frameworks/Python.framework/Versions/3.13/lib/python3.13/site-packages/optuna/distributions.py:687: UserWarning: The distribution is specified by [0.001, 0.05] and step=0.005, but the range is not divisible by `step`. It will be replaced by [0.001, 0.046].
  warnings.warn(
                                                                                    Best trial: 31. Best value: 0.1039:  65%|██████▌   | 65/100 [01:06<00:25,  1.38it/s]Best trial: 31. Best value: 0.1039:  65%|██████▌   | 65/100 [01:06<00:25,  1.38it/s]Best trial: 31. Best value: 0.1039:  66%|██████▌   | 66/100 [01:06<00:49,  1.46s/it]/Library/Frameworks/Python.framework/Versions/3.13/lib/python3.13/site-packages/optuna/distributions.py:687: UserWarning: The distribution is specified by [0.001, 0.05] and step=0.005, but the range is not divisible by `step`. It will be replaced by [0.001, 0.046].
  warnings.warn(
                                                                                    Best trial: 31. Best value: 0.1039:  66%|██████▌   | 66/100 [01:06<00:49,  1.46s/it]Best trial: 31. Best value: 0.1039:  66%|██████▌   | 66/100 [01:06<00:49,  1.46s/it]Best trial: 31. Best value: 0.1039:  67%|██████▋   | 67/100 [01:06<00:36,  1.12s/it]/Library/Frameworks/Python.framework/Versions/3.13/lib/python3.13/site-packages/optuna/distributions.py:687: UserWarning: The distribution is specified by [0.001, 0.05] and step=0.005, but the range is not divisible by `step`. It will be replaced by [0.001, 0.046].
  warnings.warn(
                                                                                    Best trial: 31. Best value: 0.1039:  67%|██████▋   | 67/100 [01:07<00:36,  1.12s/it]Best trial: 31. Best value: 0.1039:  67%|██████▋   | 67/100 [01:07<00:36,  1.12s/it]/Library/Frameworks/Python.framework/Versions/3.13/lib/python3.13/site-packages/optuna/distributions.py:687: UserWarning: The distribution is specified by [0.001, 0.05] and step=0.005, but the range is not divisible by `step`. It will be replaced by [0.001, 0.046].
  warnings.warn(
                                                                                    Best trial: 31. Best value: 0.1039:  68%|██████▊   | 68/100 [01:07<00:35,  1.12s/it]Best trial: 31. Best value: 0.1039:  68%|██████▊   | 68/100 [01:07<00:35,  1.12s/it]Best trial: 31. Best value: 0.1039:  69%|██████▉   | 69/100 [01:07<00:21,  1.41it/s]/Library/Frameworks/Python.framework/Versions/3.13/lib/python3.13/site-packages/optuna/distributions.py:687: UserWarning: The distribution is specified by [0.001, 0.05] and step=0.005, but the range is not divisible by `step`. It will be replaced by [0.001, 0.046].
  warnings.warn(
                                                                                    Best trial: 31. Best value: 0.1039:  69%|██████▉   | 69/100 [01:11<00:21,  1.41it/s]Best trial: 31. Best value: 0.1039:  69%|██████▉   | 69/100 [01:11<00:21,  1.41it/s]Best trial: 31. Best value: 0.1039:  70%|███████   | 70/100 [01:11<00:42,  1.42s/it]/Library/Frameworks/Python.framework/Versions/3.13/lib/python3.13/site-packages/optuna/distributions.py:687: UserWarning: The distribution is specified by [0.001, 0.05] and step=0.005, but the range is not divisible by `step`. It will be replaced by [0.001, 0.046].
  warnings.warn(
                                                                                    Best trial: 31. Best value: 0.1039:  70%|███████   | 70/100 [01:11<00:42,  1.42s/it]Best trial: 31. Best value: 0.1039:  70%|███████   | 70/100 [01:11<00:42,  1.42s/it]Best trial: 31. Best value: 0.1039:  71%|███████   | 71/100 [01:11<00:31,  1.09s/it]/Library/Frameworks/Python.framework/Versions/3.13/lib/python3.13/site-packages/optuna/distributions.py:687: UserWarning: The distribution is specified by [0.001, 0.05] and step=0.005, but the range is not divisible by `step`. It will be replaced by [0.001, 0.046].
  warnings.warn(
                                                                                    Best trial: 31. Best value: 0.1039:  71%|███████   | 71/100 [01:11<00:31,  1.09s/it]Best trial: 31. Best value: 0.1039:  71%|███████   | 71/100 [01:11<00:31,  1.09s/it]/Library/Frameworks/Python.framework/Versions/3.13/lib/python3.13/site-packages/optuna/distributions.py:687: UserWarning: The distribution is specified by [0.001, 0.05] and step=0.005, but the range is not divisible by `step`. It will be replaced by [0.001, 0.046].
  warnings.warn(
                                                                                    Best trial: 31. Best value: 0.1039:  72%|███████▏  | 72/100 [01:11<00:30,  1.09s/it]Best trial: 31. Best value: 0.1039:  72%|███████▏  | 72/100 [01:11<00:30,  1.09s/it]Best trial: 31. Best value: 0.1039:  73%|███████▎  | 73/100 [01:11<00:18,  1.43it/s]/Library/Frameworks/Python.framework/Versions/3.13/lib/python3.13/site-packages/optuna/distributions.py:687: UserWarning: The distribution is specified by [0.001, 0.05] and step=0.005, but the range is not divisible by `step`. It will be replaced by [0.001, 0.046].
  warnings.warn(
                                                                                    Best trial: 31. Best value: 0.1039:  73%|███████▎  | 73/100 [01:15<00:18,  1.43it/s]Best trial: 31. Best value: 0.1039:  73%|███████▎  | 73/100 [01:15<00:18,  1.43it/s]Best trial: 31. Best value: 0.1039:  74%|███████▍  | 74/100 [01:15<00:36,  1.41s/it]/Library/Frameworks/Python.framework/Versions/3.13/lib/python3.13/site-packages/optuna/distributions.py:687: UserWarning: The distribution is specified by [0.001, 0.05] and step=0.005, but the range is not divisible by `step`. It will be replaced by [0.001, 0.046].
  warnings.warn(
                                                                                    Best trial: 31. Best value: 0.1039:  74%|███████▍  | 74/100 [01:15<00:36,  1.41s/it]Best trial: 31. Best value: 0.1039:  74%|███████▍  | 74/100 [01:15<00:36,  1.41s/it]/Library/Frameworks/Python.framework/Versions/3.13/lib/python3.13/site-packages/optuna/distributions.py:687: UserWarning: The distribution is specified by [0.001, 0.05] and step=0.005, but the range is not divisible by `step`. It will be replaced by [0.001, 0.046].
  warnings.warn(
                                                                                    Best trial: 31. Best value: 0.1039:  75%|███████▌  | 75/100 [01:15<00:35,  1.41s/it]Best trial: 31. Best value: 0.1039:  75%|███████▌  | 75/100 [01:15<00:35,  1.41s/it]Best trial: 31. Best value: 0.1039:  76%|███████▌  | 76/100 [01:15<00:21,  1.12it/s]/Library/Frameworks/Python.framework/Versions/3.13/lib/python3.13/site-packages/optuna/distributions.py:687: UserWarning: The distribution is specified by [0.001, 0.05] and step=0.005, but the range is not divisible by `step`. It will be replaced by [0.001, 0.046].
  warnings.warn(
                                                                                    Best trial: 31. Best value: 0.1039:  76%|███████▌  | 76/100 [01:15<00:21,  1.12it/s]Best trial: 31. Best value: 0.1039:  76%|███████▌  | 76/100 [01:15<00:21,  1.12it/s]Best trial: 31. Best value: 0.1039:  77%|███████▋  | 77/100 [01:15<00:17,  1.35it/s]/Library/Frameworks/Python.framework/Versions/3.13/lib/python3.13/site-packages/optuna/distributions.py:687: UserWarning: The distribution is specified by [0.001, 0.05] and step=0.005, but the range is not divisible by `step`. It will be replaced by [0.001, 0.046].
  warnings.warn(
                                                                                    Best trial: 31. Best value: 0.1039:  77%|███████▋  | 77/100 [01:19<00:17,  1.35it/s]Best trial: 31. Best value: 0.1039:  77%|███████▋  | 77/100 [01:19<00:17,  1.35it/s]Best trial: 31. Best value: 0.1039:  78%|███████▊  | 78/100 [01:19<00:32,  1.47s/it]/Library/Frameworks/Python.framework/Versions/3.13/lib/python3.13/site-packages/optuna/distributions.py:687: UserWarning: The distribution is specified by [0.001, 0.05] and step=0.005, but the range is not divisible by `step`. It will be replaced by [0.001, 0.046].
  warnings.warn(
                                                                                    Best trial: 31. Best value: 0.1039:  78%|███████▊  | 78/100 [01:19<00:32,  1.47s/it]Best trial: 31. Best value: 0.1039:  78%|███████▊  | 78/100 [01:19<00:32,  1.47s/it]/Library/Frameworks/Python.framework/Versions/3.13/lib/python3.13/site-packages/optuna/distributions.py:687: UserWarning: The distribution is specified by [0.001, 0.05] and step=0.005, but the range is not divisible by `step`. It will be replaced by [0.001, 0.046].
  warnings.warn(
                                                                                    Best trial: 31. Best value: 0.1039:  79%|███████▉  | 79/100 [01:19<00:30,  1.47s/it]Best trial: 31. Best value: 0.1039:  79%|███████▉  | 79/100 [01:19<00:30,  1.47s/it]Best trial: 31. Best value: 0.1039:  80%|████████  | 80/100 [01:19<00:18,  1.09it/s]/Library/Frameworks/Python.framework/Versions/3.13/lib/python3.13/site-packages/optuna/distributions.py:687: UserWarning: The distribution is specified by [0.001, 0.05] and step=0.005, but the range is not divisible by `step`. It will be replaced by [0.001, 0.046].
  warnings.warn(
                                                                                    Best trial: 31. Best value: 0.1039:  80%|████████  | 80/100 [01:19<00:18,  1.09it/s]Best trial: 31. Best value: 0.1039:  80%|████████  | 80/100 [01:19<00:18,  1.09it/s]Best trial: 31. Best value: 0.1039:  81%|████████  | 81/100 [01:19<00:14,  1.32it/s]/Library/Frameworks/Python.framework/Versions/3.13/lib/python3.13/site-packages/optuna/distributions.py:687: UserWarning: The distribution is specified by [0.001, 0.05] and step=0.005, but the range is not divisible by `step`. It will be replaced by [0.001, 0.046].
  warnings.warn(
                                                                                    Best trial: 31. Best value: 0.1039:  81%|████████  | 81/100 [01:23<00:14,  1.32it/s]Best trial: 31. Best value: 0.1039:  81%|████████  | 81/100 [01:23<00:14,  1.32it/s]Best trial: 31. Best value: 0.1039:  82%|████████▏ | 82/100 [01:23<00:27,  1.50s/it]/Library/Frameworks/Python.framework/Versions/3.13/lib/python3.13/site-packages/optuna/distributions.py:687: UserWarning: The distribution is specified by [0.001, 0.05] and step=0.005, but the range is not divisible by `step`. It will be replaced by [0.001, 0.046].
  warnings.warn(
                                                                                    Best trial: 31. Best value: 0.1039:  82%|████████▏ | 82/100 [01:23<00:27,  1.50s/it]Best trial: 31. Best value: 0.1039:  82%|████████▏ | 82/100 [01:23<00:27,  1.50s/it]/Library/Frameworks/Python.framework/Versions/3.13/lib/python3.13/site-packages/optuna/distributions.py:687: UserWarning: The distribution is specified by [0.001, 0.05] and step=0.005, but the range is not divisible by `step`. It will be replaced by [0.001, 0.046].
  warnings.warn(
                                                                                    Best trial: 31. Best value: 0.1039:  83%|████████▎ | 83/100 [01:23<00:25,  1.50s/it]Best trial: 31. Best value: 0.1039:  83%|████████▎ | 83/100 [01:23<00:25,  1.50s/it]Best trial: 31. Best value: 0.1039:  84%|████████▍ | 84/100 [01:23<00:14,  1.08it/s]/Library/Frameworks/Python.framework/Versions/3.13/lib/python3.13/site-packages/optuna/distributions.py:687: UserWarning: The distribution is specified by [0.001, 0.05] and step=0.005, but the range is not divisible by `step`. It will be replaced by [0.001, 0.046].
  warnings.warn(
                                                                                    
  Trial 27: MRB=0.0146% buy=0.55 sell=0.43
[I 2025-10-08 19:06:39,205] Trial 27 finished with value: 0.0146 and parameters: {'h1_weight': 0.25, 'h5_weight': 0.6000000000000001, 'bb_period': 30, 'bb_std_dev': 2.25, 'bb_proximity': 0.25, 'regularization': 0.006}. Best is trial 17 with value: 0.0519.
  Trial 29: MRB=0.0646% buy=0.55 sell=0.43
[I 2025-10-08 19:06:39,289] Trial 29 finished with value: 0.0646 and parameters: {'h1_weight': 0.15000000000000002, 'h5_weight': 0.6000000000000001, 'bb_period': 30, 'bb_std_dev': 2.25, 'bb_proximity': 0.2, 'regularization': 0.006}. Best is trial 29 with value: 0.0646.
  Trial 30: MRB=0.0020% buy=0.55 sell=0.43
[I 2025-10-08 19:06:43,184] Trial 30 finished with value: 0.002 and parameters: {'h1_weight': 0.15000000000000002, 'h5_weight': 0.6000000000000001, 'bb_period': 20, 'bb_std_dev': 2.25, 'bb_proximity': 0.2, 'regularization': 0.006}. Best is trial 29 with value: 0.0646.
  Trial 31: MRB=0.1039% buy=0.55 sell=0.43
[I 2025-10-08 19:06:43,283] Trial 31 finished with value: 0.1039 and parameters: {'h1_weight': 0.15000000000000002, 'h5_weight': 0.6000000000000001, 'bb_period': 20, 'bb_std_dev': 2.25, 'bb_proximity': 0.30000000000000004, 'regularization': 0.016}. Best is trial 31 with value: 0.1039.
  Trial 32: MRB=0.0254% buy=0.55 sell=0.43
[I 2025-10-08 19:06:43,385] Trial 32 finished with value: 0.0254 and parameters: {'h1_weight': 0.15000000000000002, 'h5_weight': 0.5, 'bb_period': 20, 'bb_std_dev': 1.75, 'bb_proximity': 0.2, 'regularization': 0.016}. Best is trial 31 with value: 0.1039.
  Trial 33: MRB=0.0254% buy=0.55 sell=0.43
[I 2025-10-08 19:06:43,478] Trial 33 finished with value: 0.0254 and parameters: {'h1_weight': 0.15000000000000002, 'h5_weight': 0.5, 'bb_period': 20, 'bb_std_dev': 1.75, 'bb_proximity': 0.2, 'regularization': 0.021}. Best is trial 31 with value: 0.1039.
  Trial 34: MRB=0.0486% buy=0.55 sell=0.43
[I 2025-10-08 19:06:47,430] Trial 34 finished with value: 0.0486 and parameters: {'h1_weight': 0.1, 'h5_weight': 0.5, 'bb_period': 30, 'bb_std_dev': 2.25, 'bb_proximity': 0.2, 'regularization': 0.016}. Best is trial 31 with value: 0.1039.
[I 2025-10-08 19:06:47,433] Trial 38 finished with value: -999.0 and parameters: {'h1_weight': 0.30000000000000004, 'h5_weight': 0.65}. Best is trial 31 with value: 0.1039.
  Trial 35: MRB=-0.0244% buy=0.55 sell=0.43
[I 2025-10-08 19:06:47,527] Trial 35 finished with value: -0.0244 and parameters: {'h1_weight': 0.15000000000000002, 'h5_weight': 0.5, 'bb_period': 20, 'bb_std_dev': 1.5, 'bb_proximity': 0.30000000000000004, 'regularization': 0.016}. Best is trial 31 with value: 0.1039.
  Trial 36: MRB=-0.0244% buy=0.55 sell=0.43
[I 2025-10-08 19:06:47,614] Trial 36 finished with value: -0.0244 and parameters: {'h1_weight': 0.15000000000000002, 'h5_weight': 0.5, 'bb_period': 20, 'bb_std_dev': 1.5, 'bb_proximity': 0.30000000000000004, 'regularization': 0.021}. Best is trial 31 with value: 0.1039.
  Trial 37: MRB=0.0207% buy=0.55 sell=0.43
[I 2025-10-08 19:06:47,735] Trial 37 finished with value: 0.0207 and parameters: {'h1_weight': 0.25, 'h5_weight': 0.65, 'bb_period': 30, 'bb_std_dev': 1.5, 'bb_proximity': 0.30000000000000004, 'regularization': 0.021}. Best is trial 31 with value: 0.1039.
  Trial 39: MRB=0.0127% buy=0.55 sell=0.43
[I 2025-10-08 19:06:51,630] Trial 39 finished with value: 0.0127 and parameters: {'h1_weight': 0.15000000000000002, 'h5_weight': 0.7, 'bb_period': 30, 'bb_std_dev': 1.5, 'bb_proximity': 0.30000000000000004, 'regularization': 0.021}. Best is trial 31 with value: 0.1039.
  Trial 40: MRB=-0.0042% buy=0.55 sell=0.43
[I 2025-10-08 19:06:51,721] Trial 40 finished with value: -0.0042 and parameters: {'h1_weight': 0.25, 'h5_weight': 0.45, 'bb_period': 30, 'bb_std_dev': 2.0, 'bb_proximity': 0.30000000000000004, 'regularization': 0.011}. Best is trial 31 with value: 0.1039.
  Trial 41: MRB=-0.0042% buy=0.55 sell=0.43
[I 2025-10-08 19:06:51,806] Trial 41 finished with value: -0.0042 and parameters: {'h1_weight': 0.25, 'h5_weight': 0.45, 'bb_period': 30, 'bb_std_dev': 2.0, 'bb_proximity': 0.30000000000000004, 'regularization': 0.011}. Best is trial 31 with value: 0.1039.
  Trial 42: MRB=-0.0041% buy=0.55 sell=0.43
[I 2025-10-08 19:06:51,906] Trial 42 finished with value: -0.0041 and parameters: {'h1_weight': 0.45000000000000007, 'h5_weight': 0.45, 'bb_period': 10, 'bb_std_dev': 2.0, 'bb_proximity': 0.30000000000000004, 'regularization': 0.011}. Best is trial 31 with value: 0.1039.
  Trial 43: MRB=-0.0209% buy=0.55 sell=0.43
[I 2025-10-08 19:06:55,800] Trial 43 finished with value: -0.0209 and parameters: {'h1_weight': 0.30000000000000004, 'h5_weight': 0.45, 'bb_period': 15, 'bb_std_dev': 2.0, 'bb_proximity': 0.25, 'regularization': 0.011}. Best is trial 31 with value: 0.1039.
  Trial 44: MRB=0.0503% buy=0.55 sell=0.43
