[I 2025-10-08 19:07:42,146] Trial 94 finished with value: -999.0 and parameters: {'h1_weight': 0.4, 'h5_weight': 0.55}. Best is trial 31 with value: 0.1039.
  Trial 91: MRB=-0.0465% buy=0.55 sell=0.43
[I 2025-10-08 19:07:42,264] Trial 91 finished with value: -0.0465 and parameters: {'h1_weight': 0.2, 'h5_weight': 0.55, 'bb_period': 20, 'bb_std_dev': 2.0, 'bb_proximity': 0.4, 'regularization': 0.001}. Best is trial 31 with value: 0.1039.
  Trial 92: MRB=0.0038% buy=0.55 sell=0.43
[I 2025-10-08 19:07:42,524] Trial 92 finished with value: 0.0038 and parameters: {'h1_weight': 0.2, 'h5_weight': 0.55, 'bb_period': 20, 'bb_std_dev': 1.75, 'bb_proximity': 0.25, 'regularization': 0.001}. Best is trial 31 with value: 0.1039.
  Trial 93: MRB=0.0728% buy=0.55 sell=0.43
[I 2025-10-08 19:07:46,232] Trial 93 finished with value: 0.0728 and parameters: {'h1_weight': 0.30000000000000004, 'h5_weight': 0.55, 'bb_period': 20, 'bb_std_dev': 1.75, 'bb_proximity': 0.25, 'regularization': 0.006}. Best is trial 31 with value: 0.1039.
  Trial 95: MRB=0.0038% buy=0.55 sell=0.43
[I 2025-10-08 19:07:46,318] Trial 95 finished with value: 0.0038 and parameters: {'h1_weight': 0.2, 'h5_weight': 0.55, 'bb_period': 20, 'bb_std_dev': 1.75, 'bb_proximity': 0.25, 'regularization': 0.001}. Best is trial 31 with value: 0.1039.
  Trial 96: MRB=0.0728% buy=0.55 sell=0.43
[I 2025-10-08 19:07:46,441] Trial 96 finished with value: 0.0728 and parameters: {'h1_weight': 0.30000000000000004, 'h5_weight': 0.55, 'bb_period': 20, 'bb_std_dev': 1.75, 'bb_proximity': 0.25, 'regularization': 0.006}. Best is trial 31 with value: 0.1039.
  Trial 97: MRB=0.0038% buy=0.55 sell=0.43
[I 2025-10-08 19:07:46,701] Trial 97 finished with value: 0.0038 and parameters: {'h1_weight': 0.2, 'h5_weight': 0.55, 'bb_period': 20, 'bb_std_dev': 1.75, 'bb_proximity': 0.25, 'regularization': 0.006}. Best is trial 31 with value: 0.1039.
  Trial 98: MRB=0.0676% buy=0.55 sell=0.43
[I 2025-10-08 19:07:50,401] Trial 98 finished with value: 0.0676 and parameters: {'h1_weight': 0.30000000000000004, 'h5_weight': 0.55, 'bb_period': 20, 'bb_std_dev': 1.75, 'bb_proximity': 0.25, 'regularization': 0.006}. Best is trial 31 with value: 0.1039.
  Trial 99: MRB=0.0728% buy=0.55 sell=0.43
[I 2025-10-08 19:07:50,475] Trial 99 finished with value: 0.0728 and parameters: {'h1_weight': 0.30000000000000004, 'h5_weight': 0.55, 'bb_period': 20, 'bb_std_dev': 1.75, 'bb_proximity': 0.25, 'regularization': 0.006}. Best is trial 31 with value: 0.1039.
[Tuning] Complete in 100.5s
[Tuning] Best MRB: 0.1039%
[Tuning] Best params: {'h1_weight': 0.15000000000000002, 'h5_weight': 0.6000000000000001, 'bb_period': 20, 'bb_std_dev': 2.25, 'bb_proximity': 0.30000000000000004, 'regularization': 0.016}

================================================================================
PHASE 2 COMPLETE!
================================================================================
Phase 1 MRB (4 blocks):    0.2200%
Phase 2 MRB (20 blocks):   0.1039%

⚠️  DEGRADATION: -52.8% (but still positive MRB)
   This is EXPECTED - 20 blocks harder than 4 blocks
   Phase 1 params optimized for recent data

Target: 0.5% MRB
Current: 0.1039% MRB
Gap: 0.3961%
Progress: 20.8% of target

Optimization time: 100.5s
================================================================================

Phase 2 best params:
  h1_weight: 0.15000000000000002
  h5_weight: 0.6000000000000001
  bb_period: 20
  bb_std_dev: 2.25
  bb_proximity: 0.30000000000000004
  regularization: 0.016

Results saved to: data/tmp/optuna_2phase_corrected/phase2_final_results.json

