[I 2025-10-08 19:06:09,983] A new study created in memory with name: no-name-61fa12e7-dffe-4c47-8fe9-e05b85e64fef
================================================================================
PHASE 2: ROBUSTNESS TEST ON 20 BLOCKS
================================================================================
Using Phase 1 best params (from recent 4 blocks)
Phase 1 MRB (4 blocks): 0.22%

Fixed Phase 1 parameters:
  buy_threshold: 0.55
  sell_threshold: 0.43
  ewrls_lambda: 0.992
  bb_amplification_factor: 0.08

Optimizing Phase 2 parameters on 20 blocks:
  - Horizon weights (h1, h5, h10)
  - BB parameters (period, std_dev, proximity)
  - Regularization
================================================================================

[AdaptiveOptuna] Loaded 9600 bars
[AdaptiveOptuna] Total blocks: 24
[AdaptiveOptuna] Bars per block: 390
[AdaptiveOptuna] Optuna trials: 100
[AdaptiveOptuna] Parallel jobs: 4
[FeatureCache] Feature caching DISABLED
[Phase 2] Running 100 trials on 20 blocks...

[Tuning] PHASE 2 (micro-tuning) - Blocks 0-19 (100 trials)
[Phase2] Center params: buy=0.550, sell=0.430, λ=0.9920, BB=0.080
[BlockData] Created data/tmp/optuna_2phase_corrected/train_blocks_0_20_SPY.csv: blocks 0-19 (7800 bars)
[Optuna] Running 100 trials with 4 parallel jobs
  0%|          | 0/100 [00:00<?, ?it/s]/Library/Frameworks/Python.framework/Versions/3.13/lib/python3.13/site-packages/optuna/distributions.py:687: UserWarning: The distribution is specified by [0.001, 0.05] and step=0.005, but the range is not divisible by `step`. It will be replaced by [0.001, 0.046].
  warnings.warn(
                                         0%|          | 0/100 [00:04<?, ?it/s]Best trial: 2. Best value: -0.0331:   0%|          | 0/100 [00:04<?, ?it/s]Best trial: 2. Best value: -0.0331:   1%|          | 1/100 [00:04<06:50,  4.15s/it]/Library/Frameworks/Python.framework/Versions/3.13/lib/python3.13/site-packages/optuna/distributions.py:687: UserWarning: The distribution is specified by [0.001, 0.05] and step=0.005, but the range is not divisible by `step`. It will be replaced by [0.001, 0.046].
  warnings.warn(
                                                                                   Best trial: 2. Best value: -0.0331:   1%|          | 1/100 [00:04<06:50,  4.15s/it]Best trial: 2. Best value: -0.0331:   1%|          | 1/100 [00:04<06:50,  4.15s/it]                                                                                   Best trial: 2. Best value: -0.0331:   2%|▏         | 2/100 [00:04<06:46,  4.15s/it]Best trial: 2. Best value: -0.0331:   2%|▏         | 2/100 [00:04<06:46,  4.15s/it]                                                                                   Best trial: 2. Best value: -0.0331:   3%|▎         | 3/100 [00:04<06:42,  4.15s/it]Best trial: 2. Best value: -0.0331:   3%|▎         | 3/100 [00:04<06:42,  4.15s/it]                                                                                   Best trial: 2. Best value: -0.0331:   4%|▍         | 4/100 [00:04<06:38,  4.15s/it]Best trial: 2. Best value: -0.0331:   4%|▍         | 4/100 [00:04<06:38,  4.15s/it]                                                                                   Best trial: 2. Best value: -0.0331:   5%|▌         | 5/100 [00:08<06:34,  4.15s/it]Best trial: 4. Best value: -0.0187:   5%|▌         | 5/100 [00:08<06:34,  4.15s/it]Best trial: 4. Best value: -0.0187:   6%|▌         | 6/100 [00:08<01:56,  1.24s/it]/Library/Frameworks/Python.framework/Versions/3.13/lib/python3.13/site-packages/optuna/distributions.py:687: UserWarning: The distribution is specified by [0.001, 0.05] and step=0.005, but the range is not divisible by `step`. It will be replaced by [0.001, 0.046].
  warnings.warn(
                                                                                   Best trial: 4. Best value: -0.0187:   6%|▌         | 6/100 [00:08<01:56,  1.24s/it]Best trial: 4. Best value: -0.0187:   6%|▌         | 6/100 [00:08<01:56,  1.24s/it]                                                                                   Best trial: 4. Best value: -0.0187:   7%|▋         | 7/100 [00:08<01:55,  1.24s/it]Best trial: 4. Best value: -0.0187:   7%|▋         | 7/100 [00:08<01:55,  1.24s/it]                                                                                   Best trial: 4. Best value: -0.0187:   8%|▊         | 8/100 [00:08<01:53,  1.24s/it]Best trial: 4. Best value: -0.0187:   8%|▊         | 8/100 [00:08<01:53,  1.24s/it]/Library/Frameworks/Python.framework/Versions/3.13/lib/python3.13/site-packages/optuna/distributions.py:687: UserWarning: The distribution is specified by [0.001, 0.05] and step=0.005, but the range is not divisible by `step`. It will be replaced by [0.001, 0.046].
  warnings.warn(
                                                                                   Best trial: 4. Best value: -0.0187:   9%|▉         | 9/100 [00:08<01:52,  1.24s/it]Best trial: 4. Best value: -0.0187:   9%|▉         | 9/100 [00:08<01:52,  1.24s/it]                                                                                   Best trial: 4. Best value: -0.0187:  10%|█         | 10/100 [00:12<01:51,  1.24s/it]Best trial: 4. Best value: -0.0187:  10%|█         | 10/100 [00:12<01:51,  1.24s/it]Best trial: 4. Best value: -0.0187:  11%|█         | 11/100 [00:12<01:30,  1.02s/it]/Library/Frameworks/Python.framework/Versions/3.13/lib/python3.13/site-packages/optuna/distributions.py:687: UserWarning: The distribution is specified by [0.001, 0.05] and step=0.005, but the range is not divisible by `step`. It will be replaced by [0.001, 0.046].
  warnings.warn(
                                                                                    Best trial: 4. Best value: -0.0187:  11%|█         | 11/100 [00:12<01:30,  1.02s/it]Best trial: 4. Best value: -0.0187:  11%|█         | 11/100 [00:12<01:30,  1.02s/it]                                                                                    Best trial: 4. Best value: -0.0187:  12%|█▏        | 12/100 [00:12<01:29,  1.02s/it]Best trial: 4. Best value: -0.0187:  12%|█▏        | 12/100 [00:12<01:29,  1.02s/it]/Library/Frameworks/Python.framework/Versions/3.13/lib/python3.13/site-packages/optuna/distributions.py:687: UserWarning: The distribution is specified by [0.001, 0.05] and step=0.005, but the range is not divisible by `step`. It will be replaced by [0.001, 0.046].
  warnings.warn(
                                                                                    Best trial: 4. Best value: -0.0187:  13%|█▎        | 13/100 [00:12<01:28,  1.02s/it]Best trial: 4. Best value: -0.0187:  13%|█▎        | 13/100 [00:12<01:28,  1.02s/it]                                                                                    Best trial: 4. Best value: -0.0187:  14%|█▍        | 14/100 [00:16<01:27,  1.02s/it]Best trial: 14. Best value: -0.0014:  14%|█▍        | 14/100 [00:16<01:27,  1.02s/it]Best trial: 14. Best value: -0.0014:  15%|█▌        | 15/100 [00:16<01:26,  1.02s/it]/Library/Frameworks/Python.framework/Versions/3.13/lib/python3.13/site-packages/optuna/distributions.py:687: UserWarning: The distribution is specified by [0.001, 0.05] and step=0.005, but the range is not divisible by `step`. It will be replaced by [0.001, 0.046].
  warnings.warn(
                                                                                     Best trial: 14. Best value: -0.0014:  15%|█▌        | 15/100 [00:16<01:26,  1.02s/it]Best trial: 15. Best value: 0:  15%|█▌        | 15/100 [00:16<01:26,  1.02s/it]      /Library/Frameworks/Python.framework/Versions/3.13/lib/python3.13/site-packages/optuna/distributions.py:687: UserWarning: The distribution is specified by [0.001, 0.05] and step=0.005, but the range is not divisible by `step`. It will be replaced by [0.001, 0.046].
  warnings.warn(
                                                                               Best trial: 15. Best value: 0:  16%|█▌        | 16/100 [00:16<01:25,  1.02s/it]Best trial: 17. Best value: 0.0519:  16%|█▌        | 16/100 [00:16<01:25,  1.02s/it]Best trial: 17. Best value: 0.0519:  17%|█▋        | 17/100 [00:16<01:07,  1.24it/s]/Library/Frameworks/Python.framework/Versions/3.13/lib/python3.13/site-packages/optuna/distributions.py:687: UserWarning: The distribution is specified by [0.001, 0.05] and step=0.005, but the range is not divisible by `step`. It will be replaced by [0.001, 0.046].
  warnings.warn(
                                                                                    Best trial: 17. Best value: 0.0519:  17%|█▋        | 17/100 [00:16<01:07,  1.24it/s]Best trial: 17. Best value: 0.0519:  17%|█▋        | 17/100 [00:16<01:07,  1.24it/s]                                                                                    Best trial: 17. Best value: 0.0519:  18%|█▊        | 18/100 [00:20<01:06,  1.24it/s]Best trial: 17. Best value: 0.0519:  18%|█▊        | 18/100 [00:20<01:06,  1.24it/s]Best trial: 17. Best value: 0.0519:  19%|█▉        | 19/100 [00:20<01:28,  1.10s/it]/Library/Frameworks/Python.framework/Versions/3.13/lib/python3.13/site-packages/optuna/distributions.py:687: UserWarning: The distribution is specified by [0.001, 0.05] and step=0.005, but the range is not divisible by `step`. It will be replaced by [0.001, 0.046].
  warnings.warn(
                                                                                    Best trial: 17. Best value: 0.0519:  19%|█▉        | 19/100 [00:20<01:28,  1.10s/it]Best trial: 17. Best value: 0.0519:  19%|█▉        | 19/100 [00:20<01:28,  1.10s/it]                                                                                    Best trial: 17. Best value: 0.0519:  20%|██        | 20/100 [00:20<01:27,  1.10s/it]Best trial: 17. Best value: 0.0519:  20%|██        | 20/100 [00:20<01:27,  1.10s/it]/Library/Frameworks/Python.framework/Versions/3.13/lib/python3.13/site-packages/optuna/distributions.py:687: UserWarning: The distribution is specified by [0.001, 0.05] and step=0.005, but the range is not divisible by `step`. It will be replaced by [0.001, 0.046].
  warnings.warn(
                                                                                    Best trial: 17. Best value: 0.0519:  21%|██        | 21/100 [00:20<01:26,  1.10s/it]Best trial: 17. Best value: 0.0519:  21%|██        | 21/100 [00:20<01:26,  1.10s/it]Best trial: 17. Best value: 0.0519:  22%|██▏       | 22/100 [00:20<00:58,  1.34it/s]/Library/Frameworks/Python.framework/Versions/3.13/lib/python3.13/site-packages/optuna/distributions.py:687: UserWarning: The distribution is specified by [0.001, 0.05] and step=0.005, but the range is not divisible by `step`. It will be replaced by [0.001, 0.046].
  warnings.warn(
                                                                                    Best trial: 17. Best value: 0.0519:  22%|██▏       | 22/100 [00:24<00:58,  1.34it/s]Best trial: 17. Best value: 0.0519:  22%|██▏       | 22/100 [00:24<00:58,  1.34it/s]Best trial: 17. Best value: 0.0519:  23%|██▎       | 23/100 [00:24<01:31,  1.19s/it]/Library/Frameworks/Python.framework/Versions/3.13/lib/python3.13/site-packages/optuna/distributions.py:687: UserWarning: The distribution is specified by [0.001, 0.05] and step=0.005, but the range is not divisible by `step`. It will be replaced by [0.001, 0.046].
  warnings.warn(
                                                                                    Best trial: 17. Best value: 0.0519:  23%|██▎       | 23/100 [00:25<01:31,  1.19s/it]Best trial: 17. Best value: 0.0519:  23%|██▎       | 23/100 [00:25<01:31,  1.19s/it]Best trial: 17. Best value: 0.0519:  24%|██▍       | 24/100 [00:25<01:17,  1.01s/it]/Library/Frameworks/Python.framework/Versions/3.13/lib/python3.13/site-packages/optuna/distributions.py:687: UserWarning: The distribution is specified by [0.001, 0.05] and step=0.005, but the range is not divisible by `step`. It will be replaced by [0.001, 0.046].
  warnings.warn(
                                                                                    Best trial: 17. Best value: 0.0519:  24%|██▍       | 24/100 [00:25<01:17,  1.01s/it]Best trial: 17. Best value: 0.0519:  24%|██▍       | 24/100 [00:25<01:17,  1.01s/it]                                                                                    Best trial: 17. Best value: 0.0519:  25%|██▌       | 25/100 [00:25<01:16,  1.01s/it]Best trial: 17. Best value: 0.0519:  25%|██▌       | 25/100 [00:25<01:16,  1.01s/it]/Library/Frameworks/Python.framework/Versions/3.13/lib/python3.13/site-packages/optuna/distributions.py:687: UserWarning: The distribution is specified by [0.001, 0.05] and step=0.005, but the range is not divisible by `step`. It will be replaced by [0.001, 0.046].
  warnings.warn(
                                                                                    Best trial: 17. Best value: 0.0519:  26%|██▌       | 26/100 [00:29<01:15,  1.01s/it]Best trial: 17. Best value: 0.0519:  26%|██▌       | 26/100 [00:29<01:15,  1.01s/it]Best trial: 17. Best value: 0.0519:  27%|██▋       | 27/100 [00:29<01:24,  1.16s/it]/Library/Frameworks/Python.framework/Versions/3.13/lib/python3.13/site-packages/optuna/distributions.py:687: UserWarning: The distribution is specified by [0.001, 0.05] and step=0.005, but the range is not divisible by `step`. It will be replaced by [0.001, 0.046].
  warnings.warn(
                                                                                    Best trial: 17. Best value: 0.0519:  27%|██▋       | 27/100 [00:29<01:24,  1.16s/it]Best trial: 17. Best value: 0.0519:  27%|██▋       | 27/100 [00:29<01:24,  1.16s/it]/Library/Frameworks/Python.framework/Versions/3.13/lib/python3.13/site-packages/optuna/distributions.py:687: UserWarning: The distribution is specified by [0.001, 0.05] and step=0.005, but the range is not divisible by `step`. It will be replaced by [0.001, 0.046].
  warnings.warn(
                                                                                    Best trial: 17. Best value: 0.0519:  28%|██▊       | 28/100 [00:29<01:23,  1.16s/it]Best trial: 17. Best value: 0.0519:  28%|██▊       | 28/100 [00:29<01:23,  1.16s/it]Best trial: 17. Best value: 0.0519:  29%|██▉       | 29/100 [00:29<01:00,  1.18it/s]/Library/Frameworks/Python.framework/Versions/3.13/lib/python3.13/site-packages/optuna/distributions.py:687: UserWarning: The distribution is specified by [0.001, 0.05] and step=0.005, but the range is not divisible by `step`. It will be replaced by [0.001, 0.046].
  warnings.warn(
                                                                                    Best trial: 17. Best value: 0.0519:  29%|██▉       | 29/100 [00:29<01:00,  1.18it/s]Best trial: 29. Best value: 0.0646:  29%|██▉       | 29/100 [00:29<01:00,  1.18it/s]/Library/Frameworks/Python.framework/Versions/3.13/lib/python3.13/site-packages/optuna/distributions.py:687: UserWarning: The distribution is specified by [0.001, 0.05] and step=0.005, but the range is not divisible by `step`. It will be replaced by [0.001, 0.046].
  warnings.warn(
                                                                                    Best trial: 29. Best value: 0.0646:  30%|███       | 30/100 [00:33<00:59,  1.18it/s]Best trial: 29. Best value: 0.0646:  30%|███       | 30/100 [00:33<00:59,  1.18it/s]Best trial: 29. Best value: 0.0646:  31%|███       | 31/100 [00:33<01:21,  1.18s/it]/Library/Frameworks/Python.framework/Versions/3.13/lib/python3.13/site-packages/optuna/distributions.py:687: UserWarning: The distribution is specified by [0.001, 0.05] and step=0.005, but the range is not divisible by `step`. It will be replaced by [0.001, 0.046].
  warnings.warn(
                                                                                    Best trial: 29. Best value: 0.0646:  31%|███       | 31/100 [00:33<01:21,  1.18s/it]Best trial: 31. Best value: 0.1039:  31%|███       | 31/100 [00:33<01:21,  1.18s/it]/Library/Frameworks/Python.framework/Versions/3.13/lib/python3.13/site-packages/optuna/distributions.py:687: UserWarning: The distribution is specified by [0.001, 0.05] and step=0.005, but the range is not divisible by `step`. It will be replaced by [0.001, 0.046].
  warnings.warn(
                                                                                    Best trial: 31. Best value: 0.1039:  32%|███▏      | 32/100 [00:33<01:19,  1.18s/it]Best trial: 31. Best value: 0.1039:  32%|███▏      | 32/100 [00:33<01:19,  1.18s/it]Best trial: 31. Best value: 0.1039:  33%|███▎      | 33/100 [00:33<00:57,  1.16it/s]/Library/Frameworks/Python.framework/Versions/3.13/lib/python3.13/site-packages/optuna/distributions.py:687: UserWarning: The distribution is specified by [0.001, 0.05] and step=0.005, but the range is not divisible by `step`. It will be replaced by [0.001, 0.046].
  warnings.warn(
                                                                                    Best trial: 31. Best value: 0.1039:  33%|███▎      | 33/100 [00:33<00:57,  1.16it/s]Best trial: 31. Best value: 0.1039:  33%|███▎      | 33/100 [00:33<00:57,  1.16it/s]/Library/Frameworks/Python.framework/Versions/3.13/lib/python3.13/site-packages/optuna/distributions.py:687: UserWarning: The distribution is specified by [0.001, 0.05] and step=0.005, but the range is not divisible by `step`. It will be replaced by [0.001, 0.046].
  warnings.warn(
                                                                                    Best trial: 31. Best value: 0.1039:  34%|███▍      | 34/100 [00:37<00:56,  1.16it/s]Best trial: 31. Best value: 0.1039:  34%|███▍      | 34/100 [00:37<00:56,  1.16it/s]Best trial: 31. Best value: 0.1039:  35%|███▌      | 35/100 [00:37<01:18,  1.20s/it]                                                                                    Best trial: 31. Best value: 0.1039:  35%|███▌      | 35/100 [00:37<01:18,  1.20s/it]Best trial: 31. Best value: 0.1039:  35%|███▌      | 35/100 [00:37<01:18,  1.20s/it]/Library/Frameworks/Python.framework/Versions/3.13/lib/python3.13/site-packages/optuna/distributions.py:687: UserWarning: The distribution is specified by [0.001, 0.05] and step=0.005, but the range is not divisible by `step`. It will be replaced by [0.001, 0.046].
  warnings.warn(
                                                                                    Best trial: 31. Best value: 0.1039:  36%|███▌      | 36/100 [00:37<01:17,  1.20s/it]Best trial: 31. Best value: 0.1039:  36%|███▌      | 36/100 [00:37<01:17,  1.20s/it]/Library/Frameworks/Python.framework/Versions/3.13/lib/python3.13/site-packages/optuna/distributions.py:687: UserWarning: The distribution is specified by [0.001, 0.05] and step=0.005, but the range is not divisible by `step`. It will be replaced by [0.001, 0.046].
  warnings.warn(
                                                                                    Best trial: 31. Best value: 0.1039:  37%|███▋      | 37/100 [00:37<01:15,  1.20s/it]Best trial: 31. Best value: 0.1039:  37%|███▋      | 37/100 [00:37<01:15,  1.20s/it]Best trial: 31. Best value: 0.1039:  38%|███▊      | 38/100 [00:37<00:47,  1.31it/s]/Library/Frameworks/Python.framework/Versions/3.13/lib/python3.13/site-packages/optuna/distributions.py:687: UserWarning: The distribution is specified by [0.001, 0.05] and step=0.005, but the range is not divisible by `step`. It will be replaced by [0.001, 0.046].
  warnings.warn(
                                                                                    Best trial: 31. Best value: 0.1039:  38%|███▊      | 38/100 [00:37<00:47,  1.31it/s]Best trial: 31. Best value: 0.1039:  38%|███▊      | 38/100 [00:37<00:47,  1.31it/s]Best trial: 31. Best value: 0.1039:  39%|███▉      | 39/100 [00:37<00:40,  1.51it/s]/Library/Frameworks/Python.framework/Versions/3.13/lib/python3.13/site-packages/optuna/distributions.py:687: UserWarning: The distribution is specified by [0.001, 0.05] and step=0.005, but the range is not divisible by `step`. It will be replaced by [0.001, 0.046].
  warnings.warn(
                                                                                    Best trial: 31. Best value: 0.1039:  39%|███▉      | 39/100 [00:41<00:40,  1.51it/s]Best trial: 31. Best value: 0.1039:  39%|███▉      | 39/100 [00:41<00:40,  1.51it/s]Best trial: 31. Best value: 0.1039:  40%|████      | 40/100 [00:41<01:14,  1.25s/it]/Library/Frameworks/Python.framework/Versions/3.13/lib/python3.13/site-packages/optuna/distributions.py:687: UserWarning: The distribution is specified by [0.001, 0.05] and step=0.005, but the range is not divisible by `step`. It will be replaced by [0.001, 0.046].
  warnings.warn(
                                                                                    Best trial: 31. Best value: 0.1039:  40%|████      | 40/100 [00:41<01:14,  1.25s/it]Best trial: 31. Best value: 0.1039:  40%|████      | 40/100 [00:41<01:14,  1.25s/it]/Library/Frameworks/Python.framework/Versions/3.13/lib/python3.13/site-packages/optuna/distributions.py:687: UserWarning: The distribution is specified by [0.001, 0.05] and step=0.005, but the range is not divisible by `step`. It will be replaced by [0.001, 0.046].
  warnings.warn(
                                                                                    Best trial: 31. Best value: 0.1039:  41%|████      | 41/100 [00:41<01:13,  1.25s/it]Best trial: 31. Best value: 0.1039:  41%|████      | 41/100 [00:41<01:13,  1.25s/it]Best trial: 31. Best value: 0.1039:  42%|████▏     | 42/100 [00:41<00:49,  1.17it/s]/Library/Frameworks/Python.framework/Versions/3.13/lib/python3.13/site-packages/optuna/distributions.py:687: UserWarning: The distribution is specified by [0.001, 0.05] and step=0.005, but the range is not divisible by `step`. It will be replaced by [0.001, 0.046].
  warnings.warn(
                                    