[I 2025-10-08 19:06:55,886] Trial 44 finished with value: 0.0503 and parameters: {'h1_weight': 0.1, 'h5_weight': 0.45, 'bb_period': 30, 'bb_std_dev': 2.25, 'bb_proximity': 0.2, 'regularization': 0.016}. Best is trial 31 with value: 0.1039.
  Trial 45: MRB=0.0482% buy=0.55 sell=0.43
[I 2025-10-08 19:06:55,984] Trial 45 finished with value: 0.0482 and parameters: {'h1_weight': 0.1, 'h5_weight': 0.6000000000000001, 'bb_period': 30, 'bb_std_dev': 2.25, 'bb_proximity': 0.2, 'regularization': 0.016}. Best is trial 31 with value: 0.1039.
  Trial 46: MRB=0.0482% buy=0.55 sell=0.43
[I 2025-10-08 19:06:56,102] Trial 46 finished with value: 0.0482 and parameters: {'h1_weight': 0.1, 'h5_weight': 0.6000000000000001, 'bb_period': 30, 'bb_std_dev': 2.25, 'bb_proximity': 0.2, 'regularization': 0.016}. Best is trial 31 with value: 0.1039.
  Trial 47: MRB=0.0482% buy=0.55 sell=0.43
[I 2025-10-08 19:07:00,017] Trial 47 finished with value: 0.0482 and parameters: {'h1_weight': 0.1, 'h5_weight': 0.6000000000000001, 'bb_period': 30, 'bb_std_dev': 2.25, 'bb_proximity': 0.2, 'regularization': 0.016}. Best is trial 31 with value: 0.1039.
[I 2025-10-08 19:07:00,020] Trial 51 finished with value: -999.0 and parameters: {'h1_weight': 0.55, 'h5_weight': 0.4}. Best is trial 31 with value: 0.1039.
  Trial 48: MRB=0.0211% buy=0.55 sell=0.43
[I 2025-10-08 19:07:00,108] Trial 48 finished with value: 0.0211 and parameters: {'h1_weight': 0.1, 'h5_weight': 0.4, 'bb_period': 30, 'bb_std_dev': 2.25, 'bb_proximity': 0.2, 'regularization': 0.026000000000000002}. Best is trial 31 with value: 0.1039.
[I 2025-10-08 19:07:00,111] Trial 53 finished with value: -999.0 and parameters: {'h1_weight': 0.4, 'h5_weight': 0.65}. Best is trial 31 with value: 0.1039.
  Trial 49: MRB=-0.0218% buy=0.55 sell=0.43
[I 2025-10-08 19:07:00,201] Trial 49 finished with value: -0.0218 and parameters: {'h1_weight': 0.1, 'h5_weight': 0.55, 'bb_period': 15, 'bb_std_dev': 2.25, 'bb_proximity': 0.2, 'regularization': 0.026000000000000002}. Best is trial 31 with value: 0.1039.
  Trial 50: MRB=-0.0697% buy=0.55 sell=0.43
[I 2025-10-08 19:07:00,323] Trial 50 finished with value: -0.0697 and parameters: {'h1_weight': 0.15000000000000002, 'h5_weight': 0.4, 'bb_period': 15, 'bb_std_dev': 2.5, 'bb_proximity': 0.2, 'regularization': 0.031}. Best is trial 31 with value: 0.1039.
  Trial 52: MRB=0.0475% buy=0.55 sell=0.43
[I 2025-10-08 19:07:04,200] Trial 52 finished with value: 0.0475 and parameters: {'h1_weight': 0.2, 'h5_weight': 0.30000000000000004, 'bb_period': 30, 'bb_std_dev': 2.5, 'bb_proximity': 0.25, 'regularization': 0.026000000000000002}. Best is trial 31 with value: 0.1039.
  Trial 54: MRB=0.0415% buy=0.55 sell=0.43
[I 2025-10-08 19:07:04,307] Trial 54 finished with value: 0.0415 and parameters: {'h1_weight': 0.15000000000000002, 'h5_weight': 0.55, 'bb_period': 30, 'bb_std_dev': 2.25, 'bb_proximity': 0.2, 'regularization': 0.006}. Best is trial 31 with value: 0.1039.
  Trial 55: MRB=-0.0075% buy=0.55 sell=0.43
[I 2025-10-08 19:07:04,392] Trial 55 finished with value: -0.0075 and parameters: {'h1_weight': 0.15000000000000002, 'h5_weight': 0.30000000000000004, 'bb_period': 30, 'bb_std_dev': 2.5, 'bb_proximity': 0.2, 'regularization': 0.006}. Best is trial 31 with value: 0.1039.
  Trial 56: MRB=0.0323% buy=0.55 sell=0.43
[I 2025-10-08 19:07:04,535] Trial 56 finished with value: 0.0323 and parameters: {'h1_weight': 0.15000000000000002, 'h5_weight': 0.7, 'bb_period': 30, 'bb_std_dev': 2.25, 'bb_proximity': 0.2, 'regularization': 0.006}. Best is trial 31 with value: 0.1039.Best trial: 31. Best value: 0.1039:  84%|████████▍ | 84/100 [01:24<00:14,  1.08it/s]Best trial: 31. Best value: 0.1039:  84%|████████▍ | 84/100 [01:24<00:14,  1.08it/s]Best trial: 31. Best value: 0.1039:  85%|████████▌ | 85/100 [01:24<00:11,  1.30it/s]/Library/Frameworks/Python.framework/Versions/3.13/lib/python3.13/site-packages/optuna/distributions.py:687: UserWarning: The distribution is specified by [0.001, 0.05] and step=0.005, but the range is not divisible by `step`. It will be replaced by [0.001, 0.046].
  warnings.warn(
                                                                                    Best trial: 31. Best value: 0.1039:  85%|████████▌ | 85/100 [01:27<00:11,  1.30it/s]Best trial: 31. Best value: 0.1039:  85%|████████▌ | 85/100 [01:27<00:11,  1.30it/s]Best trial: 31. Best value: 0.1039:  86%|████████▌ | 86/100 [01:27<00:20,  1.50s/it]/Library/Frameworks/Python.framework/Versions/3.13/lib/python3.13/site-packages/optuna/distributions.py:687: UserWarning: The distribution is specified by [0.001, 0.05] and step=0.005, but the range is not divisible by `step`. It will be replaced by [0.001, 0.046].
  warnings.warn(
                                                                                    Best trial: 31. Best value: 0.1039:  86%|████████▌ | 86/100 [01:27<00:20,  1.50s/it]Best trial: 31. Best value: 0.1039:  86%|████████▌ | 86/100 [01:27<00:20,  1.50s/it]/Library/Frameworks/Python.framework/Versions/3.13/lib/python3.13/site-packages/optuna/distributions.py:687: UserWarning: The distribution is specified by [0.001, 0.05] and step=0.005, but the range is not divisible by `step`. It will be replaced by [0.001, 0.046].
  warnings.warn(
                                                                                    Best trial: 31. Best value: 0.1039:  87%|████████▋ | 87/100 [01:28<00:19,  1.50s/it]Best trial: 31. Best value: 0.1039:  87%|████████▋ | 87/100 [01:28<00:19,  1.50s/it]Best trial: 31. Best value: 0.1039:  88%|████████▊ | 88/100 [01:28<00:11,  1.08it/s]/Library/Frameworks/Python.framework/Versions/3.13/lib/python3.13/site-packages/optuna/distributions.py:687: UserWarning: The distribution is specified by [0.001, 0.05] and step=0.005, but the range is not divisible by `step`. It will be replaced by [0.001, 0.046].
  warnings.warn(
                                                                                    Best trial: 31. Best value: 0.1039:  88%|████████▊ | 88/100 [01:28<00:11,  1.08it/s]Best trial: 31. Best value: 0.1039:  88%|████████▊ | 88/100 [01:28<00:11,  1.08it/s]Best trial: 31. Best value: 0.1039:  89%|████████▉ | 89/100 [01:28<00:08,  1.30it/s]/Library/Frameworks/Python.framework/Versions/3.13/lib/python3.13/site-packages/optuna/distributions.py:687: UserWarning: The distribution is specified by [0.001, 0.05] and step=0.005, but the range is not divisible by `step`. It will be replaced by [0.001, 0.046].
  warnings.warn(
                                                                                    Best trial: 31. Best value: 0.1039:  89%|████████▉ | 89/100 [01:32<00:08,  1.30it/s]Best trial: 31. Best value: 0.1039:  89%|████████▉ | 89/100 [01:32<00:08,  1.30it/s]Best trial: 31. Best value: 0.1039:  90%|█████████ | 90/100 [01:32<00:15,  1.50s/it]/Library/Frameworks/Python.framework/Versions/3.13/lib/python3.13/site-packages/optuna/distributions.py:687: UserWarning: The distribution is specified by [0.001, 0.05] and step=0.005, but the range is not divisible by `step`. It will be replaced by [0.001, 0.046].
  warnings.warn(
                                                                                    Best trial: 31. Best value: 0.1039:  90%|█████████ | 90/100 [01:32<00:15,  1.50s/it]Best trial: 31. Best value: 0.1039:  90%|█████████ | 90/100 [01:32<00:15,  1.50s/it]                                                                                    Best trial: 31. Best value: 0.1039:  91%|█████████ | 91/100 [01:32<00:13,  1.50s/it]Best trial: 31. Best value: 0.1039:  91%|█████████ | 91/100 [01:32<00:13,  1.50s/it]/Library/Frameworks/Python.framework/Versions/3.13/lib/python3.13/site-packages/optuna/distributions.py:687: UserWarning: The distribution is specified by [0.001, 0.05] and step=0.005, but the range is not divisible by `step`. It will be replaced by [0.001, 0.046].
  warnings.warn(
                                                                                    Best trial: 31. Best value: 0.1039:  92%|█████████▏| 92/100 [01:32<00:12,  1.50s/it]Best trial: 31. Best value: 0.1039:  92%|█████████▏| 92/100 [01:32<00:12,  1.50s/it]Best trial: 31. Best value: 0.1039:  93%|█████████▎| 93/100 [01:32<00:05,  1.30it/s]/Library/Frameworks/Python.framework/Versions/3.13/lib/python3.13/site-packages/optuna/distributions.py:687: UserWarning: The distribution is specified by [0.001, 0.05] and step=0.005, but the range is not divisible by `step`. It will be replaced by [0.001, 0.046].
  warnings.warn(
                                                                                    Best trial: 31. Best value: 0.1039:  93%|█████████▎| 93/100 [01:32<00:05,  1.30it/s]Best trial: 31. Best value: 0.1039:  93%|█████████▎| 93/100 [01:32<00:05,  1.30it/s]Best trial: 31. Best value: 0.1039:  94%|█████████▍| 94/100 [01:32<00:04,  1.49it/s]/Library/Frameworks/Python.framework/Versions/3.13/lib/python3.13/site-packages/optuna/distributions.py:687: UserWarning: The distribution is specified by [0.001, 0.05] and step=0.005, but the range is not divisible by `step`. It will be replaced by [0.001, 0.046].
  warnings.warn(
                                                                                    Best trial: 31. Best value: 0.1039:  94%|█████████▍| 94/100 [01:36<00:04,  1.49it/s]Best trial: 31. Best value: 0.1039:  94%|█████████▍| 94/100 [01:36<00:04,  1.49it/s]Best trial: 31. Best value: 0.1039:  95%|█████████▌| 95/100 [01:36<00:06,  1.34s/it]/Library/Frameworks/Python.framework/Versions/3.13/lib/python3.13/site-packages/optuna/distributions.py:687: UserWarning: The distribution is specified by [0.001, 0.05] and step=0.005, but the range is not divisible by `step`. It will be replaced by [0.001, 0.046].
  warnings.warn(
                                                                                    Best trial: 31. Best value: 0.1039:  95%|█████████▌| 95/100 [01:36<00:06,  1.34s/it]Best trial: 31. Best value: 0.1039:  95%|█████████▌| 95/100 [01:36<00:06,  1.34s/it]/Library/Frameworks/Python.framework/Versions/3.13/lib/python3.13/site-packages/optuna/distributions.py:687: UserWarning: The distribution is specified by [0.001, 0.05] and step=0.005, but the range is not divisible by `step`. It will be replaced by [0.001, 0.046].
  warnings.warn(
                                                                                    Best trial: 31. Best value: 0.1039:  96%|█████████▌| 96/100 [01:36<00:05,  1.34s/it]Best trial: 31. Best value: 0.1039:  96%|█████████▌| 96/100 [01:36<00:05,  1.34s/it]Best trial: 31. Best value: 0.1039:  97%|█████████▋| 97/100 [01:36<00:02,  1.16it/s]                                                                                    Best trial: 31. Best value: 0.1039:  97%|█████████▋| 97/100 [01:36<00:02,  1.16it/s]Best trial: 31. Best value: 0.1039:  97%|█████████▋| 97/100 [01:36<00:02,  1.16it/s]Best trial: 31. Best value: 0.1039:  98%|█████████▊| 98/100 [01:36<00:01,  1.37it/s]                                                                                    Best trial: 31. Best value: 0.1039:  98%|█████████▊| 98/100 [01:40<00:01,  1.37it/s]Best trial: 31. Best value: 0.1039:  98%|█████████▊| 98/100 [01:40<00:01,  1.37it/s]Best trial: 31. Best value: 0.1039:  99%|█████████▉| 99/100 [01:40<00:01,  1.43s/it]                                                                                    Best trial: 31. Best value: 0.1039:  99%|█████████▉| 99/100 [01:40<00:01,  1.43s/it]Best trial: 31. Best value: 0.1039:  99%|█████████▉| 99/100 [01:40<00:01,  1.43s/it]Best trial: 31. Best value: 0.1039: 100%|██████████| 100/100 [01:40<00:00,  1.00s/it]

  Trial 57: MRB=-0.0381% buy=0.55 sell=0.43
[I 2025-10-08 19:07:08,424] Trial 57 finished with value: -0.0381 and parameters: {'h1_weight': 0.15000000000000002, 'h5_weight': 0.55, 'bb_period': 30, 'bb_std_dev': 2.25, 'bb_proximity': 0.35000000000000003, 'regularization': 0.006}. Best is trial 31 with value: 0.1039.
  Trial 58: MRB=0.0117% buy=0.55 sell=0.43
[I 2025-10-08 19:07:08,526] Trial 58 finished with value: 0.0117 and parameters: {'h1_weight': 0.1, 'h5_weight': 0.7, 'bb_period': 30, 'bb_std_dev': 2.25, 'bb_proximity': 0.35000000000000003, 'regularization': 0.021}. Best is trial 31 with value: 0.1039.
  Trial 59: MRB=0.0117% buy=0.55 sell=0.43
[I 2025-10-08 19:07:08,618] Trial 59 finished with value: 0.0117 and parameters: {'h1_weight': 0.1, 'h5_weight': 0.7, 'bb_period': 30, 'bb_std_dev': 2.25, 'bb_proximity': 0.35000000000000003, 'regularization': 0.021}. Best is trial 31 with value: 0.1039.
  Trial 60: MRB=0.0193% buy=0.55 sell=0.43
[I 2025-10-08 19:07:08,775] Trial 60 finished with value: 0.0193 and parameters: {'h1_weight': 0.1, 'h5_weight': 0.5, 'bb_period': 25, 'bb_std_dev': 2.25, 'bb_proximity': 0.35000000000000003, 'regularization': 0.016}. Best is trial 31 with value: 0.1039.
  Trial 61: MRB=0.0362% buy=0.55 sell=0.43
[I 2025-10-08 19:07:12,617] Trial 61 finished with value: 0.0362 and parameters: {'h1_weight': 0.1, 'h5_weight': 0.5, 'bb_period': 25, 'bb_std_dev': 2.25, 'bb_proximity': 0.25, 'regularization': 0.021}. Best is trial 31 with value: 0.1039.
  Trial 62: MRB=-0.0282% buy=0.55 sell=0.43
[I 2025-10-08 19:07:12,716] Trial 62 finished with value: -0.0282 and parameters: {'h1_weight': 0.2, 'h5_weight': 0.65, 'bb_period': 25, 'bb_std_dev': 2.5, 'bb_proximity': 0.25, 'regularization': 0.016}. Best is trial 31 with value: 0.1039.
  Trial 63: MRB=-0.0282% buy=0.55 sell=0.43
[I 2025-10-08 19:07:12,800] Trial 63 finished with value: -0.0282 and parameters: {'h1_weight': 0.2, 'h5_weight': 0.65, 'bb_period': 25, 'bb_std_dev': 2.5, 'bb_proximity': 0.25, 'regularization': 0.011}. Best is trial 31 with value: 0.1039.
  Trial 64: MRB=0.0728% buy=0.55 sell=0.43
[I 2025-10-08 19:07:12,973] Trial 64 finished with value: 0.0728 and parameters: {'h1_weight': 0.1, 'h5_weight': 0.6000000000000001, 'bb_period': 30, 'bb_std_dev': 2.25, 'bb_proximity': 0.25, 'regularization': 0.016}. Best is trial 31 with value: 0.1039.
  Trial 65: MRB=0.0286% buy=0.55 sell=0.43
[I 2025-10-08 19:07:16,848] Trial 65 finished with value: 0.0286 and parameters: {'h1_weight': 0.2, 'h5_weight': 0.6000000000000001, 'bb_period': 30, 'bb_std_dev': 2.25, 'bb_proximity': 0.2, 'regularization': 0.016}. Best is trial 31 with value: 0.1039.
  Trial 66: MRB=0.0488% buy=0.55 sell=0.43
[I 2025-10-08 19:07:16,959] Trial 66 finished with value: 0.0488 and parameters: {'h1_weight': 0.1, 'h5_weight': 0.6000000000000001, 'bb_period': 30, 'bb_std_dev': 2.25, 'bb_proximity': 0.2, 'regularization': 0.016}. Best is trial 31 with value: 0.1039.
  Trial 67: MRB=0.0482% buy=0.55 sell=0.43
[I 2025-10-08 19:07:17,030] Trial 67 finished with value: 0.0482 and parameters: {'h1_weight': 0.1, 'h5_weight': 0.6000000000000001, 'bb_period': 30, 'bb_std_dev': 2.25, 'bb_proximity': 0.2, 'regularization': 0.016}. Best is trial 31 with value: 0.1039.
  Trial 68: MRB=0.0728% buy=0.55 sell=0.43
[I 2025-10-08 19:07:17,214] Trial 68 finished with value: 0.0728 and parameters: {'h1_weight': 0.1, 'h5_weight': 0.6000000000000001, 'bb_period': 30, 'bb_std_dev': 2.25, 'bb_proximity': 0.25, 'regularization': 0.016}. Best is trial 31 with value: 0.1039.
  Trial 69: MRB=-0.0356% buy=0.55 sell=0.43
[I 2025-10-08 19:07:21,012] Trial 69 finished with value: -0.0356 and parameters: {'h1_weight': 0.1, 'h5_weight': 0.55, 'bb_period': 30, 'bb_std_dev': 2.25, 'bb_proximity': 0.25, 'regularization': 0.011}. Best is trial 31 with value: 0.1039.
  Trial 70: MRB=0.0608% buy=0.55 sell=0.43
[I 2025-10-08 19:07:21,121] Trial 70 finished with value: 0.0608 and parameters: {'h1_weight': 0.15000000000000002, 'h5_weight': 0.55, 'bb_period': 30, 'bb_std_dev': 2.25, 'bb_proximity': 0.25, 'regularization': 0.011}. Best is trial 31 with value: 0.1039.
  Trial 71: MRB=0.0282% buy=0.55 sell=0.43
[I 2025-10-08 19:07:21,202] Trial 71 finished with value: 0.0282 and parameters: {'h1_weight': 0.15000000000000002, 'h5_weight': 0.55, 'bb_period': 20, 'bb_std_dev': 2.25, 'bb_proximity': 0.25, 'regularization': 0.011}. Best is trial 31 with value: 0.1039.
  Trial 72: MRB=0.0282% buy=0.55 sell=0.43
[I 2025-10-08 19:07:21,403] Trial 72 finished with value: 0.0282 and parameters: {'h1_weight': 0.15000000000000002, 'h5_weight': 0.55, 'bb_period': 20, 'bb_std_dev': 2.25, 'bb_proximity': 0.25, 'regularization': 0.011}. Best is trial 31 with value: 0.1039.
  Trial 73: MRB=0.0505% buy=0.55 sell=0.43
[I 2025-10-08 19:07:25,223] Trial 73 finished with value: 0.0505 and parameters: {'h1_weight': 0.15000000000000002, 'h5_weight': 0.65, 'bb_period': 20, 'bb_std_dev': 2.0, 'bb_proximity': 0.25, 'regularization': 0.011}. Best is trial 31 with value: 0.1039.
  Trial 74: MRB=0.0318% buy=0.55 sell=0.43
[I 2025-10-08 19:07:25,323] Trial 74 finished with value: 0.0318 and parameters: {'h1_weight': 0.15000000000000002, 'h5_weight': 0.65, 'bb_period': 30, 'bb_std_dev': 2.25, 'bb_proximity': 0.25, 'regularization': 0.011}. Best is trial 31 with value: 0.1039.
  Trial 75: MRB=0.0318% buy=0.55 sell=0.43
[I 2025-10-08 19:07:25,410] Trial 75 finished with value: 0.0318 and parameters: {'h1_weight': 0.15000000000000002, 'h5_weight': 0.65, 'bb_period': 30, 'bb_std_dev': 2.25, 'bb_proximity': 0.25, 'regularization': 0.011}. Best is trial 31 with value: 0.1039.
  Trial 76: MRB=0.0318% buy=0.55 sell=0.43
[I 2025-10-08 19:07:25,626] Trial 76 finished with value: 0.0318 and parameters: {'h1_weight': 0.15000000000000002, 'h5_weight': 0.65, 'bb_period': 30, 'bb_std_dev': 2.25, 'bb_proximity': 0.25, 'regularization': 0.011}. Best is trial 31 with value: 0.1039.
  Trial 77: MRB=0.0505% buy=0.55 sell=0.43
[I 2025-10-08 19:07:29,423] Trial 77 finished with value: 0.0505 and parameters: {'h1_weight': 0.15000000000000002, 'h5_weight': 0.65, 'bb_period': 20, 'bb_std_dev': 2.0, 'bb_proximity': 0.25, 'regularization': 0.011}. Best is trial 31 with value: 0.1039.
  Trial 78: MRB=0.0032% buy=0.55 sell=0.43
[I 2025-10-08 19:07:29,500] Trial 78 finished with value: 0.0032 and parameters: {'h1_weight': 0.2, 'h5_weight': 0.65, 'bb_period': 20, 'bb_std_dev': 2.0, 'bb_proximity': 0.25, 'regularization': 0.046}. Best is trial 31 with value: 0.1039.
  Trial 79: MRB=0.0764% buy=0.55 sell=0.43
[I 2025-10-08 19:07:29,617] Trial 79 finished with value: 0.0764 and parameters: {'h1_weight': 0.2, 'h5_weight': 0.6000000000000001, 'bb_period': 20, 'bb_std_dev': 2.0, 'bb_proximity': 0.25, 'regularization': 0.006}. Best is trial 31 with value: 0.1039.
  Trial 80: MRB=0.0764% buy=0.55 sell=0.43
[I 2025-10-08 19:07:29,833] Trial 80 finished with value: 0.0764 and parameters: {'h1_weight': 0.2, 'h5_weight': 0.6000000000000001, 'bb_period': 20, 'bb_std_dev': 2.0, 'bb_proximity': 0.25, 'regularization': 0.006}. Best is trial 31 with value: 0.1039.
  Trial 81: MRB=0.0466% buy=0.55 sell=0.43
[I 2025-10-08 19:07:33,656] Trial 81 finished with value: 0.0466 and parameters: {'h1_weight': 0.2, 'h5_weight': 0.6000000000000001, 'bb_period': 20, 'bb_std_dev': 2.0, 'bb_proximity': 0.30000000000000004, 'regularization': 0.006}. Best is trial 31 with value: 0.1039.
  Trial 82: MRB=0.0604% buy=0.55 sell=0.43
[I 2025-10-08 19:07:33,738] Trial 82 finished with value: 0.0604 and parameters: {'h1_weight': 0.2, 'h5_weight': 0.6000000000000001, 'bb_period': 20, 'bb_std_dev': 2.0, 'bb_proximity': 0.30000000000000004, 'regularization': 0.006}. Best is trial 31 with value: 0.1039.
  Trial 83: MRB=0.0338% buy=0.55 sell=0.43
[I 2025-10-08 19:07:33,857] Trial 83 finished with value: 0.0338 and parameters: {'h1_weight': 0.2, 'h5_weight': 0.6000000000000001, 'bb_period': 15, 'bb_std_dev': 2.0, 'bb_proximity': 0.30000000000000004, 'regularization': 0.006}. Best is trial 31 with value: 0.1039.
  Trial 84: MRB=0.0604% buy=0.55 sell=0.43
[I 2025-10-08 19:07:34,082] Trial 84 finished with value: 0.0604 and parameters: {'h1_weight': 0.2, 'h5_weight': 0.6000000000000001, 'bb_period': 20, 'bb_std_dev': 2.0, 'bb_proximity': 0.30000000000000004, 'regularization': 0.006}. Best is trial 31 with value: 0.1039.
  Trial 85: MRB=0.0764% buy=0.55 sell=0.43
[I 2025-10-08 19:07:37,837] Trial 85 finished with value: 0.0764 and parameters: {'h1_weight': 0.2, 'h5_weight': 0.6000000000000001, 'bb_period': 20, 'bb_std_dev': 2.0, 'bb_proximity': 0.25, 'regularization': 0.001}. Best is trial 31 with value: 0.1039.
  Trial 86: MRB=0.0339% buy=0.55 sell=0.43
[I 2025-10-08 19:07:37,921] Trial 86 finished with value: 0.0339 and parameters: {'h1_weight': 0.25, 'h5_weight': 0.6000000000000001, 'bb_period': 20, 'bb_std_dev': 2.0, 'bb_proximity': 0.30000000000000004, 'regularization': 0.001}. Best is trial 31 with value: 0.1039.
  Trial 87: MRB=0.0489% buy=0.55 sell=0.43
[I 2025-10-08 19:07:38,043] Trial 87 finished with value: 0.0489 and parameters: {'h1_weight': 0.25, 'h5_weight': 0.6000000000000001, 'bb_period': 20, 'bb_std_dev': 1.75, 'bb_proximity': 0.30000000000000004, 'regularization': 0.001}. Best is trial 31 with value: 0.1039.
  Trial 88: MRB=0.0339% buy=0.55 sell=0.43
[I 2025-10-08 19:07:38,273] Trial 88 finished with value: 0.0339 and parameters: {'h1_weight': 0.25, 'h5_weight': 0.6000000000000001, 'bb_period': 20, 'bb_std_dev': 2.0, 'bb_proximity': 0.30000000000000004, 'regularization': 0.001}. Best is trial 31 with value: 0.1039.
  Trial 89: MRB=0.0339% buy=0.55 sell=0.43
[I 2025-10-08 19:07:42,051] Trial 89 finished with value: 0.0339 and parameters: {'h1_weight': 0.25, 'h5_weight': 0.6000000000000001, 'bb_period': 20, 'bb_std_dev': 2.0, 'bb_proximity': 0.30000000000000004, 'regularization': 0.001}. Best is trial 31 with value: 0.1039.
  Trial 90: MRB=0.0728% buy=0.55 sell=0.43
[I 2025-10-08 19:07:42,142] Trial 90 finished with value: 0.0728 and parameters: {'h1_weight': 0.30000000000000004, 'h5_weight': 0.55, 'bb_period': 20, 'bb_std_dev': 1.75, 'bb_proximity': 0.25, 'regularization': 0.001}. Best is trial 31 with value: 0.1039.
