[I 2025-10-08 19:05:19,447] Trial 26 finished with value: 0.1857 and parameters: {'buy_threshold': 0.56, 'sell_threshold': 0.42000000000000004, 'ewrls_lambda': 0.997, 'bb_amplification_factor': 0.060000000000000005}. Best is trial 13 with value: 0.22.
  Trial 24: MRB=0.1857% buy=0.54 sell=0.41
[I 2025-10-08 19:05:19,454] Trial 24 finished with value: 0.1857 and parameters: {'buy_threshold': 0.54, 'sell_threshold': 0.41000000000000003, 'ewrls_lambda': 0.995, 'bb_amplification_factor': 0.060000000000000005}. Best is trial 13 with value: 0.22.
  Trial 27: MRB=0.1481% buy=0.57 sell=0.44
[I 2025-10-08 19:05:19,477] Trial 27 finished with value: 0.1481 and parameters: {'buy_threshold': 0.5700000000000001, 'sell_threshold': 0.44, 'ewrls_lambda': 0.997, 'bb_amplification_factor': 0.060000000000000005}. Best is trial 13 with value: 0.22.
[ERROR] Analysis failed: Error: No trades loaded

  Trial 28: MRB=-999.0000% buy=0.56 sell=0.42
[I 2025-10-08 19:05:20,165] Trial 28 finished with value: -999.0 and parameters: {'buy_threshold': 0.56, 'sell_threshold': 0.42000000000000004, 'ewrls_lambda': 0.997, 'bb_amplification_factor': 0.060000000000000005}. Best is trial 13 with value: 0.22.
  Trial 30: MRB=0.1617% buy=0.53 sell=0.44
[I 2025-10-08 19:05:20,184] Trial 30 finished with value: 0.1617 and parameters: {'buy_threshold': 0.53, 'sell_threshold': 0.44, 'ewrls_lambda': 0.993, 'bb_amplification_factor': 0.09}. Best is trial 13 with value: 0.22.
  Trial 29: MRB=0.1617% buy=0.57 sell=0.40
[I 2025-10-08 19:05:20,187] Trial 29 finished with value: 0.1617 and parameters: {'buy_threshold': 0.5700000000000001, 'sell_threshold': 0.4, 'ewrls_lambda': 0.997, 'bb_amplification_factor': 0.060000000000000005}. Best is trial 13 with value: 0.22.
  Trial 31: MRB=0.1732% buy=0.53 sell=0.42
[I 2025-10-08 19:05:20,208] Trial 31 finished with value: 0.1732 and parameters: {'buy_threshold': 0.53, 'sell_threshold': 0.42000000000000004, 'ewrls_lambda': 0.993, 'bb_amplification_factor': 0.09}. Best is trial 13 with value: 0.22.
  Trial 32: MRB=0.0000% buy=0.53 sell=0.41
[I 2025-10-08 19:05:20,912] Trial 32 finished with value: 0.0 and parameters: {'buy_threshold': 0.53, 'sell_threshold': 0.41000000000000003, 'ewrls_lambda': 0.993, 'bb_amplification_factor': 0.09}. Best is trial 13 with value: 0.22.
  Trial 33: MRB=0.0000% buy=0.58 sell=0.41
[I 2025-10-08 19:05:20,916] Trial 33 finished with value: 0.0 and parameters: {'buy_threshold': 0.5800000000000001, 'sell_threshold': 0.41000000000000003, 'ewrls_lambda': 0.993, 'bb_amplification_factor': 0.1}. Best is trial 13 with value: 0.22.
  Trial 34: MRB=0.1618% buy=0.58 sell=0.41
[I 2025-10-08 19:05:20,934] Trial 34 finished with value: 0.1618 and parameters: {'buy_threshold': 0.5800000000000001, 'sell_threshold': 0.41000000000000003, 'ewrls_lambda': 0.998, 'bb_amplification_factor': 0.05}. Best is trial 13 with value: 0.22.
  Trial 35: MRB=0.1618% buy=0.58 sell=0.41
[I 2025-10-08 19:05:20,946] Trial 35 finished with value: 0.1618 and parameters: {'buy_threshold': 0.5800000000000001, 'sell_threshold': 0.41000000000000003, 'ewrls_lambda': 0.998, 'bb_amplification_factor': 0.07}. Best is trial 13 with value: 0.22.
  Trial 37: MRB=0.0000% buy=0.55 sell=0.40
[I 2025-10-08 19:05:21,744] Trial 37 finished with value: 0.0 and parameters: {'buy_threshold': 0.55, 'sell_threshold': 0.4, 'ewrls_lambda': 0.998, 'bb_amplification_factor': 0.07}. Best is trial 13 with value: 0.22.
  Trial 36: MRB=0.0000% buy=0.58 sell=0.40
[I 2025-10-08 19:05:21,745] Trial 36 finished with value: 0.0 and parameters: {'buy_threshold': 0.5800000000000001, 'sell_threshold': 0.4, 'ewrls_lambda': 0.998, 'bb_amplification_factor': 0.07}. Best is trial 13 with value: 0.22.
  Trial 38: MRB=0.0000% buy=0.55 sell=0.40
[I 2025-10-08 19:05:21,746] Trial 38 finished with value: 0.0 and parameters: {'buy_threshold': 0.55, 'sell_threshold': 0.4, 'ewrls_lambda': 0.998, 'bb_amplification_factor': 0.07}. Best is trial 13 with value: 0.22.
  Trial 39: MRB=0.1481% buy=0.55 sell=0.40
[I 2025-10-08 19:05:21,771] Trial 39 finished with value: 0.1481 and parameters: {'buy_threshold': 0.55, 'sell_threshold': 0.4, 'ewrls_lambda': 0.991, 'bb_amplification_factor': 0.060000000000000005}. Best is trial 13 with value: 0.22.
  Trial 41: MRB=0.0979% buy=0.56 sell=0.46
[I 2025-10-08 19:05:22,463] Trial 41 finished with value: 0.0979 and parameters: {'buy_threshold': 0.56, 'sell_threshold': 0.46, 'ewrls_lambda': 0.991, 'bb_amplification_factor': 0.05}. Best is trial 13 with value: 0.22.
  Trial 42: MRB=0.0979% buy=0.56 sell=0.46
[I 2025-10-08 19:05:22,465] Trial 42 finished with value: 0.0979 and parameters: {'buy_threshold': 0.56, 'sell_threshold': 0.46, 'ewrls_lambda': 0.991, 'bb_amplification_factor': 0.05}. Best is trial 13 with value: 0.22.
  Trial 40: MRB=0.0979% buy=0.56 sell=0.40
[I 2025-10-08 19:05:22,467] Trial 40 finished with value: 0.0979 and parameters: {'buy_threshold': 0.56, 'sell_threshold': 0.4, 'ewrls_lambda': 0.991, 'bb_amplification_factor': 0.05}. Best is trial 13 with value: 0.22.
  Trial 43: MRB=0.1506% buy=0.56 sell=0.45
[I 2025-10-08 19:05:22,494] Trial 43 finished with value: 0.1506 and parameters: {'buy_threshold': 0.56, 'sell_threshold': 0.45, 'ewrls_lambda': 0.994, 'bb_amplification_factor': 0.05}. Best is trial 13 with value: 0.22.
  Trial 46: MRB=0.1952% buy=0.57 sell=0.42
[I 2025-10-08 19:05:23,201] Trial 46 finished with value: 0.1952 and parameters: {'buy_threshold': 0.5700000000000001, 'sell_threshold': 0.42000000000000004, 'ewrls_lambda': 0.997, 'bb_amplification_factor': 0.060000000000000005}. Best is trial 13 with value: 0.22.
  Trial 45: MRB=0.1952% buy=0.57 sell=0.42
[I 2025-10-08 19:05:23,203] Trial 45 finished with value: 0.1952 and parameters: {'buy_threshold': 0.5700000000000001, 'sell_threshold': 0.42000000000000004, 'ewrls_lambda': 0.997, 'bb_amplification_factor': 0.060000000000000005}. Best is trial 13 with value: 0.22.
  Trial 44: MRB=0.1952% buy=0.57 sell=0.42
[I 2025-10-08 19:05:23,203] Trial 44 finished with value: 0.1952 and parameters: {'buy_threshold': 0.5700000000000001, 'sell_threshold': 0.42000000000000004, 'ewrls_lambda': 0.997, 'bb_amplification_factor': 0.060000000000000005}. Best is trial 13 with value: 0.22.
  Trial 47: MRB=0.1481% buy=0.57 sell=0.42
[I 2025-10-08 19:05:23,224] Trial 47 finished with value: 0.1481 and parameters: {'buy_threshold': 0.5700000000000001, 'sell_threshold': 0.42000000000000004, 'ewrls_lambda': 0.997, 'bb_amplification_factor': 0.060000000000000005}. Best is trial 13 with value: 0.22.
  Trial 49: MRB=0.1638% buy=0.57 sell=0.43
[I 2025-10-08 19:05:23,917] Trial 49 finished with value: 0.1638 and parameters: {'buy_threshold': 0.5700000000000001, 'sell_threshold': 0.43000000000000005, 'ewrls_lambda': 0.999, 'bb_amplification_factor': 0.08}. Best is trial 13 with value: 0.22.
  Trial 48: MRB=0.1638% buy=0.57 sell=0.42
[I 2025-10-08 19:05:23,921] Trial 48 finished with value: 0.1638 and parameters: {'buy_threshold': 0.5700000000000001, 'sell_threshold': 0.42000000000000004, 'ewrls_lambda': 0.997, 'bb_amplification_factor': 0.08}. Best is trial 13 with value: 0.22.
[Tuning] Complete in 9.6s
[Tuning] Best MRB: 0.2200%
[Tuning] Best params: {'buy_threshold': 0.55, 'sell_threshold': 0.43000000000000005, 'ewrls_lambda': 0.992, 'bb_amplification_factor': 0.08}

[Static] Using fixed params for all tests: {'buy_threshold': 0.55, 'sell_threshold': 0.43000000000000005, 'ewrls_lambda': 0.992, 'bb_amplification_factor': 0.08}

================================================================================
SUMMARY
================================================================================
Strategy: C
Total tests: 0
Mean MRB: 0.0000%
Std MRB: 0.0000%
Min MRB: 0.0000%
Max MRB: 0.0000%
Total time: 0.2 minutes
Results saved to: data/tmp/optuna_2phase_corrected/phase1_results.json
================================================================================
