                                                                                    [I 2025-10-08 18:59:20,792] Trial 1 finished with value: -999.0 and parameters: {'h1_weight': 0.55, 'h5_weight': 0.4}. Best is trial 1 with value: -999.0.
[I 2025-10-08 18:59:20,794] Trial 4 finished with value: -999.0 and parameters: {'h1_weight': 0.6, 'h5_weight': 0.5}. Best is trial 1 with value: -999.0.
  Trial 5: MRB=-0.0105% buy=0.52 sell=0.45
[I 2025-10-08 18:59:24,747] Trial 5 finished with value: -0.0105 and parameters: {'h1_weight': 0.1, 'h5_weight': 0.4, 'bb_period': 25, 'bb_std_dev': 2.5, 'bb_proximity': 0.4, 'regularization': 0.001}. Best is trial 5 with value: -0.0105.
  Trial 0: MRB=-0.0105% buy=0.52 sell=0.45
[I 2025-10-08 18:59:24,749] Trial 0 finished with value: -0.0105 and parameters: {'h1_weight': 0.15000000000000002, 'h5_weight': 0.65, 'bb_period': 15, 'bb_std_dev': 1.5, 'bb_proximity': 0.4, 'regularization': 0.001}. Best is trial 5 with value: -0.0105.
[I 2025-10-08 18:59:24,751] Trial 7 finished with value: -999.0 and parameters: {'h1_weight': 0.4, 'h5_weight': 0.55}. Best is trial 5 with value: -0.0105.
  Trial 3: MRB=-0.0105% buy=0.52 sell=0.45
[I 2025-10-08 18:59:24,752] Trial 3 finished with value: -0.0105 and parameters: {'h1_weight': 0.30000000000000004, 'h5_weight': 0.45, 'bb_period': 20, 'bb_std_dev': 1.75, 'bb_proximity': 0.30000000000000004, 'regularization': 0.031}. Best is trial 5 with value: -0.0105.
[I 2025-10-08 18:59:24,752] Trial 8 finished with value: -999.0 and parameters: {'h1_weight': 0.55, 'h5_weight': 0.65}. Best is trial 5 with value: -0.0105.
  Trial 2: MRB=-0.0105% buy=0.52 sell=0.45
[I 2025-10-08 18:59:24,754] Trial 2 finished with value: -0.0105 and parameters: {'h1_weight': 0.4, 'h5_weight': 0.35000000000000003, 'bb_period': 20, 'bb_std_dev': 2.0, 'bb_proximity': 0.2, 'regularization': 0.006}. Best is trial 5 with value: -0.0105.
[I 2025-10-08 18:59:24,757] Trial 11 finished with value: -999.0 and parameters: {'h1_weight': 0.55, 'h5_weight': 0.5}. Best is trial 5 with value: -0.0105.
[I 2025-10-08 18:59:24,757] Trial 12 finished with value: -999.0 and parameters: {'h1_weight': 0.5, 'h5_weight': 0.6000000000000001}. Best is trial 5 with value: -0.0105.
[I 2025-10-08 18:59:24,760] Trial 13 finished with value: -999.0 and parameters: {'h1_weight': 0.15000000000000002, 'h5_weight': 0.2}. Best is trial 5 with value: -0.0105.
  Trial 9: MRB=0.0000% buy=0.52 sell=0.45
[I 2025-10-08 18:59:28,724] Trial 9 finished with value: 0.0 and parameters: {'h1_weight': 0.35, 'h5_weight': 0.25, 'bb_period': 10, 'bb_std_dev': 2.0, 'bb_proximity': 0.35000000000000003, 'regularization': 0.036000000000000004}. Best is trial 9 with value: 0.0.
  Trial 10: MRB=-0.0040% buy=0.52 sell=0.45
[I 2025-10-08 18:59:28,796] Trial 10 finished with value: -0.004 and parameters: {'h1_weight': 0.4, 'h5_weight': 0.2, 'bb_period': 25, 'bb_std_dev': 1.5, 'bb_proximity': 0.30000000000000004, 'regularization': 0.001}. Best is trial 9 with value: 0.0.
  Trial 6: MRB=-0.0040% buy=0.52 sell=0.45
[I 2025-10-08 18:59:28,801] Trial 6 finished with value: -0.004 and parameters: {'h1_weight': 0.1, 'h5_weight': 0.5, 'bb_period': 15, 'bb_std_dev': 1.5, 'bb_proximity': 0.35000000000000003, 'regularization': 0.031}. Best is trial 9 with value: 0.0.
  Trial 14: MRB=-0.0040% buy=0.52 sell=0.45
[I 2025-10-08 18:59:28,824] Trial 14 finished with value: -0.004 and parameters: {'h1_weight': 0.25, 'h5_weight': 0.30000000000000004, 'bb_period': 10, 'bb_std_dev': 1.5, 'bb_proximity': 0.2, 'regularization': 0.001}. Best is trial 9 with value: 0.0.
  Trial 15: MRB=0.0285% buy=0.52 sell=0.45
[I 2025-10-08 18:59:33,086] Trial 15 finished with value: 0.0285 and parameters: {'h1_weight': 0.25, 'h5_weight': 0.2, 'bb_period': 10, 'bb_std_dev': 1.5, 'bb_proximity': 0.4, 'regularization': 0.046}. Best is trial 15 with value: 0.0285.
  Trial 16: MRB=-0.0076% buy=0.52 sell=0.45
[I 2025-10-08 18:59:33,107] Trial 16 finished with value: -0.0076 and parameters: {'h1_weight': 0.30000000000000004, 'h5_weight': 0.2, 'bb_period': 10, 'bb_std_dev': 2.5, 'bb_proximity': 0.30000000000000004, 'regularization': 0.046}. Best is trial 15 with value: 0.0285.
  Trial 17: MRB=-0.0033% buy=0.52 sell=0.45
[I 2025-10-08 18:59:33,172] Trial 17 finished with value: -0.0033 and parameters: {'h1_weight': 0.25, 'h5_weight': 0.30000000000000004, 'bb_period': 10, 'bb_std_dev': 2.5, 'bb_proximity': 0.35000000000000003, 'regularization': 0.046}. Best is trial 15 with value: 0.0285.
  Trial 18: MRB=-0.0033% buy=0.52 sell=0.45
[I 2025-10-08 18:59:33,188] Trial 18 finished with value: -0.0033 and parameters: {'h1_weight': 0.25, 'h5_weight': 0.30000000000000004, 'bb_period': 10, 'bb_std_dev': 2.5, 'bb_proximity': 0.35000000000000003, 'regularization': 0.046}. Best is trial 15 with value: 0.0285.
  Trial 19: MRB=0.0000% buy=0.52 sell=0.45
[I 2025-10-08 18:59:37,135] Trial 19 finished with value: 0.0 and parameters: {'h1_weight': 0.25, 'h5_weight': 0.25, 'bb_period': 10, 'bb_std_dev': 2.5, 'bb_proximity': 0.35000000000000003, 'regularization': 0.046}. Best is trial 15 with value: 0.0285.
  Trial 20: MRB=0.0094% buy=0.52 sell=0.45
[I 2025-10-08 18:59:37,214] Trial 20 finished with value: 0.0094 and parameters: {'h1_weight': 0.25, 'h5_weight': 0.30000000000000004, 'bb_period': 10, 'bb_std_dev': 2.0, 'bb_proximity': 0.35000000000000003, 'regularization': 0.046}. Best is trial 15 with value: 0.0285.
  Trial 21: MRB=-0.0027% buy=0.52 sell=0.45
[I 2025-10-08 18:59:37,290] Trial 21 finished with value: -0.0027 and parameters: {'h1_weight': 0.2, 'h5_weight': 0.25, 'bb_period': 15, 'bb_std_dev': 2.0, 'bb_proximity': 0.35000000000000003, 'regularization': 0.036000000000000004}. Best is trial 15 with value: 0.0285.
  Trial 22: MRB=-0.0027% buy=0.52 sell=0.45
[I 2025-10-08 18:59:37,303] Trial 22 finished with value: -0.0027 and parameters: {'h1_weight': 0.35, 'h5_weight': 0.25, 'bb_period': 15, 'bb_std_dev': 2.0, 'bb_proximity': 0.4, 'regularization': 0.036000000000000004}. Best is trial 15 with value: 0.0285.
  Trial 23: MRB=-0.0027% buy=0.52 sell=0.45
[I 2025-10-08 18:59:41,151] Trial 23 finished with value: -0.0027 and parameters: {'h1_weight': 0.35, 'h5_weight': 0.25, 'bb_period': 15, 'bb_std_dev': 2.0, 'bb_proximity': 0.4, 'regularization': 0.036000000000000004}. Best is trial 15 with value: 0.0285.
  Trial 24: MRB=-0.0027% buy=0.52 sell=0.45
[I 2025-10-08 18:59:41,234] Trial 24 finished with value: -0.0027 and parameters: {'h1_weight': 0.35, 'h5_weight': 0.25, 'bb_period': 15, 'bb_std_dev': 2.0, 'bb_proximity': 0.4, 'regularization': 0.036000000000000004}. Best is trial 15 with value: 0.0285.
  Trial 25: MRB=0.0000% buy=0.52 sell=0.45
[I 2025-10-08 18:59:41,302] Trial 25 finished with value: 0.0 and parameters: {'h1_weight': 0.35, 'h5_weight': 0.25, 'bb_period': 15, 'bb_std_dev': 2.25, 'bb_proximity': 0.4, 'regularization': 0.036000000000000004}. Best is trial 15 with value: 0.0285.
  Trial 26: MRB=0.0204% buy=0.52 sell=0.45
[I 2025-10-08 18:59:41,397] Trial 26 finished with value: 0.0204 and parameters: {'h1_weight': 0.35, 'h5_weight': 0.30000000000000004, 'bb_period': 30, 'bb_std_dev': 2.25, 'bb_proximity': 0.4, 'regularization': 0.016}. Best is trial 15 with value: 0.0285.
  Trial 27: MRB=0.0025% buy=0.52 sell=0.45
[I 2025-10-08 18:59:45,563] Trial 27 finished with value: 0.0025 and parameters: {'h1_weight': 0.45000000000000007, 'h5_weight': 0.35000000000000003, 'bb_period': 30, 'bb_std_dev': 2.25, 'bb_proximity': 0.25, 'regularization': 0.016}. Best is trial 15 with value: 0.0285.
  Trial 28: MRB=0.0000% buy=0.52 sell=0.45
[I 2025-10-08 18:59:45,586] Trial 28 finished with value: 0.0 and parameters: {'h1_weight': 0.45000000000000007, 'h5_weight': 0.35000000000000003, 'bb_period': 30, 'bb_std_dev': 2.25, 'bb_proximity': 0.25, 'regularization': 0.016}. Best is trial 15 with value: 0.0285.
  Trial 29: MRB=0.0154% buy=0.52 sell=0.45
[I 2025-10-08 18:59:45,659] Trial 29 finished with value: 0.0154 and parameters: {'h1_weight': 0.2, 'h5_weight': 0.35000000000000003, 'bb_period': 30, 'bb_std_dev': 1.75, 'bb_proximity': 0.25, 'regularization': 0.021}. Best is trial 15 with value: 0.0285.
  Trial 30: MRB=-0.0040% buy=0.52 sell=0.45
