[I 2025-10-08 16:58:39,662] Trial 25 finished with value: 0.1732 and parameters: {'buy_threshold': 0.51, 'sell_threshold': 0.42000000000000004, 'ewrls_lambda': 0.994, 'bb_amplification_factor': 0.09}. Best is trial 24 with value: 0.207.
  Trial 27: MRB=0.1732% buy=0.51 sell=0.42
[I 2025-10-08 16:58:39,693] Trial 27 finished with value: 0.1732 and parameters: {'buy_threshold': 0.51, 'sell_threshold': 0.42000000000000004, 'ewrls_lambda': 0.994, 'bb_amplification_factor': 0.05}. Best is trial 24 with value: 0.207.
  Trial 26: MRB=0.1732% buy=0.51 sell=0.42
[I 2025-10-08 16:58:39,697] Trial 26 finished with value: 0.1732 and parameters: {'buy_threshold': 0.51, 'sell_threshold': 0.42000000000000004, 'ewrls_lambda': 0.994, 'bb_amplification_factor': 0.09}. Best is trial 24 with value: 0.207.
  Trial 28: MRB=0.1969% buy=0.55 sell=0.48
[I 2025-10-08 16:58:40,473] Trial 28 finished with value: 0.1969 and parameters: {'buy_threshold': 0.55, 'sell_threshold': 0.48000000000000004, 'ewrls_lambda': 0.994, 'bb_amplification_factor': 0.09}. Best is trial 24 with value: 0.207.
  Trial 29: MRB=0.1638% buy=0.55 sell=0.48
[I 2025-10-08 16:58:40,504] Trial 29 finished with value: 0.1638 and parameters: {'buy_threshold': 0.55, 'sell_threshold': 0.48000000000000004, 'ewrls_lambda': 0.996, 'bb_amplification_factor': 0.08}. Best is trial 24 with value: 0.207.
  Trial 30: MRB=0.1638% buy=0.55 sell=0.48
[I 2025-10-08 16:58:40,541] Trial 30 finished with value: 0.1638 and parameters: {'buy_threshold': 0.55, 'sell_threshold': 0.48000000000000004, 'ewrls_lambda': 0.996, 'bb_amplification_factor': 0.08}. Best is trial 24 with value: 0.207.
  Trial 31: MRB=0.1638% buy=0.55 sell=0.48
[I 2025-10-08 16:58:40,549] Trial 31 finished with value: 0.1638 and parameters: {'buy_threshold': 0.55, 'sell_threshold': 0.48000000000000004, 'ewrls_lambda': 0.996, 'bb_amplification_factor': 0.08}. Best is trial 24 with value: 0.207.
  Trial 32: MRB=0.1638% buy=0.55 sell=0.49
[I 2025-10-08 16:58:41,340] Trial 32 finished with value: 0.1638 and parameters: {'buy_threshold': 0.55, 'sell_threshold': 0.49, 'ewrls_lambda': 0.993, 'bb_amplification_factor': 0.08}. Best is trial 24 with value: 0.207.
  Trial 33: MRB=0.0182% buy=0.54 sell=0.49
[I 2025-10-08 16:58:41,358] Trial 33 finished with value: 0.0182 and parameters: {'buy_threshold': 0.54, 'sell_threshold': 0.49, 'ewrls_lambda': 0.993, 'bb_amplification_factor': 0.1}. Best is trial 24 with value: 0.207.
  Trial 34: MRB=0.0000% buy=0.54 sell=0.49
[I 2025-10-08 16:58:41,372] Trial 34 finished with value: 0.0 and parameters: {'buy_threshold': 0.54, 'sell_threshold': 0.49, 'ewrls_lambda': 0.993, 'bb_amplification_factor': 0.1}. Best is trial 24 with value: 0.207.
  Trial 35: MRB=0.1006% buy=0.54 sell=0.49
[I 2025-10-08 16:58:41,397] Trial 35 finished with value: 0.1006 and parameters: {'buy_threshold': 0.54, 'sell_threshold': 0.49, 'ewrls_lambda': 0.993, 'bb_amplification_factor': 0.1}. Best is trial 24 with value: 0.207.
  Trial 36: MRB=0.1208% buy=0.57 sell=0.46
[I 2025-10-08 16:58:42,183] Trial 36 finished with value: 0.1208 and parameters: {'buy_threshold': 0.5700000000000001, 'sell_threshold': 0.46, 'ewrls_lambda': 0.993, 'bb_amplification_factor': 0.1}. Best is trial 24 with value: 0.207.
  Trial 37: MRB=0.1715% buy=0.57 sell=0.46
[I 2025-10-08 16:58:42,207] Trial 37 finished with value: 0.1715 and parameters: {'buy_threshold': 0.5700000000000001, 'sell_threshold': 0.46, 'ewrls_lambda': 0.995, 'bb_amplification_factor': 0.11}. Best is trial 24 with value: 0.207.
  Trial 38: MRB=0.1715% buy=0.57 sell=0.46
[I 2025-10-08 16:58:42,217] Trial 38 finished with value: 0.1715 and parameters: {'buy_threshold': 0.5700000000000001, 'sell_threshold': 0.46, 'ewrls_lambda': 0.995, 'bb_amplification_factor': 0.07}. Best is trial 24 with value: 0.207.
  Trial 39: MRB=0.1618% buy=0.57 sell=0.46
[I 2025-10-08 16:58:42,238] Trial 39 finished with value: 0.1618 and parameters: {'buy_threshold': 0.5700000000000001, 'sell_threshold': 0.46, 'ewrls_lambda': 0.995, 'bb_amplification_factor': 0.07}. Best is trial 24 with value: 0.207.
  Trial 40: MRB=0.1618% buy=0.56 sell=0.46
[I 2025-10-08 16:58:43,012] Trial 40 finished with value: 0.1618 and parameters: {'buy_threshold': 0.56, 'sell_threshold': 0.46, 'ewrls_lambda': 0.995, 'bb_amplification_factor': 0.07}. Best is trial 24 with value: 0.207.
  Trial 42: MRB=0.1709% buy=0.53 sell=0.48
[I 2025-10-08 16:58:43,045] Trial 42 finished with value: 0.1709 and parameters: {'buy_threshold': 0.53, 'sell_threshold': 0.48000000000000004, 'ewrls_lambda': 0.994, 'bb_amplification_factor': 0.09}. Best is trial 24 with value: 0.207.
  Trial 41: MRB=0.1709% buy=0.59 sell=0.40
[I 2025-10-08 16:58:43,047] Trial 41 finished with value: 0.1709 and parameters: {'buy_threshold': 0.59, 'sell_threshold': 0.4, 'ewrls_lambda': 0.997, 'bb_amplification_factor': 0.07}. Best is trial 24 with value: 0.207.
  Trial 43: MRB=0.1732% buy=0.53 sell=0.40
[I 2025-10-08 16:58:43,071] Trial 43 finished with value: 0.1732 and parameters: {'buy_threshold': 0.53, 'sell_threshold': 0.4, 'ewrls_lambda': 0.997, 'bb_amplification_factor': 0.09}. Best is trial 24 with value: 0.207.
  Trial 44: MRB=0.1481% buy=0.52 sell=0.44
[I 2025-10-08 16:58:43,820] Trial 44 finished with value: 0.1481 and parameters: {'buy_threshold': 0.52, 'sell_threshold': 0.44, 'ewrls_lambda': 0.997, 'bb_amplification_factor': 0.060000000000000005}. Best is trial 24 with value: 0.207.
  Trial 46: MRB=0.0000% buy=0.52 sell=0.41
[I 2025-10-08 16:58:43,846] Trial 46 finished with value: 0.0 and parameters: {'buy_threshold': 0.52, 'sell_threshold': 0.41000000000000003, 'ewrls_lambda': 0.99, 'bb_amplification_factor': 0.14}. Best is trial 24 with value: 0.207.
  Trial 45: MRB=0.0000% buy=0.52 sell=0.44
[I 2025-10-08 16:58:43,849] Trial 45 finished with value: 0.0 and parameters: {'buy_threshold': 0.52, 'sell_threshold': 0.44, 'ewrls_lambda': 0.997, 'bb_amplification_factor': 0.14}. Best is trial 24 with value: 0.207.
  Trial 47: MRB=0.1481% buy=0.52 sell=0.44
[I 2025-10-08 16:58:43,871] Trial 47 finished with value: 0.1481 and parameters: {'buy_threshold': 0.52, 'sell_threshold': 0.44, 'ewrls_lambda': 0.99, 'bb_amplification_factor': 0.060000000000000005}. Best is trial 24 with value: 0.207.
  Trial 48: MRB=0.0871% buy=0.52 sell=0.41
[I 2025-10-08 16:58:44,586] Trial 48 finished with value: 0.0871 and parameters: {'buy_threshold': 0.52, 'sell_threshold': 0.41000000000000003, 'ewrls_lambda': 0.99, 'bb_amplification_factor': 0.11}. Best is trial 24 with value: 0.207.
  Trial 49: MRB=0.0871% buy=0.52 sell=0.43
[I 2025-10-08 16:58:44,620] Trial 49 finished with value: 0.0871 and parameters: {'buy_threshold': 0.52, 'sell_threshold': 0.43000000000000005, 'ewrls_lambda': 0.996, 'bb_amplification_factor': 0.11}. Best is trial 24 with value: 0.207.
[Tuning] Complete in 11.0s
[Tuning] Best MRB: 0.2070%
[Tuning] Best params: {'buy_threshold': 0.52, 'sell_threshold': 0.45, 'ewrls_lambda': 0.994, 'bb_amplification_factor': 0.09}

[Static] Using fixed params for all tests: {'buy_threshold': 0.52, 'sell_threshold': 0.45, 'ewrls_lambda': 0.994, 'bb_amplification_factor': 0.09}

================================================================================
SUMMARY
================================================================================
Strategy: C
Total tests: 0
Mean MRB: 0.0000%
Std MRB: 0.0000%
Min MRB: 0.0000%
Max MRB: 0.0000%
Total time: 0.2 minutes
Results saved to: data/tmp/optuna_2phase/phase1_results.json
================================================================================
