[I 2025-10-08 19:00:01,716] Trial 46 finished with value: -0.008 and parameters: {'h1_weight': 0.25, 'h5_weight': 0.4, 'bb_period': 20, 'bb_std_dev': 2.25, 'bb_proximity': 0.35000000000000003, 'regularization': 0.026000000000000002}. Best is trial 15 with value: 0.0285.
[I 2025-10-08 19:00:01,718] Trial 50 finished with value: -999.0 and parameters: {'h1_weight': 0.15000000000000002, 'h5_weight': 0.2}. Best is trial 15 with value: 0.0285.
  Trial 47: MRB=-0.0080% buy=0.52 sell=0.45
[I 2025-10-08 19:00:05,444] Trial 47 finished with value: -0.008 and parameters: {'h1_weight': 0.25, 'h5_weight': 0.4, 'bb_period': 20, 'bb_std_dev': 2.25, 'bb_proximity': 0.35000000000000003, 'regularization': 0.041}. Best is trial 15 with value: 0.0285.
  Trial 48: MRB=-0.0161% buy=0.52 sell=0.45
[I 2025-10-08 19:00:05,502] Trial 48 finished with value: -0.0161 and parameters: {'h1_weight': 0.25, 'h5_weight': 0.2, 'bb_period': 25, 'bb_std_dev': 2.0, 'bb_proximity': 0.35000000000000003, 'regularization': 0.041}. Best is trial 15 with value: 0.0285.
[I 2025-10-08 19:00:05,505] Trial 53 finished with value: -999.0 and parameters: {'h1_weight': 0.4, 'h5_weight': 0.7}. Best is trial 15 with value: 0.0285.
  Trial 49: MRB=-0.0064% buy=0.52 sell=0.45
[I 2025-10-08 19:00:05,570] Trial 49 finished with value: -0.0064 and parameters: {'h1_weight': 0.25, 'h5_weight': 0.2, 'bb_period': 25, 'bb_std_dev': 2.0, 'bb_proximity': 0.30000000000000004, 'regularization': 0.041}. Best is trial 15 with value: 0.0285.
  Trial 51: MRB=0.0082% buy=0.52 sell=0.45
[I 2025-10-08 19:00:05,686] Trial 51 finished with value: 0.0082 and parameters: {'h1_weight': 0.25, 'h5_weight': 0.30000000000000004, 'bb_period': 25, 'bb_std_dev': 2.0, 'bb_proximity': 0.30000000000000004, 'regularization': 0.041}. Best is trial 15 with value: 0.0285.
  Trial 52: MRB=-0.0221% buy=0.52 sell=0.45
[I 2025-10-08 19:00:09,443] Trial 52 finished with value: -0.0221 and parameters: {'h1_weight': 0.2, 'h5_weight': 0.30000000000000004, 'bb_period': 10, 'bb_std_dev': 2.0, 'bb_proximity': 0.30000000000000004, 'regularization': 0.021}. Best is trial 15 with value: 0.0285.
  Trial 54: MRB=-0.0043% buy=0.52 sell=0.45
[I 2025-10-08 19:00:09,493] Trial 54 finished with value: -0.0043 and parameters: {'h1_weight': 0.15000000000000002, 'h5_weight': 0.5, 'bb_period': 25, 'bb_std_dev': 1.75, 'bb_proximity': 0.30000000000000004, 'regularization': 0.016}. Best is trial 15 with value: 0.0285.
  Trial 55: MRB=-0.0048% buy=0.52 sell=0.45
[I 2025-10-08 19:00:09,562] Trial 55 finished with value: -0.0048 and parameters: {'h1_weight': 0.15000000000000002, 'h5_weight': 0.5, 'bb_period': 10, 'bb_std_dev': 1.75, 'bb_proximity': 0.30000000000000004, 'regularization': 0.006}. Best is trial 15 with value: 0.0285.
  Trial 56: MRB=-0.0221% buy=0.52 sell=0.45
[I 2025-10-08 19:00:09,682] Trial 56 finished with value: -0.0221 and parameters: {'h1_weight': 0.2, 'h5_weight': 0.30000000000000004, 'bb_period': 10, 'bb_std_dev': 2.0, 'bb_proximity': 0.30000000000000004, 'regularization': 0.041}. Best is trial 15 with value: 0.0285.
  Trial 57: MRB=0.0144% buy=0.52 sell=0.45
[I 2025-10-08 19:00:13,370] Trial 57 finished with value: 0.0144 and parameters: {'h1_weight': 0.2, 'h5_weight': 0.35000000000000003, 'bb_period': 10, 'bb_std_dev': 2.0, 'bb_proximity': 0.30000000000000004, 'regularization': 0.041}. Best is trial 15 with value: 0.0285.
  Trial 58: MRB=0.0144% buy=0.52 sell=0.45
[I 2025-10-08 19:00:13,442] Trial 58 finished with value: 0.0144 and parameters: {'h1_weight': 0.2, 'h5_weight': 0.35000000000000003, 'bb_period': 10, 'bb_std_dev': 2.0, 'bb_proximity': 0.30000000000000004, 'regularization': 0.046}. Best is trial 15 with value: 0.0285.                                                                                    Best trial: 82. Best value: 0.0405:  87%|████████▋ | 87/100 [01:21<00:20,  1.57s/it]Best trial: 82. Best value: 0.0405:  87%|████████▋ | 87/100 [01:21<00:20,  1.57s/it]/Library/Frameworks/Python.framework/Versions/3.13/lib/python3.13/site-packages/optuna/distributions.py:687: UserWarning: The distribution is specified by [0.001, 0.05] and step=0.005, but the range is not divisible by `step`. It will be replaced by [0.001, 0.046].
  warnings.warn(
                                                                                    Best trial: 82. Best value: 0.0405:  88%|████████▊ | 88/100 [01:21<00:18,  1.57s/it]Best trial: 82. Best value: 0.0405:  88%|████████▊ | 88/100 [01:21<00:18,  1.57s/it]Best trial: 82. Best value: 0.0405:  89%|████████▉ | 89/100 [01:21<00:10,  1.04it/s]/Library/Frameworks/Python.framework/Versions/3.13/lib/python3.13/site-packages/optuna/distributions.py:687: UserWarning: The distribution is specified by [0.001, 0.05] and step=0.005, but the range is not divisible by `step`. It will be replaced by [0.001, 0.046].
  warnings.warn(
                                                                                    Best trial: 82. Best value: 0.0405:  89%|████████▉ | 89/100 [01:21<00:10,  1.04it/s]Best trial: 82. Best value: 0.0405:  89%|████████▉ | 89/100 [01:21<00:10,  1.04it/s]Best trial: 82. Best value: 0.0405:  90%|█████████ | 90/100 [01:21<00:07,  1.29it/s]/Library/Frameworks/Python.framework/Versions/3.13/lib/python3.13/site-packages/optuna/distributions.py:687: UserWarning: The distribution is specified by [0.001, 0.05] and step=0.005, but the range is not divisible by `step`. It will be replaced by [0.001, 0.046].
  warnings.warn(
                                                                                    Best trial: 82. Best value: 0.0405:  90%|█████████ | 90/100 [01:25<00:07,  1.29it/s]Best trial: 82. Best value: 0.0405:  90%|█████████ | 90/100 [01:25<00:07,  1.29it/s]Best trial: 82. Best value: 0.0405:  91%|█████████ | 91/100 [01:25<00:13,  1.51s/it]/Library/Frameworks/Python.framework/Versions/3.13/lib/python3.13/site-packages/optuna/distributions.py:687: UserWarning: The distribution is specified by [0.001, 0.05] and step=0.005, but the range is not divisible by `step`. It will be replaced by [0.001, 0.046].
  warnings.warn(
                                                                                    Best trial: 82. Best value: 0.0405:  91%|█████████ | 91/100 [01:25<00:13,  1.51s/it]Best trial: 82. Best value: 0.0405:  91%|█████████ | 91/100 [01:25<00:13,  1.51s/it]/Library/Frameworks/Python.framework/Versions/3.13/lib/python3.13/site-packages/optuna/distributions.py:687: UserWarning: The distribution is specified by [0.001, 0.05] and step=0.005, but the range is not divisible by `step`. It will be replaced by [0.001, 0.046].
  warnings.warn(
                                                                                    Best trial: 82. Best value: 0.0405:  92%|█████████▏| 92/100 [01:25<00:12,  1.51s/it]Best trial: 82. Best value: 0.0405:  92%|█████████▏| 92/100 [01:25<00:12,  1.51s/it]Best trial: 82. Best value: 0.0405:  93%|█████████▎| 93/100 [01:25<00:06,  1.08it/s]/Library/Frameworks/Python.framework/Versions/3.13/lib/python3.13/site-packages/optuna/distributions.py:687: UserWarning: The distribution is specified by [0.001, 0.05] and step=0.005, but the range is not divisible by `step`. It will be replaced by [0.001, 0.046].
  warnings.warn(
                                                                                    Best trial: 82. Best value: 0.0405:  93%|█████████▎| 93/100 [01:25<00:06,  1.08it/s]Best trial: 82. Best value: 0.0405:  93%|█████████▎| 93/100 [01:25<00:06,  1.08it/s]Best trial: 82. Best value: 0.0405:  94%|█████████▍| 94/100 [01:25<00:04,  1.35it/s]/Library/Frameworks/Python.framework/Versions/3.13/lib/python3.13/site-packages/optuna/distributions.py:687: UserWarning: The distribution is specified by [0.001, 0.05] and step=0.005, but the range is not divisible by `step`. It will be replaced by [0.001, 0.046].
  warnings.warn(
                                                                                    Best trial: 82. Best value: 0.0405:  94%|█████████▍| 94/100 [01:29<00:04,  1.35it/s]Best trial: 82. Best value: 0.0405:  94%|█████████▍| 94/100 [01:29<00:04,  1.35it/s]Best trial: 82. Best value: 0.0405:  95%|█████████▌| 95/100 [01:29<00:07,  1.49s/it]/Library/Frameworks/Python.framework/Versions/3.13/lib/python3.13/site-packages/optuna/distributions.py:687: UserWarning: The distribution is specified by [0.001, 0.05] and step=0.005, but the range is not divisible by `step`. It will be replaced by [0.001, 0.046].
  warnings.warn(
                                                                                    Best trial: 82. Best value: 0.0405:  95%|█████████▌| 95/100 [01:29<00:07,  1.49s/it]Best trial: 82. Best value: 0.0405:  95%|█████████▌| 95/100 [01:29<00:07,  1.49s/it]/Library/Frameworks/Python.framework/Versions/3.13/lib/python3.13/site-packages/optuna/distributions.py:687: UserWarning: The distribution is specified by [0.001, 0.05] and step=0.005, but the range is not divisible by `step`. It will be replaced by [0.001, 0.046].
  warnings.warn(
                                                                                    Best trial: 82. Best value: 0.0405:  96%|█████████▌| 96/100 [01:29<00:05,  1.49s/it]Best trial: 82. Best value: 0.0405:  96%|█████████▌| 96/100 [01:29<00:05,  1.49s/it]Best trial: 82. Best value: 0.0405:  97%|█████████▋| 97/100 [01:29<00:02,  1.08it/s]                                                                                    Best trial: 82. Best value: 0.0405:  97%|█████████▋| 97/100 [01:30<00:02,  1.08it/s]Best trial: 82. Best value: 0.0405:  97%|█████████▋| 97/100 [01:30<00:02,  1.08it/s]Best trial: 82. Best value: 0.0405:  98%|█████████▊| 98/100 [01:30<00:01,  1.35it/s]                                                                                    Best trial: 82. Best value: 0.0405:  98%|█████████▊| 98/100 [01:33<00:01,  1.35it/s]Best trial: 82. Best value: 0.0405:  98%|█████████▊| 98/100 [01:33<00:01,  1.35it/s]Best trial: 82. Best value: 0.0405:  99%|█████████▉| 99/100 [01:33<00:01,  1.52s/it]                                                                                    Best trial: 82. Best value: 0.0405:  99%|█████████▉| 99/100 [01:34<00:01,  1.52s/it]Best trial: 82. Best value: 0.0405:  99%|█████████▉| 99/100 [01:34<00:01,  1.52s/it]Best trial: 82. Best value: 0.0405: 100%|██████████| 100/100 [01:34<00:00,  1.06it/s]

  Trial 59: MRB=0.0076% buy=0.52 sell=0.45
[I 2025-10-08 19:00:13,511] Trial 59 finished with value: 0.0076 and parameters: {'h1_weight': 0.2, 'h5_weight': 0.35000000000000003, 'bb_period': 30, 'bb_std_dev': 2.0, 'bb_proximity': 0.30000000000000004, 'regularization': 0.046}. Best is trial 15 with value: 0.0285.
  Trial 60: MRB=0.0041% buy=0.52 sell=0.45
[I 2025-10-08 19:00:13,638] Trial 60 finished with value: 0.0041 and parameters: {'h1_weight': 0.30000000000000004, 'h5_weight': 0.35000000000000003, 'bb_period': 30, 'bb_std_dev': 2.0, 'bb_proximity': 0.4, 'regularization': 0.046}. Best is trial 15 with value: 0.0285.
[I 2025-10-08 19:00:13,640] Trial 64 finished with value: -999.0 and parameters: {'h1_weight': 0.6, 'h5_weight': 0.35000000000000003}. Best is trial 15 with value: 0.0285.
  Trial 61: MRB=0.0133% buy=0.52 sell=0.45
[I 2025-10-08 19:00:17,352] Trial 61 finished with value: 0.0133 and parameters: {'h1_weight': 0.30000000000000004, 'h5_weight': 0.35000000000000003, 'bb_period': 10, 'bb_std_dev': 2.0, 'bb_proximity': 0.4, 'regularization': 0.046}. Best is trial 15 with value: 0.0285.
  Trial 62: MRB=0.0173% buy=0.52 sell=0.45
[I 2025-10-08 19:00:17,422] Trial 62 finished with value: 0.0173 and parameters: {'h1_weight': 0.2, 'h5_weight': 0.35000000000000003, 'bb_period': 10, 'bb_std_dev': 1.5, 'bb_proximity': 0.30000000000000004, 'regularization': 0.031}. Best is trial 15 with value: 0.0285.
  Trial 63: MRB=-0.0082% buy=0.52 sell=0.45
[I 2025-10-08 19:00:17,497] Trial 63 finished with value: -0.0082 and parameters: {'h1_weight': 0.30000000000000004, 'h5_weight': 0.35000000000000003, 'bb_period': 10, 'bb_std_dev': 1.5, 'bb_proximity': 0.4, 'regularization': 0.031}. Best is trial 15 with value: 0.0285.
  Trial 65: MRB=0.0173% buy=0.52 sell=0.45
[I 2025-10-08 19:00:17,629] Trial 65 finished with value: 0.0173 and parameters: {'h1_weight': 0.15000000000000002, 'h5_weight': 0.30000000000000004, 'bb_period': 10, 'bb_std_dev': 2.0, 'bb_proximity': 0.35000000000000003, 'regularization': 0.046}. Best is trial 15 with value: 0.0285.
  Trial 66: MRB=0.0247% buy=0.52 sell=0.45
[I 2025-10-08 19:00:21,327] Trial 66 finished with value: 0.0247 and parameters: {'h1_weight': 0.35, 'h5_weight': 0.35000000000000003, 'bb_period': 10, 'bb_std_dev': 2.0, 'bb_proximity': 0.4, 'regularization': 0.046}. Best is trial 15 with value: 0.0285.
  Trial 67: MRB=0.0093% buy=0.52 sell=0.45
[I 2025-10-08 19:00:21,400] Trial 67 finished with value: 0.0093 and parameters: {'h1_weight': 0.15000000000000002, 'h5_weight': 0.30000000000000004, 'bb_period': 10, 'bb_std_dev': 1.5, 'bb_proximity': 0.30000000000000004, 'regularization': 0.031}. Best is trial 15 with value: 0.0285.
  Trial 68: MRB=0.0214% buy=0.52 sell=0.45
[I 2025-10-08 19:00:21,474] Trial 68 finished with value: 0.0214 and parameters: {'h1_weight': 0.2, 'h5_weight': 0.4, 'bb_period': 10, 'bb_std_dev': 1.5, 'bb_proximity': 0.30000000000000004, 'regularization': 0.031}. Best is trial 15 with value: 0.0285.
  Trial 69: MRB=0.0026% buy=0.52 sell=0.45
[I 2025-10-08 19:00:21,605] Trial 69 finished with value: 0.0026 and parameters: {'h1_weight': 0.15000000000000002, 'h5_weight': 0.25, 'bb_period': 15, 'bb_std_dev': 1.5, 'bb_proximity': 0.35000000000000003, 'regularization': 0.031}. Best is trial 15 with value: 0.0285.
  Trial 70: MRB=0.0195% buy=0.52 sell=0.45
[I 2025-10-08 19:00:25,347] Trial 70 finished with value: 0.0195 and parameters: {'h1_weight': 0.4, 'h5_weight': 0.25, 'bb_period': 15, 'bb_std_dev': 1.5, 'bb_proximity': 0.4, 'regularization': 0.031}. Best is trial 15 with value: 0.0285.
  Trial 71: MRB=0.0195% buy=0.52 sell=0.45
[I 2025-10-08 19:00:25,415] Trial 71 finished with value: 0.0195 and parameters: {'h1_weight': 0.4, 'h5_weight': 0.25, 'bb_period': 15, 'bb_std_dev': 1.5, 'bb_proximity': 0.4, 'regularization': 0.006}. Best is trial 15 with value: 0.0285.
  Trial 72: MRB=0.0007% buy=0.52 sell=0.45
[I 2025-10-08 19:00:25,494] Trial 72 finished with value: 0.0007 and parameters: {'h1_weight': 0.35, 'h5_weight': 0.25, 'bb_period': 15, 'bb_std_dev': 1.5, 'bb_proximity': 0.4, 'regularization': 0.006}. Best is trial 15 with value: 0.0285.
  Trial 73: MRB=0.0195% buy=0.52 sell=0.45
[I 2025-10-08 19:00:25,633] Trial 73 finished with value: 0.0195 and parameters: {'h1_weight': 0.4, 'h5_weight': 0.25, 'bb_period': 15, 'bb_std_dev': 1.5, 'bb_proximity': 0.4, 'regularization': 0.006}. Best is trial 15 with value: 0.0285.
  Trial 74: MRB=0.0007% buy=0.52 sell=0.45
[I 2025-10-08 19:00:29,318] Trial 74 finished with value: 0.0007 and parameters: {'h1_weight': 0.35, 'h5_weight': 0.25, 'bb_period': 15, 'bb_std_dev': 1.5, 'bb_proximity': 0.4, 'regularization': 0.031}. Best is trial 15 with value: 0.0285.
  Trial 75: MRB=0.0195% buy=0.52 sell=0.45
[I 2025-10-08 19:00:29,389] Trial 75 finished with value: 0.0195 and parameters: {'h1_weight': 0.4, 'h5_weight': 0.25, 'bb_period': 15, 'bb_std_dev': 1.5, 'bb_proximity': 0.4, 'regularization': 0.006}. Best is trial 15 with value: 0.0285.
  Trial 76: MRB=0.0195% buy=0.52 sell=0.45
[I 2025-10-08 19:00:29,468] Trial 76 finished with value: 0.0195 and parameters: {'h1_weight': 0.4, 'h5_weight': 0.25, 'bb_period': 15, 'bb_std_dev': 1.5, 'bb_proximity': 0.4, 'regularization': 0.001}. Best is trial 15 with value: 0.0285.
  Trial 77: MRB=0.0195% buy=0.52 sell=0.45
[I 2025-10-08 19:00:29,604] Trial 77 finished with value: 0.0195 and parameters: {'h1_weight': 0.4, 'h5_weight': 0.25, 'bb_period': 15, 'bb_std_dev': 1.5, 'bb_proximity': 0.4, 'regularization': 0.001}. Best is trial 15 with value: 0.0285.
  Trial 78: MRB=0.0216% buy=0.52 sell=0.45
[I 2025-10-08 19:00:33,549] Trial 78 finished with value: 0.0216 and parameters: {'h1_weight': 0.4, 'h5_weight': 0.2, 'bb_period': 15, 'bb_std_dev': 1.5, 'bb_proximity': 0.4, 'regularization': 0.001}. Best is trial 15 with value: 0.0285.
  Trial 79: MRB=0.0216% buy=0.52 sell=0.45
[I 2025-10-08 19:00:33,636] Trial 79 finished with value: 0.0216 and parameters: {'h1_weight': 0.4, 'h5_weight': 0.2, 'bb_period': 15, 'bb_std_dev': 1.5, 'bb_proximity': 0.4, 'regularization': 0.001}. Best is trial 15 with value: 0.0285.
  Trial 80: MRB=0.0216% buy=0.52 sell=0.45
[I 2025-10-08 19:00:33,746] Trial 80 finished with value: 0.0216 and parameters: {'h1_weight': 0.4, 'h5_weight': 0.2, 'bb_period': 15, 'bb_std_dev': 1.5, 'bb_proximity': 0.4, 'regularization': 0.001}. Best is trial 15 with value: 0.0285.
  Trial 81: MRB=0.0209% buy=0.52 sell=0.45
[I 2025-10-08 19:00:33,870] Trial 81 finished with value: 0.0209 and parameters: {'h1_weight': 0.45000000000000007, 'h5_weight': 0.2, 'bb_period': 15, 'bb_std_dev': 1.5, 'bb_proximity': 0.4, 'regularization': 0.006}. Best is trial 15 with value: 0.0285.
  Trial 82: MRB=0.0405% buy=0.52 sell=0.45
[I 2025-10-08 19:00:37,860] Trial 82 finished with value: 0.0405 and parameters: {'h1_weight': 0.45000000000000007, 'h5_weight': 0.2, 'bb_period': 15, 'bb_std_dev': 2.5, 'bb_proximity': 0.4, 'regularization': 0.001}. Best is trial 82 with value: 0.0405.
  Trial 83: MRB=0.0405% buy=0.52 sell=0.45
[I 2025-10-08 19:00:37,959] Trial 83 finished with value: 0.0405 and parameters: {'h1_weight': 0.45000000000000007, 'h5_weight': 0.2, 'bb_period': 15, 'bb_std_dev': 2.5, 'bb_proximity': 0.4, 'regularization': 0.001}. Best is trial 82 with value: 0.0405.
  Trial 84: MRB=0.0209% buy=0.52 sell=0.45
[I 2025-10-08 19:00:38,046] Trial 84 finished with value: 0.0209 and parameters: {'h1_weight': 0.45000000000000007, 'h5_weight': 0.2, 'bb_period': 15, 'bb_std_dev': 1.5, 'bb_proximity': 0.4, 'regularization': 0.001}. Best is trial 82 with value: 0.0405.
  Trial 85: MRB=0.0405% buy=0.52 sell=0.45
[I 2025-10-08 19:00:38,181] Trial 85 finished with value: 0.0405 and parameters: {'h1_weight': 0.45000000000000007, 'h5_weight': 0.2, 'bb_period': 15, 'bb_std_dev': 2.5, 'bb_proximity': 0.4, 'regularization': 0.001}. Best is trial 82 with value: 0.0405.
  Trial 86: MRB=0.0405% buy=0.52 sell=0.45
[I 2025-10-08 19:00:42,256] Trial 86 finished with value: 0.0405 and parameters: {'h1_weight': 0.45000000000000007, 'h5_weight': 0.2, 'bb_period': 15, 'bb_std_dev': 2.5, 'bb_proximity': 0.4, 'regularization': 0.001}. Best is trial 82 with value: 0.0405.
  Trial 87: MRB=-0.0039% buy=0.52 sell=0.45
[I 2025-10-08 19:00:42,338] Trial 87 finished with value: -0.0039 and parameters: {'h1_weight': 0.5, 'h5_weight': 0.2, 'bb_period': 15, 'bb_std_dev': 2.5, 'bb_proximity': 0.4, 'regularization': 0.001}. Best is trial 82 with value: 0.0405.
  Trial 88: MRB=-0.0039% buy=0.52 sell=0.45
[I 2025-10-08 19:00:42,457] Trial 88 finished with value: -0.0039 and parameters: {'h1_weight': 0.5, 'h5_weight': 0.2, 'bb_period': 15, 'bb_std_dev': 2.5, 'bb_proximity': 0.4, 'regularization': 0.001}. Best is trial 82 with value: 0.0405.
  Trial 89: MRB=-0.0039% buy=0.52 sell=0.45
[I 2025-10-08 19:00:42,583] Trial 89 finished with value: -0.0039 and parameters: {'h1_weight': 0.5, 'h5_weight': 0.2, 'bb_period': 15, 'bb_std_dev': 2.5, 'bb_proximity': 0.4, 'regularization': 0.001}. Best is trial 82 with value: 0.0405.
  Trial 90: MRB=-0.0039% buy=0.52 sell=0.45
[I 2025-10-08 19:00:46,364] Trial 90 finished with value: -0.0039 and parameters: {'h1_weight': 0.5, 'h5_weight': 0.2, 'bb_period': 15, 'bb_std_dev': 2.5, 'bb_proximity': 0.4, 'regularization': 0.001}. Best is trial 82 with value: 0.0405.
  Trial 91: MRB=-0.0039% buy=0.52 sell=0.45
[I 2025-10-08 19:00:46,433] Trial 91 finished with value: -0.0039 and parameters: {'h1_weight': 0.5, 'h5_weight': 0.2, 'bb_period': 15, 'bb_std_dev': 2.5, 'bb_proximity': 0.4, 'regularization': 0.001}. Best is trial 82 with value: 0.0405.
  Trial 92: MRB=-0.0039% buy=0.52 sell=0.45
[I 2025-10-08 19:00:46,540] Trial 92 finished with value: -0.0039 and parameters: {'h1_weight': 0.5, 'h5_weight': 0.2, 'bb_period': 15, 'bb_std_dev': 2.5, 'bb_proximity': 0.4, 'regularization': 0.001}. Best is trial 82 with value: 0.0405.
  Trial 93: MRB=0.0405% buy=0.52 sell=0.45
[I 2025-10-08 19:00:46,657] Trial 93 finished with value: 0.0405 and parameters: {'h1_weight': 0.45000000000000007, 'h5_weight': 0.2, 'bb_period': 15, 'bb_std_dev': 2.5, 'bb_proximity': 0.4, 'regularization': 0.001}. Best is trial 82 with value: 0.0405.
  Trial 94: MRB=0.0405% buy=0.52 sell=0.45
[I 2025-10-08 19:00:50,455] Trial 94 finished with value: 0.0405 and parameters: {'h1_weight': 0.45000000000000007, 'h5_weight': 0.2, 'bb_period': 15, 'bb_std_dev': 2.5, 'bb_proximity': 0.4, 'regularization': 0.001}. Best is trial 82 with value: 0.0405.
  Trial 95: MRB=0.0405% buy=0.52 sell=0.45
[I 2025-10-08 19:00:50,542] Trial 95 finished with value: 0.0405 and parameters: {'h1_weight': 0.45000000000000007, 'h5_weight': 0.2, 'bb_period': 15, 'bb_std_dev': 2.5, 'bb_proximity': 0.4, 'regularization': 0.001}. Best is trial 82 with value: 0.0405.
  Trial 96: MRB=0.0405% buy=0.52 sell=0.45
[I 2025-10-08 19:00:50,680] Trial 96 finished with value: 0.0405 and parameters: {'h1_weight': 0.45000000000000007, 'h5_weight': 0.2, 'bb_period': 15, 'bb_std_dev': 2.5, 'bb_proximity': 0.4, 'regularization': 0.006}. Best is trial 82 with value: 0.0405.
  Trial 97: MRB=0.0405% buy=0.52 sell=0.45
[I 2025-10-08 19:00:50,801] Trial 97 finished with value: 0.0405 and parameters: {'h1_weight': 0.45000000000000007, 'h5_weight': 0.2, 'bb_period': 15, 'bb_std_dev': 2.5, 'bb_proximity': 0.4, 'regularization': 0.006}. Best is trial 82 with value: 0.0405.
  Trial 98: MRB=0.0294% buy=0.52 sell=0.45
