[I 2025-10-08 19:00:54,719] Trial 98 finished with value: 0.0294 and parameters: {'h1_weight': 0.45000000000000007, 'h5_weight': 0.2, 'bb_period': 20, 'bb_std_dev': 2.5, 'bb_proximity': 0.4, 'regularization': 0.006}. Best is trial 82 with value: 0.0405.
  Trial 99: MRB=0.0294% buy=0.52 sell=0.45
[I 2025-10-08 19:00:54,793] Trial 99 finished with value: 0.0294 and parameters: {'h1_weight': 0.45000000000000007, 'h5_weight': 0.2, 'bb_period': 20, 'bb_std_dev': 2.5, 'bb_proximity': 0.4, 'regularization': 0.006}. Best is trial 82 with value: 0.0405.
[Tuning] Complete in 94.0s
[Tuning] Best MRB: 0.0405%
[Tuning] Best params: {'h1_weight': 0.45000000000000007, 'h5_weight': 0.2, 'bb_period': 15, 'bb_std_dev': 2.5, 'bb_proximity': 0.4, 'regularization': 0.001}

================================================================================
PHASE 2 COMPLETE!
================================================================================
Phase 1 MRB: 0.2070%
Phase 2 MRB: 0.0405%
Improvement: -0.1665%
Relative improvement: -80.43%
Total time: 94.0s
================================================================================

Phase 2 best params:
  h1_weight: 0.45000000000000007
  h5_weight: 0.2
  bb_period: 15
  bb_std_dev: 2.5
  bb_proximity: 0.4
  regularization: 0.001

Results saved to: data/tmp/optuna_2phase/phase2_20blocks_results.json

COMPARISON: Phase 1 (4 blocks) vs Phase 2 (20 blocks)
--------------------------------------------------------------------------------
Metric                         Phase 1         Phase 2         Change         
--------------------------------------------------------------------------------
MRB                            0.2070%          0.0405%          -0.1665%
Dataset size                   4 blocks        20 blocks       +400%          
Target (0.5%)                  41.4%         8.1%         -
--------------------------------------------------------------------------------

⚠️  REGRESSION: Phase 2 decreased MRB by 80.43%
   Need to investigate why Phase 2 made performance worse

