[I 2025-10-08 16:58:33,648] A new study created in memory with name: no-name-a089e0bc-063b-4fd0-af9b-238aa4870cd4
================================================================================
ADAPTIVE OPTUNA FRAMEWORK
================================================================================
Strategy: C
Data: data/equities/SPY_4blocks.csv
Build: /Volumes/ExternalSSD/Dev/C++/online_trader/build
Output: data/tmp/optuna_2phase/phase1_results.json
================================================================================
[AdaptiveOptuna] Loaded 1920 bars
[AdaptiveOptuna] Total blocks: 4
[AdaptiveOptuna] Bars per block: 390
[AdaptiveOptuna] Optuna trials: 50
[AdaptiveOptuna] Parallel jobs: 4
[FeatureCache] Feature caching DISABLED

================================================================================
STRATEGY C: STATIC BASELINE
================================================================================

--- Tuning on first 20 blocks ---

[Tuning] PHASE 1 (wide search) - Blocks 0-19 (50 trials)
[BlockData] Created /Volumes/ExternalSSD/Dev/C++/online_trader/data/tmp/ab_test_results/train_blocks_0_20_SPY.csv: blocks 0-19 (1920 bars)
[Optuna] Running 50 trials with 4 parallel jobs
  0%|          | 0/50 [00:00<?, ?it/s]                                        0%|          | 0/50 [00:00<?, ?it/s]Best trial: 3. Best value: 0.1618:   0%|          | 0/50 [00:00<?, ?it/s]Best trial: 3. Best value: 0.1618:   2%|▏         | 1/50 [00:00<00:44,  1.10it/s]                                                                                 Best trial: 3. Best value: 0.1618:   2%|▏         | 1/50 [00:00<00:44,  1.10it/s]Best trial: 3. Best value: 0.1618:   2%|▏         | 1/50 [00:00<00:44,  1.10it/s]                                                                                 Best trial: 3. Best value: 0.1618:   4%|▍         | 2/50 [00:00<00:43,  1.10it/s]Best trial: 3. Best value: 0.1618:   4%|▍         | 2/50 [00:00<00:43,  1.10it/s]                                                                                 Best trial: 3. Best value: 0.1618:   6%|▌         | 3/50 [00:00<00:42,  1.10it/s]Best trial: 3. Best value: 0.1618:   6%|▌         | 3/50 [00:00<00:42,  1.10it/s]                                                                                 Best trial: 3. Best value: 0.1618:   8%|▊         | 4/50 [00:01<00:41,  1.10it/s]Best trial: 3. Best value: 0.1618:   8%|▊         | 4/50 [00:01<00:41,  1.10it/s]Best trial: 3. Best value: 0.1618:  10%|█         | 5/50 [00:01<00:14,  3.19it/s]                                                                                 Best trial: 3. Best value: 0.1618:  10%|█         | 5/50 [00:01<00:14,  3.19it/s]Best trial: 3. Best value: 0.1618:  10%|█         | 5/50 [00:01<00:14,  3.19it/s]                                                                                 Best trial: 3. Best value: 0.1618:  12%|█▏        | 6/50 [00:01<00:13,  3.19it/s]Best trial: 3. Best value: 0.1618:  12%|█▏        | 6/50 [00:01<00:13,  3.19it/s]                                                                                 Best trial: 3. Best value: 0.1618:  14%|█▍        | 7/50 [00:01<00:13,  3.19it/s]Best trial: 3. Best value: 0.1618:  14%|█▍        | 7/50 [00:01<00:13,  3.19it/s]                                                                                 Best trial: 3. Best value: 0.1618:  16%|█▌        | 8/50 [00:02<00:13,  3.19it/s]Best trial: 3. Best value: 0.1618:  16%|█▌        | 8/50 [00:02<00:13,  3.19it/s]Best trial: 3. Best value: 0.1618:  18%|█▊        | 9/50 [00:02<00:10,  3.89it/s]                                                                                 Best trial: 3. Best value: 0.1618:  18%|█▊        | 9/50 [00:02<00:10,  3.89it/s]Best trial: 9. Best value: 0.1732:  18%|█▊        | 9/50 [00:02<00:10,  3.89it/s]                                                                                 Best trial: 9. Best value: 0.1732:  20%|██        | 10/50 [00:02<00:10,  3.89it/s]Best trial: 9. Best value: 0.1732:  20%|██        | 10/50 [00:02<00:10,  3.89it/s]                                                                                  Best trial: 9. Best value: 0.1732:  22%|██▏       | 11/50 [00:02<00:10,  3.89it/s]Best trial: 9. Best value: 0.1732:  22%|██▏       | 11/50 [00:02<00:10,  3.89it/s]                                                                                  Best trial: 9. Best value: 0.1732:  24%|██▍       | 12/50 [00:03<00:09,  3.89it/s]Best trial: 9. Best value: 0.1732:  24%|██▍       | 12/50 [00:03<00:09,  3.89it/s]Best trial: 9. Best value: 0.1732:  26%|██▌       | 13/50 [00:03<00:08,  4.24it/s]                                                                                  Best trial: 9. Best value: 0.1732:  26%|██▌       | 13/50 [00:03<00:08,  4.24it/s]Best trial: 9. Best value: 0.1732:  26%|██▌       | 13/50 [00:03<00:08,  4.24it/s]                                                                                  Best trial: 9. Best value: 0.1732:  28%|██▊       | 14/50 [00:03<00:08,  4.24it/s]Best trial: 9. Best value: 0.1732:  28%|██▊       | 14/50 [00:03<00:08,  4.24it/s]                                                                                  Best trial: 9. Best value: 0.1732:  30%|███       | 15/50 [00:03<00:08,  4.24it/s]Best trial: 9. Best value: 0.1732:  30%|███       | 15/50 [00:03<00:08,  4.24it/s]                                                                                  Best trial: 9. Best value: 0.1732:  32%|███▏      | 16/50 [00:04<00:08,  4.24it/s]Best trial: 9. Best value: 0.1732:  32%|███▏      | 16/50 [00:04<00:08,  4.24it/s]Best trial: 9. Best value: 0.1732:  34%|███▍      | 17/50 [00:04<00:07,  4.50it/s]                                                                                  Best trial: 9. Best value: 0.1732:  34%|███▍      | 17/50 [00:04<00:07,  4.50it/s]Best trial: 9. Best value: 0.1732:  34%|███▍      | 17/50 [00:04<00:07,  4.50it/s]                                                                                  Best trial: 9. Best value: 0.1732:  36%|███▌      | 18/50 [00:04<00:07,  4.50it/s]Best trial: 9. Best value: 0.1732:  36%|███▌      | 18/50 [00:04<00:07,  4.50it/s]                                                                                  Best trial: 9. Best value: 0.1732:  38%|███▊      | 19/50 [00:04<00:06,  4.50it/s]Best trial: 9. Best value: 0.1732:  38%|███▊      | 19/50 [00:04<00:06,  4.50it/s]                                                                                  Best trial: 9. Best value: 0.1732:  40%|████      | 20/50 [00:05<00:06,  4.50it/s]Best trial: 9. Best value: 0.1732:  40%|████      | 20/50 [00:05<00:06,  4.50it/s]Best trial: 9. Best value: 0.1732:  42%|████▏     | 21/50 [00:05<00:06,  4.59it/s]                                                                                  Best trial: 9. Best value: 0.1732:  42%|████▏     | 21/50 [00:05<00:06,  4.59it/s]Best trial: 9. Best value: 0.1732:  42%|████▏     | 21/50 [00:05<00:06,  4.59it/s]                                                                                  Best trial: 9. Best value: 0.1732:  44%|████▍     | 22/50 [00:05<00:06,  4.59it/s]Best trial: 9. Best value: 0.1732:  44%|████▍     | 22/50 [00:05<00:06,  4.59it/s]                                                                                  Best trial: 9. Best value: 0.1732:  46%|████▌     | 23/50 [00:05<00:05,  4.59it/s]Best trial: 9. Best value: 0.1732:  46%|████▌     | 23/50 [00:05<00:05,  4.59it/s]                                                                                  Best trial: 9. Best value: 0.1732:  48%|████▊     | 24/50 [00:05<00:05,  4.59it/s]Best trial: 24. Best value: 0.207:  48%|████▊     | 24/50 [00:05<00:05,  4.59it/s]Best trial: 24. Best value: 0.207:  50%|█████     | 25/50 [00:05<00:05,  4.57it/s]                                                                                  Best trial: 24. Best value: 0.207:  50%|█████     | 25/50 [00:05<00:05,  4.57it/s]Best trial: 24. Best value: 0.207:  50%|█████     | 25/50 [00:05<00:05,  4.57it/s]                                                                                  Best trial: 24. Best value: 0.207:  52%|█████▏    | 26/50 [00:06<00:05,  4.57it/s]Best trial: 24. Best value: 0.207:  52%|█████▏    | 26/50 [00:06<00:05,  4.57it/s]                                                                                  Best trial: 24. Best value: 0.207:  54%|█████▍    | 27/50 [00:06<00:05,  4.57it/s]Best trial: 24. Best value: 0.207:  54%|█████▍    | 27/50 [00:06<00:05,  4.57it/s]                                                                                  Best trial: 24. Best value: 0.207:  56%|█████▌    | 28/50 [00:06<00:04,  4.57it/s]Best trial: 24. Best value: 0.207:  56%|█████▌    | 28/50 [00:06<00:04,  4.57it/s]Best trial: 24. Best value: 0.207:  58%|█████▊    | 29/50 [00:06<00:04,  4.64it/s]                                                                                  Best trial: 24. Best value: 0.207:  58%|█████▊    | 29/50 [00:06<00:04,  4.64it/s]Best trial: 24. Best value: 0.207:  58%|█████▊    | 29/50 [00:06<00:04,  4.64it/s]                                                                                  Best trial: 24. Best value: 0.207:  60%|██████    | 30/50 [00:06<00:04,  4.64it/s]Best trial: 24. Best value: 0.207:  60%|██████    | 30/50 [00:06<00:04,  4.64it/s]                                                                                  Best trial: 24. Best value: 0.207:  62%|██████▏   | 31/50 [00:06<00:04,  4.64it/s]Best trial: 24. Best value: 0.207:  62%|██████▏   | 31/50 [00:06<00:04,  4.64it/s]                                                                                  Best trial: 24. Best value: 0.207:  64%|██████▍   | 32/50 [00:07<00:03,  4.64it/s]Best trial: 24. Best value: 0.207:  64%|██████▍   | 32/50 [00:07<00:03,  4.64it/s]Best trial: 24. Best value: 0.207:  66%|██████▌   | 33/50 [00:07<00:03,  4.63it/s]                                                                                  Best trial: 24. Best value: 0.207:  66%|██████▌   | 33/50 [00:07<00:03,  4.63it/s]Best trial: 24. Best value: 0.207:  66%|██████▌   | 33/50 [00:07<00:03,  4.63it/s]                                                                                  Best trial: 24. Best value: 0.207:  68%|██████▊   | 34/50 [00:07<00:03,  4.63it/s]Best trial: 24. Best value: 0.207:  68%|██████▊   | 34/50 [00:07<00:03,  4.63it/s]                                                                                  Best trial: 24. Best value: 0.207:  70%|███████   | 35/50 [00:07<00:03,  4.63it/s]Best trial: 24. Best value: 0.207:  70%|███████   | 35/50 [00:07<00:03,  4.63it/s]                                                                                  Best trial: 24. Best value: 0.207:  72%|███████▏  | 36/50 [00:08<00:03,  4.63it/s]Best trial: 24. Best value: 0.207:  72%|███████▏  | 36/50 [00:08<00:03,  4.63it/s]Best trial: 24. Best value: 0.207:  74%|███████▍  | 37/50 [00:08<00:02,  4.67it/s]                                                                                  Best trial: 24. Best value: 0.207:  74%|███████▍  | 37/50 [00:08<00:02,  4.67it/s]Best trial: 24. Best value: 0.207:  74%|███████▍  | 37/50 [00:08<00:02,  4.67it/s]                                                                                  Best trial: 24. Best value: 0.207:  76%|███████▌  | 38/50 [00:08<00:02,  4.67it/s]Best trial: 24. Best value: 0.207:  76%|███████▌  | 38/50 [00:08<00:02,  4.67it/s]                                                                                  Best trial: 24. Best value: 0.207:  78%|███████▊  | 39/50 [00:08<00:02,  4.67it/s]Best trial: 24. Best value: 0.207:  78%|███████▊  | 39/50 [00:08<00:02,  4.67it/s]                                                                                  Best trial: 24. Best value: 0.207:  80%|████████  | 40/50 [00:09<00:02,  4.67it/s]Best trial: 24. Best value: 0.207:  80%|████████  | 40/50 [00:09<00:02,  4.67it/s]Best trial: 24. Best value: 0.207:  82%|████████▏ | 41/50 [00:09<00:01,  4.71it/s]                                                                                  Best trial: 24. Best value: 0.207:  82%|████████▏ | 41/50 [00:09<00:01,  4.71it/s]Best trial: 24. Best value: 0.207:  82%|████████▏ | 41/50 [00:09<00:01,  4.71it/s]                                                                                  Best trial: 24. Best value: 0.207:  84%|████████▍ | 42/50 [00:09<00:01,  4.71it/s]Best trial: 24. Best value: 0.207:  84%|████████▍ | 42/50 [00:09<00:01,  4.71it/s]                                                                                  Best trial: 24. Best value: 0.207:  86%|████████▌ | 43/50 [00:09<00:01,  4.71it/s]Best trial: 24. Best value: 0.207:  86%|████████▌ | 43/50 [00:09<00:01,  4.71it/s]                                                                                  Best trial: 24. Best value: 0.207:  88%|████████▊ | 44/50 [00:10<00:01,  4.71it/s]Best trial: 24. Best value: 0.207:  88%|████████▊ | 44/50 [00:10<00:01,  4.71it/s]Best trial: 24. Best value: 0.207:  90%|█████████ | 45/50 [00:10<00:01,  4.78it/s]                                                                                  Best trial: 24. Best value: 0.207:  90%|█████████ | 45/50 [00:10<00:01,  4.78it/s]Best trial: 24. Best value: 0.207:  90%|█████████ | 45/50 [00:10<00:01,  4.78it/s]                                                                                  Best trial: 24. Best value: 0.207:  92%|█████████▏| 46/50 [00:10<00:00,  4.78it/s]Best trial: 24. Best value: 0.207:  92%|█████████▏| 46/50 [00:10<00:00,  4.78it/s]                                                                                  Best trial: 24. Best value: 0.207:  94%|█████████▍| 47/50 [00:10<00:00,  4.78it/s]Best trial: 24. Best value: 0.207:  94%|█████████▍| 47/50 [00:10<00:00,  4.78it/s]                                                                                  Best trial: 24. Best value: 0.207:  96%|█████████▌| 48/50 [00:10<00:00,  4.78it/s]Best trial: 24. Best value: 0.207:  96%|█████████▌| 48/50 [00:10<00:00,  4.78it/s]Best trial: 24. Best value: 0.207:  98%|█████████▊| 49/50 [00:10<00:00,  4.91it/s]                                                                                  Best trial: 24. Best value: 0.207:  98%|█████████▊| 49/50 [00:10<00:00,  4.91it/s]Best trial: 24. Best value: 0.207:  98%|█████████▊| 49/50 [00:10<00:00,  4.91it/s]Best trial: 24. Best value: 0.207: 100%|██████████| 50/50 [00:10<00:00,  4.58it/s]
  Trial 3: MRB=0.1618% buy=0.53 sell=0.45
[I 2025-10-08 16:58:34,599] Trial 3 finished with value: 0.1618 and parameters: {'buy_threshold': 0.53, 'sell_threshold': 0.45, 'ewrls_lambda': 0.995, 'bb_amplification_factor': 0.07}. Best is trial 3 with value: 0.1618.
  Trial 1: MRB=0.1618% buy=0.57 sell=0.41
[I 2025-10-08 16:58:34,601] Trial 1 finished with value: 0.1618 and parameters: {'buy_threshold': 0.5700000000000001, 'sell_threshold': 0.41000000000000003, 'ewrls_lambda': 0.993, 'bb_amplification_factor': 0.060000000000000005}. Best is trial 3 with value: 0.1618.
  Trial 2: MRB=0.1618% buy=0.57 sell=0.47
[I 2025-10-08 16:58:34,603] Trial 2 finished with value: 0.1618 and parameters: {'buy_threshold': 0.5700000000000001, 'sell_threshold': 0.47000000000000003, 'ewrls_lambda': 0.999, 'bb_amplification_factor': 0.07}. Best is trial 3 with value: 0.1618.
  Trial 0: MRB=0.1618% buy=0.57 sell=0.49
[I 2025-10-08 16:58:34,604] Trial 0 finished with value: 0.1618 and parameters: {'buy_threshold': 0.5700000000000001, 'sell_threshold': 0.49, 'ewrls_lambda': 0.99, 'bb_amplification_factor': 0.09}. Best is trial 3 with value: 0.1618.
  Trial 4: MRB=0.0000% buy=0.51 sell=0.43
[I 2025-10-08 16:58:35,434] Trial 4 finished with value: 0.0 and parameters: {'buy_threshold': 0.51, 'sell_threshold': 0.43000000000000005, 'ewrls_lambda': 0.993, 'bb_amplification_factor': 0.1}. Best is trial 3 with value: 0.1618.
  Trial 7: MRB=0.1506% buy=0.59 sell=0.41
[I 2025-10-08 16:58:35,469] Trial 7 finished with value: 0.1506 and parameters: {'buy_threshold': 0.59, 'sell_threshold': 0.41000000000000003, 'ewrls_lambda': 0.994, 'bb_amplification_factor': 0.060000000000000005}. Best is trial 3 with value: 0.1618.
  Trial 5: MRB=0.1506% buy=0.54 sell=0.41
[I 2025-10-08 16:58:35,473] Trial 5 finished with value: 0.1506 and parameters: {'buy_threshold': 0.54, 'sell_threshold': 0.41000000000000003, 'ewrls_lambda': 0.99, 'bb_amplification_factor': 0.11}. Best is trial 3 with value: 0.1618.
  Trial 6: MRB=0.1506% buy=0.55 sell=0.49
[I 2025-10-08 16:58:35,477] Trial 6 finished with value: 0.1506 and parameters: {'buy_threshold': 0.55, 'sell_threshold': 0.49, 'ewrls_lambda': 0.995, 'bb_amplification_factor': 0.05}. Best is trial 3 with value: 0.1618.
  Trial 8: MRB=0.1037% buy=0.56 sell=0.46
[I 2025-10-08 16:58:36,277] Trial 8 finished with value: 0.1037 and parameters: {'buy_threshold': 0.56, 'sell_threshold': 0.46, 'ewrls_lambda': 0.996, 'bb_amplification_factor': 0.14}. Best is trial 3 with value: 0.1618.
  Trial 9: MRB=0.1732% buy=0.58 sell=0.47
[I 2025-10-08 16:58:36,313] Trial 9 finished with value: 0.1732 and parameters: {'buy_threshold': 0.5800000000000001, 'sell_threshold': 0.47000000000000003, 'ewrls_lambda': 0.992, 'bb_amplification_factor': 0.09}. Best is trial 9 with value: 0.1732.
  Trial 10: MRB=0.1732% buy=0.58 sell=0.40
[I 2025-10-08 16:58:36,317] Trial 10 finished with value: 0.1732 and parameters: {'buy_threshold': 0.5800000000000001, 'sell_threshold': 0.4, 'ewrls_lambda': 0.996, 'bb_amplification_factor': 0.14}. Best is trial 9 with value: 0.1732.
  Trial 11: MRB=0.1732% buy=0.52 sell=0.44
[I 2025-10-08 16:58:36,318] Trial 11 finished with value: 0.1732 and parameters: {'buy_threshold': 0.52, 'sell_threshold': 0.44, 'ewrls_lambda': 0.995, 'bb_amplification_factor': 0.060000000000000005}. Best is trial 9 with value: 0.1732.
  Trial 12: MRB=0.1638% buy=0.53 sell=0.40
[I 2025-10-08 16:58:37,112] Trial 12 finished with value: 0.1638 and parameters: {'buy_threshold': 0.53, 'sell_threshold': 0.4, 'ewrls_lambda': 0.997, 'bb_amplification_factor': 0.08}. Best is trial 9 with value: 0.1732.
  Trial 13: MRB=0.1121% buy=0.60 sell=0.47
[I 2025-10-08 16:58:37,163] Trial 13 finished with value: 0.1121 and parameters: {'buy_threshold': 0.6, 'sell_threshold': 0.47000000000000003, 'ewrls_lambda': 0.992, 'bb_amplification_factor': 0.13}. Best is trial 9 with value: 0.1732.
  Trial 15: MRB=0.1121% buy=0.60 sell=0.47
[I 2025-10-08 16:58:37,171] Trial 15 finished with value: 0.1121 and parameters: {'buy_threshold': 0.6, 'sell_threshold': 0.47000000000000003, 'ewrls_lambda': 0.997, 'bb_amplification_factor': 0.15}. Best is trial 9 with value: 0.1732.
  Trial 14: MRB=0.1121% buy=0.60 sell=0.47
[I 2025-10-08 16:58:37,172] Trial 14 finished with value: 0.1121 and parameters: {'buy_threshold': 0.6, 'sell_threshold': 0.47000000000000003, 'ewrls_lambda': 0.998, 'bb_amplification_factor': 0.15}. Best is trial 9 with value: 0.1732.
  Trial 16: MRB=0.1121% buy=0.60 sell=0.47
[I 2025-10-08 16:58:37,917] Trial 16 finished with value: 0.1121 and parameters: {'buy_threshold': 0.6, 'sell_threshold': 0.47000000000000003, 'ewrls_lambda': 0.992, 'bb_amplification_factor': 0.15}. Best is trial 9 with value: 0.1732.
  Trial 17: MRB=0.0000% buy=0.59 sell=0.43
[I 2025-10-08 16:58:37,948] Trial 17 finished with value: 0.0 and parameters: {'buy_threshold': 0.59, 'sell_threshold': 0.43000000000000005, 'ewrls_lambda': 0.998, 'bb_amplification_factor': 0.12000000000000001}. Best is trial 9 with value: 0.1732.
  Trial 18: MRB=0.0971% buy=0.58 sell=0.43
[I 2025-10-08 16:58:37,982] Trial 18 finished with value: 0.0971 and parameters: {'buy_threshold': 0.5800000000000001, 'sell_threshold': 0.43000000000000005, 'ewrls_lambda': 0.992, 'bb_amplification_factor': 0.12000000000000001}. Best is trial 9 with value: 0.1732.
  Trial 19: MRB=0.0971% buy=0.58 sell=0.44
[I 2025-10-08 16:58:37,986] Trial 19 finished with value: 0.0971 and parameters: {'buy_threshold': 0.5800000000000001, 'sell_threshold': 0.44, 'ewrls_lambda': 0.992, 'bb_amplification_factor': 0.12000000000000001}. Best is trial 9 with value: 0.1732.
  Trial 20: MRB=0.0971% buy=0.58 sell=0.44
[I 2025-10-08 16:58:38,753] Trial 20 finished with value: 0.0971 and parameters: {'buy_threshold': 0.5800000000000001, 'sell_threshold': 0.44, 'ewrls_lambda': 0.991, 'bb_amplification_factor': 0.12000000000000001}. Best is trial 9 with value: 0.1732.
  Trial 21: MRB=0.1017% buy=0.58 sell=0.45
[I 2025-10-08 16:58:38,788] Trial 21 finished with value: 0.1017 and parameters: {'buy_threshold': 0.5800000000000001, 'sell_threshold': 0.45, 'ewrls_lambda': 0.991, 'bb_amplification_factor': 0.11}. Best is trial 9 with value: 0.1732.
  Trial 22: MRB=0.1006% buy=0.58 sell=0.45
[I 2025-10-08 16:58:38,819] Trial 22 finished with value: 0.1006 and parameters: {'buy_threshold': 0.5800000000000001, 'sell_threshold': 0.45, 'ewrls_lambda': 0.991, 'bb_amplification_factor': 0.09}. Best is trial 9 with value: 0.1732.
  Trial 23: MRB=0.1006% buy=0.56 sell=0.45
[I 2025-10-08 16:58:38,823] Trial 23 finished with value: 0.1006 and parameters: {'buy_threshold': 0.56, 'sell_threshold': 0.45, 'ewrls_lambda': 0.991, 'bb_amplification_factor': 0.1}. Best is trial 9 with value: 0.1732.
  Trial 24: MRB=0.2070% buy=0.52 sell=0.45
[I 2025-10-08 16:58:39,636] Trial 24 finished with value: 0.207 and parameters: {'buy_threshold': 0.52, 'sell_threshold': 0.45, 'ewrls_lambda': 0.994, 'bb_amplification_factor': 0.09}. Best is trial 24 with value: 0.207.
  Trial 25: MRB=0.1732% buy=0.51 sell=0.42
