[I 2025-10-08 18:59:45,740] Trial 30 finished with value: -0.004 and parameters: {'h1_weight': 0.45000000000000007, 'h5_weight': 0.4, 'bb_period': 30, 'bb_std_dev': 2.25, 'bb_proximity': 0.25, 'regularization': 0.016}. Best is trial 15 with value: 0.0285.Best trial: 15. Best value: 0.0285:  58%|█████▊    | 58/100 [00:52<00:45,  1.09s/it]Best trial: 15. Best value: 0.0285:  58%|█████▊    | 58/100 [00:52<00:45,  1.09s/it]/Library/Frameworks/Python.framework/Versions/3.13/lib/python3.13/site-packages/optuna/distributions.py:687: UserWarning: The distribution is specified by [0.001, 0.05] and step=0.005, but the range is not divisible by `step`. It will be replaced by [0.001, 0.046].
  warnings.warn(
                                                                                    Best trial: 15. Best value: 0.0285:  59%|█████▉    | 59/100 [00:52<00:44,  1.09s/it]Best trial: 15. Best value: 0.0285:  59%|█████▉    | 59/100 [00:52<00:44,  1.09s/it]Best trial: 15. Best value: 0.0285:  60%|██████    | 60/100 [00:52<00:31,  1.27it/s]/Library/Frameworks/Python.framework/Versions/3.13/lib/python3.13/site-packages/optuna/distributions.py:687: UserWarning: The distribution is specified by [0.001, 0.05] and step=0.005, but the range is not divisible by `step`. It will be replaced by [0.001, 0.046].
  warnings.warn(
                                                                                    Best trial: 15. Best value: 0.0285:  60%|██████    | 60/100 [00:52<00:31,  1.27it/s]Best trial: 15. Best value: 0.0285:  60%|██████    | 60/100 [00:52<00:31,  1.27it/s]Best trial: 15. Best value: 0.0285:  61%|██████    | 61/100 [00:52<00:26,  1.50it/s]                                                                                    Best trial: 15. Best value: 0.0285:  61%|██████    | 61/100 [00:52<00:26,  1.50it/s]Best trial: 15. Best value: 0.0285:  61%|██████    | 61/100 [00:52<00:26,  1.50it/s]/Library/Frameworks/Python.framework/Versions/3.13/lib/python3.13/site-packages/optuna/distributions.py:687: UserWarning: The distribution is specified by [0.001, 0.05] and step=0.005, but the range is not divisible by `step`. It will be replaced by [0.001, 0.046].
  warnings.warn(
                                                                                    Best trial: 15. Best value: 0.0285:  62%|██████▏   | 62/100 [00:56<00:25,  1.50it/s]Best trial: 15. Best value: 0.0285:  62%|██████▏   | 62/100 [00:56<00:25,  1.50it/s]Best trial: 15. Best value: 0.0285:  63%|██████▎   | 63/100 [00:56<00:39,  1.07s/it]/Library/Frameworks/Python.framework/Versions/3.13/lib/python3.13/site-packages/optuna/distributions.py:687: UserWarning: The distribution is specified by [0.001, 0.05] and step=0.005, but the range is not divisible by `step`. It will be replaced by [0.001, 0.046].
  warnings.warn(
                                                                                    Best trial: 15. Best value: 0.0285:  63%|██████▎   | 63/100 [00:56<00:39,  1.07s/it]Best trial: 15. Best value: 0.0285:  63%|██████▎   | 63/100 [00:56<00:39,  1.07s/it]/Library/Frameworks/Python.framework/Versions/3.13/lib/python3.13/site-packages/optuna/distributions.py:687: UserWarning: The distribution is specified by [0.001, 0.05] and step=0.005, but the range is not divisible by `step`. It will be replaced by [0.001, 0.046].
  warnings.warn(
                                                                                    Best trial: 15. Best value: 0.0285:  64%|██████▍   | 64/100 [00:56<00:38,  1.07s/it]Best trial: 15. Best value: 0.0285:  64%|██████▍   | 64/100 [00:56<00:38,  1.07s/it]Best trial: 15. Best value: 0.0285:  65%|██████▌   | 65/100 [00:56<00:26,  1.34it/s]/Library/Frameworks/Python.framework/Versions/3.13/lib/python3.13/site-packages/optuna/distributions.py:687: UserWarning: The distribution is specified by [0.001, 0.05] and step=0.005, but the range is not divisible by `step`. It will be replaced by [0.001, 0.046].
  warnings.warn(
                                                                                    Best trial: 15. Best value: 0.0285:  65%|██████▌   | 65/100 [00:56<00:26,  1.34it/s]Best trial: 15. Best value: 0.0285:  65%|██████▌   | 65/100 [00:56<00:26,  1.34it/s]Best trial: 15. Best value: 0.0285:  66%|██████▌   | 66/100 [00:56<00:21,  1.59it/s]/Library/Frameworks/Python.framework/Versions/3.13/lib/python3.13/site-packages/optuna/distributions.py:687: UserWarning: The distribution is specified by [0.001, 0.05] and step=0.005, but the range is not divisible by `step`. It will be replaced by [0.001, 0.046].
  warnings.warn(
                                                                                    Best trial: 15. Best value: 0.0285:  66%|██████▌   | 66/100 [01:00<00:21,  1.59it/s]Best trial: 15. Best value: 0.0285:  66%|██████▌   | 66/100 [01:00<00:21,  1.59it/s]Best trial: 15. Best value: 0.0285:  67%|██████▋   | 67/100 [01:00<00:42,  1.28s/it]/Library/Frameworks/Python.framework/Versions/3.13/lib/python3.13/site-packages/optuna/distributions.py:687: UserWarning: The distribution is specified by [0.001, 0.05] and step=0.005, but the range is not divisible by `step`. It will be replaced by [0.001, 0.046].
  warnings.warn(
                                                                                    Best trial: 15. Best value: 0.0285:  67%|██████▋   | 67/100 [01:00<00:42,  1.28s/it]Best trial: 15. Best value: 0.0285:  67%|██████▋   | 67/100 [01:00<00:42,  1.28s/it]/Library/Frameworks/Python.framework/Versions/3.13/lib/python3.13/site-packages/optuna/distributions.py:687: UserWarning: The distribution is specified by [0.001, 0.05] and step=0.005, but the range is not divisible by `step`. It will be replaced by [0.001, 0.046].
  warnings.warn(
                                                                                    Best trial: 15. Best value: 0.0285:  68%|██████▊   | 68/100 [01:00<00:40,  1.28s/it]Best trial: 15. Best value: 0.0285:  68%|██████▊   | 68/100 [01:00<00:40,  1.28s/it]Best trial: 15. Best value: 0.0285:  69%|██████▉   | 69/100 [01:00<00:25,  1.21it/s]/Library/Frameworks/Python.framework/Versions/3.13/lib/python3.13/site-packages/optuna/distributions.py:687: UserWarning: The distribution is specified by [0.001, 0.05] and step=0.005, but the range is not divisible by `step`. It will be replaced by [0.001, 0.046].
  warnings.warn(
                                                                                    Best trial: 15. Best value: 0.0285:  69%|██████▉   | 69/100 [01:00<00:25,  1.21it/s]Best trial: 15. Best value: 0.0285:  69%|██████▉   | 69/100 [01:00<00:25,  1.21it/s]Best trial: 15. Best value: 0.0285:  70%|███████   | 70/100 [01:00<00:20,  1.48it/s]/Library/Frameworks/Python.framework/Versions/3.13/lib/python3.13/site-packages/optuna/distributions.py:687: UserWarning: The distribution is specified by [0.001, 0.05] and step=0.005, but the range is not divisible by `step`. It will be replaced by [0.001, 0.046].
  warnings.warn(
                                                                                    Best trial: 15. Best value: 0.0285:  70%|███████   | 70/100 [01:04<00:20,  1.48it/s]Best trial: 15. Best value: 0.0285:  70%|███████   | 70/100 [01:04<00:20,  1.48it/s]Best trial: 15. Best value: 0.0285:  71%|███████   | 71/100 [01:04<00:40,  1.39s/it]/Library/Frameworks/Python.framework/Versions/3.13/lib/python3.13/site-packages/optuna/distributions.py:687: UserWarning: The distribution is specified by [0.001, 0.05] and step=0.005, but the range is not divisible by `step`. It will be replaced by [0.001, 0.046].
  warnings.warn(
                                                                                    Best trial: 15. Best value: 0.0285:  71%|███████   | 71/100 [01:04<00:40,  1.39s/it]Best trial: 15. Best value: 0.0285:  71%|███████   | 71/100 [01:04<00:40,  1.39s/it]/Library/Frameworks/Python.framework/Versions/3.13/lib/python3.13/site-packages/optuna/distributions.py:687: UserWarning: The distribution is specified by [0.001, 0.05] and step=0.005, but the range is not divisible by `step`. It will be replaced by [0.001, 0.046].
  warnings.warn(
                                                                                    Best trial: 15. Best value: 0.0285:  72%|███████▏  | 72/100 [01:04<00:38,  1.39s/it]Best trial: 15. Best value: 0.0285:  72%|███████▏  | 72/100 [01:04<00:38,  1.39s/it]Best trial: 15. Best value: 0.0285:  73%|███████▎  | 73/100 [01:04<00:23,  1.16it/s]/Library/Frameworks/Python.framework/Versions/3.13/lib/python3.13/site-packages/optuna/distributions.py:687: UserWarning: The distribution is specified by [0.001, 0.05] and step=0.005, but the range is not divisible by `step`. It will be replaced by [0.001, 0.046].
  warnings.warn(
                                                                                    Best trial: 15. Best value: 0.0285:  73%|███████▎  | 73/100 [01:04<00:23,  1.16it/s]Best trial: 15. Best value: 0.0285:  73%|███████▎  | 73/100 [01:04<00:23,  1.16it/s]Best trial: 15. Best value: 0.0285:  74%|███████▍  | 74/100 [01:04<00:18,  1.42it/s]/Library/Frameworks/Python.framework/Versions/3.13/lib/python3.13/site-packages/optuna/distributions.py:687: UserWarning: The distribution is specified by [0.001, 0.05] and step=0.005, but the range is not divisible by `step`. It will be replaced by [0.001, 0.046].
  warnings.warn(
                                                                                    Best trial: 15. Best value: 0.0285:  74%|███████▍  | 74/100 [01:08<00:18,  1.42it/s]Best trial: 15. Best value: 0.0285:  74%|███████▍  | 74/100 [01:08<00:18,  1.42it/s]Best trial: 15. Best value: 0.0285:  75%|███████▌  | 75/100 [01:08<00:35,  1.42s/it]/Library/Frameworks/Python.framework/Versions/3.13/lib/python3.13/site-packages/optuna/distributions.py:687: UserWarning: The distribution is specified by [0.001, 0.05] and step=0.005, but the range is not divisible by `step`. It will be replaced by [0.001, 0.046].
  warnings.warn(
                                                                                    Best trial: 15. Best value: 0.0285:  75%|███████▌  | 75/100 [01:08<00:35,  1.42s/it]Best trial: 15. Best value: 0.0285:  75%|███████▌  | 75/100 [01:08<00:35,  1.42s/it]/Library/Frameworks/Python.framework/Versions/3.13/lib/python3.13/site-packages/optuna/distributions.py:687: UserWarning: The distribution is specified by [0.001, 0.05] and step=0.005, but the range is not divisible by `step`. It will be replaced by [0.001, 0.046].
  warnings.warn(
                                                                                    Best trial: 15. Best value: 0.0285:  76%|███████▌  | 76/100 [01:08<00:34,  1.42s/it]Best trial: 15. Best value: 0.0285:  76%|███████▌  | 76/100 [01:08<00:34,  1.42s/it]Best trial: 15. Best value: 0.0285:  77%|███████▋  | 77/100 [01:08<00:20,  1.15it/s]/Library/Frameworks/Python.framework/Versions/3.13/lib/python3.13/site-packages/optuna/distributions.py:687: UserWarning: The distribution is specified by [0.001, 0.05] and step=0.005, but the range is not divisible by `step`. It will be replaced by [0.001, 0.046].
  warnings.warn(
                                                                                    Best trial: 15. Best value: 0.0285:  77%|███████▋  | 77/100 [01:08<00:20,  1.15it/s]Best trial: 15. Best value: 0.0285:  77%|███████▋  | 77/100 [01:08<00:20,  1.15it/s]Best trial: 15. Best value: 0.0285:  78%|███████▊  | 78/100 [01:08<00:15,  1.42it/s]/Library/Frameworks/Python.framework/Versions/3.13/lib/python3.13/site-packages/optuna/distributions.py:687: UserWarning: The distribution is specified by [0.001, 0.05] and step=0.005, but the range is not divisible by `step`. It will be replaced by [0.001, 0.046].
  warnings.warn(
                                                                                    Best trial: 15. Best value: 0.0285:  78%|███████▊  | 78/100 [01:12<00:15,  1.42it/s]Best trial: 15. Best value: 0.0285:  78%|███████▊  | 78/100 [01:12<00:15,  1.42it/s]Best trial: 15. Best value: 0.0285:  79%|███████▉  | 79/100 [01:12<00:31,  1.50s/it]/Library/Frameworks/Python.framework/Versions/3.13/lib/python3.13/site-packages/optuna/distributions.py:687: UserWarning: The distribution is specified by [0.001, 0.05] and step=0.005, but the range is not divisible by `step`. It will be replaced by [0.001, 0.046].
  warnings.warn(
                                                                                    Best trial: 15. Best value: 0.0285:  79%|███████▉  | 79/100 [01:12<00:31,  1.50s/it]Best trial: 15. Best value: 0.0285:  79%|███████▉  | 79/100 [01:12<00:31,  1.50s/it]/Library/Frameworks/Python.framework/Versions/3.13/lib/python3.13/site-packages/optuna/distributions.py:687: UserWarning: The distribution is specified by [0.001, 0.05] and step=0.005, but the range is not divisible by `step`. It will be replaced by [0.001, 0.046].
  warnings.warn(
                                                                                    Best trial: 15. Best value: 0.0285:  80%|████████  | 80/100 [01:12<00:29,  1.50s/it]Best trial: 15. Best value: 0.0285:  80%|████████  | 80/100 [01:12<00:29,  1.50s/it]Best trial: 15. Best value: 0.0285:  81%|████████  | 81/100 [01:12<00:17,  1.08it/s]/Library/Frameworks/Python.framework/Versions/3.13/lib/python3.13/site-packages/optuna/distributions.py:687: UserWarning: The distribution is specified by [0.001, 0.05] and step=0.005, but the range is not divisible by `step`. It will be replaced by [0.001, 0.046].
  warnings.warn(
                                                                                    Best trial: 15. Best value: 0.0285:  81%|████████  | 81/100 [01:13<00:17,  1.08it/s]Best trial: 15. Best value: 0.0285:  81%|████████  | 81/100 [01:13<00:17,  1.08it/s]Best trial: 15. Best value: 0.0285:  82%|████████▏ | 82/100 [01:13<00:13,  1.35it/s]/Library/Frameworks/Python.framework/Versions/3.13/lib/python3.13/site-packages/optuna/distributions.py:687: UserWarning: The distribution is specified by [0.001, 0.05] and step=0.005, but the range is not divisible by `step`. It will be replaced by [0.001, 0.046].
  warnings.warn(
                                                                                    Best trial: 15. Best value: 0.0285:  82%|████████▏ | 82/100 [01:17<00:13,  1.35it/s]Best trial: 82. Best value: 0.0405:  82%|████████▏ | 82/100 [01:17<00:13,  1.35it/s]Best trial: 82. Best value: 0.0405:  83%|████████▎ | 83/100 [01:17<00:26,  1.54s/it]/Library/Frameworks/Python.framework/Versions/3.13/lib/python3.13/site-packages/optuna/distributions.py:687: UserWarning: The distribution is specified by [0.001, 0.05] and step=0.005, but the range is not divisible by `step`. It will be replaced by [0.001, 0.046].
  warnings.warn(
                                                                                    Best trial: 82. Best value: 0.0405:  83%|████████▎ | 83/100 [01:17<00:26,  1.54s/it]Best trial: 82. Best value: 0.0405:  83%|████████▎ | 83/100 [01:17<00:26,  1.54s/it]/Library/Frameworks/Python.framework/Versions/3.13/lib/python3.13/site-packages/optuna/distributions.py:687: UserWarning: The distribution is specified by [0.001, 0.05] and step=0.005, but the range is not divisible by `step`. It will be replaced by [0.001, 0.046].
  warnings.warn(
                                                                                    Best trial: 82. Best value: 0.0405:  84%|████████▍ | 84/100 [01:17<00:24,  1.54s/it]Best trial: 82. Best value: 0.0405:  84%|████████▍ | 84/100 [01:17<00:24,  1.54s/it]Best trial: 82. Best value: 0.0405:  85%|████████▌ | 85/100 [01:17<00:14,  1.06it/s]/Library/Frameworks/Python.framework/Versions/3.13/lib/python3.13/site-packages/optuna/distributions.py:687: UserWarning: The distribution is specified by [0.001, 0.05] and step=0.005, but the range is not divisible by `step`. It will be replaced by [0.001, 0.046].
  warnings.warn(
                                                                                    Best trial: 82. Best value: 0.0405:  85%|████████▌ | 85/100 [01:17<00:14,  1.06it/s]Best trial: 82. Best value: 0.0405:  85%|████████▌ | 85/100 [01:17<00:14,  1.06it/s]Best trial: 82. Best value: 0.0405:  86%|████████▌ | 86/100 [01:17<00:10,  1.32it/s]/Library/Frameworks/Python.framework/Versions/3.13/lib/python3.13/site-packages/optuna/distributions.py:687: UserWarning: The distribution is specified by [0.001, 0.05] and step=0.005, but the range is not divisible by `step`. It will be replaced by [0.001, 0.046].
  warnings.warn(
                                                                                    Best trial: 82. Best value: 0.0405:  86%|████████▌ | 86/100 [01:21<00:10,  1.32it/s]Best trial: 82. Best value: 0.0405:  86%|████████▌ | 86/100 [01:21<00:10,  1.32it/s]Best trial: 82. Best value: 0.0405:  87%|████████▋ | 87/100 [01:21<00:20,  1.57s/it]/Library/Frameworks/Python.framework/Versions/3.13/lib/python3.13/site-packages/optuna/distributions.py:687: UserWarning: The distribution is specified by [0.001, 0.05] and step=0.005, but the range is not divisible by `step`. It will be replaced by [0.001, 0.046].
  warnings.warn(

  Trial 31: MRB=-0.0074% buy=0.52 sell=0.45
[I 2025-10-08 18:59:49,528] Trial 31 finished with value: -0.0074 and parameters: {'h1_weight': 0.2, 'h5_weight': 0.35000000000000003, 'bb_period': 30, 'bb_std_dev': 1.75, 'bb_proximity': 0.4, 'regularization': 0.016}. Best is trial 15 with value: 0.0285.
  Trial 32: MRB=0.0175% buy=0.52 sell=0.45
[I 2025-10-08 18:59:49,587] Trial 32 finished with value: 0.0175 and parameters: {'h1_weight': 0.2, 'h5_weight': 0.4, 'bb_period': 25, 'bb_std_dev': 1.75, 'bb_proximity': 0.4, 'regularization': 0.016}. Best is trial 15 with value: 0.0285.
  Trial 33: MRB=0.0053% buy=0.52 sell=0.45
[I 2025-10-08 18:59:49,654] Trial 33 finished with value: 0.0053 and parameters: {'h1_weight': 0.15000000000000002, 'h5_weight': 0.4, 'bb_period': 25, 'bb_std_dev': 1.75, 'bb_proximity': 0.25, 'regularization': 0.016}. Best is trial 15 with value: 0.0285.
  Trial 34: MRB=-0.0017% buy=0.52 sell=0.45
[I 2025-10-08 18:59:49,754] Trial 34 finished with value: -0.0017 and parameters: {'h1_weight': 0.2, 'h5_weight': 0.30000000000000004, 'bb_period': 25, 'bb_std_dev': 1.75, 'bb_proximity': 0.4, 'regularization': 0.021}. Best is trial 15 with value: 0.0285.
  Trial 35: MRB=0.0019% buy=0.52 sell=0.45
[I 2025-10-08 18:59:53,567] Trial 35 finished with value: 0.0019 and parameters: {'h1_weight': 0.2, 'h5_weight': 0.30000000000000004, 'bb_period': 25, 'bb_std_dev': 1.75, 'bb_proximity': 0.25, 'regularization': 0.021}. Best is trial 15 with value: 0.0285.
  Trial 36: MRB=-0.0057% buy=0.52 sell=0.45
[I 2025-10-08 18:59:53,638] Trial 36 finished with value: -0.0057 and parameters: {'h1_weight': 0.15000000000000002, 'h5_weight': 0.45, 'bb_period': 25, 'bb_std_dev': 1.75, 'bb_proximity': 0.25, 'regularization': 0.021}. Best is trial 15 with value: 0.0285.
  Trial 37: MRB=-0.0060% buy=0.52 sell=0.45
[I 2025-10-08 18:59:53,706] Trial 37 finished with value: -0.006 and parameters: {'h1_weight': 0.2, 'h5_weight': 0.45, 'bb_period': 25, 'bb_std_dev': 1.75, 'bb_proximity': 0.4, 'regularization': 0.021}. Best is trial 15 with value: 0.0285.
  Trial 38: MRB=-0.0025% buy=0.52 sell=0.45
[I 2025-10-08 18:59:53,806] Trial 38 finished with value: -0.0025 and parameters: {'h1_weight': 0.30000000000000004, 'h5_weight': 0.45, 'bb_period': 30, 'bb_std_dev': 1.75, 'bb_proximity': 0.4, 'regularization': 0.011}. Best is trial 15 with value: 0.0285.
  Trial 39: MRB=-0.0025% buy=0.52 sell=0.45
[I 2025-10-08 18:59:57,518] Trial 39 finished with value: -0.0025 and parameters: {'h1_weight': 0.30000000000000004, 'h5_weight': 0.45, 'bb_period': 30, 'bb_std_dev': 1.75, 'bb_proximity': 0.4, 'regularization': 0.011}. Best is trial 15 with value: 0.0285.
  Trial 40: MRB=-0.0052% buy=0.52 sell=0.45
[I 2025-10-08 18:59:57,580] Trial 40 finished with value: -0.0052 and parameters: {'h1_weight': 0.30000000000000004, 'h5_weight': 0.45, 'bb_period': 30, 'bb_std_dev': 1.5, 'bb_proximity': 0.4, 'regularization': 0.011}. Best is trial 15 with value: 0.0285.
  Trial 41: MRB=0.0011% buy=0.52 sell=0.45
[I 2025-10-08 18:59:57,647] Trial 41 finished with value: 0.0011 and parameters: {'h1_weight': 0.30000000000000004, 'h5_weight': 0.35000000000000003, 'bb_period': 30, 'bb_std_dev': 1.5, 'bb_proximity': 0.2, 'regularization': 0.011}. Best is trial 15 with value: 0.0285.
  Trial 42: MRB=-0.0177% buy=0.52 sell=0.45
[I 2025-10-08 18:59:57,750] Trial 42 finished with value: -0.0177 and parameters: {'h1_weight': 0.1, 'h5_weight': 0.35000000000000003, 'bb_period': 20, 'bb_std_dev': 1.5, 'bb_proximity': 0.2, 'regularization': 0.011}. Best is trial 15 with value: 0.0285.
  Trial 43: MRB=-0.0309% buy=0.52 sell=0.45
[I 2025-10-08 19:00:01,479] Trial 43 finished with value: -0.0309 and parameters: {'h1_weight': 0.1, 'h5_weight': 0.4, 'bb_period': 20, 'bb_std_dev': 1.5, 'bb_proximity': 0.2, 'regularization': 0.026000000000000002}. Best is trial 15 with value: 0.0285.
  Trial 44: MRB=-0.0050% buy=0.52 sell=0.45
[I 2025-10-08 19:00:01,547] Trial 44 finished with value: -0.005 and parameters: {'h1_weight': 0.1, 'h5_weight': 0.4, 'bb_period': 20, 'bb_std_dev': 1.5, 'bb_proximity': 0.35000000000000003, 'regularization': 0.026000000000000002}. Best is trial 15 with value: 0.0285.
  Trial 45: MRB=0.0053% buy=0.52 sell=0.45
[I 2025-10-08 19:00:01,616] Trial 45 finished with value: 0.0053 and parameters: {'h1_weight': 0.1, 'h5_weight': 0.4, 'bb_period': 20, 'bb_std_dev': 2.25, 'bb_proximity': 0.35000000000000003, 'regularization': 0.026000000000000002}. Best is trial 15 with value: 0.0285.
  Trial 46: MRB=-0.0080% buy=0.52 sell=0.45
