[I 2025-10-08 18:59:20,778] A new study created in memory with name: no-name-2e32816c-d5e0-4693-a1e0-8f2c9c9da717
================================================================================
PHASE 2 OPTIMIZATION - 20 BLOCKS
================================================================================
Dataset: data/equities/SPY_20blocks.csv
Trials: 100
Parallel jobs: 4

Phase 1 best params (FIXED):
  buy_threshold: 0.52
  sell_threshold: 0.45
  ewrls_lambda: 0.994
  bb_amplification_factor: 0.09
Phase 1 MRB: 0.2070%
================================================================================

[AdaptiveOptuna] Loaded 9600 bars
[AdaptiveOptuna] Total blocks: 24
[AdaptiveOptuna] Bars per block: 390
[AdaptiveOptuna] Optuna trials: 100
[AdaptiveOptuna] Parallel jobs: 4
[FeatureCache] Feature caching DISABLED
[Phase 2] Starting optimization...

[Tuning] PHASE 2 (micro-tuning) - Blocks 0-19 (100 trials)
[Phase2] Center params: buy=0.520, sell=0.450, λ=0.9940, BB=0.090
[BlockData] Created data/tmp/optuna_2phase/train_blocks_0_20_SPY.csv: blocks 0-19 (7800 bars)
[Optuna] Running 100 trials with 4 parallel jobs
  0%|          | 0/100 [00:00<?, ?it/s]                                         0%|          | 0/100 [00:00<?, ?it/s]Best trial: 1. Best value: -999:   0%|          | 0/100 [00:00<?, ?it/s]                                                                        Best trial: 1. Best value: -999:   1%|          | 1/100 [00:00<00:00, 254.85it/s]Best trial: 1. Best value: -999:   1%|          | 1/100 [00:00<00:00, 249.56it/s]/Library/Frameworks/Python.framework/Versions/3.13/lib/python3.13/site-packages/optuna/distributions.py:687: UserWarning: The distribution is specified by [0.001, 0.05] and step=0.005, but the range is not divisible by `step`. It will be replaced by [0.001, 0.046].
  warnings.warn(
                                                                                 Best trial: 1. Best value: -999:   2%|▏         | 2/100 [00:03<03:13,  1.98s/it]Best trial: 5. Best value: -0.0105:   2%|▏         | 2/100 [00:03<03:13,  1.98s/it]Best trial: 5. Best value: -0.0105:   3%|▎         | 3/100 [00:03<02:07,  1.32s/it]/Library/Frameworks/Python.framework/Versions/3.13/lib/python3.13/site-packages/optuna/distributions.py:687: UserWarning: The distribution is specified by [0.001, 0.05] and step=0.005, but the range is not divisible by `step`. It will be replaced by [0.001, 0.046].
  warnings.warn(
                                                                                   Best trial: 5. Best value: -0.0105:   3%|▎         | 3/100 [00:03<02:07,  1.32s/it]Best trial: 5. Best value: -0.0105:   3%|▎         | 3/100 [00:03<02:07,  1.32s/it]                                                                                   Best trial: 5. Best value: -0.0105:   4%|▍         | 4/100 [00:03<02:06,  1.32s/it]Best trial: 5. Best value: -0.0105:   4%|▍         | 4/100 [00:03<02:06,  1.32s/it]                                                                                   Best trial: 5. Best value: -0.0105:   5%|▌         | 5/100 [00:03<02:05,  1.32s/it]Best trial: 5. Best value: -0.0105:   5%|▌         | 5/100 [00:03<02:05,  1.32s/it]                                                                                   Best trial: 5. Best value: -0.0105:   6%|▌         | 6/100 [00:03<02:04,  1.32s/it]Best trial: 5. Best value: -0.0105:   6%|▌         | 6/100 [00:03<02:04,  1.32s/it]                                                                                   Best trial: 5. Best value: -0.0105:   7%|▋         | 7/100 [00:03<02:02,  1.32s/it]Best trial: 5. Best value: -0.0105:   7%|▋         | 7/100 [00:03<02:02,  1.32s/it]                                                                                   Best trial: 5. Best value: -0.0105:   8%|▊         | 8/100 [00:03<02:01,  1.32s/it]Best trial: 5. Best value: -0.0105:   8%|▊         | 8/100 [00:03<02:01,  1.32s/it]                                                                                   Best trial: 5. Best value: -0.0105:   9%|▉         | 9/100 [00:03<02:00,  1.32s/it]Best trial: 5. Best value: -0.0105:   9%|▉         | 9/100 [00:03<02:00,  1.32s/it]                                                                                   Best trial: 5. Best value: -0.0105:  10%|█         | 10/100 [00:03<01:58,  1.32s/it]Best trial: 5. Best value: -0.0105:  10%|█         | 10/100 [00:03<01:58,  1.32s/it]                                                                                    Best trial: 5. Best value: -0.0105:  11%|█         | 11/100 [00:07<01:57,  1.32s/it]Best trial: 9. Best value: 0:  11%|█         | 11/100 [00:07<01:57,  1.32s/it]      Best trial: 9. Best value: 0:  12%|█▏        | 12/100 [00:07<00:53,  1.65it/s]/Library/Frameworks/Python.framework/Versions/3.13/lib/python3.13/site-packages/optuna/distributions.py:687: UserWarning: The distribution is specified by [0.001, 0.05] and step=0.005, but the range is not divisible by `step`. It will be replaced by [0.001, 0.046].
  warnings.warn(
                                                                              Best trial: 9. Best value: 0:  12%|█▏        | 12/100 [00:08<00:53,  1.65it/s]Best trial: 9. Best value: 0:  12%|█▏        | 12/100 [00:08<00:53,  1.65it/s]/Library/Frameworks/Python.framework/Versions/3.13/lib/python3.13/site-packages/optuna/distributions.py:687: UserWarning: The distribution is specified by [0.001, 0.05] and step=0.005, but the range is not divisible by `step`. It will be replaced by [0.001, 0.046].
  warnings.warn(
                                                                              Best trial: 9. Best value: 0:  13%|█▎        | 13/100 [00:08<00:52,  1.65it/s]Best trial: 9. Best value: 0:  13%|█▎        | 13/100 [00:08<00:52,  1.65it/s]/Library/Frameworks/Python.framework/Versions/3.13/lib/python3.13/site-packages/optuna/distributions.py:687: UserWarning: The distribution is specified by [0.001, 0.05] and step=0.005, but the range is not divisible by `step`. It will be replaced by [0.001, 0.046].
  warnings.warn(
                                                                              Best trial: 9. Best value: 0:  14%|█▍        | 14/100 [00:08<00:52,  1.65it/s]Best trial: 9. Best value: 0:  14%|█▍        | 14/100 [00:08<00:52,  1.65it/s]                                                                              Best trial: 9. Best value: 0:  15%|█▌        | 15/100 [00:12<00:51,  1.65it/s]Best trial: 15. Best value: 0.0285:  15%|█▌        | 15/100 [00:12<00:51,  1.65it/s]Best trial: 15. Best value: 0.0285:  16%|█▌        | 16/100 [00:12<01:04,  1.30it/s]/Library/Frameworks/Python.framework/Versions/3.13/lib/python3.13/site-packages/optuna/distributions.py:687: UserWarning: The distribution is specified by [0.001, 0.05] and step=0.005, but the range is not divisible by `step`. It will be replaced by [0.001, 0.046].
  warnings.warn(
                                                                                    Best trial: 15. Best value: 0.0285:  16%|█▌        | 16/100 [00:12<01:04,  1.30it/s]Best trial: 15. Best value: 0.0285:  16%|█▌        | 16/100 [00:12<01:04,  1.30it/s]/Library/Frameworks/Python.framework/Versions/3.13/lib/python3.13/site-packages/optuna/distributions.py:687: UserWarning: The distribution is specified by [0.001, 0.05] and step=0.005, but the range is not divisible by `step`. It will be replaced by [0.001, 0.046].
  warnings.warn(
                                                                                    Best trial: 15. Best value: 0.0285:  17%|█▋        | 17/100 [00:12<01:04,  1.30it/s]Best trial: 15. Best value: 0.0285:  17%|█▋        | 17/100 [00:12<01:04,  1.30it/s]/Library/Frameworks/Python.framework/Versions/3.13/lib/python3.13/site-packages/optuna/distributions.py:687: UserWarning: The distribution is specified by [0.001, 0.05] and step=0.005, but the range is not divisible by `step`. It will be replaced by [0.001, 0.046].
  warnings.warn(
                                                                                    Best trial: 15. Best value: 0.0285:  18%|█▊        | 18/100 [00:12<01:03,  1.30it/s]Best trial: 15. Best value: 0.0285:  18%|█▊        | 18/100 [00:12<01:03,  1.30it/s]Best trial: 15. Best value: 0.0285:  19%|█▉        | 19/100 [00:12<00:46,  1.74it/s]/Library/Frameworks/Python.framework/Versions/3.13/lib/python3.13/site-packages/optuna/distributions.py:687: UserWarning: The distribution is specified by [0.001, 0.05] and step=0.005, but the range is not divisible by `step`. It will be replaced by [0.001, 0.046].
  warnings.warn(
                                                                                    Best trial: 15. Best value: 0.0285:  19%|█▉        | 19/100 [00:16<00:46,  1.74it/s]Best trial: 15. Best value: 0.0285:  19%|█▉        | 19/100 [00:16<00:46,  1.74it/s]/Library/Frameworks/Python.framework/Versions/3.13/lib/python3.13/site-packages/optuna/distributions.py:687: UserWarning: The distribution is specified by [0.001, 0.05] and step=0.005, but the range is not divisible by `step`. It will be replaced by [0.001, 0.046].
  warnings.warn(
                                                                                    Best trial: 15. Best value: 0.0285:  20%|██        | 20/100 [00:16<00:45,  1.74it/s]Best trial: 15. Best value: 0.0285:  20%|██        | 20/100 [00:16<00:45,  1.74it/s]Best trial: 15. Best value: 0.0285:  21%|██        | 21/100 [00:16<01:08,  1.15it/s]/Library/Frameworks/Python.framework/Versions/3.13/lib/python3.13/site-packages/optuna/distributions.py:687: UserWarning: The distribution is specified by [0.001, 0.05] and step=0.005, but the range is not divisible by `step`. It will be replaced by [0.001, 0.046].
  warnings.warn(
                                                                                    Best trial: 15. Best value: 0.0285:  21%|██        | 21/100 [00:16<01:08,  1.15it/s]Best trial: 15. Best value: 0.0285:  21%|██        | 21/100 [00:16<01:08,  1.15it/s]/Library/Frameworks/Python.framework/Versions/3.13/lib/python3.13/site-packages/optuna/distributions.py:687: UserWarning: The distribution is specified by [0.001, 0.05] and step=0.005, but the range is not divisible by `step`. It will be replaced by [0.001, 0.046].
  warnings.warn(
                                                                                    Best trial: 15. Best value: 0.0285:  22%|██▏       | 22/100 [00:16<01:07,  1.15it/s]Best trial: 15. Best value: 0.0285:  22%|██▏       | 22/100 [00:16<01:07,  1.15it/s]                                                                                    Best trial: 15. Best value: 0.0285:  23%|██▎       | 23/100 [00:20<01:06,  1.15it/s]Best trial: 15. Best value: 0.0285:  23%|██▎       | 23/100 [00:20<01:06,  1.15it/s]Best trial: 15. Best value: 0.0285:  24%|██▍       | 24/100 [00:20<01:16,  1.00s/it]/Library/Frameworks/Python.framework/Versions/3.13/lib/python3.13/site-packages/optuna/distributions.py:687: UserWarning: The distribution is specified by [0.001, 0.05] and step=0.005, but the range is not divisible by `step`. It will be replaced by [0.001, 0.046].
  warnings.warn(
                                                                                    Best trial: 15. Best value: 0.0285:  24%|██▍       | 24/100 [00:20<01:16,  1.00s/it]Best trial: 15. Best value: 0.0285:  24%|██▍       | 24/100 [00:20<01:16,  1.00s/it]/Library/Frameworks/Python.framework/Versions/3.13/lib/python3.13/site-packages/optuna/distributions.py:687: UserWarning: The distribution is specified by [0.001, 0.05] and step=0.005, but the range is not divisible by `step`. It will be replaced by [0.001, 0.046].
  warnings.warn(
                                                                                    Best trial: 15. Best value: 0.0285:  25%|██▌       | 25/100 [00:20<01:15,  1.00s/it]Best trial: 15. Best value: 0.0285:  25%|██▌       | 25/100 [00:20<01:15,  1.00s/it]Best trial: 15. Best value: 0.0285:  26%|██▌       | 26/100 [00:20<00:58,  1.26it/s]/Library/Frameworks/Python.framework/Versions/3.13/lib/python3.13/site-packages/optuna/distributions.py:687: UserWarning: The distribution is specified by [0.001, 0.05] and step=0.005, but the range is not divisible by `step`. It will be replaced by [0.001, 0.046].
  warnings.warn(
                                                                                    Best trial: 15. Best value: 0.0285:  26%|██▌       | 26/100 [00:20<00:58,  1.26it/s]Best trial: 15. Best value: 0.0285:  26%|██▌       | 26/100 [00:20<00:58,  1.26it/s]/Library/Frameworks/Python.framework/Versions/3.13/lib/python3.13/site-packages/optuna/distributions.py:687: UserWarning: The distribution is specified by [0.001, 0.05] and step=0.005, but the range is not divisible by `step`. It will be replaced by [0.001, 0.046].
  warnings.warn(
                                                                                    Best trial: 15. Best value: 0.0285:  27%|██▋       | 27/100 [00:24<00:57,  1.26it/s]Best trial: 15. Best value: 0.0285:  27%|██▋       | 27/100 [00:24<00:57,  1.26it/s]Best trial: 15. Best value: 0.0285:  28%|██▊       | 28/100 [00:24<01:20,  1.12s/it]/Library/Frameworks/Python.framework/Versions/3.13/lib/python3.13/site-packages/optuna/distributions.py:687: UserWarning: The distribution is specified by [0.001, 0.05] and step=0.005, but the range is not divisible by `step`. It will be replaced by [0.001, 0.046].
  warnings.warn(
                                                                                    Best trial: 15. Best value: 0.0285:  28%|██▊       | 28/100 [00:24<01:20,  1.12s/it]Best trial: 15. Best value: 0.0285:  28%|██▊       | 28/100 [00:24<01:20,  1.12s/it]/Library/Frameworks/Python.framework/Versions/3.13/lib/python3.13/site-packages/optuna/distributions.py:687: UserWarning: The distribution is specified by [0.001, 0.05] and step=0.005, but the range is not divisible by `step`. It will be replaced by [0.001, 0.046].
  warnings.warn(
                                                                                    Best trial: 15. Best value: 0.0285:  29%|██▉       | 29/100 [00:24<01:19,  1.12s/it]Best trial: 15. Best value: 0.0285:  29%|██▉       | 29/100 [00:24<01:19,  1.12s/it]/Library/Frameworks/Python.framework/Versions/3.13/lib/python3.13/site-packages/optuna/distributions.py:687: UserWarning: The distribution is specified by [0.001, 0.05] and step=0.005, but the range is not divisible by `step`. It will be replaced by [0.001, 0.046].
  warnings.warn(
                                                                                    Best trial: 15. Best value: 0.0285:  30%|███       | 30/100 [00:24<01:18,  1.12s/it]Best trial: 15. Best value: 0.0285:  30%|███       | 30/100 [00:24<01:18,  1.12s/it]Best trial: 15. Best value: 0.0285:  31%|███       | 31/100 [00:24<00:52,  1.32it/s]/Library/Frameworks/Python.framework/Versions/3.13/lib/python3.13/site-packages/optuna/distributions.py:687: UserWarning: The distribution is specified by [0.001, 0.05] and step=0.005, but the range is not divisible by `step`. It will be replaced by [0.001, 0.046].
  warnings.warn(
                                                                                    Best trial: 15. Best value: 0.0285:  31%|███       | 31/100 [00:28<00:52,  1.32it/s]Best trial: 15. Best value: 0.0285:  31%|███       | 31/100 [00:28<00:52,  1.32it/s]Best trial: 15. Best value: 0.0285:  32%|███▏      | 32/100 [00:28<01:20,  1.18s/it]/Library/Frameworks/Python.framework/Versions/3.13/lib/python3.13/site-packages/optuna/distributions.py:687: UserWarning: The distribution is specified by [0.001, 0.05] and step=0.005, but the range is not divisible by `step`. It will be replaced by [0.001, 0.046].
  warnings.warn(
                                                                                    Best trial: 15. Best value: 0.0285:  32%|███▏      | 32/100 [00:28<01:20,  1.18s/it]Best trial: 15. Best value: 0.0285:  32%|███▏      | 32/100 [00:28<01:20,  1.18s/it]/Library/Frameworks/Python.framework/Versions/3.13/lib/python3.13/site-packages/optuna/distributions.py:687: UserWarning: The distribution is specified by [0.001, 0.05] and step=0.005, but the range is not divisible by `step`. It will be replaced by [0.001, 0.046].
  warnings.warn(
                                                                                    Best trial: 15. Best value: 0.0285:  33%|███▎      | 33/100 [00:28<01:19,  1.18s/it]Best trial: 15. Best value: 0.0285:  33%|███▎      | 33/100 [00:28<01:19,  1.18s/it]Best trial: 15. Best value: 0.0285:  34%|███▍      | 34/100 [00:28<00:56,  1.16it/s]/Library/Frameworks/Python.framework/Versions/3.13/lib/python3.13/site-packages/optuna/distributions.py:687: UserWarning: The distribution is specified by [0.001, 0.05] and step=0.005, but the range is not divisible by `step`. It will be replaced by [0.001, 0.046].
  warnings.warn(
                                                                                    Best trial: 15. Best value: 0.0285:  34%|███▍      | 34/100 [00:28<00:56,  1.16it/s]Best trial: 15. Best value: 0.0285:  34%|███▍      | 34/100 [00:28<00:56,  1.16it/s]Best trial: 15. Best value: 0.0285:  35%|███▌      | 35/100 [00:28<00:47,  1.37it/s]/Library/Frameworks/Python.framework/Versions/3.13/lib/python3.13/site-packages/optuna/distributions.py:687: UserWarning: The distribution is specified by [0.001, 0.05] and step=0.005, but the range is not divisible by `step`. It will be replaced by [0.001, 0.046].
  warnings.warn(
                                                                                    Best trial: 15. Best value: 0.0285:  35%|███▌      | 35/100 [00:32<00:47,  1.37it/s]Best trial: 15. Best value: 0.0285:  35%|███▌      | 35/100 [00:32<00:47,  1.37it/s]Best trial: 15. Best value: 0.0285:  36%|███▌      | 36/100 [00:32<01:25,  1.33s/it]/Library/Frameworks/Python.framework/Versions/3.13/lib/python3.13/site-packages/optuna/distributions.py:687: UserWarning: The distribution is specified by [0.001, 0.05] and step=0.005, but the range is not divisible by `step`. It will be replaced by [0.001, 0.046].
  warnings.warn(
                                                                                    Best trial: 15. Best value: 0.0285:  36%|███▌      | 36/100 [00:32<01:25,  1.33s/it]Best trial: 15. Best value: 0.0285:  36%|███▌      | 36/100 [00:32<01:25,  1.33s/it]/Library/Frameworks/Python.framework/Versions/3.13/lib/python3.13/site-packages/optuna/distributions.py:687: UserWarning: The distribution is specified by [0.001, 0.05] and step=0.005, but the range is not divisible by `step`. It will be replaced by [0.001, 0.046].
  warnings.warn(
                                                                                    Best trial: 15. Best value: 0.0285:  37%|███▋      | 37/100 [00:32<01:23,  1.33s/it]Best trial: 15. Best value: 0.0285:  37%|███▋      | 37/100 [00:32<01:23,  1.33s/it]Best trial: 15. Best value: 0.0285:  38%|███▊      | 38/100 [00:32<00:54,  1.14it/s]/Library/Frameworks/Python.framework/Versions/3.13/lib/python3.13/site-packages/optuna/distributions.py:687: UserWarning: The distribution is specified by [0.001, 0.05] and step=0.005, but the range is not divisible by `step`. It will be replaced by [0.001, 0.046].
  warnings.warn(
                                                                                    Best trial: 15. Best value: 0.0285:  38%|███▊      | 38/100 [00:33<00:54,  1.14it/s]Best trial: 15. Best value: 0.0285:  38%|███▊      | 38/100 [00:33<00:54,  1.14it/s]Best trial: 15. Best value: 0.0285:  39%|███▉      | 39/100 [00:33<00:44,  1.38it/s]/Library/Frameworks/Python.framework/Versions/3.13/lib/python3.13/site-packages/optuna/distributions.py:687: UserWarning: The distribution is specified by [0.001, 0.05] and step=0.005, but the range is not divisible by `step`. It will be replaced by [0.001, 0.046].
  warnings.warn(
                                                                                    Best trial: 15. Best value: 0.0285:  39%|███▉      | 39/100 [00:36<00:44,  1.38it/s]Best trial: 15. Best value: 0.0285:  39%|███▉      | 39/100 [00:36<00:44,  1.38it/s]Best trial: 15. Best value: 0.0285:  40%|████      | 40/100 [00:36<01:23,  1.40s/it]/Library/Frameworks/Python.framework/Versions/3.13/lib/python3.13/site-packages/optuna/distributions.py:687: UserWarning: The distribution is specified by [0.001, 0.05] and step=0.005, but the range is not divisible by `step`. It will be replaced by [0.001, 0.046].
  warnings.warn(
                                                                                    Best trial: 15. Best value: 0.0285:  40%|████      | 40/100 [00:36<01:23,  1.40s/it]Best trial: 15. Best value: 0.0285:  40%|████      | 40/100 [00:36<01:23,  1.40s/it]/Library/Frameworks/Python.framework/Versions/3.13/lib/python3.13/site-packages/optuna/distributions.py:687: UserWarning: The distribution is specified by [0.001, 0.05] and step=0.005, but the range is not divisible by `step`. It will be replaced by [0.001, 0.046].
  warnings.warn(
                                                                                    Best trial: 15. Best value: 0.0285:  41%|████      | 41/100 [00:36<01:22,  1.40s/it]Best trial: 15. Best value: 0.0285:  41%|████      | 41/100 [00:36<01:22,  1.40s/it]Best trial: 15. Best value: 0.0285:  42%|████▏     | 42/100 [00:36<00:50,  1.14it/s]/Library/Frameworks/Python.framework/Versions/3.13/lib/python3.13/site-packages/optuna/distributions.py:687: UserWarning: The distribution is specified by [0.001, 0.05] and step=0.005, but the range is not divisible by `step`. It will be replaced by [0.001, 0.046].
  warnings.warn(
                                                                                   