[I 2025-10-08 16:36:26,709] A new study created in memory with name: no-name-d9bc0aa4-57d5-4c3f-b05c-b4dc179ea103
================================================================================
ADAPTIVE OPTUNA FRAMEWORK
================================================================================
Strategy: C
Data: data/equities/SPY_4blocks.csv
Build: /Volumes/ExternalSSD/Dev/C++/online_trader/build
Output: data/tmp/optuna_4blocks_parallel/optuna_results.json
================================================================================
[AdaptiveOptuna] Loaded 1920 bars
[AdaptiveOptuna] Total blocks: 4
[AdaptiveOptuna] Bars per block: 390
[AdaptiveOptuna] Optuna trials: 50
[AdaptiveOptuna] Parallel jobs: 4
[FeatureCache] Feature caching DISABLED

================================================================================
STRATEGY C: STATIC BASELINE
================================================================================

--- Tuning on first 20 blocks ---

[Tuning] Blocks 0-19 (50 trials)
[BlockData] Created /Volumes/ExternalSSD/Dev/C++/online_trader/data/tmp/ab_test_results/train_blocks_0_20_SPY.csv: blocks 0-19 (1920 bars)
[Optuna] Running 50 trials with 4 parallel jobs (4x speedup)
  0%|          | 0/50 [00:00<?, ?it/s]                                        0%|          | 0/50 [00:00<?, ?it/s]Best trial: 3. Best value: -999:   0%|          | 0/50 [00:00<?, ?it/s]                                                                       Best trial: 3. Best value: -999:   2%|▏         | 1/50 [00:00<00:45,  1.07it/s]Best trial: 1. Best value: 0.1732:   2%|▏         | 1/50 [00:00<00:45,  1.07it/s]Best trial: 1. Best value: 0.1732:   4%|▍         | 2/50 [00:00<00:22,  2.13it/s]                                                                                 Best trial: 1. Best value: 0.1732:   4%|▍         | 2/50 [00:00<00:22,  2.13it/s]Best trial: 1. Best value: 0.1732:   4%|▍         | 2/50 [00:00<00:22,  2.13it/s]                                                                                 Best trial: 1. Best value: 0.1732:   6%|▌         | 3/50 [00:00<00:22,  2.13it/s]Best trial: 1. Best value: 0.1732:   6%|▌         | 3/50 [00:00<00:22,  2.13it/s]                                                                                 Best trial: 1. Best value: 0.1732:   8%|▊         | 4/50 [00:00<00:21,  2.13it/s]Best trial: 1. Best value: 0.1732:   8%|▊         | 4/50 [00:00<00:21,  2.13it/s]                                                                                 Best trial: 1. Best value: 0.1732:  10%|█         | 5/50 [00:01<00:21,  2.13it/s]Best trial: 1. Best value: 0.1732:  10%|█         | 5/50 [00:01<00:21,  2.13it/s]Best trial: 1. Best value: 0.1732:  12%|█▏        | 6/50 [00:01<00:11,  4.00it/s]                                                                                 Best trial: 1. Best value: 0.1732:  12%|█▏        | 6/50 [00:01<00:11,  4.00it/s]Best trial: 1. Best value: 0.1732:  12%|█▏        | 6/50 [00:01<00:11,  4.00it/s]                                                                                 Best trial: 1. Best value: 0.1732:  14%|█▍        | 7/50 [00:01<00:10,  4.00it/s]Best trial: 1. Best value: 0.1732:  14%|█▍        | 7/50 [00:01<00:10,  4.00it/s]                                                                                 Best trial: 1. Best value: 0.1732:  16%|█▌        | 8/50 [00:01<00:10,  4.00it/s]Best trial: 1. Best value: 0.1732:  16%|█▌        | 8/50 [00:01<00:10,  4.00it/s]                                                                                 Best trial: 1. Best value: 0.1732:  18%|█▊        | 9/50 [00:02<00:10,  4.00it/s]Best trial: 1. Best value: 0.1732:  18%|█▊        | 9/50 [00:02<00:10,  4.00it/s]Best trial: 1. Best value: 0.1732:  20%|██        | 10/50 [00:02<00:08,  4.77it/s]                                                                                  Best trial: 1. Best value: 0.1732:  20%|██        | 10/50 [00:02<00:08,  4.77it/s]Best trial: 1. Best value: 0.1732:  20%|██        | 10/50 [00:02<00:08,  4.77it/s]                                                                                  Best trial: 1. Best value: 0.1732:  22%|██▏       | 11/50 [00:02<00:08,  4.77it/s]Best trial: 1. Best value: 0.1732:  22%|██▏       | 11/50 [00:02<00:08,  4.77it/s]                                                                                  Best trial: 1. Best value: 0.1732:  24%|██▍       | 12/50 [00:02<00:07,  4.77it/s]Best trial: 1. Best value: 0.1732:  24%|██▍       | 12/50 [00:02<00:07,  4.77it/s]                                                                                  Best trial: 1. Best value: 0.1732:  26%|██▌       | 13/50 [00:03<00:07,  4.77it/s]Best trial: 1. Best value: 0.1732:  26%|██▌       | 13/50 [00:03<00:07,  4.77it/s]Best trial: 1. Best value: 0.1732:  28%|██▊       | 14/50 [00:03<00:06,  5.15it/s]                                                                                  Best trial: 1. Best value: 0.1732:  28%|██▊       | 14/50 [00:03<00:06,  5.15it/s]Best trial: 1. Best value: 0.1732:  28%|██▊       | 14/50 [00:03<00:06,  5.15it/s]                                                                                  Best trial: 1. Best value: 0.1732:  30%|███       | 15/50 [00:03<00:06,  5.15it/s]Best trial: 1. Best value: 0.1732:  30%|███       | 15/50 [00:03<00:06,  5.15it/s]                                                                                  Best trial: 1. Best value: 0.1732:  32%|███▏      | 16/50 [00:03<00:06,  5.15it/s]Best trial: 1. Best value: 0.1732:  32%|███▏      | 16/50 [00:03<00:06,  5.15it/s]                                                                                  Best trial: 1. Best value: 0.1732:  34%|███▍      | 17/50 [00:03<00:06,  5.15it/s]Best trial: 1. Best value: 0.1732:  34%|███▍      | 17/50 [00:03<00:06,  5.15it/s]Best trial: 1. Best value: 0.1732:  36%|███▌      | 18/50 [00:03<00:05,  5.39it/s]                                                                                  Best trial: 1. Best value: 0.1732:  36%|███▌      | 18/50 [00:03<00:05,  5.39it/s]Best trial: 1. Best value: 0.1732:  36%|███▌      | 18/50 [00:03<00:05,  5.39it/s]                                                                                  Best trial: 1. Best value: 0.1732:  38%|███▊      | 19/50 [00:03<00:05,  5.39it/s]Best trial: 1. Best value: 0.1732:  38%|███▊      | 19/50 [00:03<00:05,  5.39it/s]                                                                                  Best trial: 1. Best value: 0.1732:  40%|████      | 20/50 [00:03<00:05,  5.39it/s]Best trial: 1. Best value: 0.1732:  40%|████      | 20/50 [00:03<00:05,  5.39it/s]                                                                                  Best trial: 1. Best value: 0.1732:  42%|████▏     | 21/50 [00:04<00:05,  5.39it/s]Best trial: 1. Best value: 0.1732:  42%|████▏     | 21/50 [00:04<00:05,  5.39it/s]Best trial: 1. Best value: 0.1732:  44%|████▍     | 22/50 [00:04<00:05,  5.51it/s]                                                                                  Best trial: 1. Best value: 0.1732:  44%|████▍     | 22/50 [00:04<00:05,  5.51it/s]Best trial: 1. Best value: 0.1732:  44%|████▍     | 22/50 [00:04<00:05,  5.51it/s]                                                                                  Best trial: 1. Best value: 0.1732:  46%|████▌     | 23/50 [00:04<00:04,  5.51it/s]Best trial: 1. Best value: 0.1732:  46%|████▌     | 23/50 [00:04<00:04,  5.51it/s]                                                                                  Best trial: 1. Best value: 0.1732:  48%|████▊     | 24/50 [00:04<00:04,  5.51it/s]Best trial: 1. Best value: 0.1732:  48%|████▊     | 24/50 [00:04<00:04,  5.51it/s]                                                                                  Best trial: 1. Best value: 0.1732:  50%|█████     | 25/50 [00:05<00:04,  5.51it/s]Best trial: 1. Best value: 0.1732:  50%|█████     | 25/50 [00:05<00:04,  5.51it/s]Best trial: 1. Best value: 0.1732:  52%|█████▏    | 26/50 [00:05<00:04,  5.60it/s]                                                                                  Best trial: 1. Best value: 0.1732:  52%|█████▏    | 26/50 [00:05<00:04,  5.60it/s]Best trial: 1. Best value: 0.1732:  52%|█████▏    | 26/50 [00:05<00:04,  5.60it/s]                                                                                  Best trial: 1. Best value: 0.1732:  54%|█████▍    | 27/50 [00:05<00:04,  5.60it/s]Best trial: 1. Best value: 0.1732:  54%|█████▍    | 27/50 [00:05<00:04,  5.60it/s]                                                                                  Best trial: 1. Best value: 0.1732:  56%|█████▌    | 28/50 [00:05<00:03,  5.60it/s]Best trial: 1. Best value: 0.1732:  56%|█████▌    | 28/50 [00:05<00:03,  5.60it/s]                                                                                  Best trial: 1. Best value: 0.1732:  58%|█████▊    | 29/50 [00:05<00:03,  5.60it/s]Best trial: 1. Best value: 0.1732:  58%|█████▊    | 29/50 [00:05<00:03,  5.60it/s]Best trial: 1. Best value: 0.1732:  60%|██████    | 30/50 [00:05<00:03,  5.62it/s]                                                                                  Best trial: 1. Best value: 0.1732:  60%|██████    | 30/50 [00:05<00:03,  5.62it/s]Best trial: 1. Best value: 0.1732:  60%|██████    | 30/50 [00:05<00:03,  5.62it/s]                                                                                  Best trial: 1. Best value: 0.1732:  62%|██████▏   | 31/50 [00:05<00:03,  5.62it/s]Best trial: 1. Best value: 0.1732:  62%|██████▏   | 31/50 [00:05<00:03,  5.62it/s]                                                                                  Best trial: 1. Best value: 0.1732:  64%|██████▍   | 32/50 [00:05<00:03,  5.62it/s]Best trial: 1. Best value: 0.1732:  64%|██████▍   | 32/50 [00:05<00:03,  5.62it/s]                                                                                  Best trial: 1. Best value: 0.1732:  66%|██████▌   | 33/50 [00:05<00:03,  5.62it/s]Best trial: 1. Best value: 0.1732:  66%|██████▌   | 33/50 [00:05<00:03,  5.62it/s]                                                                                  Best trial: 1. Best value: 0.1732:  68%|██████▊   | 34/50 [00:06<00:02,  5.62it/s]Best trial: 1. Best value: 0.1732:  68%|██████▊   | 34/50 [00:06<00:02,  5.62it/s]Best trial: 1. Best value: 0.1732:  70%|███████   | 35/50 [00:06<00:02,  6.11it/s]                                                                                  Best trial: 1. Best value: 0.1732:  70%|███████   | 35/50 [00:06<00:02,  6.11it/s]Best trial: 1. Best value: 0.1732:  70%|███████   | 35/50 [00:06<00:02,  6.11it/s]                                                                                  Best trial: 1. Best value: 0.1732:  72%|███████▏  | 36/50 [00:06<00:02,  6.11it/s]Best trial: 1. Best value: 0.1732:  72%|███████▏  | 36/50 [00:06<00:02,  6.11it/s]                                                                                  Best trial: 1. Best value: 0.1732:  74%|███████▍  | 37/50 [00:06<00:02,  6.11it/s]Best trial: 1. Best value: 0.1732:  74%|███████▍  | 37/50 [00:06<00:02,  6.11it/s]                                                                                  Best trial: 1. Best value: 0.1732:  76%|███████▌  | 38/50 [00:07<00:01,  6.11it/s]Best trial: 1. Best value: 0.1732:  76%|███████▌  | 38/50 [00:07<00:01,  6.11it/s]Best trial: 1. Best value: 0.1732:  78%|███████▊  | 39/50 [00:07<00:01,  6.00it/s]                                                                                  Best trial: 1. Best value: 0.1732:  78%|███████▊  | 39/50 [00:07<00:01,  6.00it/s]Best trial: 1. Best value: 0.1732:  78%|███████▊  | 39/50 [00:07<00:01,  6.00it/s]                                                                                  Best trial: 1. Best value: 0.1732:  80%|████████  | 40/50 [00:07<00:01,  6.00it/s]Best trial: 1. Best value: 0.1732:  80%|████████  | 40/50 [00:07<00:01,  6.00it/s]                                                                                  Best trial: 1. Best value: 0.1732:  82%|████████▏ | 41/50 [00:07<00:01,  6.00it/s]Best trial: 1. Best value: 0.1732:  82%|████████▏ | 41/50 [00:07<00:01,  6.00it/s]                                                                                  Best trial: 1. Best value: 0.1732:  84%|████████▍ | 42/50 [00:07<00:01,  6.00it/s]Best trial: 1. Best value: 0.1732:  84%|████████▍ | 42/50 [00:07<00:01,  6.00it/s]Best trial: 1. Best value: 0.1732:  86%|████████▌ | 43/50 [00:07<00:01,  5.93it/s]                                                                                  Best trial: 1. Best value: 0.1732:  86%|████████▌ | 43/50 [00:07<00:01,  5.93it/s]Best trial: 1. Best value: 0.1732:  86%|████████▌ | 43/50 [00:07<00:01,  5.93it/s]                                                                                  Best trial: 1. Best value: 0.1732:  88%|████████▊ | 44/50 [00:07<00:01,  5.93it/s]Best trial: 1. Best value: 0.1732:  88%|████████▊ | 44/50 [00:07<00:01,  5.93it/s]                                                                                  Best trial: 1. Best value: 0.1732:  90%|█████████ | 45/50 [00:07<00:00,  5.93it/s]Best trial: 1. Best value: 0.1732:  90%|█████████ | 45/50 [00:07<00:00,  5.93it/s]                                                                                  Best trial: 1. Best value: 0.1732:  92%|█████████▏| 46/50 [00:08<00:00,  5.93it/s]Best trial: 1. Best value: 0.1732:  92%|█████████▏| 46/50 [00:08<00:00,  5.93it/s]Best trial: 1. Best value: 0.1732:  94%|█████████▍| 47/50 [00:08<00:00,  5.89it/s]                                                                                  Best trial: 1. Best value: 0.1732:  94%|█████████▍| 47/50 [00:08<00:00,  5.89it/s]Best trial: 1. Best value: 0.1732:  94%|█████████▍| 47/50 [00:08<00:00,  5.89it/s]                                                                                  Best trial: 1. Best value: 0.1732:  96%|█████████▌| 48/50 [00:08<00:00,  5.89it/s]Best trial: 1. Best value: 0.1732:  96%|█████████▌| 48/50 [00:08<00:00,  5.89it/s]                                                                                  Best trial: 1. Best value: 0.1732:  98%|█████████▊| 49/50 [00:08<00:00,  5.89it/s]Best trial: 1. Best value: 0.1732:  98%|█████████▊| 49/50 [00:08<00:00,  5.89it/s]Best trial: 1. Best value: 0.1732: 100%|██████████| 50/50 [00:08<00:00,  5.80it/s]
[I 2025-10-08 16:36:26,727] Trial 3 finished with value: -999.0 and parameters: {'buy_threshold': 0.48, 'sell_threshold': 0.5, 'ewrls_lambda': 0.995, 'bb_amplification_factor': 0.14}. Best is trial 3 with value: -999.0.
  Trial 1: MRB=0.1732% buy=0.56 sell=0.45
[I 2025-10-08 16:36:27,662] Trial 1 finished with value: 0.1732 and parameters: {'buy_threshold': 0.5599999999999999, 'sell_threshold': 0.45, 'ewrls_lambda': 0.99, 'bb_amplification_factor': 0.13}. Best is trial 1 with value: 0.1732.
  Trial 0: MRB=0.1732% buy=0.49 sell=0.43
[I 2025-10-08 16:36:27,663] Trial 0 finished with value: 0.1732 and parameters: {'buy_threshold': 0.49, 'sell_threshold': 0.43000000000000005, 'ewrls_lambda': 0.997, 'bb_amplification_factor': 0.05}. Best is trial 1 with value: 0.1732.
  Trial 4: MRB=0.1732% buy=0.58 sell=0.41
[I 2025-10-08 16:36:27,666] Trial 4 finished with value: 0.1732 and parameters: {'buy_threshold': 0.58, 'sell_threshold': 0.41000000000000003, 'ewrls_lambda': 0.992, 'bb_amplification_factor': 0.09}. Best is trial 1 with value: 0.1732.
  Trial 2: MRB=0.1732% buy=0.55 sell=0.52
[I 2025-10-08 16:36:27,667] Trial 2 finished with value: 0.1732 and parameters: {'buy_threshold': 0.55, 'sell_threshold': 0.52, 'ewrls_lambda': 0.998, 'bb_amplification_factor': 0.11}. Best is trial 1 with value: 0.1732.
  Trial 5: MRB=0.1506% buy=0.53 sell=0.47
[I 2025-10-08 16:36:28,357] Trial 5 finished with value: 0.1506 and parameters: {'buy_threshold': 0.53, 'sell_threshold': 0.47000000000000003, 'ewrls_lambda': 0.997, 'bb_amplification_factor': 0.05}. Best is trial 1 with value: 0.1732.
  Trial 6: MRB=0.1506% buy=0.53 sell=0.41
[I 2025-10-08 16:36:28,359] Trial 6 finished with value: 0.1506 and parameters: {'buy_threshold': 0.53, 'sell_threshold': 0.41000000000000003, 'ewrls_lambda': 0.998, 'bb_amplification_factor': 0.07}. Best is trial 1 with value: 0.1732.
  Trial 8: MRB=0.1506% buy=0.51 sell=0.40
[I 2025-10-08 16:36:28,363] Trial 8 finished with value: 0.1506 and parameters: {'buy_threshold': 0.51, 'sell_threshold': 0.4, 'ewrls_lambda': 0.991, 'bb_amplification_factor': 0.08}. Best is trial 1 with value: 0.1732.
  Trial 7: MRB=0.1506% buy=0.57 sell=0.52
[I 2025-10-08 16:36:28,367] Trial 7 finished with value: 0.1506 and parameters: {'buy_threshold': 0.57, 'sell_threshold': 0.52, 'ewrls_lambda': 0.997, 'bb_amplification_factor': 0.05}. Best is trial 1 with value: 0.1732.
  Trial 9: MRB=0.0000% buy=0.51 sell=0.40
[I 2025-10-08 16:36:29,041] Trial 9 finished with value: 0.0 and parameters: {'buy_threshold': 0.51, 'sell_threshold': 0.4, 'ewrls_lambda': 0.994, 'bb_amplification_factor': 0.11}. Best is trial 1 with value: 0.1732.
  Trial 11: MRB=0.1121% buy=0.59 sell=0.47
[I 2025-10-08 16:36:29,066] Trial 11 finished with value: 0.1121 and parameters: {'buy_threshold': 0.59, 'sell_threshold': 0.47000000000000003, 'ewrls_lambda': 0.991, 'bb_amplification_factor': 0.07}. Best is trial 1 with value: 0.1732.
  Trial 10: MRB=0.1121% buy=0.57 sell=0.43
[I 2025-10-08 16:36:29,068] Trial 10 finished with value: 0.1121 and parameters: {'buy_threshold': 0.57, 'sell_threshold': 0.43000000000000005, 'ewrls_lambda': 0.998, 'bb_amplification_factor': 0.14}. Best is trial 1 with value: 0.1732.
  Trial 12: MRB=0.1121% buy=0.48 sell=0.45
[I 2025-10-08 16:36:29,071] Trial 12 finished with value: 0.1121 and parameters: {'buy_threshold': 0.48, 'sell_threshold': 0.45, 'ewrls_lambda': 0.991, 'bb_amplification_factor': 0.15}. Best is trial 1 with value: 0.1732.
  Trial 13: MRB=0.1618% buy=0.48 sell=0.44
[I 2025-10-08 16:36:29,736] Trial 13 finished with value: 0.1618 and parameters: {'buy_threshold': 0.48, 'sell_threshold': 0.44, 'ewrls_lambda': 0.995, 'bb_amplification_factor': 0.07}. Best is trial 1 with value: 0.1732.
  Trial 14: MRB=0.0000% buy=0.48 sell=0.44
[I 2025-10-08 16:36:29,749] Trial 14 finished with value: 0.0 and parameters: {'buy_threshold': 0.48, 'sell_threshold': 0.44, 'ewrls_lambda': 0.994, 'bb_amplification_factor': 0.14}. Best is trial 1 with value: 0.1732.
  Trial 16: MRB=0.0938% buy=0.55 sell=0.44
[I 2025-10-08 16:36:29,773] Trial 16 finished with value: 0.0938 and parameters: {'buy_threshold': 0.55, 'sell_threshold': 0.44, 'ewrls_lambda': 0.994, 'bb_amplification_factor': 0.12000000000000001}. Best is trial 1 with value: 0.1732.
  Trial 15: MRB=0.0938% buy=0.48 sell=0.44
[I 2025-10-08 16:36:29,777] Trial 15 finished with value: 0.0938 and parameters: {'buy_threshold': 0.48, 'sell_threshold': 0.44, 'ewrls_lambda': 0.994, 'bb_amplification_factor': 0.12000000000000001}. Best is trial 1 with value: 0.1732.
  Trial 17: MRB=0.0799% buy=0.55 sell=0.43
[I 2025-10-08 16:36:30,419] Trial 17 finished with value: 0.0799 and parameters: {'buy_threshold': 0.55, 'sell_threshold': 0.43000000000000005, 'ewrls_lambda': 0.994, 'bb_amplification_factor': 0.12000000000000001}. Best is trial 1 with value: 0.1732.
  Trial 18: MRB=0.0971% buy=0.55 sell=0.48
[I 2025-10-08 16:36:30,446] Trial 18 finished with value: 0.0971 and parameters: {'buy_threshold': 0.55, 'sell_threshold': 0.48000000000000004, 'ewrls_lambda': 0.993, 'bb_amplification_factor': 0.12000000000000001}. Best is trial 1 with value: 0.1732.
  Trial 19: MRB=0.1006% buy=0.60 sell=0.48
[I 2025-10-08 16:36:30,469] Trial 19 finished with value: 0.1006 and parameters: {'buy_threshold': 0.6, 'sell_threshold': 0.48000000000000004, 'ewrls_lambda': 0.996, 'bb_amplification_factor': 0.12000000000000001}. Best is trial 1 with value: 0.1732.
  Trial 20: MRB=0.1006% buy=0.51 sell=0.48
[I 2025-10-08 16:36:30,474] Trial 20 finished with value: 0.1006 and parameters: {'buy_threshold': 0.51, 'sell_threshold': 0.48000000000000004, 'ewrls_lambda': 0.996, 'bb_amplification_factor': 0.1}. Best is trial 1 with value: 0.1732.
  Trial 21: MRB=0.1006% buy=0.60 sell=0.49
[I 2025-10-08 16:36:31,116] Trial 21 finished with value: 0.1006 and parameters: {'buy_threshold': 0.6, 'sell_threshold': 0.49, 'ewrls_lambda': 0.996, 'bb_amplification_factor': 0.1}. Best is trial 1 with value: 0.1732.
  Trial 22: MRB=0.1006% buy=0.60 sell=0.46
[I 2025-10-08 16:36:31,144] Trial 22 finished with value: 0.1006 and parameters: {'buy_threshold': 0.6, 'sell_threshold': 0.46, 'ewrls_lambda': 0.99, 'bb_amplification_factor': 0.1}. Best is trial 1 with value: 0.1732.
  Trial 23: MRB=0.1006% buy=0.50 sell=0.42
[I 2025-10-08 16:36:31,165] Trial 23 finished with value: 0.1006 and parameters: {'buy_threshold': 0.5, 'sell_threshold': 0.42000000000000004, 'ewrls_lambda': 0.99, 'bb_amplification_factor': 0.1}. Best is trial 1 with value: 0.1732.
  Trial 24: MRB=0.1006% buy=0.56 sell=0.52
[I 2025-10-08 16:36:31,170] Trial 24 finished with value: 0.1006 and parameters: {'buy_threshold': 0.5599999999999999, 'sell_threshold': 0.52, 'ewrls_lambda': 0.999, 'bb_amplification_factor': 0.1}. Best is trial 1 with value: 0.1732.
  Trial 25: MRB=0.0928% buy=0.56 sell=0.52
[I 2025-10-08 16:36:31,809] Trial 25 finished with value: 0.0928 and parameters: {'buy_threshold': 0.5599999999999999, 'sell_threshold': 0.52, 'ewrls_lambda': 0.999, 'bb_amplification_factor': 0.13}. Best is trial 1 with value: 0.1732.
  Trial 26: MRB=0.0000% buy=0.56 sell=0.52
