[I 2025-10-08 16:36:31,834] Trial 26 finished with value: 0.0 and parameters: {'buy_threshold': 0.5599999999999999, 'sell_threshold': 0.52, 'ewrls_lambda': 0.999, 'bb_amplification_factor': 0.13}. Best is trial 1 with value: 0.1732.
  Trial 27: MRB=0.0000% buy=0.56 sell=0.52
[I 2025-10-08 16:36:31,841] Trial 27 finished with value: 0.0 and parameters: {'buy_threshold': 0.5599999999999999, 'sell_threshold': 0.52, 'ewrls_lambda': 0.999, 'bb_amplification_factor': 0.13}. Best is trial 1 with value: 0.1732.
  Trial 28: MRB=0.0928% buy=0.53 sell=0.46
[I 2025-10-08 16:36:31,866] Trial 28 finished with value: 0.0928 and parameters: {'buy_threshold': 0.53, 'sell_threshold': 0.46, 'ewrls_lambda': 0.999, 'bb_amplification_factor': 0.13}. Best is trial 1 with value: 0.1732.
  Trial 29: MRB=0.1481% buy=0.53 sell=0.46
[I 2025-10-08 16:36:32,513] Trial 29 finished with value: 0.1481 and parameters: {'buy_threshold': 0.53, 'sell_threshold': 0.46, 'ewrls_lambda': 0.998, 'bb_amplification_factor': 0.060000000000000005}. Best is trial 1 with value: 0.1732.
[I 2025-10-08 16:36:32,517] Trial 33 finished with value: -999.0 and parameters: {'buy_threshold': 0.5, 'sell_threshold': 0.5, 'ewrls_lambda': 0.997, 'bb_amplification_factor': 0.15}. Best is trial 1 with value: 0.1732.
  Trial 30: MRB=0.1481% buy=0.54 sell=0.46
[I 2025-10-08 16:36:32,545] Trial 30 finished with value: 0.1481 and parameters: {'buy_threshold': 0.54, 'sell_threshold': 0.46, 'ewrls_lambda': 0.998, 'bb_amplification_factor': 0.060000000000000005}. Best is trial 1 with value: 0.1732.
  Trial 31: MRB=0.1481% buy=0.53 sell=0.46
[I 2025-10-08 16:36:32,548] Trial 31 finished with value: 0.1481 and parameters: {'buy_threshold': 0.53, 'sell_threshold': 0.46, 'ewrls_lambda': 0.997, 'bb_amplification_factor': 0.060000000000000005}. Best is trial 1 with value: 0.1732.
  Trial 32: MRB=0.1121% buy=0.54 sell=0.45
[I 2025-10-08 16:36:32,570] Trial 32 finished with value: 0.1121 and parameters: {'buy_threshold': 0.54, 'sell_threshold': 0.45, 'ewrls_lambda': 0.997, 'bb_amplification_factor': 0.15}. Best is trial 1 with value: 0.1732.
  Trial 34: MRB=0.1732% buy=0.58 sell=0.42
[I 2025-10-08 16:36:33,209] Trial 34 finished with value: 0.1732 and parameters: {'buy_threshold': 0.58, 'sell_threshold': 0.42000000000000004, 'ewrls_lambda': 0.992, 'bb_amplification_factor': 0.09}. Best is trial 1 with value: 0.1732.
  Trial 35: MRB=0.1383% buy=0.58 sell=0.42
[I 2025-10-08 16:36:33,241] Trial 35 finished with value: 0.1383 and parameters: {'buy_threshold': 0.58, 'sell_threshold': 0.42000000000000004, 'ewrls_lambda': 0.992, 'bb_amplification_factor': 0.09}. Best is trial 1 with value: 0.1732.
  Trial 36: MRB=0.1383% buy=0.58 sell=0.42
[I 2025-10-08 16:36:33,243] Trial 36 finished with value: 0.1383 and parameters: {'buy_threshold': 0.58, 'sell_threshold': 0.42000000000000004, 'ewrls_lambda': 0.992, 'bb_amplification_factor': 0.09}. Best is trial 1 with value: 0.1732.
  Trial 37: MRB=0.1732% buy=0.58 sell=0.41
[I 2025-10-08 16:36:33,261] Trial 37 finished with value: 0.1732 and parameters: {'buy_threshold': 0.58, 'sell_threshold': 0.41000000000000003, 'ewrls_lambda': 0.992, 'bb_amplification_factor': 0.09}. Best is trial 1 with value: 0.1732.
  Trial 38: MRB=0.1638% buy=0.58 sell=0.41
[I 2025-10-08 16:36:33,905] Trial 38 finished with value: 0.1638 and parameters: {'buy_threshold': 0.58, 'sell_threshold': 0.41000000000000003, 'ewrls_lambda': 0.992, 'bb_amplification_factor': 0.08}. Best is trial 1 with value: 0.1732.
  Trial 40: MRB=0.0749% buy=0.57 sell=0.41
[I 2025-10-08 16:36:33,935] Trial 40 finished with value: 0.0749 and parameters: {'buy_threshold': 0.57, 'sell_threshold': 0.41000000000000003, 'ewrls_lambda': 0.993, 'bb_amplification_factor': 0.11}. Best is trial 1 with value: 0.1732.
  Trial 39: MRB=0.0749% buy=0.58 sell=0.41
[I 2025-10-08 16:36:33,937] Trial 39 finished with value: 0.0749 and parameters: {'buy_threshold': 0.58, 'sell_threshold': 0.41000000000000003, 'ewrls_lambda': 0.992, 'bb_amplification_factor': 0.11}. Best is trial 1 with value: 0.1732.
  Trial 41: MRB=0.0871% buy=0.57 sell=0.41
[I 2025-10-08 16:36:33,957] Trial 41 finished with value: 0.0871 and parameters: {'buy_threshold': 0.57, 'sell_threshold': 0.41000000000000003, 'ewrls_lambda': 0.993, 'bb_amplification_factor': 0.11}. Best is trial 1 with value: 0.1732.
  Trial 42: MRB=0.0871% buy=0.57 sell=0.40
[I 2025-10-08 16:36:34,596] Trial 42 finished with value: 0.0871 and parameters: {'buy_threshold': 0.57, 'sell_threshold': 0.4, 'ewrls_lambda': 0.99, 'bb_amplification_factor': 0.11}. Best is trial 1 with value: 0.1732.
[ERROR] Analysis failed: Error: No trades loaded

  Trial 43: MRB=-999.0000% buy=0.59 sell=0.40
[I 2025-10-08 16:36:34,624] Trial 43 finished with value: -999.0 and parameters: {'buy_threshold': 0.59, 'sell_threshold': 0.4, 'ewrls_lambda': 0.991, 'bb_amplification_factor': 0.05}. Best is trial 1 with value: 0.1732.
[ERROR] Analysis failed: Error: No trades loaded

  Trial 44: MRB=-999.0000% buy=0.59 sell=0.43
[I 2025-10-08 16:36:34,628] Trial 44 finished with value: -999.0 and parameters: {'buy_threshold': 0.59, 'sell_threshold': 0.43000000000000005, 'ewrls_lambda': 0.991, 'bb_amplification_factor': 0.08}. Best is trial 1 with value: 0.1732.
  Trial 45: MRB=0.1638% buy=0.59 sell=0.43
[I 2025-10-08 16:36:34,649] Trial 45 finished with value: 0.1638 and parameters: {'buy_threshold': 0.59, 'sell_threshold': 0.43000000000000005, 'ewrls_lambda': 0.991, 'bb_amplification_factor': 0.08}. Best is trial 1 with value: 0.1732.
  Trial 46: MRB=0.1638% buy=0.59 sell=0.43
[I 2025-10-08 16:36:35,288] Trial 46 finished with value: 0.1638 and parameters: {'buy_threshold': 0.59, 'sell_threshold': 0.43000000000000005, 'ewrls_lambda': 0.991, 'bb_amplification_factor': 0.08}. Best is trial 1 with value: 0.1732.
  Trial 48: MRB=0.1732% buy=0.55 sell=0.43
[I 2025-10-08 16:36:35,320] Trial 48 finished with value: 0.1732 and parameters: {'buy_threshold': 0.55, 'sell_threshold': 0.43000000000000005, 'ewrls_lambda': 0.995, 'bb_amplification_factor': 0.09}. Best is trial 1 with value: 0.1732.
  Trial 47: MRB=0.1732% buy=0.59 sell=0.43
[I 2025-10-08 16:36:35,321] Trial 47 finished with value: 0.1732 and parameters: {'buy_threshold': 0.59, 'sell_threshold': 0.43000000000000005, 'ewrls_lambda': 0.995, 'bb_amplification_factor': 0.08}. Best is trial 1 with value: 0.1732.
  Trial 49: MRB=0.1732% buy=0.52 sell=0.45
[I 2025-10-08 16:36:35,342] Trial 49 finished with value: 0.1732 and parameters: {'buy_threshold': 0.52, 'sell_threshold': 0.45, 'ewrls_lambda': 0.995, 'bb_amplification_factor': 0.09}. Best is trial 1 with value: 0.1732.
[Tuning] Complete in 8.6s
[Tuning] Best MRB: 0.1732%
[Tuning] Best params: {'buy_threshold': 0.5599999999999999, 'sell_threshold': 0.45, 'ewrls_lambda': 0.99, 'bb_amplification_factor': 0.13}

[Static] Using fixed params for all tests: {'buy_threshold': 0.5599999999999999, 'sell_threshold': 0.45, 'ewrls_lambda': 0.99, 'bb_amplification_factor': 0.13}

================================================================================
SUMMARY
================================================================================
Strategy: C
Total tests: 0
Mean MRB: 0.0000%
Std MRB: 0.0000%
Min MRB: 0.0000%
Max MRB: 0.0000%
Total time: 0.1 minutes
Results saved to: data/tmp/optuna_4blocks_parallel/optuna_results.json
================================================================================
