[I 2025-10-08 09:52:24,989] A new study created in memory with name: no-name-6506f6bd-405a-4b91-9808-db7ba1debb64
================================================================================
ADAPTIVE OPTUNA FRAMEWORK
================================================================================
Strategy: C
Data: data/equities/SPY_20blocks.csv
Build: /Volumes/ExternalSSD/Dev/C++/online_trader/build
Output: /Volumes/ExternalSSD/Dev/C++/online_trader/data/tmp/ab_test_results/strategy_c_results.json
================================================================================
[AdaptiveOptuna] Loaded 9600 bars
[AdaptiveOptuna] Total blocks: 24
[AdaptiveOptuna] Bars per block: 390

================================================================================
STRATEGY C: STATIC BASELINE
================================================================================

--- Tuning on first 20 blocks ---

[Tuning] Blocks 0-19 (200 trials)
[BlockData] Created /Volumes/ExternalSSD/Dev/C++/online_trader/data/tmp/ab_test_results/train_blocks_0_20_SPY.csv: blocks 0-19 (7800 bars)
  0%|          | 0/200 [00:00<?, ?it/s]                                         0%|          | 0/200 [00:00<?, ?it/s]Best trial: 0. Best value: -999:   0%|          | 0/200 [00:00<?, ?it/s]                                                                        Best trial: 0. Best value: -999:   0%|          | 1/200 [00:12<41:12, 12.43s/it]Best trial: 1. Best value: 0.0219:   0%|          | 1/200 [00:12<41:12, 12.43s/it]Best trial: 1. Best value: 0.0219:   1%|          | 2/200 [00:12<20:30,  6.21s/it]                                                                                  Best trial: 1. Best value: 0.0219:   1%|          | 2/200 [00:24<20:30,  6.21s/it]Best trial: 2. Best value: 0.0246:   1%|          | 2/200 [00:24<20:30,  6.21s/it]Best trial: 2. Best value: 0.0246:   2%|▏         | 3/200 [00:24<29:05,  8.86s/it]                                                                                  Best trial: 2. Best value: 0.0246:   2%|▏         | 3/200 [00:37<29:05,  8.86s/it]Best trial: 3. Best value: 0.0549:   2%|▏         | 3/200 [00:37<29:05,  8.86s/it]Best trial: 3. Best value: 0.0549:   2%|▏         | 4/200 [00:37<33:31, 10.26s/it]                                                                                  Best trial: 3. Best value: 0.0549:   2%|▏         | 4/200 [00:50<33:31, 10.26s/it]Best trial: 3. Best value: 0.0549:   2%|▏         | 4/200 [00:50<33:31, 10.26s/it]Best trial: 3. Best value: 0.0549:   2%|▎         | 5/200 [00:50<36:03, 11.09s/it]                                                                                  Best trial: 3. Best value: 0.0549:   2%|▎         | 5/200 [01:02<36:03, 11.09s/it]Best trial: 3. Best value: 0.0549:   2%|▎         | 5/200 [01:02<36:03, 11.09s/it]Best trial: 3. Best value: 0.0549:   3%|▎         | 6/200 [01:02<37:30, 11.60s/it]                                                                                  Best trial: 3. Best value: 0.0549:   3%|▎         | 6/200 [01:15<37:30, 11.60s/it]Best trial: 3. Best value: 0.0549:   3%|▎         | 6/200 [01:15<37:30, 11.60s/it]Best trial: 3. Best value: 0.0549:   4%|▎         | 7/200 [01:15<38:21, 11.92s/it]                                                                                  Best trial: 3. Best value: 0.0549:   4%|▎         | 7/200 [01:28<38:21, 11.92s/it]Best trial: 3. Best value: 0.0549:   4%|▎         | 7/200 [01:28<38:21, 11.92s/it]Best trial: 3. Best value: 0.0549:   4%|▍         | 8/200 [01:28<38:53, 12.15s/it]                                                                                  Best trial: 3. Best value: 0.0549:   4%|▍         | 8/200 [01:28<38:53, 12.15s/it]Best trial: 3. Best value: 0.0549:   4%|▍         | 8/200 [01:28<38:53, 12.15s/it]                                                                                  Best trial: 3. Best value: 0.0549:   4%|▍         | 9/200 [01:40<38:41, 12.15s/it]Best trial: 3. Best value: 0.0549:   4%|▍         | 9/200 [01:40<38:41, 12.15s/it]Best trial: 3. Best value: 0.0549:   5%|▌         | 10/200 [01:40<29:48,  9.41s/it]                                                                                   Best trial: 3. Best value: 0.0549:   5%|▌         | 10/200 [01:53<29:48,  9.41s/it]Best trial: 3. Best value: 0.0549:   5%|▌         | 10/200 [01:53<29:48,  9.41s/it]Best trial: 3. Best value: 0.0549:   6%|▌         | 11/200 [01:53<32:21, 10.27s/it]                                                                                   Best trial: 3. Best value: 0.0549:   6%|▌         | 11/200 [02:06<32:21, 10.27s/it]Best trial: 3. Best value: 0.0549:   6%|▌         | 11/200 [02:06<32:21, 10.27s/it]Best trial: 3. Best value: 0.0549:   6%|▌         | 12/200 [02:06<34:15, 10.93s/it]                                                                                   Best trial: 3. Best value: 0.0549:   6%|▌         | 12/200 [02:19<34:15, 10.93s/it]Best trial: 3. Best value: 0.0549:   6%|▌         | 12/200 [02:19<34:15, 10.93s/it]Best trial: 3. Best value: 0.0549:   6%|▋         | 13/200 [02:19<35:40, 11.45s/it]                                                                                   Best trial: 3. Best value: 0.0549:   6%|▋         | 13/200 [02:31<35:40, 11.45s/it]Best trial: 3. Best value: 0.0549:   6%|▋         | 13/200 [02:31<35:40, 11.45s/it]Best trial: 3. Best value: 0.0549:   7%|▋         | 14/200 [02:31<36:36, 11.81s/it]                                                                                   Best trial: 3. Best value: 0.0549:   7%|▋         | 14/200 [02:44<36:36, 11.81s/it]Best trial: 3. Best value: 0.0549:   7%|▋         | 14/200 [02:44<36:36, 11.81s/it]Best trial: 3. Best value: 0.0549:   8%|▊         | 15/200 [02:44<37:13, 12.07s/it]                                                                                   Best trial: 3. Best value: 0.0549:   8%|▊         | 15/200 [02:57<37:13, 12.07s/it]Best trial: 3. Best value: 0.0549:   8%|▊         | 15/200 [02:57<37:13, 12.07s/it]Best trial: 3. Best value: 0.0549:   8%|▊         | 16/200 [02:57<37:38, 12.28s/it]                                                                                   Best trial: 3. Best value: 0.0549:   8%|▊         | 16/200 [03:10<37:38, 12.28s/it]Best trial: 3. Best value: 0.0549:   8%|▊         | 16/200 [03:10<37:38, 12.28s/it]Best trial: 3. Best value: 0.0549:   8%|▊         | 17/200 [03:10<37:54, 12.43s/it]                                                                                   Best trial: 3. Best value: 0.0549:   8%|▊         | 17/200 [03:23<37:54, 12.43s/it]Best trial: 3. Best value: 0.0549:   8%|▊         | 17/200 [03:23<37:54, 12.43s/it]Best trial: 3. Best value: 0.0549:   9%|▉         | 18/200 [03:23<37:58, 12.52s/it]                                                                                   Best trial: 3. Best value: 0.0549:   9%|▉         | 18/200 [03:35<37:58, 12.52s/it]Best trial: 3. Best value: 0.0549:   9%|▉         | 18/200 [03:35<37:58, 12.52s/it]Best trial: 3. Best value: 0.0549:  10%|▉         | 19/200 [03:35<38:01, 12.60s/it]                                                                                   Best trial: 3. Best value: 0.0549:  10%|▉         | 19/200 [03:48<38:01, 12.60s/it]Best trial: 3. Best value: 0.0549:  10%|▉         | 19/200 [03:48<38:01, 12.60s/it]Best trial: 3. Best value: 0.0549:  10%|█         | 20/200 [03:48<38:02, 12.68s/it]                                                                                   Best trial: 3. Best value: 0.0549:  10%|█         | 20/200 [04:01<38:02, 12.68s/it]Best trial: 3. Best value: 0.0549:  10%|█         | 20/200 [04:01<38:02, 12.68s/it]Best trial: 3. Best value: 0.0549:  10%|█         | 21/200 [04:01<38:06, 12.77s/it]                                                                                   Best trial: 3. Best value: 0.0549:  10%|█         | 21/200 [04:14<38:06, 12.77s/it]Best trial: 3. Best value: 0.0549:  10%|█         | 21/200 [04:14<38:06, 12.77s/it]Best trial: 3. Best value: 0.0549:  11%|█         | 22/200 [04:14<38:00, 12.81s/it]                                                                                   Best trial: 3. Best value: 0.0549:  11%|█         | 22/200 [04:27<38:00, 12.81s/it]Best trial: 3. Best value: 0.0549:  11%|█         | 22/200 [04:27<38:00, 12.81s/it]Best trial: 3. Best value: 0.0549:  12%|█▏        | 23/200 [04:27<37:53, 12.84s/it]                                                                                   Best trial: 3. Best value: 0.0549:  12%|█▏        | 23/200 [04:40<37:53, 12.84s/it]Best trial: 3. Best value: 0.0549:  12%|█▏        | 23/200 [04:40<37:53, 12.84s/it]Best trial: 3. Best value: 0.0549:  12%|█▏        | 24/200 [04:40<37:42, 12.86s/it]                                                                                   Best trial: 3. Best value: 0.0549:  12%|█▏        | 24/200 [04:53<37:42, 12.86s/it]Best trial: 3. Best value: 0.0549:  12%|█▏        | 24/200 [04:53<37:42, 12.86s/it]Best trial: 3. Best value: 0.0549:  12%|█▎        | 25/200 [04:53<37:33, 12.88s/it]                                                                                   Best trial: 3. Best value: 0.0549:  12%|█▎        | 25/200 [05:06<37:33, 12.88s/it]Best trial: 3. Best value: 0.0549:  12%|█▎        | 25/200 [05:06<37:33, 12.88s/it]Best trial: 3. Best value: 0.0549:  13%|█▎        | 26/200 [05:06<37:24, 12.90s/it]                                                                                   Best trial: 3. Best value: 0.0549:  13%|█▎        | 26/200 [05:19<37:24, 12.90s/it]Best trial: 3. Best value: 0.0549:  13%|█▎        | 26/200 [05:19<37:24, 12.90s/it]Best trial: 3. Best value: 0.0549:  14%|█▎        | 27/200 [05:19<37:12, 12.90s/it]                                                                                   Best trial: 3. Best value: 0.0549:  14%|█▎        | 27/200 [05:32<37:12, 12.90s/it]Best trial: 3. Best value: 0.0549:  14%|█▎        | 27/200 [05:32<37:12, 12.90s/it]Best trial: 3. Best value: 0.0549:  14%|█▍        | 28/200 [05:32<36:57, 12.89s/it]                                                                                   Best trial: 3. Best value: 0.0549:  14%|█▍        | 28/200 [05:44<36:57, 12.89s/it]Best trial: 3. Best value: 0.0549:  14%|█▍        | 28/200 [05:44<36:57, 12.89s/it]Best trial: 3. Best value: 0.0549:  14%|█▍        | 29/200 [05:44<36:44, 12.89s/it]                                                                                   Best trial: 3. Best value: 0.0549:  14%|█▍        | 29/200 [05:57<36:44, 12.89s/it]Best trial: 3. Best value: 0.0549:  14%|█▍        | 29/200 [05:57<36:44, 12.89s/it]Best trial: 3. Best value: 0.0549:  15%|█▌        | 30/200 [05:57<36:32, 12.90s/it]                                                                                   Best trial: 3. Best value: 0.0549:  15%|█▌        | 30/200 [06:10<36:32, 12.90s/it]Best trial: 3. Best value: 0.0549:  15%|█▌        | 30/200 [06:10<36:32, 12.90s/it]Best trial: 3. Best value: 0.0549:  16%|█▌        | 31/200 [06:10<36:11, 12.85s/it]                                                                                   Best trial: 3. Best value: 0.0549:  16%|█▌        | 31/200 [06:23<36:11, 12.85s/it]Best trial: 3. Best value: 0.0549:  16%|█▌        | 31/200 [06:23<36:11, 12.85s/it]Best trial: 3. Best value: 0.0549:  16%|█▌        | 32/200 [06:23<35:59, 12.85s/it]                                                                                   Best trial: 3. Best value: 0.0549:  16%|█▌        | 32/200 [06:36<35:59, 12.85s/it]Best trial: 3. Best value: 0.0549:  16%|█▌        | 32/200 [06:36<35:59, 12.85s/it]Best trial: 3. Best value: 0.0549:  16%|█▋        | 33/200 [06:36<35:54, 12.90s/it]                                                                                   Best trial: 3. Best value: 0.0549:  16%|█▋        | 33/200 [06:49<35:54, 12.90s/it]Best trial: 3. Best value: 0.0549:  16%|█▋        | 33/200 [06:49<35:54, 12.90s/it]Best trial: 3. Best value: 0.0549:  17%|█▋        | 34/200 [06:49<35:45, 12.93s/it]                                                                                   Best trial: 3. Best value: 0.0549:  17%|█▋        | 34/200 [07:02<35:45, 12.93s/it]Best trial: 3. Best value: 0.0549:  17%|█▋        | 34/200 [07:02<35:45, 12.93s/it]Best trial: 3. Best value: 0.0549:  18%|█▊        | 35/200 [07:02<35:34, 12.93s/it]                                                                                   Best trial: 3. Best value: 0.0549:  18%|█▊        | 35/200 [07:15<35:34, 12.93s/it]Best trial: 3. Best value: 0.0549:  18%|█▊        | 35/200 [07:15<35:34, 12.93s/it]Best trial: 3. Best value: 0.0549:  18%|█▊        | 36/200 [07:15<35:20, 12.93s/it]                                                                                   Best trial: 3. Best value: 0.0549:  18%|█▊        | 36/200 [07:28<35:20, 12.93s/it]Best trial: 3. Best value: 0.0549:  18%|█▊        | 36/200 [07:28<35:20, 12.93s/it]Best trial: 3. Best value: 0.0549:  18%|█▊        | 37/200 [07:28<35:01, 12.89s/it]                                                                                   Best trial: 3. Best value: 0.0549:  18%|█▊        | 37/200 [07:40<35:01, 12.89s/it]Best trial: 3. Best value: 0.0549:  18%|█▊        | 37/200 [07:40<35:01, 12.89s/it]Best trial: 3. Best value: 0.0549:  19%|█▉        | 38/200 [07:40<34:46, 12.88s/it]                                                                                   Best trial: 3. Best value: 0.0549:  19%|█▉        | 38/200 [07:53<34:46, 12.88s/it]Best trial: 3. Best value: 0.0549:  19%|█▉        | 38/200 [07:53<34:46, 12.88s/it]Best trial: 3. Best value: 0.0549:  20%|█▉        | 39/200 [07:53<34:33, 12.88s/it]                                                                                   Best trial: 3. Best value: 0.0549:  20%|█▉        | 39/200 [08:06<34:33, 12.88s/it]Best trial: 3. Best value: 0.0549:  20%|█▉        | 39/200 [08:06<34:33, 12.88s/it]Best trial: 3. Best value: 0.0549:  20%|██        | 40/200 [08:06<34:17, 12.86s/it]                                                                                   Best trial: 3. Best value: 0.0549:  20%|██        | 40/200 [08:19<34:17, 12.86s/it]Best trial: 3. Best value: 0.0549:  20%|██        | 40/200 [08:19<34:17, 12.86s/it]Best trial: 3. Best value: 0.0549:  20%|██        | 41/200 [08:19<34:03, 12.86s/it]                                                                                   Best trial: 3. Best value: 0.0549:  20%|██        | 41/200 [08:32<34:03, 12.86s/it]Best trial: 3. Best value: 0.0549:  20%|██        | 41/200 [08:32<34:03, 12.86s/it]Best trial: 3. Best value: 0.0549:  21%|██        | 42/200 [08:32<33:50, 12.85s/it]                                                                                   Best trial: 3. Best value: 0.0549:  21%|██        | 42/200 [08:45<33:50, 12.85s/it]Best trial: 3. Best value: 0.0549:  21%|██        | 42/200 [08:45<33:50, 12.85s/it]Best trial: 3. Best value: 0.0549:  22%|██▏       | 43/200 [08:45<33:35, 12.84s/it]                                                                                   Best trial: 3. Best value: 0.0549:  22%|██▏       | 43/200 [08:58<33:35, 12.84s/it]Best trial: 3. Best value: 0.0549:  22%|██▏       | 43/200 [08:58<33:35, 12.84s/it]Best trial: 3. Best value: 0.0549:  22%|██▏       | 44/200 [08:58<33:25, 12.86s/it]                                                                                   Best trial: 3. Best value: 0.0549:  22%|██▏       | 44/200 [09:10<33:25, 12.86s/it]Best trial: 3. Best value: 0.0549:  22%|██▏       | 44/200 [09:10<33:25, 12.86s/it]Best trial: 3. Best value: 0.0549:  22%|██▎       | 45/200 [09:10<33:10, 12.84s/it]                                                                                   Best trial: 3. Best value: 0.0549:  22%|██▎       | 45/200 [09:23<33:10, 12.84s/it]Best trial: 3. Best value: 0.0549:  22%|██▎       | 45/200 [09:23<33:10, 12.84s/it]Best trial: 3. Best value: 0.0549:  23%|██▎       | 46/200 [09:23<33:02, 12.87s/it]                                                                                   Best trial: 3. Best value: 0.0549:  23%|██▎       | 46/200 [09:36<33:02, 12.87s/it]Best trial: 3. Best value: 0.0549:  23%|██▎       | 46/200 [09:36<33:02, 12.87s/it]Best trial: 3. Best value: 0.0549:  24%|██▎       | 47/200 [09:36<32:53, 12.90s/it]                                                                                   Best trial: 3. Best value: 0.0549:  24%|██▎       | 47/200 [09:49<32:53, 12.90s/it]Best trial: 3. Best value: 0.0549:  24%|██▎       | 47/200 [09:49<32:53, 12.90s/it]Best trial: 3. Best value: 0.0549:  24%|██▍       | 48/200 [09:49<32:46, 12.94s/it]                                                                                   Best trial: 3. Best value: 0.0549:  24%|██▍       | 48/200 [10:02<32:46, 12.94s/it]Best trial: 3. Best value: 0.0549:  24%|██▍       | 48/200 [10:02<32:46, 12.94s/it]Best trial: 3. Best value: 0.0549:  24%|██▍       | 49/200 [10:02<32:33, 12.94s/it]                                                                                   Best trial: 3. Best value: 0.0549:  24%|██▍       | 49/200 [10:15<32:33, 12.94s/it]Best trial: 3. Best value: 0.0549:  24%|██▍       | 49/200 [10:15<32:33, 12.94s/it]Best trial: 3. Best value: 0.0549:  25%|██▌       | 50/200 [10:15<32:20, 12.94s/it]                                                                                   Best trial: 3. Best value: 0.0549:  25%|██▌       | 50/200 [10:28<32:20, 12.94s/it]Best trial: 3. Best value: 0.0549:  25%|██▌       | 50/200 [10:28<32:20, 12.94s/it]Best trial: 3. Best value: 0.0549:  26%|██▌       | 51/200 [10:28<32:08, 12.94s/it]                                                                                   Best trial: 3. Best value: 0.0549:  26%|██▌       | 51/200 [10:41<32:08, 12.94s/it]Best trial: 3. Best value: 0.0549:  26%|██▌       | 51/200 [10:41<32:08, 12.94s/it]Best trial: 3. Best value: 0.0549:  26%|██▌       | 52/200 [10:41<31:56, 12.95s/it]                                                                                   Best trial: 3. Best value: 0.0549:  26%|██▌       | 52/200 [10:54<31:56, 12.95s/it]Best trial: 3. Best value: 0.0549:  26%|██▌       | 52/200 [10:54<31:56, 12.95s/it]Best trial: 3. Best value: 0.0549:  26%|██▋       | 53/200 [10:54<31:40, 12.93s/it]                                                                                   Best trial: 3. Best value: 0.0549:  26%|██▋       | 53/200 [11:07<31:40, 12.93s/it]Best trial: 3. Best value: 0.0549:  26%|██▋       | 53/200 [11:07<31:40, 12.93s/it]Best trial: 3. Best value: 0.0549:  27%|██▋       | 54/200 [11:07<31:28, 12.94s/it]                                                                                   Best trial: 3. Best value: 0.0549:  27%|██▋       | 54/200 [11:20<31:28, 12.94s/it]Best trial: 3. Best value: 0.0549:  27%|██▋       | 54/200 [11:20<31:28, 12.94s/it]Best trial: 3. Best value: 0.0549:  28%|██▊       | 55/200 [11:20<31:29, 13.03s/it]                                                                                   Best trial: 3. Best value: 0.0549:  28%|██▊       | 55/200 [11:34<31:29, 13.03s/it]Best trial: 3. Best value: 0.0549:  28%|██▊       | 55/200 [11:34<31:29, 13.03s/it]Best trial: 3. Best value: 0.0549:  28%|██▊       | 56/200 [11:34<31:32, 13.14s/it]                                                                                   Best trial: 3. Best value: 0.0549:  28%|██▊       | 56/200 [11:46<31:32, 13.14s/it]Best trial: 3. Best value: 0.0549:  28%|██▊       | 56/200 [11:46<31:32, 13.14s/it]Best trial: 3. Best value: 0.0549:  28%|██▊       | 57/200 [11:46<31:05, 13.04s/it]                                                                                   Best trial: 3. Best value: 0.0549:  28%|██▊       | 57/200 [11:59<31:05, 13.04s/it]Best trial: 3. Best value: 0.0549:  28%|██▊       | 57/200 [11:59<31:05, 13.04s/it]Best trial: 3. Best value: 0.0549:  29%|██▉       | 58/200 [11:59<30:38, 12.95s/it]                                                                                   Best trial: 3. Best value: 0.0549:  29%|██▉       | 58/200 [12:12<30:38, 12.95s/it]Best trial: 3. Best value: 0.0549:  29%|██▉       | 58/200 [12:12<30:38, 12.95s/it]Best trial: 3. Best value: 0.0549:  30%|██▉       | 59/200 [12:12<30:17, 12.89s/it]                                                                                   Best trial: 3. Best value: 0.0549:  30%|██▉       | 59/200 [12:25<30:17, 12.89s/it]Best trial: 3. Best value: 0.0549:  30%|██▉       | 59/200 [12:25<30:17, 12.89s/it]Best trial: 3. Best value: 0.0549:  30%|███       | 60/200 [12:25<30:00, 12.86s/it]                                                                                   [I 2025-10-08 09:52:25,008] Trial 0 finished with value: -999.0 and parameters: {'buy_threshold': 0.52, 'sell_threshold': 0.52, 'ewrls_lambda': 0.997, 'bb_amplification_factor': 0.11}. Best is trial 0 with value: -999.0.
  Trial 1: MRB=0.0219% buy=0.50 sell=0.42
[I 2025-10-08 09:52:37,432] Trial 1 finished with value: 0.0219 and parameters: {'buy_threshold': 0.5, 'sell_threshold': 0.42000000000000004, 'ewrls_lambda': 0.99, 'bb_amplification_factor': 0.14}. Best is trial 1 with value: 0.0219.
  Trial 2: MRB=0.0246% buy=0.55 sell=0.49
[I 2025-10-08 09:52:50,001] Trial 2 finished with value: 0.0246 and parameters: {'buy_threshold': 0.55, 'sell_threshold': 0.49, 'ewrls_lambda': 0.99, 'bb_amplification_factor': 0.15}. Best is trial 2 with value: 0.0246.
  Trial 3: MRB=0.0549% buy=0.58 sell=0.42
