[I 2025-10-08 09:53:02,624] Trial 3 finished with value: 0.0549 and parameters: {'buy_threshold': 0.58, 'sell_threshold': 0.42000000000000004, 'ewrls_lambda': 0.991, 'bb_amplification_factor': 0.07}. Best is trial 3 with value: 0.0549.
  Trial 4: MRB=0.0409% buy=0.51 sell=0.46
[I 2025-10-08 09:53:15,273] Trial 4 finished with value: 0.0409 and parameters: {'buy_threshold': 0.51, 'sell_threshold': 0.46, 'ewrls_lambda': 0.994, 'bb_amplification_factor': 0.08}. Best is trial 3 with value: 0.0549.
  Trial 5: MRB=0.0412% buy=0.55 sell=0.41
[I 2025-10-08 09:53:27,893] Trial 5 finished with value: 0.0412 and parameters: {'buy_threshold': 0.55, 'sell_threshold': 0.41000000000000003, 'ewrls_lambda': 0.992, 'bb_amplification_factor': 0.09}. Best is trial 3 with value: 0.0549.
  Trial 6: MRB=0.0025% buy=0.53 sell=0.50
[I 2025-10-08 09:53:40,498] Trial 6 finished with value: 0.0025 and parameters: {'buy_threshold': 0.53, 'sell_threshold': 0.5, 'ewrls_lambda': 0.991, 'bb_amplification_factor': 0.1}. Best is trial 3 with value: 0.0549.
  Trial 7: MRB=0.0279% buy=0.55 sell=0.40
[I 2025-10-08 09:53:53,150] Trial 7 finished with value: 0.0279 and parameters: {'buy_threshold': 0.55, 'sell_threshold': 0.4, 'ewrls_lambda': 0.996, 'bb_amplification_factor': 0.060000000000000005}. Best is trial 3 with value: 0.0549.
[I 2025-10-08 09:53:53,151] Trial 8 finished with value: -999.0 and parameters: {'buy_threshold': 0.48, 'sell_threshold': 0.52, 'ewrls_lambda': 0.999, 'bb_amplification_factor': 0.13}. Best is trial 3 with value: 0.0549.
  Trial 9: MRB=0.0412% buy=0.51 sell=0.41
[I 2025-10-08 09:54:05,885] Trial 9 finished with value: 0.0412 and parameters: {'buy_threshold': 0.51, 'sell_threshold': 0.41000000000000003, 'ewrls_lambda': 0.996, 'bb_amplification_factor': 0.09}. Best is trial 3 with value: 0.0549.
  Trial 10: MRB=0.0471% buy=0.60 sell=0.44
[I 2025-10-08 09:54:18,700] Trial 10 finished with value: 0.0471 and parameters: {'buy_threshold': 0.6, 'sell_threshold': 0.44, 'ewrls_lambda': 0.993, 'bb_amplification_factor': 0.05}. Best is trial 3 with value: 0.0549.
  Trial 11: MRB=0.0471% buy=0.60 sell=0.44
[I 2025-10-08 09:54:31,454] Trial 11 finished with value: 0.0471 and parameters: {'buy_threshold': 0.6, 'sell_threshold': 0.44, 'ewrls_lambda': 0.993, 'bb_amplification_factor': 0.05}. Best is trial 3 with value: 0.0549.
  Trial 12: MRB=0.0549% buy=0.60 sell=0.44
[I 2025-10-08 09:54:44,260] Trial 12 finished with value: 0.0549 and parameters: {'buy_threshold': 0.6, 'sell_threshold': 0.44, 'ewrls_lambda': 0.993, 'bb_amplification_factor': 0.07}. Best is trial 3 with value: 0.0549.
  Trial 13: MRB=0.0549% buy=0.58 sell=0.44
[I 2025-10-08 09:54:56,993] Trial 13 finished with value: 0.0549 and parameters: {'buy_threshold': 0.58, 'sell_threshold': 0.44, 'ewrls_lambda': 0.992, 'bb_amplification_factor': 0.07}. Best is trial 3 with value: 0.0549.
  Trial 14: MRB=0.0549% buy=0.58 sell=0.46
[I 2025-10-08 09:55:09,723] Trial 14 finished with value: 0.0549 and parameters: {'buy_threshold': 0.58, 'sell_threshold': 0.46, 'ewrls_lambda': 0.994, 'bb_amplification_factor': 0.07}. Best is trial 3 with value: 0.0549.
  Trial 15: MRB=-0.0174% buy=0.58 sell=0.43
[I 2025-10-08 09:55:22,495] Trial 15 finished with value: -0.0174 and parameters: {'buy_threshold': 0.58, 'sell_threshold': 0.43000000000000005, 'ewrls_lambda': 0.992, 'bb_amplification_factor': 0.11}. Best is trial 3 with value: 0.0549.
  Trial 16: MRB=0.0549% buy=0.57 sell=0.47
[I 2025-10-08 09:55:35,287] Trial 16 finished with value: 0.0549 and parameters: {'buy_threshold': 0.57, 'sell_threshold': 0.47000000000000003, 'ewrls_lambda': 0.991, 'bb_amplification_factor': 0.07}. Best is trial 3 with value: 0.0549.
  Trial 17: MRB=0.0409% buy=0.60 sell=0.45
[I 2025-10-08 09:55:48,016] Trial 17 finished with value: 0.0409 and parameters: {'buy_threshold': 0.6, 'sell_threshold': 0.45, 'ewrls_lambda': 0.995, 'bb_amplification_factor': 0.08}. Best is trial 3 with value: 0.0549.
  Trial 18: MRB=0.0279% buy=0.57 sell=0.48
[I 2025-10-08 09:56:00,829] Trial 18 finished with value: 0.0279 and parameters: {'buy_threshold': 0.57, 'sell_threshold': 0.48000000000000004, 'ewrls_lambda': 0.993, 'bb_amplification_factor': 0.060000000000000005}. Best is trial 3 with value: 0.0549.
  Trial 19: MRB=-0.0148% buy=0.59 sell=0.42
[I 2025-10-08 09:56:13,692] Trial 19 finished with value: -0.0148 and parameters: {'buy_threshold': 0.59, 'sell_threshold': 0.42000000000000004, 'ewrls_lambda': 0.991, 'bb_amplification_factor': 0.12000000000000001}. Best is trial 3 with value: 0.0549.
  Trial 20: MRB=0.0412% buy=0.56 sell=0.40
[I 2025-10-08 09:56:26,685] Trial 20 finished with value: 0.0412 and parameters: {'buy_threshold': 0.5599999999999999, 'sell_threshold': 0.4, 'ewrls_lambda': 0.998, 'bb_amplification_factor': 0.09}. Best is trial 3 with value: 0.0549.
  Trial 21: MRB=0.0549% buy=0.58 sell=0.44
[I 2025-10-08 09:56:39,576] Trial 21 finished with value: 0.0549 and parameters: {'buy_threshold': 0.58, 'sell_threshold': 0.44, 'ewrls_lambda': 0.992, 'bb_amplification_factor': 0.07}. Best is trial 3 with value: 0.0549.
  Trial 22: MRB=0.0279% buy=0.59 sell=0.43
[I 2025-10-08 09:56:52,498] Trial 22 finished with value: 0.0279 and parameters: {'buy_threshold': 0.59, 'sell_threshold': 0.43000000000000005, 'ewrls_lambda': 0.992, 'bb_amplification_factor': 0.060000000000000005}. Best is trial 3 with value: 0.0549.
  Trial 23: MRB=0.0409% buy=0.57 sell=0.45
[I 2025-10-08 09:57:05,387] Trial 23 finished with value: 0.0409 and parameters: {'buy_threshold': 0.57, 'sell_threshold': 0.45, 'ewrls_lambda': 0.99, 'bb_amplification_factor': 0.08}. Best is trial 3 with value: 0.0549.
  Trial 24: MRB=0.0471% buy=0.59 sell=0.43
[I 2025-10-08 09:57:18,318] Trial 24 finished with value: 0.0471 and parameters: {'buy_threshold': 0.59, 'sell_threshold': 0.43000000000000005, 'ewrls_lambda': 0.993, 'bb_amplification_factor': 0.05}. Best is trial 3 with value: 0.0549.
  Trial 25: MRB=0.0549% buy=0.56 sell=0.42
[I 2025-10-08 09:57:31,261] Trial 25 finished with value: 0.0549 and parameters: {'buy_threshold': 0.5599999999999999, 'sell_threshold': 0.42000000000000004, 'ewrls_lambda': 0.995, 'bb_amplification_factor': 0.07}. Best is trial 3 with value: 0.0549.
  Trial 26: MRB=0.0025% buy=0.59 sell=0.45
[I 2025-10-08 09:57:44,177] Trial 26 finished with value: 0.0025 and parameters: {'buy_threshold': 0.59, 'sell_threshold': 0.45, 'ewrls_lambda': 0.991, 'bb_amplification_factor': 0.1}. Best is trial 3 with value: 0.0549.
  Trial 27: MRB=0.0409% buy=0.54 sell=0.47
[I 2025-10-08 09:57:57,039] Trial 27 finished with value: 0.0409 and parameters: {'buy_threshold': 0.54, 'sell_threshold': 0.47000000000000003, 'ewrls_lambda': 0.994, 'bb_amplification_factor': 0.08}. Best is trial 3 with value: 0.0549.
  Trial 28: MRB=0.0279% buy=0.58 sell=0.41
[I 2025-10-08 09:58:09,930] Trial 28 finished with value: 0.0279 and parameters: {'buy_threshold': 0.58, 'sell_threshold': 0.41000000000000003, 'ewrls_lambda': 0.992, 'bb_amplification_factor': 0.060000000000000005}. Best is trial 3 with value: 0.0549.
  Trial 29: MRB=0.0025% buy=0.60 sell=0.44
[I 2025-10-08 09:58:22,845] Trial 29 finished with value: 0.0025 and parameters: {'buy_threshold': 0.6, 'sell_threshold': 0.44, 'ewrls_lambda': 0.991, 'bb_amplification_factor': 0.1}. Best is trial 3 with value: 0.0549.
  Trial 30: MRB=0.0549% buy=0.56 sell=0.43
[I 2025-10-08 09:58:35,578] Trial 30 finished with value: 0.0549 and parameters: {'buy_threshold': 0.5599999999999999, 'sell_threshold': 0.43000000000000005, 'ewrls_lambda': 0.993, 'bb_amplification_factor': 0.07}. Best is trial 3 with value: 0.0549.Best trial: 3. Best value: 0.0549:  30%|███       | 60/200 [12:37<30:00, 12.86s/it]Best trial: 3. Best value: 0.0549:  30%|███       | 60/200 [12:37<30:00, 12.86s/it]Best trial: 3. Best value: 0.0549:  30%|███       | 61/200 [12:37<29:44, 12.84s/it]                                                                                   Best trial: 3. Best value: 0.0549:  30%|███       | 61/200 [12:50<29:44, 12.84s/it]Best trial: 3. Best value: 0.0549:  30%|███       | 61/200 [12:50<29:44, 12.84s/it]Best trial: 3. Best value: 0.0549:  31%|███       | 62/200 [12:50<29:27, 12.81s/it]                                                                                   Best trial: 3. Best value: 0.0549:  31%|███       | 62/200 [13:03<29:27, 12.81s/it]Best trial: 3. Best value: 0.0549:  31%|███       | 62/200 [13:03<29:27, 12.81s/it]Best trial: 3. Best value: 0.0549:  32%|███▏      | 63/200 [13:03<29:16, 12.82s/it]                                                                                   Best trial: 3. Best value: 0.0549:  32%|███▏      | 63/200 [13:16<29:16, 12.82s/it]Best trial: 3. Best value: 0.0549:  32%|███▏      | 63/200 [13:16<29:16, 12.82s/it]Best trial: 3. Best value: 0.0549:  32%|███▏      | 64/200 [13:16<29:01, 12.80s/it]                                                                                   Best trial: 3. Best value: 0.0549:  32%|███▏      | 64/200 [13:29<29:01, 12.80s/it]Best trial: 3. Best value: 0.0549:  32%|███▏      | 64/200 [13:29<29:01, 12.80s/it]Best trial: 3. Best value: 0.0549:  32%|███▎      | 65/200 [13:29<28:49, 12.81s/it]                                                                                   Best trial: 3. Best value: 0.0549:  32%|███▎      | 65/200 [13:41<28:49, 12.81s/it]Best trial: 3. Best value: 0.0549:  32%|███▎      | 65/200 [13:41<28:49, 12.81s/it]Best trial: 3. Best value: 0.0549:  33%|███▎      | 66/200 [13:41<28:34, 12.80s/it]                                                                                   Best trial: 3. Best value: 0.0549:  33%|███▎      | 66/200 [13:54<28:34, 12.80s/it]Best trial: 3. Best value: 0.0549:  33%|███▎      | 66/200 [13:54<28:34, 12.80s/it]Best trial: 3. Best value: 0.0549:  34%|███▎      | 67/200 [13:54<28:26, 12.83s/it]                                                                                   Best trial: 3. Best value: 0.0549:  34%|███▎      | 67/200 [14:07<28:26, 12.83s/it]Best trial: 3. Best value: 0.0549:  34%|███▎      | 67/200 [14:07<28:26, 12.83s/it]Best trial: 3. Best value: 0.0549:  34%|███▍      | 68/200 [14:07<28:18, 12.86s/it]                                                                                   Best trial: 3. Best value: 0.0549:  34%|███▍      | 68/200 [14:20<28:18, 12.86s/it]Best trial: 3. Best value: 0.0549:  34%|███▍      | 68/200 [14:20<28:18, 12.86s/it]Best trial: 3. Best value: 0.0549:  34%|███▍      | 69/200 [14:20<28:05, 12.87s/it]                                                                                   Best trial: 3. Best value: 0.0549:  34%|███▍      | 69/200 [14:33<28:05, 12.87s/it]Best trial: 3. Best value: 0.0549:  34%|███▍      | 69/200 [14:33<28:05, 12.87s/it]Best trial: 3. Best value: 0.0549:  35%|███▌      | 70/200 [14:33<27:52, 12.86s/it]                                                                                   Best trial: 3. Best value: 0.0549:  35%|███▌      | 70/200 [14:46<27:52, 12.86s/it]Best trial: 3. Best value: 0.0549:  35%|███▌      | 70/200 [14:46<27:52, 12.86s/it]Best trial: 3. Best value: 0.0549:  36%|███▌      | 71/200 [14:46<27:39, 12.87s/it]                                                                                   Best trial: 3. Best value: 0.0549:  36%|███▌      | 71/200 [14:59<27:39, 12.87s/it]Best trial: 3. Best value: 0.0549:  36%|███▌      | 71/200 [14:59<27:39, 12.87s/it]Best trial: 3. Best value: 0.0549:  36%|███▌      | 72/200 [14:59<27:24, 12.85s/it]                                                                                   Best trial: 3. Best value: 0.0549:  36%|███▌      | 72/200 [15:11<27:24, 12.85s/it]Best trial: 3. Best value: 0.0549:  36%|███▌      | 72/200 [15:11<27:24, 12.85s/it]Best trial: 3. Best value: 0.0549:  36%|███▋      | 73/200 [15:11<27:05, 12.80s/it]                                                                                   Best trial: 3. Best value: 0.0549:  36%|███▋      | 73/200 [15:24<27:05, 12.80s/it]Best trial: 3. Best value: 0.0549:  36%|███▋      | 73/200 [15:24<27:05, 12.80s/it]Best trial: 3. Best value: 0.0549:  37%|███▋      | 74/200 [15:24<26:49, 12.77s/it]                                                                                   Best trial: 3. Best value: 0.0549:  37%|███▋      | 74/200 [15:37<26:49, 12.77s/it]Best trial: 3. Best value: 0.0549:  37%|███▋      | 74/200 [15:37<26:49, 12.77s/it]Best trial: 3. Best value: 0.0549:  38%|███▊      | 75/200 [15:37<26:34, 12.75s/it]                                                                                   Best trial: 3. Best value: 0.0549:  38%|███▊      | 75/200 [15:50<26:34, 12.75s/it]Best trial: 3. Best value: 0.0549:  38%|███▊      | 75/200 [15:50<26:34, 12.75s/it]Best trial: 3. Best value: 0.0549:  38%|███▊      | 76/200 [15:50<26:24, 12.78s/it]                                                                                   Best trial: 3. Best value: 0.0549:  38%|███▊      | 76/200 [16:02<26:24, 12.78s/it]Best trial: 3. Best value: 0.0549:  38%|███▊      | 76/200 [16:02<26:24, 12.78s/it]Best trial: 3. Best value: 0.0549:  38%|███▊      | 77/200 [16:02<26:16, 12.82s/it]                                                                                   Best trial: 3. Best value: 0.0549:  38%|███▊      | 77/200 [16:15<26:16, 12.82s/it]Best trial: 3. Best value: 0.0549:  38%|███▊      | 77/200 [16:15<26:16, 12.82s/it]Best trial: 3. Best value: 0.0549:  39%|███▉      | 78/200 [16:15<26:07, 12.85s/it]                                                                                   Best trial: 3. Best value: 0.0549:  39%|███▉      | 78/200 [16:28<26:07, 12.85s/it]Best trial: 3. Best value: 0.0549:  39%|███▉      | 78/200 [16:28<26:07, 12.85s/it]Best trial: 3. Best value: 0.0549:  40%|███▉      | 79/200 [16:28<25:55, 12.85s/it]                                                                                   Best trial: 3. Best value: 0.0549:  40%|███▉      | 79/200 [16:41<25:55, 12.85s/it]Best trial: 3. Best value: 0.0549:  40%|███▉      | 79/200 [16:41<25:55, 12.85s/it]Best trial: 3. Best value: 0.0549:  40%|████      | 80/200 [16:41<25:42, 12.85s/it]                                                                                   Best trial: 3. Best value: 0.0549:  40%|████      | 80/200 [16:54<25:42, 12.85s/it]Best trial: 3. Best value: 0.0549:  40%|████      | 80/200 [16:54<25:42, 12.85s/it]Best trial: 3. Best value: 0.0549:  40%|████      | 81/200 [16:54<25:29, 12.86s/it]                                                                                   Best trial: 3. Best value: 0.0549:  40%|████      | 81/200 [17:07<25:29, 12.86s/it]Best trial: 3. Best value: 0.0549:  40%|████      | 81/200 [17:07<25:29, 12.86s/it]Best trial: 3. Best value: 0.0549:  41%|████      | 82/200 [17:07<25:15, 12.84s/it]                                                                                   Best trial: 3. Best value: 0.0549:  41%|████      | 82/200 [17:20<25:15, 12.84s/it]Best trial: 3. Best value: 0.0549:  41%|████      | 82/200 [17:20<25:15, 12.84s/it]Best trial: 3. Best value: 0.0549:  42%|████▏     | 83/200 [17:20<25:00, 12.82s/it]                                                                                   Best trial: 3. Best value: 0.0549:  42%|████▏     | 83/200 [17:32<25:00, 12.82s/it]Best trial: 3. Best value: 0.0549:  42%|████▏     | 83/200 [17:32<25:00, 12.82s/it]Best trial: 3. Best value: 0.0549:  42%|████▏     | 84/200 [17:32<24:42, 12.78s/it]                                                                                   Best trial: 3. Best value: 0.0549:  42%|████▏     | 84/200 [17:45<24:42, 12.78s/it]Best trial: 3. Best value: 0.0549:  42%|████▏     | 84/200 [17:45<24:42, 12.78s/it]Best trial: 3. Best value: 0.0549:  42%|████▎     | 85/200 [17:45<24:27, 12.76s/it]                                                                                   Best trial: 3. Best value: 0.0549:  42%|████▎     | 85/200 [17:58<24:27, 12.76s/it]Best trial: 3. Best value: 0.0549:  42%|████▎     | 85/200 [17:58<24:27, 12.76s/it]Best trial: 3. Best value: 0.0549:  43%|████▎     | 86/200 [17:58<24:15, 12.77s/it]                                                                                   Best trial: 3. Best value: 0.0549:  43%|████▎     | 86/200 [18:10<24:15, 12.77s/it]Best trial: 3. Best value: 0.0549:  43%|████▎     | 86/200 [18:10<24:15, 12.77s/it]Best trial: 3. Best value: 0.0549:  44%|████▎     | 87/200 [18:10<24:00, 12.75s/it]                                                                                   Best trial: 3. Best value: 0.0549:  44%|████▎     | 87/200 [18:23<24:00, 12.75s/it]Best trial: 3. Best value: 0.0549:  44%|████▎     | 87/200 [18:23<24:00, 12.75s/it]Best trial: 3. Best value: 0.0549:  44%|████▍     | 88/200 [18:23<23:47, 12.75s/it]                                                                                   Best trial: 3. Best value: 0.0549:  44%|████▍     | 88/200 [18:36<23:47, 12.75s/it]Best trial: 3. Best value: 0.0549:  44%|████▍     | 88/200 [18:36<23:47, 12.75s/it]Best trial: 3. Best value: 0.0549:  44%|████▍     | 89/200 [18:36<23:34, 12.74s/it]                                                                                   Best trial: 3. Best value: 0.0549:  44%|████▍     | 89/200 [18:49<23:34, 12.74s/it]Best trial: 3. Best value: 0.0549:  44%|████▍     | 89/200 [18:49<23:34, 12.74s/it]Best trial: 3. Best value: 0.0549:  45%|████▌     | 90/200 [18:49<23:20, 12.73s/it]                                                                                   
  Trial 31: MRB=0.0549% buy=0.58 sell=0.46
[I 2025-10-08 09:58:48,438] Trial 31 finished with value: 0.0549 and parameters: {'buy_threshold': 0.58, 'sell_threshold': 0.46, 'ewrls_lambda': 0.994, 'bb_amplification_factor': 0.07}. Best is trial 3 with value: 0.0549.
  Trial 32: MRB=0.0279% buy=0.57 sell=0.47
[I 2025-10-08 09:59:01,446] Trial 32 finished with value: 0.0279 and parameters: {'buy_threshold': 0.57, 'sell_threshold': 0.47000000000000003, 'ewrls_lambda': 0.995, 'bb_amplification_factor': 0.060000000000000005}. Best is trial 3 with value: 0.0549.
  Trial 33: MRB=0.0409% buy=0.59 sell=0.45
[I 2025-10-08 09:59:14,433] Trial 33 finished with value: 0.0409 and parameters: {'buy_threshold': 0.59, 'sell_threshold': 0.45, 'ewrls_lambda': 0.99, 'bb_amplification_factor': 0.08}. Best is trial 3 with value: 0.0549.
  Trial 34: MRB=0.0412% buy=0.58 sell=0.46
[I 2025-10-08 09:59:27,388] Trial 34 finished with value: 0.0412 and parameters: {'buy_threshold': 0.58, 'sell_threshold': 0.46, 'ewrls_lambda': 0.994, 'bb_amplification_factor': 0.09}. Best is trial 3 with value: 0.0549.
  Trial 35: MRB=0.0246% buy=0.54 sell=0.42
[I 2025-10-08 09:59:40,303] Trial 35 finished with value: 0.0246 and parameters: {'buy_threshold': 0.54, 'sell_threshold': 0.42000000000000004, 'ewrls_lambda': 0.996, 'bb_amplification_factor': 0.15}. Best is trial 3 with value: 0.0549.
  Trial 36: MRB=0.0549% buy=0.53 sell=0.49
[I 2025-10-08 09:59:53,120] Trial 36 finished with value: 0.0549 and parameters: {'buy_threshold': 0.53, 'sell_threshold': 0.49, 'ewrls_lambda': 0.994, 'bb_amplification_factor': 0.07}. Best is trial 3 with value: 0.0549.
  Trial 37: MRB=0.0409% buy=0.56 sell=0.46
[I 2025-10-08 10:00:05,956] Trial 37 finished with value: 0.0409 and parameters: {'buy_threshold': 0.5599999999999999, 'sell_threshold': 0.46, 'ewrls_lambda': 0.992, 'bb_amplification_factor': 0.08}. Best is trial 3 with value: 0.0549.
  Trial 38: MRB=0.0471% buy=0.48 sell=0.44
[I 2025-10-08 10:00:18,846] Trial 38 finished with value: 0.0471 and parameters: {'buy_threshold': 0.48, 'sell_threshold': 0.44, 'ewrls_lambda': 0.99, 'bb_amplification_factor': 0.05}. Best is trial 3 with value: 0.0549.
  Trial 39: MRB=-0.0174% buy=0.55 sell=0.41
[I 2025-10-08 10:00:31,660] Trial 39 finished with value: -0.0174 and parameters: {'buy_threshold': 0.55, 'sell_threshold': 0.41000000000000003, 'ewrls_lambda': 0.993, 'bb_amplification_factor': 0.11}. Best is trial 3 with value: 0.0549.
  Trial 40: MRB=0.0412% buy=0.60 sell=0.51
[I 2025-10-08 10:00:44,502] Trial 40 finished with value: 0.0412 and parameters: {'buy_threshold': 0.6, 'sell_threshold': 0.51, 'ewrls_lambda': 0.991, 'bb_amplification_factor': 0.09}. Best is trial 3 with value: 0.0549.
  Trial 41: MRB=0.0549% buy=0.57 sell=0.47
[I 2025-10-08 10:00:57,342] Trial 41 finished with value: 0.0549 and parameters: {'buy_threshold': 0.57, 'sell_threshold': 0.47000000000000003, 'ewrls_lambda': 0.991, 'bb_amplification_factor': 0.07}. Best is trial 3 with value: 0.0549.
  Trial 42: MRB=0.0279% buy=0.57 sell=0.49
[I 2025-10-08 10:01:10,158] Trial 42 finished with value: 0.0279 and parameters: {'buy_threshold': 0.57, 'sell_threshold': 0.49, 'ewrls_lambda': 0.991, 'bb_amplification_factor': 0.060000000000000005}. Best is trial 3 with value: 0.0549.
  Trial 43: MRB=0.0549% buy=0.59 sell=0.47
[I 2025-10-08 10:01:23,052] Trial 43 finished with value: 0.0549 and parameters: {'buy_threshold': 0.59, 'sell_threshold': 0.47000000000000003, 'ewrls_lambda': 0.992, 'bb_amplification_factor': 0.07}. Best is trial 3 with value: 0.0549.
  Trial 44: MRB=0.0409% buy=0.58 sell=0.48
[I 2025-10-08 10:01:35,868] Trial 44 finished with value: 0.0409 and parameters: {'buy_threshold': 0.58, 'sell_threshold': 0.48000000000000004, 'ewrls_lambda': 0.99, 'bb_amplification_factor': 0.08}. Best is trial 3 with value: 0.0549.
  Trial 45: MRB=0.0279% buy=0.60 sell=0.48
[I 2025-10-08 10:01:48,799] Trial 45 finished with value: 0.0279 and parameters: {'buy_threshold': 0.6, 'sell_threshold': 0.48000000000000004, 'ewrls_lambda': 0.993, 'bb_amplification_factor': 0.060000000000000005}. Best is trial 3 with value: 0.0549.
  Trial 46: MRB=0.0412% buy=0.55 sell=0.45
