[I 2025-10-08 10:17:48,396] Trial 120 finished with value: 0.0279 and parameters: {'buy_threshold': 0.57, 'sell_threshold': 0.47000000000000003, 'ewrls_lambda': 0.991, 'bb_amplification_factor': 0.060000000000000005}. Best is trial 3 with value: 0.0549.Best trial: 3. Best value: 0.0549:  75%|███████▌  | 150/200 [31:46<10:37, 12.75s/it]Best trial: 3. Best value: 0.0549:  75%|███████▌  | 150/200 [31:46<10:37, 12.75s/it]Best trial: 3. Best value: 0.0549:  76%|███████▌  | 151/200 [31:46<10:24, 12.74s/it]                                                                                    Best trial: 3. Best value: 0.0549:  76%|███████▌  | 151/200 [31:59<10:24, 12.74s/it]Best trial: 3. Best value: 0.0549:  76%|███████▌  | 151/200 [31:59<10:24, 12.74s/it]Best trial: 3. Best value: 0.0549:  76%|███████▌  | 152/200 [31:59<10:11, 12.73s/it]                                                                                    Best trial: 3. Best value: 0.0549:  76%|███████▌  | 152/200 [32:11<10:11, 12.73s/it]Best trial: 3. Best value: 0.0549:  76%|███████▌  | 152/200 [32:11<10:11, 12.73s/it]Best trial: 3. Best value: 0.0549:  76%|███████▋  | 153/200 [32:11<10:00, 12.77s/it]                                                                                    Best trial: 3. Best value: 0.0549:  76%|███████▋  | 153/200 [32:24<10:00, 12.77s/it]Best trial: 3. Best value: 0.0549:  76%|███████▋  | 153/200 [32:24<10:00, 12.77s/it]Best trial: 3. Best value: 0.0549:  77%|███████▋  | 154/200 [32:24<09:48, 12.80s/it]                                                                                    Best trial: 3. Best value: 0.0549:  77%|███████▋  | 154/200 [32:37<09:48, 12.80s/it]Best trial: 3. Best value: 0.0549:  77%|███████▋  | 154/200 [32:37<09:48, 12.80s/it]Best trial: 3. Best value: 0.0549:  78%|███████▊  | 155/200 [32:37<09:37, 12.83s/it]                                                                                    Best trial: 3. Best value: 0.0549:  78%|███████▊  | 155/200 [32:50<09:37, 12.83s/it]Best trial: 3. Best value: 0.0549:  78%|███████▊  | 155/200 [32:50<09:37, 12.83s/it]Best trial: 3. Best value: 0.0549:  78%|███████▊  | 156/200 [32:50<09:23, 12.80s/it]                                                                                    Best trial: 3. Best value: 0.0549:  78%|███████▊  | 156/200 [33:03<09:23, 12.80s/it]Best trial: 3. Best value: 0.0549:  78%|███████▊  | 156/200 [33:03<09:23, 12.80s/it]Best trial: 3. Best value: 0.0549:  78%|███████▊  | 157/200 [33:03<09:10, 12.80s/it]                                                                                    Best trial: 3. Best value: 0.0549:  78%|███████▊  | 157/200 [33:15<09:10, 12.80s/it]Best trial: 3. Best value: 0.0549:  78%|███████▊  | 157/200 [33:15<09:10, 12.80s/it]Best trial: 3. Best value: 0.0549:  79%|███████▉  | 158/200 [33:15<08:56, 12.78s/it]                                                                                    Best trial: 3. Best value: 0.0549:  79%|███████▉  | 158/200 [33:28<08:56, 12.78s/it]Best trial: 3. Best value: 0.0549:  79%|███████▉  | 158/200 [33:28<08:56, 12.78s/it]Best trial: 3. Best value: 0.0549:  80%|███████▉  | 159/200 [33:28<08:43, 12.76s/it]                                                                                    Best trial: 3. Best value: 0.0549:  80%|███████▉  | 159/200 [33:41<08:43, 12.76s/it]Best trial: 3. Best value: 0.0549:  80%|███████▉  | 159/200 [33:41<08:43, 12.76s/it]Best trial: 3. Best value: 0.0549:  80%|████████  | 160/200 [33:41<08:31, 12.78s/it]                                                                                    Best trial: 3. Best value: 0.0549:  80%|████████  | 160/200 [33:54<08:31, 12.78s/it]Best trial: 3. Best value: 0.0549:  80%|████████  | 160/200 [33:54<08:31, 12.78s/it]Best trial: 3. Best value: 0.0549:  80%|████████  | 161/200 [33:54<08:17, 12.77s/it]                                                                                    Best trial: 3. Best value: 0.0549:  80%|████████  | 161/200 [34:07<08:17, 12.77s/it]Best trial: 3. Best value: 0.0549:  80%|████████  | 161/200 [34:07<08:17, 12.77s/it]Best trial: 3. Best value: 0.0549:  81%|████████  | 162/200 [34:07<08:05, 12.78s/it]                                                                                    Best trial: 3. Best value: 0.0549:  81%|████████  | 162/200 [34:19<08:05, 12.78s/it]Best trial: 3. Best value: 0.0549:  81%|████████  | 162/200 [34:19<08:05, 12.78s/it]Best trial: 3. Best value: 0.0549:  82%|████████▏ | 163/200 [34:19<07:54, 12.82s/it]                                                                                    Best trial: 3. Best value: 0.0549:  82%|████████▏ | 163/200 [34:32<07:54, 12.82s/it]Best trial: 3. Best value: 0.0549:  82%|████████▏ | 163/200 [34:32<07:54, 12.82s/it]Best trial: 3. Best value: 0.0549:  82%|████████▏ | 164/200 [34:32<07:41, 12.83s/it]                                                                                    Best trial: 3. Best value: 0.0549:  82%|████████▏ | 164/200 [34:45<07:41, 12.83s/it]Best trial: 3. Best value: 0.0549:  82%|████████▏ | 164/200 [34:45<07:41, 12.83s/it]Best trial: 3. Best value: 0.0549:  82%|████████▎ | 165/200 [34:45<07:28, 12.83s/it]                                                                                    Best trial: 3. Best value: 0.0549:  82%|████████▎ | 165/200 [34:58<07:28, 12.83s/it]Best trial: 3. Best value: 0.0549:  82%|████████▎ | 165/200 [34:58<07:28, 12.83s/it]Best trial: 3. Best value: 0.0549:  83%|████████▎ | 166/200 [34:58<07:15, 12.81s/it]                                                                                    Best trial: 3. Best value: 0.0549:  83%|████████▎ | 166/200 [35:11<07:15, 12.81s/it]Best trial: 3. Best value: 0.0549:  83%|████████▎ | 166/200 [35:11<07:15, 12.81s/it]Best trial: 3. Best value: 0.0549:  84%|████████▎ | 167/200 [35:11<07:02, 12.82s/it]                                                                                    Best trial: 3. Best value: 0.0549:  84%|████████▎ | 167/200 [35:24<07:02, 12.82s/it]Best trial: 3. Best value: 0.0549:  84%|████████▎ | 167/200 [35:24<07:02, 12.82s/it]Best trial: 3. Best value: 0.0549:  84%|████████▍ | 168/200 [35:24<06:51, 12.87s/it]                                                                                    Best trial: 3. Best value: 0.0549:  84%|████████▍ | 168/200 [35:37<06:51, 12.87s/it]Best trial: 3. Best value: 0.0549:  84%|████████▍ | 168/200 [35:37<06:51, 12.87s/it]Best trial: 3. Best value: 0.0549:  84%|████████▍ | 169/200 [35:37<06:38, 12.86s/it]                                                                                    Best trial: 3. Best value: 0.0549:  84%|████████▍ | 169/200 [35:49<06:38, 12.86s/it]Best trial: 3. Best value: 0.0549:  84%|████████▍ | 169/200 [35:49<06:38, 12.86s/it]Best trial: 3. Best value: 0.0549:  85%|████████▌ | 170/200 [35:49<06:25, 12.85s/it]                                                                                    Best trial: 3. Best value: 0.0549:  85%|████████▌ | 170/200 [36:02<06:25, 12.85s/it]Best trial: 3. Best value: 0.0549:  85%|████████▌ | 170/200 [36:02<06:25, 12.85s/it]Best trial: 3. Best value: 0.0549:  86%|████████▌ | 171/200 [36:02<06:12, 12.84s/it]                                                                                    Best trial: 3. Best value: 0.0549:  86%|████████▌ | 171/200 [36:15<06:12, 12.84s/it]Best trial: 3. Best value: 0.0549:  86%|████████▌ | 171/200 [36:15<06:12, 12.84s/it]Best trial: 3. Best value: 0.0549:  86%|████████▌ | 172/200 [36:15<05:59, 12.85s/it]                                                                                    Best trial: 3. Best value: 0.0549:  86%|████████▌ | 172/200 [36:28<05:59, 12.85s/it]Best trial: 3. Best value: 0.0549:  86%|████████▌ | 172/200 [36:28<05:59, 12.85s/it]Best trial: 3. Best value: 0.0549:  86%|████████▋ | 173/200 [36:28<05:47, 12.87s/it]                                                                                    Best trial: 3. Best value: 0.0549:  86%|████████▋ | 173/200 [36:41<05:47, 12.87s/it]Best trial: 3. Best value: 0.0549:  86%|████████▋ | 173/200 [36:41<05:47, 12.87s/it]Best trial: 3. Best value: 0.0549:  87%|████████▋ | 174/200 [36:41<05:35, 12.89s/it]                                                                                    Best trial: 3. Best value: 0.0549:  87%|████████▋ | 174/200 [36:54<05:35, 12.89s/it]Best trial: 3. Best value: 0.0549:  87%|████████▋ | 174/200 [36:54<05:35, 12.89s/it]Best trial: 3. Best value: 0.0549:  88%|████████▊ | 175/200 [36:54<05:21, 12.87s/it]                                                                                    Best trial: 3. Best value: 0.0549:  88%|████████▊ | 175/200 [37:06<05:21, 12.87s/it]Best trial: 3. Best value: 0.0549:  88%|████████▊ | 175/200 [37:06<05:21, 12.87s/it]Best trial: 3. Best value: 0.0549:  88%|████████▊ | 176/200 [37:06<05:07, 12.83s/it]                                                                                    Best trial: 3. Best value: 0.0549:  88%|████████▊ | 176/200 [37:19<05:07, 12.83s/it]Best trial: 3. Best value: 0.0549:  88%|████████▊ | 176/200 [37:19<05:07, 12.83s/it]Best trial: 3. Best value: 0.0549:  88%|████████▊ | 177/200 [37:19<04:55, 12.85s/it]                                                                                    Best trial: 3. Best value: 0.0549:  88%|████████▊ | 177/200 [37:32<04:55, 12.85s/it]Best trial: 3. Best value: 0.0549:  88%|████████▊ | 177/200 [37:32<04:55, 12.85s/it]Best trial: 3. Best value: 0.0549:  89%|████████▉ | 178/200 [37:32<04:42, 12.84s/it]                                                                                    Best trial: 3. Best value: 0.0549:  89%|████████▉ | 178/200 [37:45<04:42, 12.84s/it]Best trial: 3. Best value: 0.0549:  89%|████████▉ | 178/200 [37:45<04:42, 12.84s/it]Best trial: 3. Best value: 0.0549:  90%|████████▉ | 179/200 [37:45<04:28, 12.80s/it]                                                                                    Best trial: 3. Best value: 0.0549:  90%|████████▉ | 179/200 [37:58<04:28, 12.80s/it]Best trial: 3. Best value: 0.0549:  90%|████████▉ | 179/200 [37:58<04:28, 12.80s/it]Best trial: 3. Best value: 0.0549:  90%|█████████ | 180/200 [37:58<04:16, 12.84s/it]                                                                                    
  Trial 121: MRB=0.0549% buy=0.60 sell=0.44
[I 2025-10-08 10:18:01,129] Trial 121 finished with value: 0.0549 and parameters: {'buy_threshold': 0.6, 'sell_threshold': 0.44, 'ewrls_lambda': 0.998, 'bb_amplification_factor': 0.07}. Best is trial 3 with value: 0.0549.
  Trial 122: MRB=0.0549% buy=0.58 sell=0.43
[I 2025-10-08 10:18:13,845] Trial 122 finished with value: 0.0549 and parameters: {'buy_threshold': 0.58, 'sell_threshold': 0.43000000000000005, 'ewrls_lambda': 0.997, 'bb_amplification_factor': 0.07}. Best is trial 3 with value: 0.0549.
  Trial 123: MRB=0.0549% buy=0.59 sell=0.44
[I 2025-10-08 10:18:26,503] Trial 123 finished with value: 0.0549 and parameters: {'buy_threshold': 0.59, 'sell_threshold': 0.44, 'ewrls_lambda': 0.998, 'bb_amplification_factor': 0.07}. Best is trial 3 with value: 0.0549.
  Trial 124: MRB=0.0549% buy=0.58 sell=0.44
[I 2025-10-08 10:18:39,417] Trial 124 finished with value: 0.0549 and parameters: {'buy_threshold': 0.58, 'sell_threshold': 0.44, 'ewrls_lambda': 0.999, 'bb_amplification_factor': 0.07}. Best is trial 3 with value: 0.0549.
  Trial 125: MRB=0.0549% buy=0.59 sell=0.45
[I 2025-10-08 10:18:52,294] Trial 125 finished with value: 0.0549 and parameters: {'buy_threshold': 0.59, 'sell_threshold': 0.45, 'ewrls_lambda': 0.994, 'bb_amplification_factor': 0.07}. Best is trial 3 with value: 0.0549.
  Trial 126: MRB=0.0279% buy=0.60 sell=0.41
[I 2025-10-08 10:19:04,995] Trial 126 finished with value: 0.0279 and parameters: {'buy_threshold': 0.6, 'sell_threshold': 0.41000000000000003, 'ewrls_lambda': 0.996, 'bb_amplification_factor': 0.060000000000000005}. Best is trial 3 with value: 0.0549.
  Trial 127: MRB=0.0409% buy=0.58 sell=0.40
[I 2025-10-08 10:19:17,704] Trial 127 finished with value: 0.0409 and parameters: {'buy_threshold': 0.58, 'sell_threshold': 0.4, 'ewrls_lambda': 0.992, 'bb_amplification_factor': 0.08}. Best is trial 3 with value: 0.0549.
  Trial 128: MRB=0.0549% buy=0.54 sell=0.46
[I 2025-10-08 10:19:30,371] Trial 128 finished with value: 0.0549 and parameters: {'buy_threshold': 0.54, 'sell_threshold': 0.46, 'ewrls_lambda': 0.997, 'bb_amplification_factor': 0.07}. Best is trial 3 with value: 0.0549.
  Trial 129: MRB=0.0409% buy=0.57 sell=0.48
[I 2025-10-08 10:19:43,237] Trial 129 finished with value: 0.0409 and parameters: {'buy_threshold': 0.57, 'sell_threshold': 0.48000000000000004, 'ewrls_lambda': 0.994, 'bb_amplification_factor': 0.08}. Best is trial 3 with value: 0.0549.
  Trial 130: MRB=0.0549% buy=0.53 sell=0.49
[I 2025-10-08 10:19:56,023] Trial 130 finished with value: 0.0549 and parameters: {'buy_threshold': 0.53, 'sell_threshold': 0.49, 'ewrls_lambda': 0.993, 'bb_amplification_factor': 0.07}. Best is trial 3 with value: 0.0549.
  Trial 131: MRB=0.0549% buy=0.50 sell=0.42
[I 2025-10-08 10:20:08,763] Trial 131 finished with value: 0.0549 and parameters: {'buy_threshold': 0.5, 'sell_threshold': 0.42000000000000004, 'ewrls_lambda': 0.992, 'bb_amplification_factor': 0.07}. Best is trial 3 with value: 0.0549.
  Trial 132: MRB=0.0549% buy=0.58 sell=0.42
[I 2025-10-08 10:20:21,726] Trial 132 finished with value: 0.0549 and parameters: {'buy_threshold': 0.58, 'sell_threshold': 0.42000000000000004, 'ewrls_lambda': 0.992, 'bb_amplification_factor': 0.07}. Best is trial 3 with value: 0.0549.
  Trial 133: MRB=0.0279% buy=0.59 sell=0.43
[I 2025-10-08 10:20:34,498] Trial 133 finished with value: 0.0279 and parameters: {'buy_threshold': 0.59, 'sell_threshold': 0.43000000000000005, 'ewrls_lambda': 0.991, 'bb_amplification_factor': 0.060000000000000005}. Best is trial 3 with value: 0.0549.
  Trial 134: MRB=0.0549% buy=0.58 sell=0.42
[I 2025-10-08 10:20:47,308] Trial 134 finished with value: 0.0549 and parameters: {'buy_threshold': 0.58, 'sell_threshold': 0.42000000000000004, 'ewrls_lambda': 0.993, 'bb_amplification_factor': 0.07}. Best is trial 3 with value: 0.0549.
  Trial 135: MRB=0.0246% buy=0.58 sell=0.43
[I 2025-10-08 10:21:00,060] Trial 135 finished with value: 0.0246 and parameters: {'buy_threshold': 0.58, 'sell_threshold': 0.43000000000000005, 'ewrls_lambda': 0.992, 'bb_amplification_factor': 0.15}. Best is trial 3 with value: 0.0549.
  Trial 136: MRB=0.0549% buy=0.57 sell=0.41
[I 2025-10-08 10:21:12,826] Trial 136 finished with value: 0.0549 and parameters: {'buy_threshold': 0.57, 'sell_threshold': 0.41000000000000003, 'ewrls_lambda': 0.99, 'bb_amplification_factor': 0.07}. Best is trial 3 with value: 0.0549.
  Trial 137: MRB=0.0409% buy=0.58 sell=0.44
[I 2025-10-08 10:21:25,595] Trial 137 finished with value: 0.0409 and parameters: {'buy_threshold': 0.58, 'sell_threshold': 0.44, 'ewrls_lambda': 0.991, 'bb_amplification_factor': 0.08}. Best is trial 3 with value: 0.0549.
  Trial 138: MRB=0.0549% buy=0.59 sell=0.45
[I 2025-10-08 10:21:38,331] Trial 138 finished with value: 0.0549 and parameters: {'buy_threshold': 0.59, 'sell_threshold': 0.45, 'ewrls_lambda': 0.998, 'bb_amplification_factor': 0.07}. Best is trial 3 with value: 0.0549.
  Trial 139: MRB=0.0279% buy=0.58 sell=0.46
[I 2025-10-08 10:21:51,132] Trial 139 finished with value: 0.0279 and parameters: {'buy_threshold': 0.58, 'sell_threshold': 0.46, 'ewrls_lambda': 0.994, 'bb_amplification_factor': 0.060000000000000005}. Best is trial 3 with value: 0.0549.
  Trial 140: MRB=0.0549% buy=0.56 sell=0.42
[I 2025-10-08 10:22:03,846] Trial 140 finished with value: 0.0549 and parameters: {'buy_threshold': 0.5599999999999999, 'sell_threshold': 0.42000000000000004, 'ewrls_lambda': 0.991, 'bb_amplification_factor': 0.07}. Best is trial 3 with value: 0.0549.
  Trial 141: MRB=0.0549% buy=0.59 sell=0.45
[I 2025-10-08 10:22:16,582] Trial 141 finished with value: 0.0549 and parameters: {'buy_threshold': 0.59, 'sell_threshold': 0.45, 'ewrls_lambda': 0.992, 'bb_amplification_factor': 0.07}. Best is trial 3 with value: 0.0549.
  Trial 142: MRB=0.0549% buy=0.60 sell=0.44
[I 2025-10-08 10:22:29,376] Trial 142 finished with value: 0.0549 and parameters: {'buy_threshold': 0.6, 'sell_threshold': 0.44, 'ewrls_lambda': 0.992, 'bb_amplification_factor': 0.07}. Best is trial 3 with value: 0.0549.
  Trial 143: MRB=0.0549% buy=0.59 sell=0.45
[I 2025-10-08 10:22:42,119] Trial 143 finished with value: 0.0549 and parameters: {'buy_threshold': 0.59, 'sell_threshold': 0.45, 'ewrls_lambda': 0.992, 'bb_amplification_factor': 0.07}. Best is trial 3 with value: 0.0549.
  Trial 144: MRB=0.0409% buy=0.59 sell=0.47
[I 2025-10-08 10:22:54,834] Trial 144 finished with value: 0.0409 and parameters: {'buy_threshold': 0.59, 'sell_threshold': 0.47000000000000003, 'ewrls_lambda': 0.991, 'bb_amplification_factor': 0.08}. Best is trial 3 with value: 0.0549.
  Trial 145: MRB=0.0549% buy=0.58 sell=0.45
[I 2025-10-08 10:23:07,703] Trial 145 finished with value: 0.0549 and parameters: {'buy_threshold': 0.58, 'sell_threshold': 0.45, 'ewrls_lambda': 0.993, 'bb_amplification_factor': 0.07}. Best is trial 3 with value: 0.0549.
  Trial 146: MRB=0.0549% buy=0.57 sell=0.46
[I 2025-10-08 10:23:20,385] Trial 146 finished with value: 0.0549 and parameters: {'buy_threshold': 0.57, 'sell_threshold': 0.46, 'ewrls_lambda': 0.992, 'bb_amplification_factor': 0.07}. Best is trial 3 with value: 0.0549.
  Trial 147: MRB=0.0279% buy=0.59 sell=0.44
[I 2025-10-08 10:23:33,095] Trial 147 finished with value: 0.0279 and parameters: {'buy_threshold': 0.59, 'sell_threshold': 0.44, 'ewrls_lambda': 0.994, 'bb_amplification_factor': 0.060000000000000005}. Best is trial 3 with value: 0.0549.
  Trial 148: MRB=0.0549% buy=0.58 sell=0.46
[I 2025-10-08 10:23:45,811] Trial 148 finished with value: 0.0549 and parameters: {'buy_threshold': 0.58, 'sell_threshold': 0.46, 'ewrls_lambda': 0.992, 'bb_amplification_factor': 0.07}. Best is trial 3 with value: 0.0549.
  Trial 149: MRB=0.0409% buy=0.60 sell=0.43
[I 2025-10-08 10:23:58,612] Trial 149 finished with value: 0.0409 and parameters: {'buy_threshold': 0.6, 'sell_threshold': 0.43000000000000005, 'ewrls_lambda': 0.993, 'bb_amplification_factor': 0.08}. Best is trial 3 with value: 0.0549.
  Trial 150: MRB=0.0549% buy=0.57 sell=0.47
