[I 2025-10-08 10:02:01,773] Trial 46 finished with value: 0.0412 and parameters: {'buy_threshold': 0.55, 'sell_threshold': 0.45, 'ewrls_lambda': 0.992, 'bb_amplification_factor': 0.09}. Best is trial 3 with value: 0.0549.
  Trial 47: MRB=0.0219% buy=0.49 sell=0.46
[I 2025-10-08 10:02:14,792] Trial 47 finished with value: 0.0219 and parameters: {'buy_threshold': 0.49, 'sell_threshold': 0.46, 'ewrls_lambda': 0.991, 'bb_amplification_factor': 0.14}. Best is trial 3 with value: 0.0549.
  Trial 48: MRB=0.0471% buy=0.57 sell=0.43
[I 2025-10-08 10:02:27,730] Trial 48 finished with value: 0.0471 and parameters: {'buy_threshold': 0.57, 'sell_threshold': 0.43000000000000005, 'ewrls_lambda': 0.993, 'bb_amplification_factor': 0.05}. Best is trial 3 with value: 0.0549.
  Trial 49: MRB=0.0549% buy=0.59 sell=0.44
[I 2025-10-08 10:02:40,671] Trial 49 finished with value: 0.0549 and parameters: {'buy_threshold': 0.59, 'sell_threshold': 0.44, 'ewrls_lambda': 0.997, 'bb_amplification_factor': 0.07}. Best is trial 3 with value: 0.0549.
  Trial 50: MRB=0.0409% buy=0.51 sell=0.45
[I 2025-10-08 10:02:53,615] Trial 50 finished with value: 0.0409 and parameters: {'buy_threshold': 0.51, 'sell_threshold': 0.45, 'ewrls_lambda': 0.994, 'bb_amplification_factor': 0.08}. Best is trial 3 with value: 0.0549.
  Trial 51: MRB=0.0549% buy=0.58 sell=0.42
[I 2025-10-08 10:03:06,587] Trial 51 finished with value: 0.0549 and parameters: {'buy_threshold': 0.58, 'sell_threshold': 0.42000000000000004, 'ewrls_lambda': 0.992, 'bb_amplification_factor': 0.07}. Best is trial 3 with value: 0.0549.
  Trial 52: MRB=0.0279% buy=0.58 sell=0.44
[I 2025-10-08 10:03:19,473] Trial 52 finished with value: 0.0279 and parameters: {'buy_threshold': 0.58, 'sell_threshold': 0.44, 'ewrls_lambda': 0.992, 'bb_amplification_factor': 0.060000000000000005}. Best is trial 3 with value: 0.0549.
  Trial 53: MRB=0.0549% buy=0.59 sell=0.45
[I 2025-10-08 10:03:32,422] Trial 53 finished with value: 0.0549 and parameters: {'buy_threshold': 0.59, 'sell_threshold': 0.45, 'ewrls_lambda': 0.992, 'bb_amplification_factor': 0.07}. Best is trial 3 with value: 0.0549.
  Trial 54: MRB=0.0409% buy=0.56 sell=0.46
[I 2025-10-08 10:03:45,665] Trial 54 finished with value: 0.0409 and parameters: {'buy_threshold': 0.5599999999999999, 'sell_threshold': 0.46, 'ewrls_lambda': 0.993, 'bb_amplification_factor': 0.08}. Best is trial 3 with value: 0.0549.
  Trial 55: MRB=0.0279% buy=0.57 sell=0.43
[I 2025-10-08 10:03:59,067] Trial 55 finished with value: 0.0279 and parameters: {'buy_threshold': 0.57, 'sell_threshold': 0.43000000000000005, 'ewrls_lambda': 0.991, 'bb_amplification_factor': 0.060000000000000005}. Best is trial 3 with value: 0.0549.
  Trial 56: MRB=0.0412% buy=0.58 sell=0.41
[I 2025-10-08 10:04:11,887] Trial 56 finished with value: 0.0412 and parameters: {'buy_threshold': 0.58, 'sell_threshold': 0.41000000000000003, 'ewrls_lambda': 0.99, 'bb_amplification_factor': 0.09}. Best is trial 3 with value: 0.0549.
  Trial 57: MRB=0.0549% buy=0.60 sell=0.44
[I 2025-10-08 10:04:24,602] Trial 57 finished with value: 0.0549 and parameters: {'buy_threshold': 0.6, 'sell_threshold': 0.44, 'ewrls_lambda': 0.992, 'bb_amplification_factor': 0.07}. Best is trial 3 with value: 0.0549.
  Trial 58: MRB=0.0409% buy=0.59 sell=0.43
[I 2025-10-08 10:04:37,357] Trial 58 finished with value: 0.0409 and parameters: {'buy_threshold': 0.59, 'sell_threshold': 0.43000000000000005, 'ewrls_lambda': 0.999, 'bb_amplification_factor': 0.08}. Best is trial 3 with value: 0.0549.
  Trial 59: MRB=0.0279% buy=0.57 sell=0.40
[I 2025-10-08 10:04:50,143] Trial 59 finished with value: 0.0279 and parameters: {'buy_threshold': 0.57, 'sell_threshold': 0.4, 'ewrls_lambda': 0.993, 'bb_amplification_factor': 0.060000000000000005}. Best is trial 3 with value: 0.0549.
  Trial 60: MRB=0.0471% buy=0.58 sell=0.42
[I 2025-10-08 10:05:02,928] Trial 60 finished with value: 0.0471 and parameters: {'buy_threshold': 0.58, 'sell_threshold': 0.42000000000000004, 'ewrls_lambda': 0.995, 'bb_amplification_factor': 0.05}. Best is trial 3 with value: 0.0549.Best trial: 3. Best value: 0.0549:  45%|████▌     | 90/200 [19:01<23:20, 12.73s/it]Best trial: 3. Best value: 0.0549:  45%|████▌     | 90/200 [19:01<23:20, 12.73s/it]Best trial: 3. Best value: 0.0549:  46%|████▌     | 91/200 [19:01<23:06, 12.72s/it]                                                                                   Best trial: 3. Best value: 0.0549:  46%|████▌     | 91/200 [19:14<23:06, 12.72s/it]Best trial: 3. Best value: 0.0549:  46%|████▌     | 91/200 [19:14<23:06, 12.72s/it]Best trial: 3. Best value: 0.0549:  46%|████▌     | 92/200 [19:14<22:53, 12.72s/it]                                                                                   Best trial: 3. Best value: 0.0549:  46%|████▌     | 92/200 [19:27<22:53, 12.72s/it]Best trial: 3. Best value: 0.0549:  46%|████▌     | 92/200 [19:27<22:53, 12.72s/it]Best trial: 3. Best value: 0.0549:  46%|████▋     | 93/200 [19:27<22:40, 12.71s/it]                                                                                   Best trial: 3. Best value: 0.0549:  46%|████▋     | 93/200 [19:39<22:40, 12.71s/it]Best trial: 3. Best value: 0.0549:  46%|████▋     | 93/200 [19:39<22:40, 12.71s/it]Best trial: 3. Best value: 0.0549:  47%|████▋     | 94/200 [19:39<22:25, 12.70s/it]                                                                                   Best trial: 3. Best value: 0.0549:  47%|████▋     | 94/200 [19:52<22:25, 12.70s/it]Best trial: 3. Best value: 0.0549:  47%|████▋     | 94/200 [19:52<22:25, 12.70s/it]Best trial: 3. Best value: 0.0549:  48%|████▊     | 95/200 [19:52<22:13, 12.70s/it]                                                                                   Best trial: 3. Best value: 0.0549:  48%|████▊     | 95/200 [20:05<22:13, 12.70s/it]Best trial: 3. Best value: 0.0549:  48%|████▊     | 95/200 [20:05<22:13, 12.70s/it]Best trial: 3. Best value: 0.0549:  48%|████▊     | 96/200 [20:05<22:01, 12.70s/it]                                                                                   Best trial: 3. Best value: 0.0549:  48%|████▊     | 96/200 [20:18<22:01, 12.70s/it]Best trial: 3. Best value: 0.0549:  48%|████▊     | 96/200 [20:18<22:01, 12.70s/it]Best trial: 3. Best value: 0.0549:  48%|████▊     | 97/200 [20:18<21:48, 12.71s/it]                                                                                   Best trial: 3. Best value: 0.0549:  48%|████▊     | 97/200 [20:30<21:48, 12.71s/it]Best trial: 3. Best value: 0.0549:  48%|████▊     | 97/200 [20:30<21:48, 12.71s/it]Best trial: 3. Best value: 0.0549:  49%|████▉     | 98/200 [20:30<21:37, 12.72s/it]                                                                                   Best trial: 3. Best value: 0.0549:  49%|████▉     | 98/200 [20:43<21:37, 12.72s/it]Best trial: 3. Best value: 0.0549:  49%|████▉     | 98/200 [20:43<21:37, 12.72s/it]Best trial: 3. Best value: 0.0549:  50%|████▉     | 99/200 [20:43<21:23, 12.71s/it]                                                                                   Best trial: 3. Best value: 0.0549:  50%|████▉     | 99/200 [20:56<21:23, 12.71s/it]Best trial: 3. Best value: 0.0549:  50%|████▉     | 99/200 [20:56<21:23, 12.71s/it]Best trial: 3. Best value: 0.0549:  50%|█████     | 100/200 [20:56<21:08, 12.69s/it]                                                                                    Best trial: 3. Best value: 0.0549:  50%|█████     | 100/200 [21:08<21:08, 12.69s/it]Best trial: 3. Best value: 0.0549:  50%|█████     | 100/200 [21:08<21:08, 12.69s/it]Best trial: 3. Best value: 0.0549:  50%|█████     | 101/200 [21:08<20:55, 12.68s/it]                                                                                    Best trial: 3. Best value: 0.0549:  50%|█████     | 101/200 [21:21<20:55, 12.68s/it]Best trial: 3. Best value: 0.0549:  50%|█████     | 101/200 [21:21<20:55, 12.68s/it]Best trial: 3. Best value: 0.0549:  51%|█████     | 102/200 [21:21<20:42, 12.68s/it]                                                                                    Best trial: 3. Best value: 0.0549:  51%|█████     | 102/200 [21:34<20:42, 12.68s/it]Best trial: 3. Best value: 0.0549:  51%|█████     | 102/200 [21:34<20:42, 12.68s/it]Best trial: 3. Best value: 0.0549:  52%|█████▏    | 103/200 [21:34<20:30, 12.68s/it]                                                                                    Best trial: 3. Best value: 0.0549:  52%|█████▏    | 103/200 [21:46<20:30, 12.68s/it]Best trial: 3. Best value: 0.0549:  52%|█████▏    | 103/200 [21:46<20:30, 12.68s/it]Best trial: 3. Best value: 0.0549:  52%|█████▏    | 104/200 [21:46<20:18, 12.69s/it]                                                                                    Best trial: 3. Best value: 0.0549:  52%|█████▏    | 104/200 [21:59<20:18, 12.69s/it]Best trial: 3. Best value: 0.0549:  52%|█████▏    | 104/200 [21:59<20:18, 12.69s/it]Best trial: 3. Best value: 0.0549:  52%|█████▎    | 105/200 [21:59<20:06, 12.70s/it]                                                                                    Best trial: 3. Best value: 0.0549:  52%|█████▎    | 105/200 [22:12<20:06, 12.70s/it]Best trial: 3. Best value: 0.0549:  52%|█████▎    | 105/200 [22:12<20:06, 12.70s/it]Best trial: 3. Best value: 0.0549:  53%|█████▎    | 106/200 [22:12<19:52, 12.69s/it]                                                                                    Best trial: 3. Best value: 0.0549:  53%|█████▎    | 106/200 [22:24<19:52, 12.69s/it]Best trial: 3. Best value: 0.0549:  53%|█████▎    | 106/200 [22:24<19:52, 12.69s/it]Best trial: 3. Best value: 0.0549:  54%|█████▎    | 107/200 [22:24<19:40, 12.70s/it]                                                                                    Best trial: 3. Best value: 0.0549:  54%|█████▎    | 107/200 [22:37<19:40, 12.70s/it]Best trial: 3. Best value: 0.0549:  54%|█████▎    | 107/200 [22:37<19:40, 12.70s/it]Best trial: 3. Best value: 0.0549:  54%|█████▍    | 108/200 [22:37<19:27, 12.69s/it]                                                                                    Best trial: 3. Best value: 0.0549:  54%|█████▍    | 108/200 [22:50<19:27, 12.69s/it]Best trial: 3. Best value: 0.0549:  54%|█████▍    | 108/200 [22:50<19:27, 12.69s/it]Best trial: 3. Best value: 0.0549:  55%|█████▍    | 109/200 [22:50<19:15, 12.69s/it]                                                                                    Best trial: 3. Best value: 0.0549:  55%|█████▍    | 109/200 [23:03<19:15, 12.69s/it]Best trial: 3. Best value: 0.0549:  55%|█████▍    | 109/200 [23:03<19:15, 12.69s/it]Best trial: 3. Best value: 0.0549:  55%|█████▌    | 110/200 [23:03<19:03, 12.70s/it]                                                                                    Best trial: 3. Best value: 0.0549:  55%|█████▌    | 110/200 [23:15<19:03, 12.70s/it]Best trial: 3. Best value: 0.0549:  55%|█████▌    | 110/200 [23:15<19:03, 12.70s/it]Best trial: 3. Best value: 0.0549:  56%|█████▌    | 111/200 [23:15<18:49, 12.69s/it]                                                                                    Best trial: 3. Best value: 0.0549:  56%|█████▌    | 111/200 [23:28<18:49, 12.69s/it]Best trial: 3. Best value: 0.0549:  56%|█████▌    | 111/200 [23:28<18:49, 12.69s/it]Best trial: 3. Best value: 0.0549:  56%|█████▌    | 112/200 [23:28<18:38, 12.71s/it]                                                                                    Best trial: 3. Best value: 0.0549:  56%|█████▌    | 112/200 [23:41<18:38, 12.71s/it]Best trial: 3. Best value: 0.0549:  56%|█████▌    | 112/200 [23:41<18:38, 12.71s/it]Best trial: 3. Best value: 0.0549:  56%|█████▋    | 113/200 [23:41<18:25, 12.71s/it]                                                                                    Best trial: 3. Best value: 0.0549:  56%|█████▋    | 113/200 [23:53<18:25, 12.71s/it]Best trial: 3. Best value: 0.0549:  56%|█████▋    | 113/200 [23:53<18:25, 12.71s/it]Best trial: 3. Best value: 0.0549:  57%|█████▋    | 114/200 [23:53<18:12, 12.70s/it]                                                                                    Best trial: 3. Best value: 0.0549:  57%|█████▋    | 114/200 [24:06<18:12, 12.70s/it]Best trial: 3. Best value: 0.0549:  57%|█████▋    | 114/200 [24:06<18:12, 12.70s/it]Best trial: 3. Best value: 0.0549:  57%|█████▊    | 115/200 [24:06<18:07, 12.80s/it]                                                                                    Best trial: 3. Best value: 0.0549:  57%|█████▊    | 115/200 [24:19<18:07, 12.80s/it]Best trial: 3. Best value: 0.0549:  57%|█████▊    | 115/200 [24:19<18:07, 12.80s/it]Best trial: 3. Best value: 0.0549:  58%|█████▊    | 116/200 [24:19<17:53, 12.78s/it]                                                                                    Best trial: 3. Best value: 0.0549:  58%|█████▊    | 116/200 [24:32<17:53, 12.78s/it]Best trial: 3. Best value: 0.0549:  58%|█████▊    | 116/200 [24:32<17:53, 12.78s/it]Best trial: 3. Best value: 0.0549:  58%|█████▊    | 117/200 [24:32<17:42, 12.80s/it]                                                                                    Best trial: 3. Best value: 0.0549:  58%|█████▊    | 117/200 [24:45<17:42, 12.80s/it]Best trial: 3. Best value: 0.0549:  58%|█████▊    | 117/200 [24:45<17:42, 12.80s/it]Best trial: 3. Best value: 0.0549:  59%|█████▉    | 118/200 [24:45<17:27, 12.77s/it]                                                                                    Best trial: 3. Best value: 0.0549:  59%|█████▉    | 118/200 [24:57<17:27, 12.77s/it]Best trial: 3. Best value: 0.0549:  59%|█████▉    | 118/200 [24:57<17:27, 12.77s/it]Best trial: 3. Best value: 0.0549:  60%|█████▉    | 119/200 [24:57<17:12, 12.75s/it]                                                                                    Best trial: 3. Best value: 0.0549:  60%|█████▉    | 119/200 [25:10<17:12, 12.75s/it]Best trial: 3. Best value: 0.0549:  60%|█████▉    | 119/200 [25:10<17:12, 12.75s/it]Best trial: 3. Best value: 0.0549:  60%|██████    | 120/200 [25:10<16:59, 12.75s/it]                                                                                    
  Trial 61: MRB=0.0549% buy=0.56 sell=0.42
[I 2025-10-08 10:05:15,664] Trial 61 finished with value: 0.0549 and parameters: {'buy_threshold': 0.5599999999999999, 'sell_threshold': 0.42000000000000004, 'ewrls_lambda': 0.995, 'bb_amplification_factor': 0.07}. Best is trial 3 with value: 0.0549.
  Trial 62: MRB=0.0549% buy=0.56 sell=0.41
[I 2025-10-08 10:05:28,520] Trial 62 finished with value: 0.0549 and parameters: {'buy_threshold': 0.5599999999999999, 'sell_threshold': 0.41000000000000003, 'ewrls_lambda': 0.996, 'bb_amplification_factor': 0.07}. Best is trial 3 with value: 0.0549.
  Trial 63: MRB=0.0279% buy=0.58 sell=0.42
[I 2025-10-08 10:05:41,278] Trial 63 finished with value: 0.0279 and parameters: {'buy_threshold': 0.58, 'sell_threshold': 0.42000000000000004, 'ewrls_lambda': 0.995, 'bb_amplification_factor': 0.060000000000000005}. Best is trial 3 with value: 0.0549.
  Trial 64: MRB=-0.0148% buy=0.56 sell=0.43
[I 2025-10-08 10:05:54,098] Trial 64 finished with value: -0.0148 and parameters: {'buy_threshold': 0.5599999999999999, 'sell_threshold': 0.43000000000000005, 'ewrls_lambda': 0.994, 'bb_amplification_factor': 0.12000000000000001}. Best is trial 3 with value: 0.0549.
  Trial 65: MRB=0.0409% buy=0.57 sell=0.44
[I 2025-10-08 10:06:06,871] Trial 65 finished with value: 0.0409 and parameters: {'buy_threshold': 0.57, 'sell_threshold': 0.44, 'ewrls_lambda': 0.991, 'bb_amplification_factor': 0.08}. Best is trial 3 with value: 0.0549.
  Trial 66: MRB=0.0549% buy=0.55 sell=0.47
[I 2025-10-08 10:06:19,786] Trial 66 finished with value: 0.0549 and parameters: {'buy_threshold': 0.55, 'sell_threshold': 0.47000000000000003, 'ewrls_lambda': 0.993, 'bb_amplification_factor': 0.07}. Best is trial 3 with value: 0.0549.
  Trial 67: MRB=0.0409% buy=0.59 sell=0.46
[I 2025-10-08 10:06:32,723] Trial 67 finished with value: 0.0409 and parameters: {'buy_threshold': 0.59, 'sell_threshold': 0.46, 'ewrls_lambda': 0.994, 'bb_amplification_factor': 0.08}. Best is trial 3 with value: 0.0549.
  Trial 68: MRB=0.0279% buy=0.58 sell=0.43
[I 2025-10-08 10:06:45,595] Trial 68 finished with value: 0.0279 and parameters: {'buy_threshold': 0.58, 'sell_threshold': 0.43000000000000005, 'ewrls_lambda': 0.995, 'bb_amplification_factor': 0.060000000000000005}. Best is trial 3 with value: 0.0549.
  Trial 69: MRB=0.0549% buy=0.60 sell=0.48
[I 2025-10-08 10:06:58,446] Trial 69 finished with value: 0.0549 and parameters: {'buy_threshold': 0.6, 'sell_threshold': 0.48000000000000004, 'ewrls_lambda': 0.992, 'bb_amplification_factor': 0.07}. Best is trial 3 with value: 0.0549.
  Trial 70: MRB=0.0549% buy=0.53 sell=0.49
[I 2025-10-08 10:07:11,324] Trial 70 finished with value: 0.0549 and parameters: {'buy_threshold': 0.53, 'sell_threshold': 0.49, 'ewrls_lambda': 0.992, 'bb_amplification_factor': 0.07}. Best is trial 3 with value: 0.0549.
  Trial 71: MRB=0.0549% buy=0.55 sell=0.42
[I 2025-10-08 10:07:24,135] Trial 71 finished with value: 0.0549 and parameters: {'buy_threshold': 0.55, 'sell_threshold': 0.42000000000000004, 'ewrls_lambda': 0.993, 'bb_amplification_factor': 0.07}. Best is trial 3 with value: 0.0549.
  Trial 72: MRB=0.0279% buy=0.56 sell=0.43
[I 2025-10-08 10:07:36,826] Trial 72 finished with value: 0.0279 and parameters: {'buy_threshold': 0.5599999999999999, 'sell_threshold': 0.43000000000000005, 'ewrls_lambda': 0.994, 'bb_amplification_factor': 0.060000000000000005}. Best is trial 3 with value: 0.0549.
  Trial 73: MRB=0.0409% buy=0.57 sell=0.44
[I 2025-10-08 10:07:49,530] Trial 73 finished with value: 0.0409 and parameters: {'buy_threshold': 0.57, 'sell_threshold': 0.44, 'ewrls_lambda': 0.993, 'bb_amplification_factor': 0.08}. Best is trial 3 with value: 0.0549.
  Trial 74: MRB=0.0549% buy=0.56 sell=0.45
[I 2025-10-08 10:08:02,234] Trial 74 finished with value: 0.0549 and parameters: {'buy_threshold': 0.5599999999999999, 'sell_threshold': 0.45, 'ewrls_lambda': 0.991, 'bb_amplification_factor': 0.07}. Best is trial 3 with value: 0.0549.
  Trial 75: MRB=0.0279% buy=0.54 sell=0.41
[I 2025-10-08 10:08:15,073] Trial 75 finished with value: 0.0279 and parameters: {'buy_threshold': 0.54, 'sell_threshold': 0.41000000000000003, 'ewrls_lambda': 0.993, 'bb_amplification_factor': 0.060000000000000005}. Best is trial 3 with value: 0.0549.
  Trial 76: MRB=0.0409% buy=0.57 sell=0.44
[I 2025-10-08 10:08:27,990] Trial 76 finished with value: 0.0409 and parameters: {'buy_threshold': 0.57, 'sell_threshold': 0.44, 'ewrls_lambda': 0.992, 'bb_amplification_factor': 0.08}. Best is trial 3 with value: 0.0549.
  Trial 77: MRB=0.0549% buy=0.59 sell=0.42
[I 2025-10-08 10:08:40,909] Trial 77 finished with value: 0.0549 and parameters: {'buy_threshold': 0.59, 'sell_threshold': 0.42000000000000004, 'ewrls_lambda': 0.994, 'bb_amplification_factor': 0.07}. Best is trial 3 with value: 0.0549.
  Trial 78: MRB=0.0409% buy=0.57 sell=0.43
[I 2025-10-08 10:08:53,770] Trial 78 finished with value: 0.0409 and parameters: {'buy_threshold': 0.57, 'sell_threshold': 0.43000000000000005, 'ewrls_lambda': 0.99, 'bb_amplification_factor': 0.08}. Best is trial 3 with value: 0.0549.
  Trial 79: MRB=0.0412% buy=0.58 sell=0.45
[I 2025-10-08 10:09:06,625] Trial 79 finished with value: 0.0412 and parameters: {'buy_threshold': 0.58, 'sell_threshold': 0.45, 'ewrls_lambda': 0.996, 'bb_amplification_factor': 0.09}. Best is trial 3 with value: 0.0549.
  Trial 80: MRB=0.0279% buy=0.58 sell=0.43
[I 2025-10-08 10:09:19,484] Trial 80 finished with value: 0.0279 and parameters: {'buy_threshold': 0.58, 'sell_threshold': 0.43000000000000005, 'ewrls_lambda': 0.991, 'bb_amplification_factor': 0.060000000000000005}. Best is trial 3 with value: 0.0549.
  Trial 81: MRB=0.0549% buy=0.58 sell=0.46
[I 2025-10-08 10:09:32,293] Trial 81 finished with value: 0.0549 and parameters: {'buy_threshold': 0.58, 'sell_threshold': 0.46, 'ewrls_lambda': 0.994, 'bb_amplification_factor': 0.07}. Best is trial 3 with value: 0.0549.
  Trial 82: MRB=0.0549% buy=0.59 sell=0.47
[I 2025-10-08 10:09:45,076] Trial 82 finished with value: 0.0549 and parameters: {'buy_threshold': 0.59, 'sell_threshold': 0.47000000000000003, 'ewrls_lambda': 0.995, 'bb_amplification_factor': 0.07}. Best is trial 3 with value: 0.0549.
  Trial 83: MRB=0.0549% buy=0.58 sell=0.46
[I 2025-10-08 10:09:57,762] Trial 83 finished with value: 0.0549 and parameters: {'buy_threshold': 0.58, 'sell_threshold': 0.46, 'ewrls_lambda': 0.994, 'bb_amplification_factor': 0.07}. Best is trial 3 with value: 0.0549.
  Trial 84: MRB=0.0409% buy=0.57 sell=0.44
[I 2025-10-08 10:10:10,473] Trial 84 finished with value: 0.0409 and parameters: {'buy_threshold': 0.57, 'sell_threshold': 0.44, 'ewrls_lambda': 0.993, 'bb_amplification_factor': 0.08}. Best is trial 3 with value: 0.0549.
  Trial 85: MRB=0.0549% buy=0.57 sell=0.45
[I 2025-10-08 10:10:23,265] Trial 85 finished with value: 0.0549 and parameters: {'buy_threshold': 0.57, 'sell_threshold': 0.45, 'ewrls_lambda': 0.994, 'bb_amplification_factor': 0.07}. Best is trial 3 with value: 0.0549.
  Trial 86: MRB=0.0471% buy=0.55 sell=0.47
[I 2025-10-08 10:10:35,972] Trial 86 finished with value: 0.0471 and parameters: {'buy_threshold': 0.55, 'sell_threshold': 0.47000000000000003, 'ewrls_lambda': 0.992, 'bb_amplification_factor': 0.05}. Best is trial 3 with value: 0.0549.
  Trial 87: MRB=0.0279% buy=0.60 sell=0.48
[I 2025-10-08 10:10:48,716] Trial 87 finished with value: 0.0279 and parameters: {'buy_threshold': 0.6, 'sell_threshold': 0.48000000000000004, 'ewrls_lambda': 0.995, 'bb_amplification_factor': 0.060000000000000005}. Best is trial 3 with value: 0.0549.
  Trial 88: MRB=0.0549% buy=0.58 sell=0.44
