[I 2025-10-08 10:24:11,310] Trial 150 finished with value: 0.0549 and parameters: {'buy_threshold': 0.57, 'sell_threshold': 0.47000000000000003, 'ewrls_lambda': 0.991, 'bb_amplification_factor': 0.07}. Best is trial 3 with value: 0.0549.Best trial: 3. Best value: 0.0549:  90%|█████████ | 180/200 [38:11<04:16, 12.84s/it]Best trial: 3. Best value: 0.0549:  90%|█████████ | 180/200 [38:11<04:16, 12.84s/it]Best trial: 3. Best value: 0.0549:  90%|█████████ | 181/200 [38:11<04:03, 12.83s/it]                                                                                    Best trial: 3. Best value: 0.0549:  90%|█████████ | 181/200 [38:23<04:03, 12.83s/it]Best trial: 3. Best value: 0.0549:  90%|█████████ | 181/200 [38:23<04:03, 12.83s/it]Best trial: 3. Best value: 0.0549:  91%|█████████ | 182/200 [38:23<03:51, 12.84s/it]                                                                                    Best trial: 3. Best value: 0.0549:  91%|█████████ | 182/200 [38:36<03:51, 12.84s/it]Best trial: 3. Best value: 0.0549:  91%|█████████ | 182/200 [38:36<03:51, 12.84s/it]Best trial: 3. Best value: 0.0549:  92%|█████████▏| 183/200 [38:36<03:38, 12.84s/it]                                                                                    Best trial: 3. Best value: 0.0549:  92%|█████████▏| 183/200 [38:49<03:38, 12.84s/it]Best trial: 3. Best value: 0.0549:  92%|█████████▏| 183/200 [38:49<03:38, 12.84s/it]Best trial: 3. Best value: 0.0549:  92%|█████████▏| 184/200 [38:49<03:25, 12.85s/it]                                                                                    Best trial: 3. Best value: 0.0549:  92%|█████████▏| 184/200 [39:02<03:25, 12.85s/it]Best trial: 3. Best value: 0.0549:  92%|█████████▏| 184/200 [39:02<03:25, 12.85s/it]Best trial: 3. Best value: 0.0549:  92%|█████████▎| 185/200 [39:02<03:12, 12.83s/it]                                                                                    Best trial: 3. Best value: 0.0549:  92%|█████████▎| 185/200 [39:15<03:12, 12.83s/it]Best trial: 3. Best value: 0.0549:  92%|█████████▎| 185/200 [39:15<03:12, 12.83s/it]Best trial: 3. Best value: 0.0549:  93%|█████████▎| 186/200 [39:15<02:59, 12.82s/it]                                                                                    Best trial: 3. Best value: 0.0549:  93%|█████████▎| 186/200 [39:28<02:59, 12.82s/it]Best trial: 3. Best value: 0.0549:  93%|█████████▎| 186/200 [39:28<02:59, 12.82s/it]Best trial: 3. Best value: 0.0549:  94%|█████████▎| 187/200 [39:28<02:46, 12.81s/it]                                                                                    Best trial: 3. Best value: 0.0549:  94%|█████████▎| 187/200 [39:40<02:46, 12.81s/it]Best trial: 3. Best value: 0.0549:  94%|█████████▎| 187/200 [39:40<02:46, 12.81s/it]Best trial: 3. Best value: 0.0549:  94%|█████████▍| 188/200 [39:40<02:33, 12.82s/it]                                                                                    Best trial: 3. Best value: 0.0549:  94%|█████████▍| 188/200 [39:53<02:33, 12.82s/it]Best trial: 3. Best value: 0.0549:  94%|█████████▍| 188/200 [39:53<02:33, 12.82s/it]Best trial: 3. Best value: 0.0549:  94%|█████████▍| 189/200 [39:53<02:20, 12.81s/it]                                                                                    Best trial: 3. Best value: 0.0549:  94%|█████████▍| 189/200 [40:06<02:20, 12.81s/it]Best trial: 3. Best value: 0.0549:  94%|█████████▍| 189/200 [40:06<02:20, 12.81s/it]Best trial: 3. Best value: 0.0549:  95%|█████████▌| 190/200 [40:06<02:08, 12.82s/it]                                                                                    Best trial: 3. Best value: 0.0549:  95%|█████████▌| 190/200 [40:19<02:08, 12.82s/it]Best trial: 3. Best value: 0.0549:  95%|█████████▌| 190/200 [40:19<02:08, 12.82s/it]Best trial: 3. Best value: 0.0549:  96%|█████████▌| 191/200 [40:19<01:55, 12.84s/it]                                                                                    Best trial: 3. Best value: 0.0549:  96%|█████████▌| 191/200 [40:32<01:55, 12.84s/it]Best trial: 3. Best value: 0.0549:  96%|█████████▌| 191/200 [40:32<01:55, 12.84s/it]Best trial: 3. Best value: 0.0549:  96%|█████████▌| 192/200 [40:32<01:42, 12.85s/it]                                                                                    Best trial: 3. Best value: 0.0549:  96%|█████████▌| 192/200 [40:45<01:42, 12.85s/it]Best trial: 3. Best value: 0.0549:  96%|█████████▌| 192/200 [40:45<01:42, 12.85s/it]Best trial: 3. Best value: 0.0549:  96%|█████████▋| 193/200 [40:45<01:29, 12.85s/it]                                                                                    Best trial: 3. Best value: 0.0549:  96%|█████████▋| 193/200 [40:57<01:29, 12.85s/it]Best trial: 3. Best value: 0.0549:  96%|█████████▋| 193/200 [40:57<01:29, 12.85s/it]Best trial: 3. Best value: 0.0549:  97%|█████████▋| 194/200 [40:57<01:17, 12.84s/it]                                                                                    Best trial: 3. Best value: 0.0549:  97%|█████████▋| 194/200 [41:10<01:17, 12.84s/it]Best trial: 3. Best value: 0.0549:  97%|█████████▋| 194/200 [41:10<01:17, 12.84s/it]Best trial: 3. Best value: 0.0549:  98%|█████████▊| 195/200 [41:10<01:04, 12.83s/it]                                                                                    Best trial: 3. Best value: 0.0549:  98%|█████████▊| 195/200 [41:23<01:04, 12.83s/it]Best trial: 3. Best value: 0.0549:  98%|█████████▊| 195/200 [41:23<01:04, 12.83s/it]Best trial: 3. Best value: 0.0549:  98%|█████████▊| 196/200 [41:23<00:51, 12.82s/it]                                                                                    Best trial: 3. Best value: 0.0549:  98%|█████████▊| 196/200 [41:36<00:51, 12.82s/it]Best trial: 3. Best value: 0.0549:  98%|█████████▊| 196/200 [41:36<00:51, 12.82s/it]Best trial: 3. Best value: 0.0549:  98%|█████████▊| 197/200 [41:36<00:38, 12.79s/it]                                                                                    Best trial: 3. Best value: 0.0549:  98%|█████████▊| 197/200 [41:49<00:38, 12.79s/it]Best trial: 3. Best value: 0.0549:  98%|█████████▊| 197/200 [41:49<00:38, 12.79s/it]Best trial: 3. Best value: 0.0549:  99%|█████████▉| 198/200 [41:49<00:25, 12.79s/it]                                                                                    Best trial: 3. Best value: 0.0549:  99%|█████████▉| 198/200 [42:01<00:25, 12.79s/it]Best trial: 3. Best value: 0.0549:  99%|█████████▉| 198/200 [42:01<00:25, 12.79s/it]Best trial: 3. Best value: 0.0549: 100%|█████████▉| 199/200 [42:01<00:12, 12.79s/it]                                                                                    Best trial: 3. Best value: 0.0549: 100%|█████████▉| 199/200 [42:14<00:12, 12.79s/it]Best trial: 3. Best value: 0.0549: 100%|█████████▉| 199/200 [42:14<00:12, 12.79s/it]Best trial: 3. Best value: 0.0549: 100%|██████████| 200/200 [42:14<00:00, 12.80s/it]Best trial: 3. Best value: 0.0549: 100%|██████████| 200/200 [42:14<00:00, 12.67s/it]

  Trial 151: MRB=0.0549% buy=0.60 sell=0.44
[I 2025-10-08 10:24:24,024] Trial 151 finished with value: 0.0549 and parameters: {'buy_threshold': 0.6, 'sell_threshold': 0.44, 'ewrls_lambda': 0.992, 'bb_amplification_factor': 0.07}. Best is trial 3 with value: 0.0549.
  Trial 152: MRB=0.0549% buy=0.60 sell=0.44
[I 2025-10-08 10:24:36,892] Trial 152 finished with value: 0.0549 and parameters: {'buy_threshold': 0.6, 'sell_threshold': 0.44, 'ewrls_lambda': 0.992, 'bb_amplification_factor': 0.07}. Best is trial 3 with value: 0.0549.
  Trial 153: MRB=0.0549% buy=0.60 sell=0.44
[I 2025-10-08 10:24:49,745] Trial 153 finished with value: 0.0549 and parameters: {'buy_threshold': 0.6, 'sell_threshold': 0.44, 'ewrls_lambda': 0.992, 'bb_amplification_factor': 0.07}. Best is trial 3 with value: 0.0549.
  Trial 154: MRB=0.0279% buy=0.59 sell=0.46
[I 2025-10-08 10:25:02,645] Trial 154 finished with value: 0.0279 and parameters: {'buy_threshold': 0.59, 'sell_threshold': 0.46, 'ewrls_lambda': 0.992, 'bb_amplification_factor': 0.060000000000000005}. Best is trial 3 with value: 0.0549.
  Trial 155: MRB=0.0075% buy=0.58 sell=0.43
[I 2025-10-08 10:25:15,367] Trial 155 finished with value: 0.0075 and parameters: {'buy_threshold': 0.58, 'sell_threshold': 0.43000000000000005, 'ewrls_lambda': 0.994, 'bb_amplification_factor': 0.13}. Best is trial 3 with value: 0.0549.
  Trial 156: MRB=0.0549% buy=0.55 sell=0.45
[I 2025-10-08 10:25:28,190] Trial 156 finished with value: 0.0549 and parameters: {'buy_threshold': 0.55, 'sell_threshold': 0.45, 'ewrls_lambda': 0.993, 'bb_amplification_factor': 0.07}. Best is trial 3 with value: 0.0549.
  Trial 157: MRB=0.0549% buy=0.59 sell=0.44
[I 2025-10-08 10:25:40,924] Trial 157 finished with value: 0.0549 and parameters: {'buy_threshold': 0.59, 'sell_threshold': 0.44, 'ewrls_lambda': 0.991, 'bb_amplification_factor': 0.07}. Best is trial 3 with value: 0.0549.
  Trial 158: MRB=0.0409% buy=0.60 sell=0.43
[I 2025-10-08 10:25:53,635] Trial 158 finished with value: 0.0409 and parameters: {'buy_threshold': 0.6, 'sell_threshold': 0.43000000000000005, 'ewrls_lambda': 0.992, 'bb_amplification_factor': 0.08}. Best is trial 3 with value: 0.0549.
  Trial 159: MRB=0.0279% buy=0.53 sell=0.50
[I 2025-10-08 10:26:06,452] Trial 159 finished with value: 0.0279 and parameters: {'buy_threshold': 0.53, 'sell_threshold': 0.5, 'ewrls_lambda': 0.991, 'bb_amplification_factor': 0.060000000000000005}. Best is trial 3 with value: 0.0549.
  Trial 160: MRB=0.0549% buy=0.58 sell=0.45
[I 2025-10-08 10:26:19,200] Trial 160 finished with value: 0.0549 and parameters: {'buy_threshold': 0.58, 'sell_threshold': 0.45, 'ewrls_lambda': 0.993, 'bb_amplification_factor': 0.07}. Best is trial 3 with value: 0.0549.
  Trial 161: MRB=0.0549% buy=0.56 sell=0.42
[I 2025-10-08 10:26:32,012] Trial 161 finished with value: 0.0549 and parameters: {'buy_threshold': 0.5599999999999999, 'sell_threshold': 0.42000000000000004, 'ewrls_lambda': 0.995, 'bb_amplification_factor': 0.07}. Best is trial 3 with value: 0.0549.
  Trial 162: MRB=0.0549% buy=0.56 sell=0.42
[I 2025-10-08 10:26:44,912] Trial 162 finished with value: 0.0549 and parameters: {'buy_threshold': 0.5599999999999999, 'sell_threshold': 0.42000000000000004, 'ewrls_lambda': 0.996, 'bb_amplification_factor': 0.07}. Best is trial 3 with value: 0.0549.
  Trial 163: MRB=0.0549% buy=0.56 sell=0.42
[I 2025-10-08 10:26:57,775] Trial 163 finished with value: 0.0549 and parameters: {'buy_threshold': 0.5599999999999999, 'sell_threshold': 0.42000000000000004, 'ewrls_lambda': 0.995, 'bb_amplification_factor': 0.07}. Best is trial 3 with value: 0.0549.
  Trial 164: MRB=0.0549% buy=0.57 sell=0.42
[I 2025-10-08 10:27:10,588] Trial 164 finished with value: 0.0549 and parameters: {'buy_threshold': 0.57, 'sell_threshold': 0.42000000000000004, 'ewrls_lambda': 0.995, 'bb_amplification_factor': 0.07}. Best is trial 3 with value: 0.0549.
  Trial 165: MRB=0.0549% buy=0.52 sell=0.41
[I 2025-10-08 10:27:23,371] Trial 165 finished with value: 0.0549 and parameters: {'buy_threshold': 0.52, 'sell_threshold': 0.41000000000000003, 'ewrls_lambda': 0.994, 'bb_amplification_factor': 0.07}. Best is trial 3 with value: 0.0549.
  Trial 166: MRB=0.0409% buy=0.55 sell=0.44
[I 2025-10-08 10:27:36,196] Trial 166 finished with value: 0.0409 and parameters: {'buy_threshold': 0.55, 'sell_threshold': 0.44, 'ewrls_lambda': 0.995, 'bb_amplification_factor': 0.08}. Best is trial 3 with value: 0.0549.
  Trial 167: MRB=0.0549% buy=0.59 sell=0.47
[I 2025-10-08 10:27:49,175] Trial 167 finished with value: 0.0549 and parameters: {'buy_threshold': 0.59, 'sell_threshold': 0.47000000000000003, 'ewrls_lambda': 0.994, 'bb_amplification_factor': 0.07}. Best is trial 3 with value: 0.0549.
  Trial 168: MRB=0.0025% buy=0.57 sell=0.43
[I 2025-10-08 10:28:02,029] Trial 168 finished with value: 0.0025 and parameters: {'buy_threshold': 0.57, 'sell_threshold': 0.43000000000000005, 'ewrls_lambda': 0.992, 'bb_amplification_factor': 0.1}. Best is trial 3 with value: 0.0549.
  Trial 169: MRB=0.0549% buy=0.54 sell=0.44
[I 2025-10-08 10:28:14,838] Trial 169 finished with value: 0.0549 and parameters: {'buy_threshold': 0.54, 'sell_threshold': 0.44, 'ewrls_lambda': 0.996, 'bb_amplification_factor': 0.07}. Best is trial 3 with value: 0.0549.
  Trial 170: MRB=0.0279% buy=0.58 sell=0.47
[I 2025-10-08 10:28:27,655] Trial 170 finished with value: 0.0279 and parameters: {'buy_threshold': 0.58, 'sell_threshold': 0.47000000000000003, 'ewrls_lambda': 0.992, 'bb_amplification_factor': 0.060000000000000005}. Best is trial 3 with value: 0.0549.
  Trial 171: MRB=0.0549% buy=0.56 sell=0.41
[I 2025-10-08 10:28:40,547] Trial 171 finished with value: 0.0549 and parameters: {'buy_threshold': 0.5599999999999999, 'sell_threshold': 0.41000000000000003, 'ewrls_lambda': 0.996, 'bb_amplification_factor': 0.07}. Best is trial 3 with value: 0.0549.
  Trial 172: MRB=0.0549% buy=0.56 sell=0.41
[I 2025-10-08 10:28:53,455] Trial 172 finished with value: 0.0549 and parameters: {'buy_threshold': 0.5599999999999999, 'sell_threshold': 0.41000000000000003, 'ewrls_lambda': 0.997, 'bb_amplification_factor': 0.07}. Best is trial 3 with value: 0.0549.
  Trial 173: MRB=0.0549% buy=0.55 sell=0.40
[I 2025-10-08 10:29:06,408] Trial 173 finished with value: 0.0549 and parameters: {'buy_threshold': 0.55, 'sell_threshold': 0.4, 'ewrls_lambda': 0.996, 'bb_amplification_factor': 0.07}. Best is trial 3 with value: 0.0549.
  Trial 174: MRB=0.0549% buy=0.56 sell=0.43
[I 2025-10-08 10:29:19,212] Trial 174 finished with value: 0.0549 and parameters: {'buy_threshold': 0.5599999999999999, 'sell_threshold': 0.43000000000000005, 'ewrls_lambda': 0.995, 'bb_amplification_factor': 0.07}. Best is trial 3 with value: 0.0549.
  Trial 175: MRB=0.0549% buy=0.58 sell=0.42
[I 2025-10-08 10:29:31,950] Trial 175 finished with value: 0.0549 and parameters: {'buy_threshold': 0.58, 'sell_threshold': 0.42000000000000004, 'ewrls_lambda': 0.997, 'bb_amplification_factor': 0.07}. Best is trial 3 with value: 0.0549.
  Trial 176: MRB=0.0549% buy=0.57 sell=0.41
[I 2025-10-08 10:29:44,860] Trial 176 finished with value: 0.0549 and parameters: {'buy_threshold': 0.57, 'sell_threshold': 0.41000000000000003, 'ewrls_lambda': 0.995, 'bb_amplification_factor': 0.07}. Best is trial 3 with value: 0.0549.
  Trial 177: MRB=0.0279% buy=0.56 sell=0.48
[I 2025-10-08 10:29:57,670] Trial 177 finished with value: 0.0279 and parameters: {'buy_threshold': 0.5599999999999999, 'sell_threshold': 0.48000000000000004, 'ewrls_lambda': 0.991, 'bb_amplification_factor': 0.060000000000000005}. Best is trial 3 with value: 0.0549.
  Trial 178: MRB=0.0549% buy=0.58 sell=0.46
[I 2025-10-08 10:30:10,375] Trial 178 finished with value: 0.0549 and parameters: {'buy_threshold': 0.58, 'sell_threshold': 0.46, 'ewrls_lambda': 0.994, 'bb_amplification_factor': 0.07}. Best is trial 3 with value: 0.0549.
  Trial 179: MRB=0.0549% buy=0.59 sell=0.44
[I 2025-10-08 10:30:23,309] Trial 179 finished with value: 0.0549 and parameters: {'buy_threshold': 0.59, 'sell_threshold': 0.44, 'ewrls_lambda': 0.992, 'bb_amplification_factor': 0.07}. Best is trial 3 with value: 0.0549.
  Trial 180: MRB=0.0409% buy=0.57 sell=0.43
[I 2025-10-08 10:30:36,107] Trial 180 finished with value: 0.0409 and parameters: {'buy_threshold': 0.57, 'sell_threshold': 0.43000000000000005, 'ewrls_lambda': 0.995, 'bb_amplification_factor': 0.08}. Best is trial 3 with value: 0.0549.
  Trial 181: MRB=0.0549% buy=0.55 sell=0.47
[I 2025-10-08 10:30:48,969] Trial 181 finished with value: 0.0549 and parameters: {'buy_threshold': 0.55, 'sell_threshold': 0.47000000000000003, 'ewrls_lambda': 0.994, 'bb_amplification_factor': 0.07}. Best is trial 3 with value: 0.0549.
  Trial 182: MRB=0.0549% buy=0.55 sell=0.47
[I 2025-10-08 10:31:01,826] Trial 182 finished with value: 0.0549 and parameters: {'buy_threshold': 0.55, 'sell_threshold': 0.47000000000000003, 'ewrls_lambda': 0.993, 'bb_amplification_factor': 0.07}. Best is trial 3 with value: 0.0549.
  Trial 183: MRB=0.0549% buy=0.56 sell=0.47
[I 2025-10-08 10:31:14,686] Trial 183 finished with value: 0.0549 and parameters: {'buy_threshold': 0.5599999999999999, 'sell_threshold': 0.47000000000000003, 'ewrls_lambda': 0.993, 'bb_amplification_factor': 0.07}. Best is trial 3 with value: 0.0549.
  Trial 184: MRB=0.0549% buy=0.56 sell=0.46
[I 2025-10-08 10:31:27,462] Trial 184 finished with value: 0.0549 and parameters: {'buy_threshold': 0.5599999999999999, 'sell_threshold': 0.46, 'ewrls_lambda': 0.993, 'bb_amplification_factor': 0.07}. Best is trial 3 with value: 0.0549.
  Trial 185: MRB=0.0549% buy=0.55 sell=0.42
[I 2025-10-08 10:31:40,269] Trial 185 finished with value: 0.0549 and parameters: {'buy_threshold': 0.55, 'sell_threshold': 0.42000000000000004, 'ewrls_lambda': 0.992, 'bb_amplification_factor': 0.07}. Best is trial 3 with value: 0.0549.
  Trial 186: MRB=0.0549% buy=0.58 sell=0.45
[I 2025-10-08 10:31:53,045] Trial 186 finished with value: 0.0549 and parameters: {'buy_threshold': 0.58, 'sell_threshold': 0.45, 'ewrls_lambda': 0.993, 'bb_amplification_factor': 0.07}. Best is trial 3 with value: 0.0549.
  Trial 187: MRB=0.0549% buy=0.60 sell=0.46
[I 2025-10-08 10:32:05,879] Trial 187 finished with value: 0.0549 and parameters: {'buy_threshold': 0.6, 'sell_threshold': 0.46, 'ewrls_lambda': 0.991, 'bb_amplification_factor': 0.07}. Best is trial 3 with value: 0.0549.
  Trial 188: MRB=0.0279% buy=0.57 sell=0.48
[I 2025-10-08 10:32:18,669] Trial 188 finished with value: 0.0279 and parameters: {'buy_threshold': 0.57, 'sell_threshold': 0.48000000000000004, 'ewrls_lambda': 0.992, 'bb_amplification_factor': 0.060000000000000005}. Best is trial 3 with value: 0.0549.
  Trial 189: MRB=0.0549% buy=0.56 sell=0.42
[I 2025-10-08 10:32:31,517] Trial 189 finished with value: 0.0549 and parameters: {'buy_threshold': 0.5599999999999999, 'sell_threshold': 0.42000000000000004, 'ewrls_lambda': 0.996, 'bb_amplification_factor': 0.07}. Best is trial 3 with value: 0.0549.
  Trial 190: MRB=0.0409% buy=0.54 sell=0.51
[I 2025-10-08 10:32:44,408] Trial 190 finished with value: 0.0409 and parameters: {'buy_threshold': 0.54, 'sell_threshold': 0.51, 'ewrls_lambda': 0.994, 'bb_amplification_factor': 0.08}. Best is trial 3 with value: 0.0549.
  Trial 191: MRB=0.0549% buy=0.60 sell=0.48
[I 2025-10-08 10:32:57,271] Trial 191 finished with value: 0.0549 and parameters: {'buy_threshold': 0.6, 'sell_threshold': 0.48000000000000004, 'ewrls_lambda': 0.992, 'bb_amplification_factor': 0.07}. Best is trial 3 with value: 0.0549.
  Trial 192: MRB=0.0549% buy=0.60 sell=0.49
[I 2025-10-08 10:33:10,126] Trial 192 finished with value: 0.0549 and parameters: {'buy_threshold': 0.6, 'sell_threshold': 0.49, 'ewrls_lambda': 0.992, 'bb_amplification_factor': 0.07}. Best is trial 3 with value: 0.0549.
  Trial 193: MRB=0.0549% buy=0.60 sell=0.48
[I 2025-10-08 10:33:22,929] Trial 193 finished with value: 0.0549 and parameters: {'buy_threshold': 0.6, 'sell_threshold': 0.48000000000000004, 'ewrls_lambda': 0.992, 'bb_amplification_factor': 0.07}. Best is trial 3 with value: 0.0549.
  Trial 194: MRB=0.0549% buy=0.59 sell=0.49
[I 2025-10-08 10:33:35,735] Trial 194 finished with value: 0.0549 and parameters: {'buy_threshold': 0.59, 'sell_threshold': 0.49, 'ewrls_lambda': 0.992, 'bb_amplification_factor': 0.07}. Best is trial 3 with value: 0.0549.
  Trial 195: MRB=0.0549% buy=0.59 sell=0.47
[I 2025-10-08 10:33:48,533] Trial 195 finished with value: 0.0549 and parameters: {'buy_threshold': 0.59, 'sell_threshold': 0.47000000000000003, 'ewrls_lambda': 0.99, 'bb_amplification_factor': 0.07}. Best is trial 3 with value: 0.0549.
  Trial 196: MRB=0.0549% buy=0.60 sell=0.44
[I 2025-10-08 10:34:01,273] Trial 196 finished with value: 0.0549 and parameters: {'buy_threshold': 0.6, 'sell_threshold': 0.44, 'ewrls_lambda': 0.993, 'bb_amplification_factor': 0.07}. Best is trial 3 with value: 0.0549.
  Trial 197: MRB=0.0549% buy=0.58 sell=0.48
[I 2025-10-08 10:34:14,054] Trial 197 finished with value: 0.0549 and parameters: {'buy_threshold': 0.58, 'sell_threshold': 0.48000000000000004, 'ewrls_lambda': 0.991, 'bb_amplification_factor': 0.07}. Best is trial 3 with value: 0.0549.
  Trial 198: MRB=0.0549% buy=0.58 sell=0.47
[I 2025-10-08 10:34:26,841] Trial 198 finished with value: 0.0549 and parameters: {'buy_threshold': 0.58, 'sell_threshold': 0.47000000000000003, 'ewrls_lambda': 0.998, 'bb_amplification_factor': 0.07}. Best is trial 3 with value: 0.0549.
  Trial 199: MRB=0.0409% buy=0.57 sell=0.47
[I 2025-10-08 10:34:39,658] Trial 199 finished with value: 0.0409 and parameters: {'buy_threshold': 0.57, 'sell_threshold': 0.47000000000000003, 'ewrls_lambda': 0.992, 'bb_amplification_factor': 0.08}. Best is trial 3 with value: 0.0549.
[Tuning] Complete in 2534.7s
[Tuning] Best MRB: 0.0549%
[Tuning] Best params: {'buy_threshold': 0.58, 'sell_threshold': 0.42000000000000004, 'ewrls_lambda': 0.991, 'bb_amplification_factor': 0.07}

[Static] Using fixed params for all tests: {'buy_threshold': 0.58, 'sell_threshold': 0.42000000000000004, 'ewrls_lambda': 0.991, 'bb_amplification_factor': 0.07}

================================================================================
SUMMARY
================================================================================
Strategy: C
Total tests: 0
Mean MRB: 0.0000%
Std MRB: 0.0000%
Min MRB: 0.0000%
Max MRB: 0.0000%
Total time: 42.2 minutes
Results saved to: /Volumes/ExternalSSD/Dev/C++/online_trader/data/tmp/ab_test_results/strategy_c_results.json
================================================================================
