[I 2025-10-08 10:11:01,439] Trial 88 finished with value: 0.0549 and parameters: {'buy_threshold': 0.58, 'sell_threshold': 0.44, 'ewrls_lambda': 0.991, 'bb_amplification_factor': 0.07}. Best is trial 3 with value: 0.0549.
  Trial 89: MRB=0.0409% buy=0.59 sell=0.50
[I 2025-10-08 10:11:14,150] Trial 89 finished with value: 0.0409 and parameters: {'buy_threshold': 0.59, 'sell_threshold': 0.5, 'ewrls_lambda': 0.993, 'bb_amplification_factor': 0.08}. Best is trial 3 with value: 0.0549.
  Trial 90: MRB=0.0549% buy=0.56 sell=0.46
[I 2025-10-08 10:11:26,856] Trial 90 finished with value: 0.0549 and parameters: {'buy_threshold': 0.5599999999999999, 'sell_threshold': 0.46, 'ewrls_lambda': 0.991, 'bb_amplification_factor': 0.07}. Best is trial 3 with value: 0.0549.Best trial: 3. Best value: 0.0549:  60%|██████    | 120/200 [25:23<16:59, 12.75s/it]Best trial: 3. Best value: 0.0549:  60%|██████    | 120/200 [25:23<16:59, 12.75s/it]Best trial: 3. Best value: 0.0549:  60%|██████    | 121/200 [25:23<16:47, 12.75s/it]                                                                                    Best trial: 3. Best value: 0.0549:  60%|██████    | 121/200 [25:36<16:47, 12.75s/it]Best trial: 3. Best value: 0.0549:  60%|██████    | 121/200 [25:36<16:47, 12.75s/it]Best trial: 3. Best value: 0.0549:  61%|██████    | 122/200 [25:36<16:34, 12.74s/it]                                                                                    Best trial: 3. Best value: 0.0549:  61%|██████    | 122/200 [25:48<16:34, 12.74s/it]Best trial: 3. Best value: 0.0549:  61%|██████    | 122/200 [25:48<16:34, 12.74s/it]Best trial: 3. Best value: 0.0549:  62%|██████▏   | 123/200 [25:48<16:20, 12.74s/it]                                                                                    Best trial: 3. Best value: 0.0549:  62%|██████▏   | 123/200 [26:01<16:20, 12.74s/it]Best trial: 3. Best value: 0.0549:  62%|██████▏   | 123/200 [26:01<16:20, 12.74s/it]Best trial: 3. Best value: 0.0549:  62%|██████▏   | 124/200 [26:01<16:06, 12.71s/it]                                                                                    Best trial: 3. Best value: 0.0549:  62%|██████▏   | 124/200 [26:14<16:06, 12.71s/it]Best trial: 3. Best value: 0.0549:  62%|██████▏   | 124/200 [26:14<16:06, 12.71s/it]Best trial: 3. Best value: 0.0549:  62%|██████▎   | 125/200 [26:14<15:57, 12.77s/it]                                                                                    Best trial: 3. Best value: 0.0549:  62%|██████▎   | 125/200 [26:27<15:57, 12.77s/it]Best trial: 3. Best value: 0.0549:  62%|██████▎   | 125/200 [26:27<15:57, 12.77s/it]Best trial: 3. Best value: 0.0549:  63%|██████▎   | 126/200 [26:27<15:47, 12.80s/it]                                                                                    Best trial: 3. Best value: 0.0549:  63%|██████▎   | 126/200 [26:39<15:47, 12.80s/it]Best trial: 3. Best value: 0.0549:  63%|██████▎   | 126/200 [26:39<15:47, 12.80s/it]Best trial: 3. Best value: 0.0549:  64%|██████▎   | 127/200 [26:39<15:32, 12.77s/it]                                                                                    Best trial: 3. Best value: 0.0549:  64%|██████▎   | 127/200 [26:52<15:32, 12.77s/it]Best trial: 3. Best value: 0.0549:  64%|██████▎   | 127/200 [26:52<15:32, 12.77s/it]Best trial: 3. Best value: 0.0549:  64%|██████▍   | 128/200 [26:52<15:18, 12.75s/it]                                                                                    Best trial: 3. Best value: 0.0549:  64%|██████▍   | 128/200 [27:05<15:18, 12.75s/it]Best trial: 3. Best value: 0.0549:  64%|██████▍   | 128/200 [27:05<15:18, 12.75s/it]Best trial: 3. Best value: 0.0549:  64%|██████▍   | 129/200 [27:05<15:03, 12.73s/it]                                                                                    Best trial: 3. Best value: 0.0549:  64%|██████▍   | 129/200 [27:18<15:03, 12.73s/it]Best trial: 3. Best value: 0.0549:  64%|██████▍   | 129/200 [27:18<15:03, 12.73s/it]Best trial: 3. Best value: 0.0549:  65%|██████▌   | 130/200 [27:18<14:53, 12.77s/it]                                                                                    Best trial: 3. Best value: 0.0549:  65%|██████▌   | 130/200 [27:31<14:53, 12.77s/it]Best trial: 3. Best value: 0.0549:  65%|██████▌   | 130/200 [27:31<14:53, 12.77s/it]Best trial: 3. Best value: 0.0549:  66%|██████▌   | 131/200 [27:31<14:41, 12.77s/it]                                                                                    Best trial: 3. Best value: 0.0549:  66%|██████▌   | 131/200 [27:43<14:41, 12.77s/it]Best trial: 3. Best value: 0.0549:  66%|██████▌   | 131/200 [27:43<14:41, 12.77s/it]Best trial: 3. Best value: 0.0549:  66%|██████▌   | 132/200 [27:43<14:27, 12.76s/it]                                                                                    Best trial: 3. Best value: 0.0549:  66%|██████▌   | 132/200 [27:56<14:27, 12.76s/it]Best trial: 3. Best value: 0.0549:  66%|██████▌   | 132/200 [27:56<14:27, 12.76s/it]Best trial: 3. Best value: 0.0549:  66%|██████▋   | 133/200 [27:56<14:19, 12.82s/it]                                                                                    Best trial: 3. Best value: 0.0549:  66%|██████▋   | 133/200 [28:09<14:19, 12.82s/it]Best trial: 3. Best value: 0.0549:  66%|██████▋   | 133/200 [28:09<14:19, 12.82s/it]Best trial: 3. Best value: 0.0549:  67%|██████▋   | 134/200 [28:09<14:05, 12.81s/it]                                                                                    Best trial: 3. Best value: 0.0549:  67%|██████▋   | 134/200 [28:22<14:05, 12.81s/it]Best trial: 3. Best value: 0.0549:  67%|██████▋   | 134/200 [28:22<14:05, 12.81s/it]Best trial: 3. Best value: 0.0549:  68%|██████▊   | 135/200 [28:22<13:52, 12.81s/it]                                                                                    Best trial: 3. Best value: 0.0549:  68%|██████▊   | 135/200 [28:35<13:52, 12.81s/it]Best trial: 3. Best value: 0.0549:  68%|██████▊   | 135/200 [28:35<13:52, 12.81s/it]Best trial: 3. Best value: 0.0549:  68%|██████▊   | 136/200 [28:35<13:38, 12.79s/it]                                                                                    Best trial: 3. Best value: 0.0549:  68%|██████▊   | 136/200 [28:47<13:38, 12.79s/it]Best trial: 3. Best value: 0.0549:  68%|██████▊   | 136/200 [28:47<13:38, 12.79s/it]Best trial: 3. Best value: 0.0549:  68%|██████▊   | 137/200 [28:47<13:25, 12.78s/it]                                                                                    Best trial: 3. Best value: 0.0549:  68%|██████▊   | 137/200 [29:00<13:25, 12.78s/it]Best trial: 3. Best value: 0.0549:  68%|██████▊   | 137/200 [29:00<13:25, 12.78s/it]Best trial: 3. Best value: 0.0549:  69%|██████▉   | 138/200 [29:00<13:12, 12.78s/it]                                                                                    Best trial: 3. Best value: 0.0549:  69%|██████▉   | 138/200 [29:13<13:12, 12.78s/it]Best trial: 3. Best value: 0.0549:  69%|██████▉   | 138/200 [29:13<13:12, 12.78s/it]Best trial: 3. Best value: 0.0549:  70%|██████▉   | 139/200 [29:13<12:58, 12.77s/it]                                                                                    Best trial: 3. Best value: 0.0549:  70%|██████▉   | 139/200 [29:26<12:58, 12.77s/it]Best trial: 3. Best value: 0.0549:  70%|██████▉   | 139/200 [29:26<12:58, 12.77s/it]Best trial: 3. Best value: 0.0549:  70%|███████   | 140/200 [29:26<12:46, 12.78s/it]                                                                                    Best trial: 3. Best value: 0.0549:  70%|███████   | 140/200 [29:38<12:46, 12.78s/it]Best trial: 3. Best value: 0.0549:  70%|███████   | 140/200 [29:38<12:46, 12.78s/it]Best trial: 3. Best value: 0.0549:  70%|███████   | 141/200 [29:38<12:32, 12.76s/it]                                                                                    Best trial: 3. Best value: 0.0549:  70%|███████   | 141/200 [29:51<12:32, 12.76s/it]Best trial: 3. Best value: 0.0549:  70%|███████   | 141/200 [29:51<12:32, 12.76s/it]Best trial: 3. Best value: 0.0549:  71%|███████   | 142/200 [29:51<12:19, 12.75s/it]                                                                                    Best trial: 3. Best value: 0.0549:  71%|███████   | 142/200 [30:04<12:19, 12.75s/it]Best trial: 3. Best value: 0.0549:  71%|███████   | 142/200 [30:04<12:19, 12.75s/it]Best trial: 3. Best value: 0.0549:  72%|███████▏  | 143/200 [30:04<12:07, 12.76s/it]                                                                                    Best trial: 3. Best value: 0.0549:  72%|███████▏  | 143/200 [30:17<12:07, 12.76s/it]Best trial: 3. Best value: 0.0549:  72%|███████▏  | 143/200 [30:17<12:07, 12.76s/it]Best trial: 3. Best value: 0.0549:  72%|███████▏  | 144/200 [30:17<11:54, 12.76s/it]                                                                                    Best trial: 3. Best value: 0.0549:  72%|███████▏  | 144/200 [30:29<11:54, 12.76s/it]Best trial: 3. Best value: 0.0549:  72%|███████▏  | 144/200 [30:29<11:54, 12.76s/it]Best trial: 3. Best value: 0.0549:  72%|███████▎  | 145/200 [30:29<11:40, 12.74s/it]                                                                                    Best trial: 3. Best value: 0.0549:  72%|███████▎  | 145/200 [30:42<11:40, 12.74s/it]Best trial: 3. Best value: 0.0549:  72%|███████▎  | 145/200 [30:42<11:40, 12.74s/it]Best trial: 3. Best value: 0.0549:  73%|███████▎  | 146/200 [30:42<11:30, 12.78s/it]                                                                                    Best trial: 3. Best value: 0.0549:  73%|███████▎  | 146/200 [30:55<11:30, 12.78s/it]Best trial: 3. Best value: 0.0549:  73%|███████▎  | 146/200 [30:55<11:30, 12.78s/it]Best trial: 3. Best value: 0.0549:  74%|███████▎  | 147/200 [30:55<11:15, 12.75s/it]                                                                                    Best trial: 3. Best value: 0.0549:  74%|███████▎  | 147/200 [31:08<11:15, 12.75s/it]Best trial: 3. Best value: 0.0549:  74%|███████▎  | 147/200 [31:08<11:15, 12.75s/it]Best trial: 3. Best value: 0.0549:  74%|███████▍  | 148/200 [31:08<11:02, 12.74s/it]                                                                                    Best trial: 3. Best value: 0.0549:  74%|███████▍  | 148/200 [31:20<11:02, 12.74s/it]Best trial: 3. Best value: 0.0549:  74%|███████▍  | 148/200 [31:20<11:02, 12.74s/it]Best trial: 3. Best value: 0.0549:  74%|███████▍  | 149/200 [31:20<10:49, 12.73s/it]                                                                                    Best trial: 3. Best value: 0.0549:  74%|███████▍  | 149/200 [31:33<10:49, 12.73s/it]Best trial: 3. Best value: 0.0549:  74%|███████▍  | 149/200 [31:33<10:49, 12.73s/it]Best trial: 3. Best value: 0.0549:  75%|███████▌  | 150/200 [31:33<10:37, 12.75s/it]                                                                                    
  Trial 91: MRB=0.0549% buy=0.53 sell=0.52
[I 2025-10-08 10:11:39,568] Trial 91 finished with value: 0.0549 and parameters: {'buy_threshold': 0.53, 'sell_threshold': 0.52, 'ewrls_lambda': 0.994, 'bb_amplification_factor': 0.07}. Best is trial 3 with value: 0.0549.
  Trial 92: MRB=0.0279% buy=0.53 sell=0.51
[I 2025-10-08 10:11:52,270] Trial 92 finished with value: 0.0279 and parameters: {'buy_threshold': 0.53, 'sell_threshold': 0.51, 'ewrls_lambda': 0.994, 'bb_amplification_factor': 0.060000000000000005}. Best is trial 3 with value: 0.0549.
  Trial 93: MRB=0.0549% buy=0.52 sell=0.49
[I 2025-10-08 10:12:04,928] Trial 93 finished with value: 0.0549 and parameters: {'buy_threshold': 0.52, 'sell_threshold': 0.49, 'ewrls_lambda': 0.993, 'bb_amplification_factor': 0.07}. Best is trial 3 with value: 0.0549.
  Trial 94: MRB=0.0279% buy=0.52 sell=0.50
[I 2025-10-08 10:12:17,623] Trial 94 finished with value: 0.0279 and parameters: {'buy_threshold': 0.52, 'sell_threshold': 0.5, 'ewrls_lambda': 0.994, 'bb_amplification_factor': 0.060000000000000005}. Best is trial 3 with value: 0.0549.
  Trial 95: MRB=0.0409% buy=0.54 sell=0.51
[I 2025-10-08 10:12:30,338] Trial 95 finished with value: 0.0409 and parameters: {'buy_threshold': 0.54, 'sell_threshold': 0.51, 'ewrls_lambda': 0.995, 'bb_amplification_factor': 0.08}. Best is trial 3 with value: 0.0549.
  Trial 96: MRB=0.0549% buy=0.59 sell=0.45
[I 2025-10-08 10:12:43,052] Trial 96 finished with value: 0.0549 and parameters: {'buy_threshold': 0.59, 'sell_threshold': 0.45, 'ewrls_lambda': 0.992, 'bb_amplification_factor': 0.07}. Best is trial 3 with value: 0.0549.
  Trial 97: MRB=0.0409% buy=0.57 sell=0.49
[I 2025-10-08 10:12:55,815] Trial 97 finished with value: 0.0409 and parameters: {'buy_threshold': 0.57, 'sell_threshold': 0.49, 'ewrls_lambda': 0.993, 'bb_amplification_factor': 0.08}. Best is trial 3 with value: 0.0549.
  Trial 98: MRB=0.0549% buy=0.58 sell=0.42
[I 2025-10-08 10:13:08,501] Trial 98 finished with value: 0.0549 and parameters: {'buy_threshold': 0.58, 'sell_threshold': 0.42000000000000004, 'ewrls_lambda': 0.994, 'bb_amplification_factor': 0.07}. Best is trial 3 with value: 0.0549.
  Trial 99: MRB=0.0279% buy=0.51 sell=0.43
[I 2025-10-08 10:13:21,129] Trial 99 finished with value: 0.0279 and parameters: {'buy_threshold': 0.51, 'sell_threshold': 0.43000000000000005, 'ewrls_lambda': 0.992, 'bb_amplification_factor': 0.060000000000000005}. Best is trial 3 with value: 0.0549.
  Trial 100: MRB=0.0409% buy=0.58 sell=0.48
[I 2025-10-08 10:13:33,789] Trial 100 finished with value: 0.0409 and parameters: {'buy_threshold': 0.58, 'sell_threshold': 0.48000000000000004, 'ewrls_lambda': 0.995, 'bb_amplification_factor': 0.08}. Best is trial 3 with value: 0.0549.
  Trial 101: MRB=0.0549% buy=0.57 sell=0.47
[I 2025-10-08 10:13:46,480] Trial 101 finished with value: 0.0549 and parameters: {'buy_threshold': 0.57, 'sell_threshold': 0.47000000000000003, 'ewrls_lambda': 0.991, 'bb_amplification_factor': 0.07}. Best is trial 3 with value: 0.0549.
  Trial 102: MRB=0.0549% buy=0.56 sell=0.47
[I 2025-10-08 10:13:59,171] Trial 102 finished with value: 0.0549 and parameters: {'buy_threshold': 0.5599999999999999, 'sell_threshold': 0.47000000000000003, 'ewrls_lambda': 0.99, 'bb_amplification_factor': 0.07}. Best is trial 3 with value: 0.0549.
  Trial 103: MRB=0.0549% buy=0.57 sell=0.46
[I 2025-10-08 10:14:11,887] Trial 103 finished with value: 0.0549 and parameters: {'buy_threshold': 0.57, 'sell_threshold': 0.46, 'ewrls_lambda': 0.991, 'bb_amplification_factor': 0.07}. Best is trial 3 with value: 0.0549.
  Trial 104: MRB=0.0279% buy=0.56 sell=0.41
[I 2025-10-08 10:14:24,600] Trial 104 finished with value: 0.0279 and parameters: {'buy_threshold': 0.5599999999999999, 'sell_threshold': 0.41000000000000003, 'ewrls_lambda': 0.992, 'bb_amplification_factor': 0.060000000000000005}. Best is trial 3 with value: 0.0549.
  Trial 105: MRB=-0.0174% buy=0.57 sell=0.44
[I 2025-10-08 10:14:37,266] Trial 105 finished with value: -0.0174 and parameters: {'buy_threshold': 0.57, 'sell_threshold': 0.44, 'ewrls_lambda': 0.991, 'bb_amplification_factor': 0.11}. Best is trial 3 with value: 0.0549.
  Trial 106: MRB=0.0549% buy=0.58 sell=0.47
[I 2025-10-08 10:14:49,980] Trial 106 finished with value: 0.0549 and parameters: {'buy_threshold': 0.58, 'sell_threshold': 0.47000000000000003, 'ewrls_lambda': 0.996, 'bb_amplification_factor': 0.07}. Best is trial 3 with value: 0.0549.
  Trial 107: MRB=0.0409% buy=0.59 sell=0.48
[I 2025-10-08 10:15:02,663] Trial 107 finished with value: 0.0409 and parameters: {'buy_threshold': 0.59, 'sell_threshold': 0.48000000000000004, 'ewrls_lambda': 0.991, 'bb_amplification_factor': 0.08}. Best is trial 3 with value: 0.0549.
  Trial 108: MRB=0.0549% buy=0.55 sell=0.43
[I 2025-10-08 10:15:15,360] Trial 108 finished with value: 0.0549 and parameters: {'buy_threshold': 0.55, 'sell_threshold': 0.43000000000000005, 'ewrls_lambda': 0.993, 'bb_amplification_factor': 0.07}. Best is trial 3 with value: 0.0549.
  Trial 109: MRB=-0.0148% buy=0.58 sell=0.45
[I 2025-10-08 10:15:28,089] Trial 109 finished with value: -0.0148 and parameters: {'buy_threshold': 0.58, 'sell_threshold': 0.45, 'ewrls_lambda': 0.99, 'bb_amplification_factor': 0.12000000000000001}. Best is trial 3 with value: 0.0549.
  Trial 110: MRB=0.0279% buy=0.56 sell=0.42
[I 2025-10-08 10:15:40,754] Trial 110 finished with value: 0.0279 and parameters: {'buy_threshold': 0.5599999999999999, 'sell_threshold': 0.42000000000000004, 'ewrls_lambda': 0.994, 'bb_amplification_factor': 0.060000000000000005}. Best is trial 3 with value: 0.0549.
  Trial 111: MRB=0.0549% buy=0.60 sell=0.47
[I 2025-10-08 10:15:53,513] Trial 111 finished with value: 0.0549 and parameters: {'buy_threshold': 0.6, 'sell_threshold': 0.47000000000000003, 'ewrls_lambda': 0.992, 'bb_amplification_factor': 0.07}. Best is trial 3 with value: 0.0549.
  Trial 112: MRB=0.0549% buy=0.59 sell=0.46
[I 2025-10-08 10:16:06,214] Trial 112 finished with value: 0.0549 and parameters: {'buy_threshold': 0.59, 'sell_threshold': 0.46, 'ewrls_lambda': 0.992, 'bb_amplification_factor': 0.07}. Best is trial 3 with value: 0.0549.
  Trial 113: MRB=0.0549% buy=0.59 sell=0.46
[I 2025-10-08 10:16:18,890] Trial 113 finished with value: 0.0549 and parameters: {'buy_threshold': 0.59, 'sell_threshold': 0.46, 'ewrls_lambda': 0.991, 'bb_amplification_factor': 0.07}. Best is trial 3 with value: 0.0549.
  Trial 114: MRB=0.0549% buy=0.58 sell=0.48
[I 2025-10-08 10:16:31,914] Trial 114 finished with value: 0.0549 and parameters: {'buy_threshold': 0.58, 'sell_threshold': 0.48000000000000004, 'ewrls_lambda': 0.992, 'bb_amplification_factor': 0.07}. Best is trial 3 with value: 0.0549.
  Trial 115: MRB=0.0409% buy=0.60 sell=0.47
[I 2025-10-08 10:16:44,640] Trial 115 finished with value: 0.0409 and parameters: {'buy_threshold': 0.6, 'sell_threshold': 0.47000000000000003, 'ewrls_lambda': 0.993, 'bb_amplification_factor': 0.08}. Best is trial 3 with value: 0.0549.
  Trial 116: MRB=0.0279% buy=0.59 sell=0.44
[I 2025-10-08 10:16:57,496] Trial 116 finished with value: 0.0279 and parameters: {'buy_threshold': 0.59, 'sell_threshold': 0.44, 'ewrls_lambda': 0.997, 'bb_amplification_factor': 0.060000000000000005}. Best is trial 3 with value: 0.0549.
  Trial 117: MRB=0.0549% buy=0.58 sell=0.42
[I 2025-10-08 10:17:10,199] Trial 117 finished with value: 0.0549 and parameters: {'buy_threshold': 0.58, 'sell_threshold': 0.42000000000000004, 'ewrls_lambda': 0.992, 'bb_amplification_factor': 0.07}. Best is trial 3 with value: 0.0549.
  Trial 118: MRB=0.0409% buy=0.57 sell=0.45
[I 2025-10-08 10:17:22,905] Trial 118 finished with value: 0.0409 and parameters: {'buy_threshold': 0.57, 'sell_threshold': 0.45, 'ewrls_lambda': 0.995, 'bb_amplification_factor': 0.08}. Best is trial 3 with value: 0.0549.
  Trial 119: MRB=0.0549% buy=0.59 sell=0.43
[I 2025-10-08 10:17:35,641] Trial 119 finished with value: 0.0549 and parameters: {'buy_threshold': 0.59, 'sell_threshold': 0.43000000000000005, 'ewrls_lambda': 0.993, 'bb_amplification_factor': 0.07}. Best is trial 3 with value: 0.0549.
  Trial 120: MRB=0.0279% buy=0.57 sell=0.47
