[I 2025-10-08 20:34:50,515] Trial 153 finished with value: 0.0155 and parameters: {'buy_threshold': 0.54, 'sell_threshold': 0.43, 'ewrls_lambda': 0.999, 'bb_amplification_factor': 0.0}. Best is trial 64 with value: 0.1524.
  Trial 154: MRB=0.0564% buy=0.53 sell=0.43
[I 2025-10-08 20:34:50,535] Trial 154 finished with value: 0.0564 and parameters: {'buy_threshold': 0.53, 'sell_threshold': 0.43, 'ewrls_lambda': 0.997, 'bb_amplification_factor': 0.03}. Best is trial 64 with value: 0.1524.
  Trial 155: MRB=0.0564% buy=0.54 sell=0.43
[I 2025-10-08 20:34:50,537] Trial 155 finished with value: 0.0564 and parameters: {'buy_threshold': 0.54, 'sell_threshold': 0.43, 'ewrls_lambda': 0.997, 'bb_amplification_factor': 0.03}. Best is trial 64 with value: 0.1524.
  Trial 156: MRB=0.0156% buy=0.54 sell=0.44
[I 2025-10-08 20:34:50,990] Trial 156 finished with value: 0.0156 and parameters: {'buy_threshold': 0.54, 'sell_threshold': 0.43999999999999995, 'ewrls_lambda': 0.998, 'bb_amplification_factor': 0.05}. Best is trial 64 with value: 0.1524.
  Trial 157: MRB=0.0156% buy=0.51 sell=0.44
[I 2025-10-08 20:34:50,994] Trial 157 finished with value: 0.0156 and parameters: {'buy_threshold': 0.51, 'sell_threshold': 0.43999999999999995, 'ewrls_lambda': 0.99, 'bb_amplification_factor': 0.06}. Best is trial 64 with value: 0.1524.
  Trial 158: MRB=0.0562% buy=0.51 sell=0.44
[I 2025-10-08 20:34:51,014] Trial 158 finished with value: 0.0562 and parameters: {'buy_threshold': 0.51, 'sell_threshold': 0.43999999999999995, 'ewrls_lambda': 0.994, 'bb_amplification_factor': 0.05}. Best is trial 64 with value: 0.1524.
  Trial 159: MRB=0.0562% buy=0.51 sell=0.49
[I 2025-10-08 20:34:51,017] Trial 159 finished with value: 0.0562 and parameters: {'buy_threshold': 0.51, 'sell_threshold': 0.49, 'ewrls_lambda': 0.998, 'bb_amplification_factor': 0.05}. Best is trial 64 with value: 0.1524.
  Trial 160: MRB=0.0351% buy=0.53 sell=0.42
[I 2025-10-08 20:34:51,471] Trial 160 finished with value: 0.0351 and parameters: {'buy_threshold': 0.53, 'sell_threshold': 0.42, 'ewrls_lambda': 0.994, 'bb_amplification_factor': 0.05}. Best is trial 64 with value: 0.1524.
  Trial 161: MRB=0.0351% buy=0.53 sell=0.42
[I 2025-10-08 20:34:51,476] Trial 161 finished with value: 0.0351 and parameters: {'buy_threshold': 0.53, 'sell_threshold': 0.42, 'ewrls_lambda': 0.993, 'bb_amplification_factor': 0.08}. Best is trial 64 with value: 0.1524.
  Trial 163: MRB=0.0351% buy=0.53 sell=0.42
[I 2025-10-08 20:34:51,495] Trial 163 finished with value: 0.0351 and parameters: {'buy_threshold': 0.53, 'sell_threshold': 0.42, 'ewrls_lambda': 0.995, 'bb_amplification_factor': 0.08}. Best is trial 64 with value: 0.1524.
  Trial 162: MRB=0.0351% buy=0.53 sell=0.42
[I 2025-10-08 20:34:51,496] Trial 162 finished with value: 0.0351 and parameters: {'buy_threshold': 0.53, 'sell_threshold': 0.42, 'ewrls_lambda': 0.993, 'bb_amplification_factor': 0.03}. Best is trial 64 with value: 0.1524.
  Trial 165: MRB=0.0784% buy=0.58 sell=0.40
[I 2025-10-08 20:34:51,952] Trial 165 finished with value: 0.0784 and parameters: {'buy_threshold': 0.58, 'sell_threshold': 0.39999999999999997, 'ewrls_lambda': 0.992, 'bb_amplification_factor': 0.03}. Best is trial 64 with value: 0.1524.
  Trial 164: MRB=0.0784% buy=0.53 sell=0.41
[I 2025-10-08 20:34:51,954] Trial 164 finished with value: 0.0784 and parameters: {'buy_threshold': 0.53, 'sell_threshold': 0.41, 'ewrls_lambda': 0.993, 'bb_amplification_factor': 0.08}. Best is trial 64 with value: 0.1524.
  Trial 166: MRB=0.0452% buy=0.54 sell=0.40
[I 2025-10-08 20:34:51,976] Trial 166 finished with value: 0.0452 and parameters: {'buy_threshold': 0.54, 'sell_threshold': 0.39999999999999997, 'ewrls_lambda': 0.992, 'bb_amplification_factor': 0.02}. Best is trial 64 with value: 0.1524.
  Trial 167: MRB=0.0452% buy=0.54 sell=0.40
[I 2025-10-08 20:34:51,979] Trial 167 finished with value: 0.0452 and parameters: {'buy_threshold': 0.54, 'sell_threshold': 0.39999999999999997, 'ewrls_lambda': 0.992, 'bb_amplification_factor': 0.02}. Best is trial 64 with value: 0.1524.
  Trial 169: MRB=0.0434% buy=0.54 sell=0.41
[I 2025-10-08 20:34:52,430] Trial 169 finished with value: 0.0434 and parameters: {'buy_threshold': 0.54, 'sell_threshold': 0.41, 'ewrls_lambda': 0.992, 'bb_amplification_factor': 0.02}. Best is trial 64 with value: 0.1524.
  Trial 168: MRB=0.0434% buy=0.54 sell=0.40
[I 2025-10-08 20:34:52,435] Trial 168 finished with value: 0.0434 and parameters: {'buy_threshold': 0.54, 'sell_threshold': 0.39999999999999997, 'ewrls_lambda': 0.991, 'bb_amplification_factor': 0.18}. Best is trial 64 with value: 0.1524.
  Trial 170: MRB=0.0777% buy=0.54 sell=0.41
[I 2025-10-08 20:34:52,455] Trial 170 finished with value: 0.0777 and parameters: {'buy_threshold': 0.54, 'sell_threshold': 0.41, 'ewrls_lambda': 0.991, 'bb_amplification_factor': 0.18}. Best is trial 64 with value: 0.1524.
  Trial 171: MRB=0.0777% buy=0.54 sell=0.41
[I 2025-10-08 20:34:52,458] Trial 171 finished with value: 0.0777 and parameters: {'buy_threshold': 0.54, 'sell_threshold': 0.41, 'ewrls_lambda': 0.991, 'bb_amplification_factor': 0.04}. Best is trial 64 with value: 0.1524.
  Trial 172: MRB=0.0777% buy=0.52 sell=0.41
[I 2025-10-08 20:34:52,914] Trial 172 finished with value: 0.0777 and parameters: {'buy_threshold': 0.52, 'sell_threshold': 0.41, 'ewrls_lambda': 0.991, 'bb_amplification_factor': 0.04}. Best is trial 64 with value: 0.1524.
  Trial 173: MRB=0.0777% buy=0.53 sell=0.41
[I 2025-10-08 20:34:52,918] Trial 173 finished with value: 0.0777 and parameters: {'buy_threshold': 0.53, 'sell_threshold': 0.41, 'ewrls_lambda': 0.989, 'bb_amplification_factor': 0.04}. Best is trial 64 with value: 0.1524.
  Trial 174: MRB=0.0564% buy=0.52 sell=0.41
[I 2025-10-08 20:34:52,939] Trial 174 finished with value: 0.0564 and parameters: {'buy_threshold': 0.52, 'sell_threshold': 0.41, 'ewrls_lambda': 0.992, 'bb_amplification_factor': 0.04}. Best is trial 64 with value: 0.1524.
  Trial 175: MRB=0.0564% buy=0.52 sell=0.41
[I 2025-10-08 20:34:52,942] Trial 175 finished with value: 0.0564 and parameters: {'buy_threshold': 0.52, 'sell_threshold': 0.41, 'ewrls_lambda': 0.992, 'bb_amplification_factor': 0.03}. Best is trial 64 with value: 0.1524.
  Trial 176: MRB=0.0564% buy=0.52 sell=0.41
[I 2025-10-08 20:34:53,397] Trial 176 finished with value: 0.0564 and parameters: {'buy_threshold': 0.52, 'sell_threshold': 0.41, 'ewrls_lambda': 0.992, 'bb_amplification_factor': 0.03}. Best is trial 64 with value: 0.1524.
  Trial 177: MRB=0.0564% buy=0.52 sell=0.38
[I 2025-10-08 20:34:53,401] Trial 177 finished with value: 0.0564 and parameters: {'buy_threshold': 0.52, 'sell_threshold': 0.38, 'ewrls_lambda': 0.992, 'bb_amplification_factor': 0.03}. Best is trial 64 with value: 0.1524.
  Trial 178: MRB=0.0564% buy=0.52 sell=0.43
[I 2025-10-08 20:34:53,421] Trial 178 finished with value: 0.0564 and parameters: {'buy_threshold': 0.52, 'sell_threshold': 0.43, 'ewrls_lambda': 0.99, 'bb_amplification_factor': 0.03}. Best is trial 64 with value: 0.1524.
  Trial 179: MRB=0.0564% buy=0.50 sell=0.38
[I 2025-10-08 20:34:53,424] Trial 179 finished with value: 0.0564 and parameters: {'buy_threshold': 0.5, 'sell_threshold': 0.38, 'ewrls_lambda': 0.998, 'bb_amplification_factor': 0.03}. Best is trial 64 with value: 0.1524.
  Trial 180: MRB=0.0078% buy=0.51 sell=0.43
[I 2025-10-08 20:34:53,876] Trial 180 finished with value: 0.0078 and parameters: {'buy_threshold': 0.51, 'sell_threshold': 0.43, 'ewrls_lambda': 0.993, 'bb_amplification_factor': 0.03}. Best is trial 64 with value: 0.1524.
  Trial 181: MRB=0.0078% buy=0.50 sell=0.43
[I 2025-10-08 20:34:53,880] Trial 181 finished with value: 0.0078 and parameters: {'buy_threshold': 0.5, 'sell_threshold': 0.43, 'ewrls_lambda': 0.99, 'bb_amplification_factor': 0.2}. Best is trial 64 with value: 0.1524.
  Trial 183: MRB=0.0564% buy=0.56 sell=0.42
[I 2025-10-08 20:34:53,899] Trial 183 finished with value: 0.0564 and parameters: {'buy_threshold': 0.56, 'sell_threshold': 0.42, 'ewrls_lambda': 0.993, 'bb_amplification_factor': 0.16}. Best is trial 64 with value: 0.1524.
  Trial 182: MRB=0.0564% buy=0.50 sell=0.42
[I 2025-10-08 20:34:53,902] Trial 182 finished with value: 0.0564 and parameters: {'buy_threshold': 0.5, 'sell_threshold': 0.42, 'ewrls_lambda': 0.998, 'bb_amplification_factor': 0.03}. Best is trial 64 with value: 0.1524.
  Trial 184: MRB=0.0452% buy=0.53 sell=0.48
[I 2025-10-08 20:34:54,356] Trial 184 finished with value: 0.0452 and parameters: {'buy_threshold': 0.53, 'sell_threshold': 0.48, 'ewrls_lambda': 0.999, 'bb_amplification_factor': 0.02}. Best is trial 64 with value: 0.1524.
  Trial 185: MRB=0.0452% buy=0.54 sell=0.49
[I 2025-10-08 20:34:54,360] Trial 185 finished with value: 0.0452 and parameters: {'buy_threshold': 0.54, 'sell_threshold': 0.49, 'ewrls_lambda': 0.999, 'bb_amplification_factor': 0.02}. Best is trial 64 with value: 0.1524.
  Trial 186: MRB=0.0452% buy=0.53 sell=0.48
[I 2025-10-08 20:34:54,382] Trial 186 finished with value: 0.0452 and parameters: {'buy_threshold': 0.53, 'sell_threshold': 0.48, 'ewrls_lambda': 0.999, 'bb_amplification_factor': 0.02}. Best is trial 64 with value: 0.1524.
  Trial 187: MRB=0.0452% buy=0.53 sell=0.47
[I 2025-10-08 20:34:54,385] Trial 187 finished with value: 0.0452 and parameters: {'buy_threshold': 0.53, 'sell_threshold': 0.47, 'ewrls_lambda': 0.999, 'bb_amplification_factor': 0.02}. Best is trial 64 with value: 0.1524.
  Trial 189: MRB=0.0140% buy=0.55 sell=0.41
[I 2025-10-08 20:34:54,839] Trial 189 finished with value: 0.014 and parameters: {'buy_threshold': 0.55, 'sell_threshold': 0.41, 'ewrls_lambda': 0.996, 'bb_amplification_factor': 0.01}. Best is trial 64 with value: 0.1524.
  Trial 188: MRB=0.0140% buy=0.54 sell=0.41
[I 2025-10-08 20:34:54,841] Trial 188 finished with value: 0.014 and parameters: {'buy_threshold': 0.54, 'sell_threshold': 0.41, 'ewrls_lambda': 0.996, 'bb_amplification_factor': 0.02}. Best is trial 64 with value: 0.1524.
  Trial 190: MRB=0.0140% buy=0.55 sell=0.46
[I 2025-10-08 20:34:54,861] Trial 190 finished with value: 0.014 and parameters: {'buy_threshold': 0.55, 'sell_threshold': 0.45999999999999996, 'ewrls_lambda': 0.998, 'bb_amplification_factor': 0.01}. Best is trial 64 with value: 0.1524.
  Trial 191: MRB=0.0140% buy=0.55 sell=0.46
[I 2025-10-08 20:34:54,863] Trial 191 finished with value: 0.014 and parameters: {'buy_threshold': 0.55, 'sell_threshold': 0.45999999999999996, 'ewrls_lambda': 0.996, 'bb_amplification_factor': 0.01}. Best is trial 64 with value: 0.1524.
  Trial 192: MRB=0.1036% buy=0.54 sell=0.46
[I 2025-10-08 20:34:55,321] Trial 192 finished with value: 0.1036 and parameters: {'buy_threshold': 0.54, 'sell_threshold': 0.45999999999999996, 'ewrls_lambda': 0.998, 'bb_amplification_factor': 0.04}. Best is trial 64 with value: 0.1524.
  Trial 193: MRB=0.1036% buy=0.54 sell=0.42
[I 2025-10-08 20:34:55,326] Trial 193 finished with value: 0.1036 and parameters: {'buy_threshold': 0.54, 'sell_threshold': 0.42, 'ewrls_lambda': 0.997, 'bb_amplification_factor': 0.04}. Best is trial 64 with value: 0.1524.
  Trial 194: MRB=0.0777% buy=0.53 sell=0.50
[I 2025-10-08 20:34:55,344] Trial 194 finished with value: 0.0777 and parameters: {'buy_threshold': 0.53, 'sell_threshold': 0.5, 'ewrls_lambda': 0.994, 'bb_amplification_factor': 0.04}. Best is trial 64 with value: 0.1524.
  Trial 195: MRB=0.0777% buy=0.53 sell=0.49
[I 2025-10-08 20:34:55,347] Trial 195 finished with value: 0.0777 and parameters: {'buy_threshold': 0.53, 'sell_threshold': 0.49, 'ewrls_lambda': 0.994, 'bb_amplification_factor': 0.04}. Best is trial 64 with value: 0.1524.
  Trial 196: MRB=0.0000% buy=0.54 sell=0.50
[I 2025-10-08 20:34:55,792] Trial 196 finished with value: 0.0 and parameters: {'buy_threshold': 0.54, 'sell_threshold': 0.5, 'ewrls_lambda': 0.998, 'bb_amplification_factor': 0.04}. Best is trial 64 with value: 0.1524.
  Trial 197: MRB=0.0000% buy=0.54 sell=0.42
[I 2025-10-08 20:34:55,805] Trial 197 finished with value: 0.0 and parameters: {'buy_threshold': 0.54, 'sell_threshold': 0.42, 'ewrls_lambda': 0.997, 'bb_amplification_factor': 0.04}. Best is trial 64 with value: 0.1524.
  Trial 198: MRB=0.0562% buy=0.54 sell=0.42
[I 2025-10-08 20:34:55,824] Trial 198 finished with value: 0.0562 and parameters: {'buy_threshold': 0.54, 'sell_threshold': 0.42, 'ewrls_lambda': 0.997, 'bb_amplification_factor': 0.04}. Best is trial 64 with value: 0.1524.
  Trial 199: MRB=0.0562% buy=0.54 sell=0.42
[I 2025-10-08 20:34:55,828] Trial 199 finished with value: 0.0562 and parameters: {'buy_threshold': 0.54, 'sell_threshold': 0.42, 'ewrls_lambda': 0.997, 'bb_amplification_factor': 0.05}. Best is trial 64 with value: 0.1524.
[Tuning] Complete in 24.7s
[Tuning] Best MRB: 0.1524%
[Tuning] Best params: {'buy_threshold': 0.54, 'sell_threshold': 0.41, 'ewrls_lambda': 0.994, 'bb_amplification_factor': 0.01}

================================================================================
PHASE 1 OPTIMIZATION COMPLETE!
================================================================================
Best MRB: 0.1524%

Best parameters:
  buy_threshold: 0.54
  sell_threshold: 0.41
  ewrls_lambda: 0.994
  bb_amplification_factor: 0.01

Optimization time: 24.7s (0.4min)
================================================================================

❌ NO SIGNIFICANT IMPROVEMENT
   Gap to target: 0.3476%
   Recommendation: Regime detection + new features required

Results saved to: data/tmp/extensive_phase1/results.json

