[I 2025-10-08 20:34:31,093] A new study created in memory with name: no-name-94190285-0bad-45c2-8126-ee6d2e21512c
================================================================================
EXTENSIVE PHASE 1 OPTIMIZATION
================================================================================
Dataset: SPY_4blocks.csv (1920 bars)
Trials: 200 (extensive search)
Target: 0.5% MRB
Baseline: 0.22% MRB (from previous Phase 1)

Expanded parameter ranges:
  buy_threshold: [0.50, 0.65]
  sell_threshold: [0.35, 0.50]
  ewrls_lambda: [0.985, 0.999]
  bb_amplification_factor: [0.00, 0.20]
================================================================================

[AdaptiveOptuna] Loaded 1920 bars
[AdaptiveOptuna] Total blocks: 4
[AdaptiveOptuna] Bars per block: 390
[AdaptiveOptuna] Optuna trials: 200
[AdaptiveOptuna] Parallel jobs: 4
[FeatureCache] Feature caching DISABLED
[Phase 1] Running extensive optimization (200 trials)...

[Tuning] PHASE 1 (wide search) - Blocks 0-3 (200 trials)
[BlockData] Created data/tmp/extensive_phase1/train_blocks_0_4_SPY.csv: blocks 0-3 (1560 bars)
[Optuna] Running 200 trials with 4 parallel jobs
  0%|          | 0/200 [00:00<?, ?it/s]                                         0%|          | 0/200 [00:01<?, ?it/s]Best trial: 2. Best value: 0.0217:   0%|          | 0/200 [00:01<?, ?it/s]Best trial: 2. Best value: 0.0217:   0%|          | 1/200 [00:01<04:14,  1.28s/it]                                                                                  Best trial: 2. Best value: 0.0217:   0%|          | 1/200 [00:01<04:14,  1.28s/it]Best trial: 2. Best value: 0.0217:   0%|          | 1/200 [00:01<04:14,  1.28s/it]                                                                                  Best trial: 2. Best value: 0.0217:   1%|          | 2/200 [00:01<04:13,  1.28s/it]Best trial: 2. Best value: 0.0217:   1%|          | 2/200 [00:01<04:13,  1.28s/it]                                                                                  Best trial: 2. Best value: 0.0217:   2%|▏         | 3/200 [00:01<04:12,  1.28s/it]Best trial: 2. Best value: 0.0217:   2%|▏         | 3/200 [00:01<04:12,  1.28s/it]                                                                                  Best trial: 2. Best value: 0.0217:   2%|▏         | 4/200 [00:01<04:11,  1.28s/it]Best trial: 6. Best value: 0.0452:   2%|▏         | 4/200 [00:01<04:11,  1.28s/it]Best trial: 6. Best value: 0.0452:   2%|▎         | 5/200 [00:01<00:58,  3.34it/s]                                                                                  Best trial: 6. Best value: 0.0452:   2%|▎         | 5/200 [00:01<00:58,  3.34it/s]Best trial: 6. Best value: 0.0452:   2%|▎         | 5/200 [00:01<00:58,  3.34it/s]                                                                                  Best trial: 6. Best value: 0.0452:   3%|▎         | 6/200 [00:01<00:58,  3.34it/s]Best trial: 6. Best value: 0.0452:   3%|▎         | 6/200 [00:01<00:58,  3.34it/s]                                                                                  Best trial: 6. Best value: 0.0452:   4%|▎         | 7/200 [00:01<00:57,  3.34it/s]Best trial: 6. Best value: 0.0452:   4%|▎         | 7/200 [00:01<00:57,  3.34it/s]                                                                                  Best trial: 6. Best value: 0.0452:   4%|▍         | 8/200 [00:02<00:57,  3.34it/s]Best trial: 6. Best value: 0.0452:   4%|▍         | 8/200 [00:02<00:57,  3.34it/s]Best trial: 6. Best value: 0.0452:   4%|▍         | 9/200 [00:02<00:37,  5.05it/s]                                                                                  Best trial: 6. Best value: 0.0452:   4%|▍         | 9/200 [00:02<00:37,  5.05it/s]Best trial: 6. Best value: 0.0452:   4%|▍         | 9/200 [00:02<00:37,  5.05it/s]                                                                                  Best trial: 6. Best value: 0.0452:   5%|▌         | 10/200 [00:02<00:37,  5.05it/s]Best trial: 6. Best value: 0.0452:   5%|▌         | 10/200 [00:02<00:37,  5.05it/s]                                                                                   Best trial: 6. Best value: 0.0452:   6%|▌         | 11/200 [00:02<00:37,  5.05it/s]Best trial: 6. Best value: 0.0452:   6%|▌         | 11/200 [00:02<00:37,  5.05it/s]                                                                                   Best trial: 6. Best value: 0.0452:   6%|▌         | 12/200 [00:02<00:37,  5.05it/s]Best trial: 6. Best value: 0.0452:   6%|▌         | 12/200 [00:02<00:37,  5.05it/s]Best trial: 6. Best value: 0.0452:   6%|▋         | 13/200 [00:02<00:30,  6.16it/s]                                                                                   Best trial: 6. Best value: 0.0452:   6%|▋         | 13/200 [00:02<00:30,  6.16it/s]Best trial: 6. Best value: 0.0452:   6%|▋         | 13/200 [00:02<00:30,  6.16it/s]                                                                                   Best trial: 6. Best value: 0.0452:   7%|▋         | 14/200 [00:02<00:30,  6.16it/s]Best trial: 6. Best value: 0.0452:   7%|▋         | 14/200 [00:02<00:30,  6.16it/s]                                                                                   Best trial: 6. Best value: 0.0452:   8%|▊         | 15/200 [00:02<00:30,  6.16it/s]Best trial: 6. Best value: 0.0452:   8%|▊         | 15/200 [00:02<00:30,  6.16it/s]                                                                                   Best trial: 6. Best value: 0.0452:   8%|▊         | 16/200 [00:03<00:29,  6.16it/s]Best trial: 6. Best value: 0.0452:   8%|▊         | 16/200 [00:03<00:29,  6.16it/s]Best trial: 6. Best value: 0.0452:   8%|▊         | 17/200 [00:03<00:26,  6.93it/s]                                                                                   Best trial: 6. Best value: 0.0452:   8%|▊         | 17/200 [00:03<00:26,  6.93it/s]Best trial: 17. Best value: 0.0938:   8%|▊         | 17/200 [00:03<00:26,  6.93it/s]                                                                                    Best trial: 17. Best value: 0.0938:   9%|▉         | 18/200 [00:03<00:26,  6.93it/s]Best trial: 17. Best value: 0.0938:   9%|▉         | 18/200 [00:03<00:26,  6.93it/s]                                                                                    Best trial: 17. Best value: 0.0938:  10%|▉         | 19/200 [00:03<00:26,  6.93it/s]Best trial: 17. Best value: 0.0938:  10%|▉         | 19/200 [00:03<00:26,  6.93it/s]                                                                                    Best trial: 17. Best value: 0.0938:  10%|█         | 20/200 [00:03<00:25,  6.93it/s]Best trial: 17. Best value: 0.0938:  10%|█         | 20/200 [00:03<00:25,  6.93it/s]Best trial: 17. Best value: 0.0938:  10%|█         | 21/200 [00:03<00:24,  7.42it/s]                                                                                    Best trial: 17. Best value: 0.0938:  10%|█         | 21/200 [00:03<00:24,  7.42it/s]Best trial: 17. Best value: 0.0938:  10%|█         | 21/200 [00:03<00:24,  7.42it/s]                                                                                    Best trial: 17. Best value: 0.0938:  11%|█         | 22/200 [00:03<00:23,  7.42it/s]Best trial: 17. Best value: 0.0938:  11%|█         | 22/200 [00:03<00:23,  7.42it/s]                                                                                    Best trial: 17. Best value: 0.0938:  12%|█▏        | 23/200 [00:03<00:23,  7.42it/s]Best trial: 17. Best value: 0.0938:  12%|█▏        | 23/200 [00:03<00:23,  7.42it/s]                                                                                    Best trial: 17. Best value: 0.0938:  12%|█▏        | 24/200 [00:04<00:23,  7.42it/s]Best trial: 17. Best value: 0.0938:  12%|█▏        | 24/200 [00:04<00:23,  7.42it/s]Best trial: 17. Best value: 0.0938:  12%|█▎        | 25/200 [00:04<00:22,  7.77it/s]                                                                                    Best trial: 17. Best value: 0.0938:  12%|█▎        | 25/200 [00:04<00:22,  7.77it/s]Best trial: 17. Best value: 0.0938:  12%|█▎        | 25/200 [00:04<00:22,  7.77it/s]                                                                                    Best trial: 17. Best value: 0.0938:  13%|█▎        | 26/200 [00:04<00:22,  7.77it/s]Best trial: 17. Best value: 0.0938:  13%|█▎        | 26/200 [00:04<00:22,  7.77it/s]                                                                                    Best trial: 17. Best value: 0.0938:  14%|█▎        | 27/200 [00:04<00:22,  7.77it/s]Best trial: 17. Best value: 0.0938:  14%|█▎        | 27/200 [00:04<00:22,  7.77it/s]                                                                                    Best trial: 17. Best value: 0.0938:  14%|█▍        | 28/200 [00:04<00:22,  7.77it/s]Best trial: 17. Best value: 0.0938:  14%|█▍        | 28/200 [00:04<00:22,  7.77it/s]Best trial: 17. Best value: 0.0938:  14%|█▍        | 29/200 [00:04<00:21,  7.99it/s]                                                                                    Best trial: 17. Best value: 0.0938:  14%|█▍        | 29/200 [00:04<00:21,  7.99it/s]Best trial: 17. Best value: 0.0938:  14%|█▍        | 29/200 [00:04<00:21,  7.99it/s]                                                                                    Best trial: 17. Best value: 0.0938:  15%|█▌        | 30/200 [00:04<00:21,  7.99it/s]Best trial: 17. Best value: 0.0938:  15%|█▌        | 30/200 [00:04<00:21,  7.99it/s]                                                                                    Best trial: 17. Best value: 0.0938:  16%|█▌        | 31/200 [00:04<00:21,  7.99it/s]Best trial: 17. Best value: 0.0938:  16%|█▌        | 31/200 [00:04<00:21,  7.99it/s]                                                                                    Best trial: 17. Best value: 0.0938:  16%|█▌        | 32/200 [00:05<00:21,  7.99it/s]Best trial: 32. Best value: 0.1106:  16%|█▌        | 32/200 [00:05<00:21,  7.99it/s]Best trial: 32. Best value: 0.1106:  16%|█▋        | 33/200 [00:05<00:20,  8.14it/s]                                                                                    Best trial: 32. Best value: 0.1106:  16%|█▋        | 33/200 [00:05<00:20,  8.14it/s]Best trial: 32. Best value: 0.1106:  16%|█▋        | 33/200 [00:05<00:20,  8.14it/s]                                                                                    Best trial: 32. Best value: 0.1106:  17%|█▋        | 34/200 [00:05<00:20,  8.14it/s]Best trial: 32. Best value: 0.1106:  17%|█▋        | 34/200 [00:05<00:20,  8.14it/s]                                                                                    Best trial: 32. Best value: 0.1106:  18%|█▊        | 35/200 [00:05<00:20,  8.14it/s]Best trial: 32. Best value: 0.1106:  18%|█▊        | 35/200 [00:05<00:20,  8.14it/s]                                                                                    Best trial: 32. Best value: 0.1106:  18%|█▊        | 36/200 [00:05<00:20,  8.14it/s]Best trial: 32. Best value: 0.1106:  18%|█▊        | 36/200 [00:05<00:20,  8.14it/s]Best trial: 32. Best value: 0.1106:  18%|█▊        | 37/200 [00:05<00:19,  8.28it/s]                                                                                    Best trial: 32. Best value: 0.1106:  18%|█▊        | 37/200 [00:05<00:19,  8.28it/s]Best trial: 32. Best value: 0.1106:  18%|█▊        | 37/200 [00:05<00:19,  8.28it/s]                                                                                    Best trial: 32. Best value: 0.1106:  19%|█▉        | 38/200 [00:05<00:19,  8.28it/s]Best trial: 32. Best value: 0.1106:  19%|█▉        | 38/200 [00:05<00:19,  8.28it/s]                                                                                    Best trial: 32. Best value: 0.1106:  20%|█▉        | 39/200 [00:05<00:19,  8.28it/s]Best trial: 32. Best value: 0.1106:  20%|█▉        | 39/200 [00:05<00:19,  8.28it/s]                                                                                    Best trial: 32. Best value: 0.1106:  20%|██        | 40/200 [00:05<00:19,  8.28it/s]Best trial: 32. Best value: 0.1106:  20%|██        | 40/200 [00:05<00:19,  8.28it/s]Best trial: 32. Best value: 0.1106:  20%|██        | 41/200 [00:05<00:19,  8.34it/s]                                                                                    Best trial: 32. Best value: 0.1106:  20%|██        | 41/200 [00:06<00:19,  8.34it/s]Best trial: 32. Best value: 0.1106:  20%|██        | 41/200 [00:06<00:19,  8.34it/s]                                                                                    Best trial: 32. Best value: 0.1106:  21%|██        | 42/200 [00:06<00:18,  8.34it/s]Best trial: 32. Best value: 0.1106:  21%|██        | 42/200 [00:06<00:18,  8.34it/s]                                                                                    Best trial: 32. Best value: 0.1106:  22%|██▏       | 43/200 [00:06<00:18,  8.34it/s]Best trial: 32. Best value: 0.1106:  22%|██▏       | 43/200 [00:06<00:18,  8.34it/s]                                                                                    Best trial: 32. Best value: 0.1106:  22%|██▏       | 44/200 [00:06<00:18,  8.34it/s]Best trial: 32. Best value: 0.1106:  22%|██▏       | 44/200 [00:06<00:18,  8.34it/s]Best trial: 32. Best value: 0.1106:  22%|██▎       | 45/200 [00:06<00:18,  8.36it/s]                                                                                    Best trial: 32. Best value: 0.1106:  22%|██▎       | 45/200 [00:06<00:18,  8.36it/s]Best trial: 32. Best value: 0.1106:  22%|██▎       | 45/200 [00:06<00:18,  8.36it/s]                                                                                    Best trial: 32. Best value: 0.1106:  23%|██▎       | 46/200 [00:06<00:18,  8.36it/s]Best trial: 32. Best value: 0.1106:  23%|██▎       | 46/200 [00:06<00:18,  8.36it/s]                                                                                    Best trial: 32. Best value: 0.1106:  24%|██▎       | 47/200 [00:06<00:18,  8.36it/s]Best trial: 32. Best value: 0.1106:  24%|██▎       | 47/200 [00:06<00:18,  8.36it/s]                                                                                    Best trial: 32. Best value: 0.1106:  24%|██▍       | 48/200 [00:06<00:18,  8.36it/s]Best trial: 32. Best value: 0.1106:  24%|██▍       | 48/200 [00:06<00:18,  8.36it/s]Best trial: 32. Best value: 0.1106:  24%|██▍       | 49/200 [00:06<00:17,  8.39it/s]                                                                                    Best trial: 32. Best value: 0.1106:  24%|██▍       | 49/200 [00:06<00:17,  8.39it/s]Best trial: 32. Best value: 0.1106:  24%|██▍       | 49/200 [00:06<00:17,  8.39it/s]                                                                                    Best trial: 32. Best value: 0.1106:  25%|██▌       | 50/200 [00:06<00:17,  8.39it/s]Best trial: 32. Best value: 0.1106:  25%|██▌       | 50/200 [00:06<00:17,  8.39it/s]                                                                                    Best trial: 32. Best value: 0.1106:  26%|██▌       | 51/200 [00:06<00:17,  8.39it/s]Best trial: 32. Best value: 0.1106:  26%|██▌       | 51/200 [00:06<00:17,  8.39it/s]                                                                                    Best trial: 32. Best value: 0.1106:  26%|██▌       | 52/200 [00:07<00:17,  8.39it/s]Best trial: 32. Best value: 0.1106:  26%|██▌       | 52/200 [00:07<00:17,  8.39it/s]Best trial: 32. Best value: 0.1106:  26%|██▋       | 53/200 [00:07<00:17,  8.40it/s]                                                                                    Best trial: 32. Best value: 0.1106:  26%|██▋       | 53/200 [00:07<00:17,  8.40it/s]Best trial: 32. Best value: 0.1106:  26%|██▋       | 53/200 [00:07<00:17,  8.40it/s]                                                                                    Best trial: 32. Best value: 0.1106:  27%|██▋       | 54/200 [00:07<00:17,  8.40it/s]Best trial: 32. Best value: 0.1106:  27%|██▋       | 54/200 [00:07<00:17,  8.40it/s]                                                                                    Best trial: 32. Best value: 0.1106:  28%|██▊       | 55/200 [00:07<00:17,  8.40it/s]Best trial: 32. Best value: 0.1106:  28%|██▊       | 55/200 [00:07<00:17,  8.40it/s]                                                                                    Best trial: 32. Best value: 0.1106:  28%|██▊       | 56/200 [00:07<00:17,  8.40it/s]Best trial: 32. Best value: 0.1106:  28%|██▊       | 56/200 [00:07<00:17,  8.40it/s]Best trial: 32. Best value: 0.1106:  28%|██▊       | 57/200 [00:07<00:17,  8.27it/s]                                                                                    Best trial: 32. Best value: 0.1106:  28%|██▊       | 57/200 [00:07<00:17,  8.27it/s]Best trial: 32. Best value: 0.1106:  28%|██▊       | 57/200 [00:07<00:17,  8.27it/s]                                                                                    Best trial: 32. Best value: 0.1106:  29%|██▉       | 58/200 [00:07<00:17,  8.27it/s]Best trial: 32. Best value: 0.1106:  29%|██▉       | 58/200 [00:07<00:17,  8.27it/s]                                                                                    Best trial: 32. Best value: 0.1106:  30%|██▉       | 59/200 [00:07<00:17,  8.27it/s]Best trial: 32. Best value: 0.1106:  30%|██▉       | 59/200 [00:07<00:17,  8.27it/s]                                                                                    Best trial: 32. Best value: 0.1106:  30%|███       | 60/200 [00:08<00:16,  8.27it/s]Best trial: 32. Best value: 0.1106:  30%|███       | 60/200 [00:08<00:16,  8.27it/s]Best trial: 32. Best value: 0.1106:  30%|███       | 61/200 [00:08<00:16,  8.31it/s]                                                                                      Trial 2: MRB=0.0217% buy=0.57 sell=0.37
[I 2025-10-08 20:34:32,384] Trial 2 finished with value: 0.0217 and parameters: {'buy_threshold': 0.5700000000000001, 'sell_threshold': 0.37, 'ewrls_lambda': 0.985, 'bb_amplification_factor': 0.17}. Best is trial 2 with value: 0.0217.
  Trial 1: MRB=0.0217% buy=0.64 sell=0.36
[I 2025-10-08 20:34:32,389] Trial 1 finished with value: 0.0217 and parameters: {'buy_threshold': 0.64, 'sell_threshold': 0.36, 'ewrls_lambda': 0.991, 'bb_amplification_factor': 0.1}. Best is trial 2 with value: 0.0217.
  Trial 3: MRB=0.0217% buy=0.64 sell=0.47
[I 2025-10-08 20:34:32,393] Trial 3 finished with value: 0.0217 and parameters: {'buy_threshold': 0.64, 'sell_threshold': 0.47, 'ewrls_lambda': 0.988, 'bb_amplification_factor': 0.05}. Best is trial 2 with value: 0.0217.
  Trial 0: MRB=0.0217% buy=0.63 sell=0.47
[I 2025-10-08 20:34:32,393] Trial 0 finished with value: 0.0217 and parameters: {'buy_threshold': 0.63, 'sell_threshold': 0.47, 'ewrls_lambda': 0.99, 'bb_amplification_factor': 0.2}. Best is trial 2 with value: 0.0217.
  Trial 6: MRB=0.0452% buy=0.62 sell=0.49
[I 2025-10-08 20:34:32,894] Trial 6 finished with value: 0.0452 and parameters: {'buy_threshold': 0.62, 'sell_threshold': 0.49, 'ewrls_lambda': 0.997, 'bb_amplification_factor': 0.02}. Best is trial 6 with value: 0.0452.
  Trial 5: MRB=0.0452% buy=0.59 sell=0.43
[I 2025-10-08 20:34:32,899] Trial 5 finished with value: 0.0452 and parameters: {'buy_threshold': 0.59, 'sell_threshold': 0.43, 'ewrls_lambda': 0.992, 'bb_amplification_factor': 0.17}. Best is trial 6 with value: 0.0452.
  Trial 4: MRB=0.0452% buy=0.56 sell=0.47
[I 2025-10-08 20:34:32,903] Trial 4 finished with value: 0.0452 and parameters: {'buy_threshold': 0.56, 'sell_threshold': 0.47, 'ewrls_lambda': 0.998, 'bb_amplification_factor': 0.13}. Best is trial 6 with value: 0.0452.
  Trial 7: MRB=0.0452% buy=0.54 sell=0.35
[I 2025-10-08 20:34:32,907] Trial 7 finished with value: 0.0452 and parameters: {'buy_threshold': 0.54, 'sell_threshold': 0.35, 'ewrls_lambda': 0.994, 'bb_amplification_factor': 0.02}. Best is trial 6 with value: 0.0452.
  Trial 8: MRB=0.0000% buy=0.62 sell=0.50
[I 2025-10-08 20:34:33,354] Trial 8 finished with value: 0.0 and parameters: {'buy_threshold': 0.62, 'sell_threshold': 0.5, 'ewrls_lambda': 0.992, 'bb_amplification_factor': 0.09}. Best is trial 6 with value: 0.0452.
  Trial 9: MRB=0.0000% buy=0.56 sell=0.37
[I 2025-10-08 20:34:33,357] Trial 9 finished with value: 0.0 and parameters: {'buy_threshold': 0.56, 'sell_threshold': 0.37, 'ewrls_lambda': 0.998, 'bb_amplification_factor': 0.06}. Best is trial 6 with value: 0.0452.
  Trial 10: MRB=0.0388% buy=0.63 sell=0.46
[I 2025-10-08 20:34:33,377] Trial 10 finished with value: 0.0388 and parameters: {'buy_threshold': 0.63, 'sell_threshold': 0.45999999999999996, 'ewrls_lambda': 0.993, 'bb_amplification_factor': 0.1}. Best is trial 6 with value: 0.0452.
  Trial 11: MRB=0.0388% buy=0.59 sell=0.40
[I 2025-10-08 20:34:33,380] Trial 11 finished with value: 0.0388 and parameters: {'buy_threshold': 0.59, 'sell_threshold': 0.39999999999999997, 'ewrls_lambda': 0.994, 'bb_amplification_factor': 0.07}. Best is trial 6 with value: 0.0452.
  Trial 12: MRB=0.0373% buy=0.60 sell=0.37
[I 2025-10-08 20:34:33,822] Trial 12 finished with value: 0.0373 and parameters: {'buy_threshold': 0.6, 'sell_threshold': 0.37, 'ewrls_lambda': 0.998, 'bb_amplification_factor': 0.15}. Best is trial 6 with value: 0.0452.
  Trial 13: MRB=0.0000% buy=0.50 sell=0.42
[I 2025-10-08 20:34:33,834] Trial 13 finished with value: 0.0 and parameters: {'buy_threshold': 0.5, 'sell_threshold': 0.42, 'ewrls_lambda': 0.999, 'bb_amplification_factor': 0.14}. Best is trial 6 with value: 0.0452.
  Trial 14: MRB=0.0212% buy=0.51 sell=0.42
