[I 2025-10-08 20:34:33,848] Trial 14 finished with value: 0.0212 and parameters: {'buy_threshold': 0.51, 'sell_threshold': 0.42, 'ewrls_lambda': 0.996, 'bb_amplification_factor': 0.15}. Best is trial 6 with value: 0.0452.
  Trial 15: MRB=0.0212% buy=0.50 sell=0.43
[I 2025-10-08 20:34:33,854] Trial 15 finished with value: 0.0212 and parameters: {'buy_threshold': 0.5, 'sell_threshold': 0.43, 'ewrls_lambda': 0.996, 'bb_amplification_factor': 0.15}. Best is trial 6 with value: 0.0452.
  Trial 16: MRB=0.0000% buy=0.50 sell=0.43
[I 2025-10-08 20:34:34,284] Trial 16 finished with value: 0.0 and parameters: {'buy_threshold': 0.5, 'sell_threshold': 0.43, 'ewrls_lambda': 0.996, 'bb_amplification_factor': 0.14}. Best is trial 6 with value: 0.0452.
  Trial 17: MRB=0.0938% buy=0.54 sell=0.44
[I 2025-10-08 20:34:34,301] Trial 17 finished with value: 0.0938 and parameters: {'buy_threshold': 0.54, 'sell_threshold': 0.43999999999999995, 'ewrls_lambda': 0.996, 'bb_amplification_factor': 0.13}. Best is trial 17 with value: 0.0938.
  Trial 18: MRB=-0.0120% buy=0.54 sell=0.45
[I 2025-10-08 20:34:34,317] Trial 18 finished with value: -0.012 and parameters: {'buy_threshold': 0.54, 'sell_threshold': 0.44999999999999996, 'ewrls_lambda': 0.989, 'bb_amplification_factor': 0.2}. Best is trial 17 with value: 0.0938.
  Trial 19: MRB=-0.0120% buy=0.55 sell=0.45
[I 2025-10-08 20:34:34,330] Trial 19 finished with value: -0.012 and parameters: {'buy_threshold': 0.55, 'sell_threshold': 0.44999999999999996, 'ewrls_lambda': 0.989, 'bb_amplification_factor': 0.19}. Best is trial 17 with value: 0.0938.
  Trial 20: MRB=0.0078% buy=0.54 sell=0.45
[I 2025-10-08 20:34:34,754] Trial 20 finished with value: 0.0078 and parameters: {'buy_threshold': 0.54, 'sell_threshold': 0.44999999999999996, 'ewrls_lambda': 0.989, 'bb_amplification_factor': 0.2}. Best is trial 17 with value: 0.0938.
  Trial 21: MRB=0.0638% buy=0.54 sell=0.45
[I 2025-10-08 20:34:34,768] Trial 21 finished with value: 0.0638 and parameters: {'buy_threshold': 0.54, 'sell_threshold': 0.44999999999999996, 'ewrls_lambda': 0.999, 'bb_amplification_factor': 0.12}. Best is trial 17 with value: 0.0938.
  Trial 22: MRB=0.0249% buy=0.54 sell=0.40
[I 2025-10-08 20:34:34,782] Trial 22 finished with value: 0.0249 and parameters: {'buy_threshold': 0.54, 'sell_threshold': 0.39999999999999997, 'ewrls_lambda': 0.999, 'bb_amplification_factor': 0.12}. Best is trial 17 with value: 0.0938.
  Trial 23: MRB=0.0341% buy=0.52 sell=0.48
[I 2025-10-08 20:34:34,799] Trial 23 finished with value: 0.0341 and parameters: {'buy_threshold': 0.52, 'sell_threshold': 0.48, 'ewrls_lambda': 0.999, 'bb_amplification_factor': 0.12}. Best is trial 17 with value: 0.0938.
  Trial 24: MRB=0.0518% buy=0.58 sell=0.40
[I 2025-10-08 20:34:35,220] Trial 24 finished with value: 0.0518 and parameters: {'buy_threshold': 0.58, 'sell_threshold': 0.39999999999999997, 'ewrls_lambda': 0.994, 'bb_amplification_factor': 0.12}. Best is trial 17 with value: 0.0938.
  Trial 25: MRB=0.0000% buy=0.52 sell=0.48
[I 2025-10-08 20:34:35,233] Trial 25 finished with value: 0.0 and parameters: {'buy_threshold': 0.52, 'sell_threshold': 0.48, 'ewrls_lambda': 0.999, 'bb_amplification_factor': 0.12}. Best is trial 17 with value: 0.0938.
  Trial 26: MRB=0.0391% buy=0.52 sell=0.48
[I 2025-10-08 20:34:35,249] Trial 26 finished with value: 0.0391 and parameters: {'buy_threshold': 0.52, 'sell_threshold': 0.48, 'ewrls_lambda': 0.995, 'bb_amplification_factor': 0.12}. Best is trial 17 with value: 0.0938.
  Trial 27: MRB=0.0341% buy=0.52 sell=0.44
[I 2025-10-08 20:34:35,268] Trial 27 finished with value: 0.0341 and parameters: {'buy_threshold': 0.52, 'sell_threshold': 0.43999999999999995, 'ewrls_lambda': 0.995, 'bb_amplification_factor': 0.12}. Best is trial 17 with value: 0.0938.
  Trial 28: MRB=0.0660% buy=0.52 sell=0.40
[I 2025-10-08 20:34:35,691] Trial 28 finished with value: 0.066 and parameters: {'buy_threshold': 0.52, 'sell_threshold': 0.39999999999999997, 'ewrls_lambda': 0.995, 'bb_amplification_factor': 0.08}. Best is trial 17 with value: 0.0938.
  Trial 29: MRB=0.0488% buy=0.58 sell=0.40
[I 2025-10-08 20:34:35,706] Trial 29 finished with value: 0.0488 and parameters: {'buy_threshold': 0.58, 'sell_threshold': 0.39999999999999997, 'ewrls_lambda': 0.995, 'bb_amplification_factor': 0.08}. Best is trial 17 with value: 0.0938.
  Trial 30: MRB=0.0488% buy=0.58 sell=0.40
[I 2025-10-08 20:34:35,723] Trial 30 finished with value: 0.0488 and parameters: {'buy_threshold': 0.58, 'sell_threshold': 0.39999999999999997, 'ewrls_lambda': 0.995, 'bb_amplification_factor': 0.09}. Best is trial 17 with value: 0.0938.Best trial: 32. Best value: 0.1106:  30%|███       | 61/200 [00:08<00:16,  8.31it/s]Best trial: 32. Best value: 0.1106:  30%|███       | 61/200 [00:08<00:16,  8.31it/s]                                                                                    Best trial: 32. Best value: 0.1106:  31%|███       | 62/200 [00:08<00:16,  8.31it/s]Best trial: 32. Best value: 0.1106:  31%|███       | 62/200 [00:08<00:16,  8.31it/s]                                                                                    Best trial: 32. Best value: 0.1106:  32%|███▏      | 63/200 [00:08<00:16,  8.31it/s]Best trial: 32. Best value: 0.1106:  32%|███▏      | 63/200 [00:08<00:16,  8.31it/s]                                                                                    Best trial: 32. Best value: 0.1106:  32%|███▏      | 64/200 [00:08<00:16,  8.31it/s]Best trial: 64. Best value: 0.1524:  32%|███▏      | 64/200 [00:08<00:16,  8.31it/s]Best trial: 64. Best value: 0.1524:  32%|███▎      | 65/200 [00:08<00:16,  8.33it/s]                                                                                    Best trial: 64. Best value: 0.1524:  32%|███▎      | 65/200 [00:08<00:16,  8.33it/s]Best trial: 64. Best value: 0.1524:  32%|███▎      | 65/200 [00:08<00:16,  8.33it/s]                                                                                    Best trial: 64. Best value: 0.1524:  33%|███▎      | 66/200 [00:08<00:16,  8.33it/s]Best trial: 64. Best value: 0.1524:  33%|███▎      | 66/200 [00:08<00:16,  8.33it/s]                                                                                    Best trial: 64. Best value: 0.1524:  34%|███▎      | 67/200 [00:08<00:15,  8.33it/s]Best trial: 64. Best value: 0.1524:  34%|███▎      | 67/200 [00:08<00:15,  8.33it/s]                                                                                    Best trial: 64. Best value: 0.1524:  34%|███▍      | 68/200 [00:09<00:15,  8.33it/s]Best trial: 64. Best value: 0.1524:  34%|███▍      | 68/200 [00:09<00:15,  8.33it/s]Best trial: 64. Best value: 0.1524:  34%|███▍      | 69/200 [00:09<00:15,  8.34it/s]                                                                                    Best trial: 64. Best value: 0.1524:  34%|███▍      | 69/200 [00:09<00:15,  8.34it/s]Best trial: 64. Best value: 0.1524:  34%|███▍      | 69/200 [00:09<00:15,  8.34it/s]                                                                                    Best trial: 64. Best value: 0.1524:  35%|███▌      | 70/200 [00:09<00:15,  8.34it/s]Best trial: 64. Best value: 0.1524:  35%|███▌      | 70/200 [00:09<00:15,  8.34it/s]                                                                                    Best trial: 64. Best value: 0.1524:  36%|███▌      | 71/200 [00:09<00:15,  8.34it/s]Best trial: 64. Best value: 0.1524:  36%|███▌      | 71/200 [00:09<00:15,  8.34it/s]                                                                                    Best trial: 64. Best value: 0.1524:  36%|███▌      | 72/200 [00:09<00:15,  8.34it/s]Best trial: 64. Best value: 0.1524:  36%|███▌      | 72/200 [00:09<00:15,  8.34it/s]Best trial: 64. Best value: 0.1524:  36%|███▋      | 73/200 [00:09<00:15,  8.25it/s]                                                                                    Best trial: 64. Best value: 0.1524:  36%|███▋      | 73/200 [00:09<00:15,  8.25it/s]Best trial: 64. Best value: 0.1524:  36%|███▋      | 73/200 [00:09<00:15,  8.25it/s]                                                                                    Best trial: 64. Best value: 0.1524:  37%|███▋      | 74/200 [00:09<00:15,  8.25it/s]Best trial: 64. Best value: 0.1524:  37%|███▋      | 74/200 [00:09<00:15,  8.25it/s]                                                                                    Best trial: 64. Best value: 0.1524:  38%|███▊      | 75/200 [00:09<00:15,  8.25it/s]Best trial: 64. Best value: 0.1524:  38%|███▊      | 75/200 [00:09<00:15,  8.25it/s]                                                                                    Best trial: 64. Best value: 0.1524:  38%|███▊      | 76/200 [00:10<00:15,  8.25it/s]Best trial: 64. Best value: 0.1524:  38%|███▊      | 76/200 [00:10<00:15,  8.25it/s]Best trial: 64. Best value: 0.1524:  38%|███▊      | 77/200 [00:10<00:14,  8.32it/s]                                                                                    Best trial: 64. Best value: 0.1524:  38%|███▊      | 77/200 [00:10<00:14,  8.32it/s]Best trial: 64. Best value: 0.1524:  38%|███▊      | 77/200 [00:10<00:14,  8.32it/s]                                                                                    Best trial: 64. Best value: 0.1524:  39%|███▉      | 78/200 [00:10<00:14,  8.32it/s]Best trial: 64. Best value: 0.1524:  39%|███▉      | 78/200 [00:10<00:14,  8.32it/s]                                                                                    Best trial: 64. Best value: 0.1524:  40%|███▉      | 79/200 [00:10<00:14,  8.32it/s]Best trial: 64. Best value: 0.1524:  40%|███▉      | 79/200 [00:10<00:14,  8.32it/s]                                                                                    Best trial: 64. Best value: 0.1524:  40%|████      | 80/200 [00:10<00:14,  8.32it/s]Best trial: 64. Best value: 0.1524:  40%|████      | 80/200 [00:10<00:14,  8.32it/s]Best trial: 64. Best value: 0.1524:  40%|████      | 81/200 [00:10<00:14,  8.36it/s]                                                                                    Best trial: 64. Best value: 0.1524:  40%|████      | 81/200 [00:10<00:14,  8.36it/s]Best trial: 64. Best value: 0.1524:  40%|████      | 81/200 [00:10<00:14,  8.36it/s]                                                                                    Best trial: 64. Best value: 0.1524:  41%|████      | 82/200 [00:10<00:14,  8.36it/s]Best trial: 64. Best value: 0.1524:  41%|████      | 82/200 [00:10<00:14,  8.36it/s]                                                                                    Best trial: 64. Best value: 0.1524:  42%|████▏     | 83/200 [00:10<00:13,  8.36it/s]Best trial: 64. Best value: 0.1524:  42%|████▏     | 83/200 [00:10<00:13,  8.36it/s]                                                                                    Best trial: 64. Best value: 0.1524:  42%|████▏     | 84/200 [00:11<00:13,  8.36it/s]Best trial: 64. Best value: 0.1524:  42%|████▏     | 84/200 [00:11<00:13,  8.36it/s]Best trial: 64. Best value: 0.1524:  42%|████▎     | 85/200 [00:11<00:13,  8.37it/s]                                                                                    Best trial: 64. Best value: 0.1524:  42%|████▎     | 85/200 [00:11<00:13,  8.37it/s]Best trial: 64. Best value: 0.1524:  42%|████▎     | 85/200 [00:11<00:13,  8.37it/s]                                                                                    Best trial: 64. Best value: 0.1524:  43%|████▎     | 86/200 [00:11<00:13,  8.37it/s]Best trial: 64. Best value: 0.1524:  43%|████▎     | 86/200 [00:11<00:13,  8.37it/s]                                                                                    Best trial: 64. Best value: 0.1524:  44%|████▎     | 87/200 [00:11<00:13,  8.37it/s]Best trial: 64. Best value: 0.1524:  44%|████▎     | 87/200 [00:11<00:13,  8.37it/s]                                                                                    Best trial: 64. Best value: 0.1524:  44%|████▍     | 88/200 [00:11<00:13,  8.37it/s]Best trial: 64. Best value: 0.1524:  44%|████▍     | 88/200 [00:11<00:13,  8.37it/s]Best trial: 64. Best value: 0.1524:  44%|████▍     | 89/200 [00:11<00:13,  8.37it/s]                                                                                    Best trial: 64. Best value: 0.1524:  44%|████▍     | 89/200 [00:11<00:13,  8.37it/s]Best trial: 64. Best value: 0.1524:  44%|████▍     | 89/200 [00:11<00:13,  8.37it/s]                                                                                    Best trial: 64. Best value: 0.1524:  45%|████▌     | 90/200 [00:11<00:13,  8.37it/s]Best trial: 64. Best value: 0.1524:  45%|████▌     | 90/200 [00:11<00:13,  8.37it/s]                                                                                    
  Trial 31: MRB=0.0351% buy=0.59 sell=0.39
[I 2025-10-08 20:34:35,742] Trial 31 finished with value: 0.0351 and parameters: {'buy_threshold': 0.59, 'sell_threshold': 0.38999999999999996, 'ewrls_lambda': 0.997, 'bb_amplification_factor': 0.08}. Best is trial 17 with value: 0.0938.
  Trial 32: MRB=0.1106% buy=0.53 sell=0.41
[I 2025-10-08 20:34:36,163] Trial 32 finished with value: 0.1106 and parameters: {'buy_threshold': 0.53, 'sell_threshold': 0.41, 'ewrls_lambda': 0.997, 'bb_amplification_factor': 0.08}. Best is trial 32 with value: 0.1106.
  Trial 33: MRB=0.0358% buy=0.53 sell=0.41
[I 2025-10-08 20:34:36,177] Trial 33 finished with value: 0.0358 and parameters: {'buy_threshold': 0.53, 'sell_threshold': 0.41, 'ewrls_lambda': 0.996, 'bb_amplification_factor': 0.1}. Best is trial 32 with value: 0.1106.
  Trial 34: MRB=0.0777% buy=0.53 sell=0.41
[I 2025-10-08 20:34:36,195] Trial 34 finished with value: 0.0777 and parameters: {'buy_threshold': 0.53, 'sell_threshold': 0.41, 'ewrls_lambda': 0.997, 'bb_amplification_factor': 0.04}. Best is trial 32 with value: 0.1106.
  Trial 35: MRB=0.0777% buy=0.53 sell=0.39
[I 2025-10-08 20:34:36,215] Trial 35 finished with value: 0.0777 and parameters: {'buy_threshold': 0.53, 'sell_threshold': 0.38999999999999996, 'ewrls_lambda': 0.993, 'bb_amplification_factor': 0.04}. Best is trial 32 with value: 0.1106.
  Trial 36: MRB=0.0991% buy=0.53 sell=0.41
[I 2025-10-08 20:34:36,628] Trial 36 finished with value: 0.0991 and parameters: {'buy_threshold': 0.53, 'sell_threshold': 0.41, 'ewrls_lambda': 0.997, 'bb_amplification_factor': 0.04}. Best is trial 32 with value: 0.1106.
  Trial 37: MRB=0.0777% buy=0.56 sell=0.44
[I 2025-10-08 20:34:36,648] Trial 37 finished with value: 0.0777 and parameters: {'buy_threshold': 0.56, 'sell_threshold': 0.43999999999999995, 'ewrls_lambda': 0.997, 'bb_amplification_factor': 0.04}. Best is trial 32 with value: 0.1106.
  Trial 38: MRB=0.0603% buy=0.56 sell=0.38
[I 2025-10-08 20:34:36,669] Trial 38 finished with value: 0.0603 and parameters: {'buy_threshold': 0.56, 'sell_threshold': 0.38, 'ewrls_lambda': 0.997, 'bb_amplification_factor': 0.05}. Best is trial 32 with value: 0.1106.
  Trial 39: MRB=0.0002% buy=0.56 sell=0.38
[I 2025-10-08 20:34:36,688] Trial 39 finished with value: 0.0002 and parameters: {'buy_threshold': 0.56, 'sell_threshold': 0.38, 'ewrls_lambda': 0.986, 'bb_amplification_factor': 0.0}. Best is trial 32 with value: 0.1106.
  Trial 40: MRB=0.0002% buy=0.56 sell=0.38
[I 2025-10-08 20:34:37,099] Trial 40 finished with value: 0.0002 and parameters: {'buy_threshold': 0.56, 'sell_threshold': 0.38, 'ewrls_lambda': 0.985, 'bb_amplification_factor': 0.0}. Best is trial 32 with value: 0.1106.
  Trial 41: MRB=0.0002% buy=0.53 sell=0.38
[I 2025-10-08 20:34:37,119] Trial 41 finished with value: 0.0002 and parameters: {'buy_threshold': 0.53, 'sell_threshold': 0.38, 'ewrls_lambda': 0.986, 'bb_amplification_factor': 0.0}. Best is trial 32 with value: 0.1106.
  Trial 42: MRB=0.0002% buy=0.55 sell=0.42
[I 2025-10-08 20:34:37,138] Trial 42 finished with value: 0.0002 and parameters: {'buy_threshold': 0.55, 'sell_threshold': 0.42, 'ewrls_lambda': 0.998, 'bb_amplification_factor': 0.0}. Best is trial 32 with value: 0.1106.
  Trial 43: MRB=0.0452% buy=0.55 sell=0.41
[I 2025-10-08 20:34:37,158] Trial 43 finished with value: 0.0452 and parameters: {'buy_threshold': 0.55, 'sell_threshold': 0.41, 'ewrls_lambda': 0.998, 'bb_amplification_factor': 0.02}. Best is trial 32 with value: 0.1106.
  Trial 44: MRB=0.0564% buy=0.53 sell=0.41
[I 2025-10-08 20:34:37,575] Trial 44 finished with value: 0.0564 and parameters: {'buy_threshold': 0.53, 'sell_threshold': 0.41, 'ewrls_lambda': 0.991, 'bb_amplification_factor': 0.03}. Best is trial 32 with value: 0.1106.
  Trial 45: MRB=0.0953% buy=0.53 sell=0.41
[I 2025-10-08 20:34:37,592] Trial 45 finished with value: 0.0953 and parameters: {'buy_threshold': 0.53, 'sell_threshold': 0.41, 'ewrls_lambda': 0.991, 'bb_amplification_factor': 0.03}. Best is trial 32 with value: 0.1106.
  Trial 46: MRB=0.0564% buy=0.53 sell=0.41
[I 2025-10-08 20:34:37,612] Trial 46 finished with value: 0.0564 and parameters: {'buy_threshold': 0.53, 'sell_threshold': 0.41, 'ewrls_lambda': 0.991, 'bb_amplification_factor': 0.03}. Best is trial 32 with value: 0.1106.
  Trial 47: MRB=0.0777% buy=0.53 sell=0.41
[I 2025-10-08 20:34:37,631] Trial 47 finished with value: 0.0777 and parameters: {'buy_threshold': 0.53, 'sell_threshold': 0.41, 'ewrls_lambda': 0.991, 'bb_amplification_factor': 0.04}. Best is trial 32 with value: 0.1106.
  Trial 48: MRB=0.0930% buy=0.51 sell=0.39
[I 2025-10-08 20:34:38,047] Trial 48 finished with value: 0.093 and parameters: {'buy_threshold': 0.51, 'sell_threshold': 0.38999999999999996, 'ewrls_lambda': 0.993, 'bb_amplification_factor': 0.06}. Best is trial 32 with value: 0.1106.
  Trial 49: MRB=0.0320% buy=0.51 sell=0.44
[I 2025-10-08 20:34:38,065] Trial 49 finished with value: 0.032 and parameters: {'buy_threshold': 0.51, 'sell_threshold': 0.43999999999999995, 'ewrls_lambda': 0.99, 'bb_amplification_factor': 0.06}. Best is trial 32 with value: 0.1106.
  Trial 50: MRB=0.0683% buy=0.51 sell=0.44
[I 2025-10-08 20:34:38,084] Trial 50 finished with value: 0.0683 and parameters: {'buy_threshold': 0.51, 'sell_threshold': 0.43999999999999995, 'ewrls_lambda': 0.993, 'bb_amplification_factor': 0.02}. Best is trial 32 with value: 0.1106.
  Trial 51: MRB=0.0156% buy=0.51 sell=0.43
[I 2025-10-08 20:34:38,103] Trial 51 finished with value: 0.0156 and parameters: {'buy_threshold': 0.51, 'sell_threshold': 0.43, 'ewrls_lambda': 0.993, 'bb_amplification_factor': 0.06}. Best is trial 32 with value: 0.1106.
  Trial 52: MRB=0.0237% buy=0.51 sell=0.44
[I 2025-10-08 20:34:38,523] Trial 52 finished with value: 0.0237 and parameters: {'buy_threshold': 0.51, 'sell_threshold': 0.43999999999999995, 'ewrls_lambda': 0.992, 'bb_amplification_factor': 0.06}. Best is trial 32 with value: 0.1106.
  Trial 53: MRB=0.0000% buy=0.51 sell=0.36
[I 2025-10-08 20:34:38,536] Trial 53 finished with value: 0.0 and parameters: {'buy_threshold': 0.51, 'sell_threshold': 0.36, 'ewrls_lambda': 0.993, 'bb_amplification_factor': 0.06}. Best is trial 32 with value: 0.1106.
  Trial 54: MRB=0.0156% buy=0.51 sell=0.39
[I 2025-10-08 20:34:38,552] Trial 54 finished with value: 0.0156 and parameters: {'buy_threshold': 0.51, 'sell_threshold': 0.38999999999999996, 'ewrls_lambda': 0.992, 'bb_amplification_factor': 0.06}. Best is trial 32 with value: 0.1106.
  Trial 55: MRB=0.0562% buy=0.51 sell=0.39
[I 2025-10-08 20:34:38,576] Trial 55 finished with value: 0.0562 and parameters: {'buy_threshold': 0.51, 'sell_threshold': 0.38999999999999996, 'ewrls_lambda': 0.997, 'bb_amplification_factor': 0.05}. Best is trial 32 with value: 0.1106.
  Trial 56: MRB=0.0218% buy=0.65 sell=0.39
[I 2025-10-08 20:34:39,024] Trial 56 finished with value: 0.0218 and parameters: {'buy_threshold': 0.65, 'sell_threshold': 0.38999999999999996, 'ewrls_lambda': 0.997, 'bb_amplification_factor': 0.05}. Best is trial 32 with value: 0.1106.
  Trial 57: MRB=0.0218% buy=0.65 sell=0.42
[I 2025-10-08 20:34:39,027] Trial 57 finished with value: 0.0218 and parameters: {'buy_threshold': 0.65, 'sell_threshold': 0.42, 'ewrls_lambda': 0.996, 'bb_amplification_factor': 0.05}. Best is trial 32 with value: 0.1106.
  Trial 58: MRB=0.0562% buy=0.55 sell=0.42
[I 2025-10-08 20:34:39,046] Trial 58 finished with value: 0.0562 and parameters: {'buy_threshold': 0.55, 'sell_threshold': 0.42, 'ewrls_lambda': 0.996, 'bb_amplification_factor': 0.05}. Best is trial 32 with value: 0.1106.
  Trial 59: MRB=0.0388% buy=0.65 sell=0.42
[I 2025-10-08 20:34:39,068] Trial 59 finished with value: 0.0388 and parameters: {'buy_threshold': 0.65, 'sell_threshold': 0.42, 'ewrls_lambda': 0.996, 'bb_amplification_factor': 0.07}. Best is trial 32 with value: 0.1106.
  Trial 60: MRB=0.0657% buy=0.55 sell=0.42
[I 2025-10-08 20:34:39,500] Trial 60 finished with value: 0.0657 and parameters: {'buy_threshold': 0.55, 'sell_threshold': 0.42, 'ewrls_lambda': 0.99, 'bb_amplification_factor': 0.03}. Best is trial 32 with value: 0.1106.
  Trial 61: MRB=0.0657% buy=0.55 sell=0.42
