[I 2025-10-08 20:34:46,681] Trial 121 finished with value: 0.0808 and parameters: {'buy_threshold': 0.53, 'sell_threshold': 0.43, 'ewrls_lambda': 0.993, 'bb_amplification_factor': 0.1}. Best is trial 64 with value: 0.1524.Best trial: 64. Best value: 0.1524:  76%|███████▌  | 152/200 [00:19<00:05,  8.41it/s]Best trial: 64. Best value: 0.1524:  76%|███████▌  | 152/200 [00:19<00:05,  8.41it/s]Best trial: 64. Best value: 0.1524:  76%|███████▋  | 153/200 [00:19<00:05,  8.17it/s]                                                                                     Best trial: 64. Best value: 0.1524:  76%|███████▋  | 153/200 [00:19<00:05,  8.17it/s]Best trial: 64. Best value: 0.1524:  76%|███████▋  | 153/200 [00:19<00:05,  8.17it/s]                                                                                     Best trial: 64. Best value: 0.1524:  77%|███████▋  | 154/200 [00:19<00:05,  8.17it/s]Best trial: 64. Best value: 0.1524:  77%|███████▋  | 154/200 [00:19<00:05,  8.17it/s]                                                                                     Best trial: 64. Best value: 0.1524:  78%|███████▊  | 155/200 [00:19<00:05,  8.17it/s]Best trial: 64. Best value: 0.1524:  78%|███████▊  | 155/200 [00:19<00:05,  8.17it/s]                                                                                     Best trial: 64. Best value: 0.1524:  78%|███████▊  | 156/200 [00:19<00:05,  8.17it/s]Best trial: 64. Best value: 0.1524:  78%|███████▊  | 156/200 [00:19<00:05,  8.17it/s]Best trial: 64. Best value: 0.1524:  78%|███████▊  | 157/200 [00:19<00:05,  8.22it/s]                                                                                     Best trial: 64. Best value: 0.1524:  78%|███████▊  | 157/200 [00:19<00:05,  8.22it/s]Best trial: 64. Best value: 0.1524:  78%|███████▊  | 157/200 [00:19<00:05,  8.22it/s]                                                                                     Best trial: 64. Best value: 0.1524:  79%|███████▉  | 158/200 [00:19<00:05,  8.22it/s]Best trial: 64. Best value: 0.1524:  79%|███████▉  | 158/200 [00:19<00:05,  8.22it/s]                                                                                     Best trial: 64. Best value: 0.1524:  80%|███████▉  | 159/200 [00:19<00:04,  8.22it/s]Best trial: 64. Best value: 0.1524:  80%|███████▉  | 159/200 [00:19<00:04,  8.22it/s]                                                                                     Best trial: 64. Best value: 0.1524:  80%|████████  | 160/200 [00:20<00:04,  8.22it/s]Best trial: 64. Best value: 0.1524:  80%|████████  | 160/200 [00:20<00:04,  8.22it/s]Best trial: 64. Best value: 0.1524:  80%|████████  | 161/200 [00:20<00:04,  8.25it/s]                                                                                     Best trial: 64. Best value: 0.1524:  80%|████████  | 161/200 [00:20<00:04,  8.25it/s]Best trial: 64. Best value: 0.1524:  80%|████████  | 161/200 [00:20<00:04,  8.25it/s]                                                                                     Best trial: 64. Best value: 0.1524:  81%|████████  | 162/200 [00:20<00:04,  8.25it/s]Best trial: 64. Best value: 0.1524:  81%|████████  | 162/200 [00:20<00:04,  8.25it/s]                                                                                     Best trial: 64. Best value: 0.1524:  82%|████████▏ | 163/200 [00:20<00:04,  8.25it/s]Best trial: 64. Best value: 0.1524:  82%|████████▏ | 163/200 [00:20<00:04,  8.25it/s]                                                                                     Best trial: 64. Best value: 0.1524:  82%|████████▏ | 164/200 [00:20<00:04,  8.25it/s]Best trial: 64. Best value: 0.1524:  82%|████████▏ | 164/200 [00:20<00:04,  8.25it/s]Best trial: 64. Best value: 0.1524:  82%|████████▎ | 165/200 [00:20<00:04,  8.27it/s]                                                                                     Best trial: 64. Best value: 0.1524:  82%|████████▎ | 165/200 [00:20<00:04,  8.27it/s]Best trial: 64. Best value: 0.1524:  82%|████████▎ | 165/200 [00:20<00:04,  8.27it/s]                                                                                     Best trial: 64. Best value: 0.1524:  83%|████████▎ | 166/200 [00:20<00:04,  8.27it/s]Best trial: 64. Best value: 0.1524:  83%|████████▎ | 166/200 [00:20<00:04,  8.27it/s]                                                                                     Best trial: 64. Best value: 0.1524:  84%|████████▎ | 167/200 [00:20<00:03,  8.27it/s]Best trial: 64. Best value: 0.1524:  84%|████████▎ | 167/200 [00:20<00:03,  8.27it/s]                                                                                     Best trial: 64. Best value: 0.1524:  84%|████████▍ | 168/200 [00:21<00:03,  8.27it/s]Best trial: 64. Best value: 0.1524:  84%|████████▍ | 168/200 [00:21<00:03,  8.27it/s]Best trial: 64. Best value: 0.1524:  84%|████████▍ | 169/200 [00:21<00:03,  8.30it/s]                                                                                     Best trial: 64. Best value: 0.1524:  84%|████████▍ | 169/200 [00:21<00:03,  8.30it/s]Best trial: 64. Best value: 0.1524:  84%|████████▍ | 169/200 [00:21<00:03,  8.30it/s]                                                                                     Best trial: 64. Best value: 0.1524:  85%|████████▌ | 170/200 [00:21<00:03,  8.30it/s]Best trial: 64. Best value: 0.1524:  85%|████████▌ | 170/200 [00:21<00:03,  8.30it/s]                                                                                     Best trial: 64. Best value: 0.1524:  86%|████████▌ | 171/200 [00:21<00:03,  8.30it/s]Best trial: 64. Best value: 0.1524:  86%|████████▌ | 171/200 [00:21<00:03,  8.30it/s]                                                                                     Best trial: 64. Best value: 0.1524:  86%|████████▌ | 172/200 [00:21<00:03,  8.30it/s]Best trial: 64. Best value: 0.1524:  86%|████████▌ | 172/200 [00:21<00:03,  8.30it/s]Best trial: 64. Best value: 0.1524:  86%|████████▋ | 173/200 [00:21<00:03,  8.29it/s]                                                                                     Best trial: 64. Best value: 0.1524:  86%|████████▋ | 173/200 [00:21<00:03,  8.29it/s]Best trial: 64. Best value: 0.1524:  86%|████████▋ | 173/200 [00:21<00:03,  8.29it/s]                                                                                     Best trial: 64. Best value: 0.1524:  87%|████████▋ | 174/200 [00:21<00:03,  8.29it/s]Best trial: 64. Best value: 0.1524:  87%|████████▋ | 174/200 [00:21<00:03,  8.29it/s]                                                                                     Best trial: 64. Best value: 0.1524:  88%|████████▊ | 175/200 [00:21<00:03,  8.29it/s]Best trial: 64. Best value: 0.1524:  88%|████████▊ | 175/200 [00:21<00:03,  8.29it/s]                                                                                     Best trial: 64. Best value: 0.1524:  88%|████████▊ | 176/200 [00:22<00:02,  8.29it/s]Best trial: 64. Best value: 0.1524:  88%|████████▊ | 176/200 [00:22<00:02,  8.29it/s]Best trial: 64. Best value: 0.1524:  88%|████████▊ | 177/200 [00:22<00:02,  8.29it/s]                                                                                     Best trial: 64. Best value: 0.1524:  88%|████████▊ | 177/200 [00:22<00:02,  8.29it/s]Best trial: 64. Best value: 0.1524:  88%|████████▊ | 177/200 [00:22<00:02,  8.29it/s]                                                                                     Best trial: 64. Best value: 0.1524:  89%|████████▉ | 178/200 [00:22<00:02,  8.29it/s]Best trial: 64. Best value: 0.1524:  89%|████████▉ | 178/200 [00:22<00:02,  8.29it/s]                                                                                     Best trial: 64. Best value: 0.1524:  90%|████████▉ | 179/200 [00:22<00:02,  8.29it/s]Best trial: 64. Best value: 0.1524:  90%|████████▉ | 179/200 [00:22<00:02,  8.29it/s]                                                                                     Best trial: 64. Best value: 0.1524:  90%|█████████ | 180/200 [00:22<00:02,  8.29it/s]Best trial: 64. Best value: 0.1524:  90%|█████████ | 180/200 [00:22<00:02,  8.29it/s]Best trial: 64. Best value: 0.1524:  90%|█████████ | 181/200 [00:22<00:02,  8.31it/s]                                                                                     Best trial: 64. Best value: 0.1524:  90%|█████████ | 181/200 [00:22<00:02,  8.31it/s]Best trial: 64. Best value: 0.1524:  90%|█████████ | 181/200 [00:22<00:02,  8.31it/s]                                                                                     Best trial: 64. Best value: 0.1524:  91%|█████████ | 182/200 [00:22<00:02,  8.31it/s]Best trial: 64. Best value: 0.1524:  91%|█████████ | 182/200 [00:22<00:02,  8.31it/s]                                                                                     
  Trial 123: MRB=-0.0120% buy=0.53 sell=0.35
[I 2025-10-08 20:34:46,700] Trial 123 finished with value: -0.012 and parameters: {'buy_threshold': 0.53, 'sell_threshold': 0.35, 'ewrls_lambda': 0.992, 'bb_amplification_factor': 0.19}. Best is trial 64 with value: 0.1524.
  Trial 124: MRB=0.0564% buy=0.53 sell=0.41
[I 2025-10-08 20:34:47,132] Trial 124 finished with value: 0.0564 and parameters: {'buy_threshold': 0.53, 'sell_threshold': 0.41, 'ewrls_lambda': 0.992, 'bb_amplification_factor': 0.03}. Best is trial 64 with value: 0.1524.
  Trial 126: MRB=0.0625% buy=0.54 sell=0.37
[I 2025-10-08 20:34:47,153] Trial 126 finished with value: 0.0625 and parameters: {'buy_threshold': 0.54, 'sell_threshold': 0.37, 'ewrls_lambda': 0.992, 'bb_amplification_factor': 0.19}. Best is trial 64 with value: 0.1524.
  Trial 125: MRB=0.0625% buy=0.54 sell=0.41
[I 2025-10-08 20:34:47,155] Trial 125 finished with value: 0.0625 and parameters: {'buy_threshold': 0.54, 'sell_threshold': 0.41, 'ewrls_lambda': 0.992, 'bb_amplification_factor': 0.03}. Best is trial 64 with value: 0.1524.
  Trial 127: MRB=0.0564% buy=0.54 sell=0.41
[I 2025-10-08 20:34:47,175] Trial 127 finished with value: 0.0564 and parameters: {'buy_threshold': 0.54, 'sell_threshold': 0.41, 'ewrls_lambda': 0.992, 'bb_amplification_factor': 0.03}. Best is trial 64 with value: 0.1524.
  Trial 128: MRB=0.0156% buy=0.54 sell=0.37
[I 2025-10-08 20:34:47,609] Trial 128 finished with value: 0.0156 and parameters: {'buy_threshold': 0.54, 'sell_threshold': 0.37, 'ewrls_lambda': 0.995, 'bb_amplification_factor': 0.06}. Best is trial 64 with value: 0.1524.
  Trial 130: MRB=0.0798% buy=0.55 sell=0.41
[I 2025-10-08 20:34:47,631] Trial 130 finished with value: 0.0798 and parameters: {'buy_threshold': 0.55, 'sell_threshold': 0.41, 'ewrls_lambda': 0.99, 'bb_amplification_factor': 0.13}. Best is trial 64 with value: 0.1524.
  Trial 129: MRB=0.0798% buy=0.55 sell=0.41
[I 2025-10-08 20:34:47,633] Trial 129 finished with value: 0.0798 and parameters: {'buy_threshold': 0.55, 'sell_threshold': 0.41, 'ewrls_lambda': 0.998, 'bb_amplification_factor': 0.06}. Best is trial 64 with value: 0.1524.
  Trial 131: MRB=0.0777% buy=0.55 sell=0.41
[I 2025-10-08 20:34:47,652] Trial 131 finished with value: 0.0777 and parameters: {'buy_threshold': 0.55, 'sell_threshold': 0.41, 'ewrls_lambda': 0.997, 'bb_amplification_factor': 0.04}. Best is trial 64 with value: 0.1524.
  Trial 132: MRB=0.0777% buy=0.55 sell=0.41
[I 2025-10-08 20:34:48,083] Trial 132 finished with value: 0.0777 and parameters: {'buy_threshold': 0.55, 'sell_threshold': 0.41, 'ewrls_lambda': 0.998, 'bb_amplification_factor': 0.04}. Best is trial 64 with value: 0.1524.
  Trial 134: MRB=0.0969% buy=0.52 sell=0.41
[I 2025-10-08 20:34:48,104] Trial 134 finished with value: 0.0969 and parameters: {'buy_threshold': 0.52, 'sell_threshold': 0.41, 'ewrls_lambda': 0.991, 'bb_amplification_factor': 0.04}. Best is trial 64 with value: 0.1524.
  Trial 133: MRB=0.0969% buy=0.51 sell=0.43
[I 2025-10-08 20:34:48,106] Trial 133 finished with value: 0.0969 and parameters: {'buy_threshold': 0.51, 'sell_threshold': 0.43, 'ewrls_lambda': 0.998, 'bb_amplification_factor': 0.04}. Best is trial 64 with value: 0.1524.
  Trial 135: MRB=0.0564% buy=0.52 sell=0.42
[I 2025-10-08 20:34:48,126] Trial 135 finished with value: 0.0564 and parameters: {'buy_threshold': 0.52, 'sell_threshold': 0.42, 'ewrls_lambda': 0.991, 'bb_amplification_factor': 0.03}. Best is trial 64 with value: 0.1524.
  Trial 136: MRB=0.0452% buy=0.52 sell=0.42
[I 2025-10-08 20:34:48,559] Trial 136 finished with value: 0.0452 and parameters: {'buy_threshold': 0.52, 'sell_threshold': 0.42, 'ewrls_lambda': 0.991, 'bb_amplification_factor': 0.02}. Best is trial 64 with value: 0.1524.
  Trial 138: MRB=0.0732% buy=0.51 sell=0.43
[I 2025-10-08 20:34:48,578] Trial 138 finished with value: 0.0732 and parameters: {'buy_threshold': 0.51, 'sell_threshold': 0.43, 'ewrls_lambda': 0.997, 'bb_amplification_factor': 0.05}. Best is trial 64 with value: 0.1524.
  Trial 137: MRB=0.0732% buy=0.52 sell=0.42
[I 2025-10-08 20:34:48,578] Trial 137 finished with value: 0.0732 and parameters: {'buy_threshold': 0.52, 'sell_threshold': 0.42, 'ewrls_lambda': 0.991, 'bb_amplification_factor': 0.02}. Best is trial 64 with value: 0.1524.
  Trial 139: MRB=0.0562% buy=0.51 sell=0.43
[I 2025-10-08 20:34:48,601] Trial 139 finished with value: 0.0562 and parameters: {'buy_threshold': 0.51, 'sell_threshold': 0.43, 'ewrls_lambda': 0.997, 'bb_amplification_factor': 0.05}. Best is trial 64 with value: 0.1524.
  Trial 140: MRB=0.0140% buy=0.51 sell=0.43
[I 2025-10-08 20:34:49,034] Trial 140 finished with value: 0.014 and parameters: {'buy_threshold': 0.51, 'sell_threshold': 0.43, 'ewrls_lambda': 0.997, 'bb_amplification_factor': 0.01}. Best is trial 64 with value: 0.1524.
  Trial 141: MRB=0.1064% buy=0.51 sell=0.44
[I 2025-10-08 20:34:49,054] Trial 141 finished with value: 0.1064 and parameters: {'buy_threshold': 0.51, 'sell_threshold': 0.43999999999999995, 'ewrls_lambda': 0.998, 'bb_amplification_factor': 0.04}. Best is trial 64 with value: 0.1524.
  Trial 142: MRB=0.1064% buy=0.53 sell=0.44
[I 2025-10-08 20:34:49,058] Trial 142 finished with value: 0.1064 and parameters: {'buy_threshold': 0.53, 'sell_threshold': 0.43999999999999995, 'ewrls_lambda': 0.998, 'bb_amplification_factor': 0.04}. Best is trial 64 with value: 0.1524.
  Trial 143: MRB=0.0140% buy=0.51 sell=0.44
[I 2025-10-08 20:34:49,075] Trial 143 finished with value: 0.014 and parameters: {'buy_threshold': 0.51, 'sell_threshold': 0.43999999999999995, 'ewrls_lambda': 0.986, 'bb_amplification_factor': 0.01}. Best is trial 64 with value: 0.1524.
  Trial 144: MRB=0.0777% buy=0.53 sell=0.44
[I 2025-10-08 20:34:49,517] Trial 144 finished with value: 0.0777 and parameters: {'buy_threshold': 0.53, 'sell_threshold': 0.43999999999999995, 'ewrls_lambda': 0.987, 'bb_amplification_factor': 0.04}. Best is trial 64 with value: 0.1524.
[ERROR] Analysis failed: Error: No trades loaded

  Trial 145: MRB=-999.0000% buy=0.51 sell=0.44
[I 2025-10-08 20:34:49,532] Trial 145 finished with value: -999.0 and parameters: {'buy_threshold': 0.51, 'sell_threshold': 0.43999999999999995, 'ewrls_lambda': 0.998, 'bb_amplification_factor': 0.04}. Best is trial 64 with value: 0.1524.
  Trial 146: MRB=0.0777% buy=0.53 sell=0.44
[I 2025-10-08 20:34:49,548] Trial 146 finished with value: 0.0777 and parameters: {'buy_threshold': 0.53, 'sell_threshold': 0.43999999999999995, 'ewrls_lambda': 0.998, 'bb_amplification_factor': 0.04}. Best is trial 64 with value: 0.1524.
  Trial 147: MRB=0.0777% buy=0.53 sell=0.45
[I 2025-10-08 20:34:49,553] Trial 147 finished with value: 0.0777 and parameters: {'buy_threshold': 0.53, 'sell_threshold': 0.44999999999999996, 'ewrls_lambda': 0.998, 'bb_amplification_factor': 0.04}. Best is trial 64 with value: 0.1524.
  Trial 148: MRB=0.0218% buy=0.52 sell=0.45
[I 2025-10-08 20:34:49,988] Trial 148 finished with value: 0.0218 and parameters: {'buy_threshold': 0.52, 'sell_threshold': 0.44999999999999996, 'ewrls_lambda': 0.998, 'bb_amplification_factor': 0.04}. Best is trial 64 with value: 0.1524.
  Trial 149: MRB=0.0349% buy=0.52 sell=0.45
[I 2025-10-08 20:34:50,006] Trial 149 finished with value: 0.0349 and parameters: {'buy_threshold': 0.52, 'sell_threshold': 0.44999999999999996, 'ewrls_lambda': 0.998, 'bb_amplification_factor': 0.04}. Best is trial 64 with value: 0.1524.
  Trial 150: MRB=0.0562% buy=0.52 sell=0.45
[I 2025-10-08 20:34:50,023] Trial 150 finished with value: 0.0562 and parameters: {'buy_threshold': 0.52, 'sell_threshold': 0.44999999999999996, 'ewrls_lambda': 0.999, 'bb_amplification_factor': 0.17}. Best is trial 64 with value: 0.1524.
  Trial 151: MRB=0.0562% buy=0.52 sell=0.45
[I 2025-10-08 20:34:50,027] Trial 151 finished with value: 0.0562 and parameters: {'buy_threshold': 0.52, 'sell_threshold': 0.44999999999999996, 'ewrls_lambda': 0.999, 'bb_amplification_factor': 0.05}. Best is trial 64 with value: 0.1524.
  Trial 152: MRB=0.0155% buy=0.52 sell=0.43
[I 2025-10-08 20:34:50,511] Trial 152 finished with value: 0.0155 and parameters: {'buy_threshold': 0.52, 'sell_threshold': 0.43, 'ewrls_lambda': 0.999, 'bb_amplification_factor': 0.17}. Best is trial 64 with value: 0.1524.Best trial: 64. Best value: 0.1524:  92%|█████████▏| 183/200 [00:22<00:02,  8.31it/s]Best trial: 64. Best value: 0.1524:  92%|█████████▏| 183/200 [00:22<00:02,  8.31it/s]                                                                                     Best trial: 64. Best value: 0.1524:  92%|█████████▏| 184/200 [00:23<00:01,  8.31it/s]Best trial: 64. Best value: 0.1524:  92%|█████████▏| 184/200 [00:23<00:01,  8.31it/s]Best trial: 64. Best value: 0.1524:  92%|█████████▎| 185/200 [00:23<00:01,  8.31it/s]                                                                                     Best trial: 64. Best value: 0.1524:  92%|█████████▎| 185/200 [00:23<00:01,  8.31it/s]Best trial: 64. Best value: 0.1524:  92%|█████████▎| 185/200 [00:23<00:01,  8.31it/s]                                                                                     Best trial: 64. Best value: 0.1524:  93%|█████████▎| 186/200 [00:23<00:01,  8.31it/s]Best trial: 64. Best value: 0.1524:  93%|█████████▎| 186/200 [00:23<00:01,  8.31it/s]                                                                                     Best trial: 64. Best value: 0.1524:  94%|█████████▎| 187/200 [00:23<00:01,  8.31it/s]Best trial: 64. Best value: 0.1524:  94%|█████████▎| 187/200 [00:23<00:01,  8.31it/s]                                                                                     Best trial: 64. Best value: 0.1524:  94%|█████████▍| 188/200 [00:23<00:01,  8.31it/s]Best trial: 64. Best value: 0.1524:  94%|█████████▍| 188/200 [00:23<00:01,  8.31it/s]Best trial: 64. Best value: 0.1524:  94%|█████████▍| 189/200 [00:23<00:01,  8.31it/s]                                                                                     Best trial: 64. Best value: 0.1524:  94%|█████████▍| 189/200 [00:23<00:01,  8.31it/s]Best trial: 64. Best value: 0.1524:  94%|█████████▍| 189/200 [00:23<00:01,  8.31it/s]                                                                                     Best trial: 64. Best value: 0.1524:  95%|█████████▌| 190/200 [00:23<00:01,  8.31it/s]Best trial: 64. Best value: 0.1524:  95%|█████████▌| 190/200 [00:23<00:01,  8.31it/s]                                                                                     Best trial: 64. Best value: 0.1524:  96%|█████████▌| 191/200 [00:23<00:01,  8.31it/s]Best trial: 64. Best value: 0.1524:  96%|█████████▌| 191/200 [00:23<00:01,  8.31it/s]                                                                                     Best trial: 64. Best value: 0.1524:  96%|█████████▌| 192/200 [00:24<00:00,  8.31it/s]Best trial: 64. Best value: 0.1524:  96%|█████████▌| 192/200 [00:24<00:00,  8.31it/s]Best trial: 64. Best value: 0.1524:  96%|█████████▋| 193/200 [00:24<00:00,  8.30it/s]                                                                                     Best trial: 64. Best value: 0.1524:  96%|█████████▋| 193/200 [00:24<00:00,  8.30it/s]Best trial: 64. Best value: 0.1524:  96%|█████████▋| 193/200 [00:24<00:00,  8.30it/s]                                                                                     Best trial: 64. Best value: 0.1524:  97%|█████████▋| 194/200 [00:24<00:00,  8.30it/s]Best trial: 64. Best value: 0.1524:  97%|█████████▋| 194/200 [00:24<00:00,  8.30it/s]                                                                                     Best trial: 64. Best value: 0.1524:  98%|█████████▊| 195/200 [00:24<00:00,  8.30it/s]Best trial: 64. Best value: 0.1524:  98%|█████████▊| 195/200 [00:24<00:00,  8.30it/s]                                                                                     Best trial: 64. Best value: 0.1524:  98%|█████████▊| 196/200 [00:24<00:00,  8.30it/s]Best trial: 64. Best value: 0.1524:  98%|█████████▊| 196/200 [00:24<00:00,  8.30it/s]Best trial: 64. Best value: 0.1524:  98%|█████████▊| 197/200 [00:24<00:00,  8.36it/s]                                                                                     Best trial: 64. Best value: 0.1524:  98%|█████████▊| 197/200 [00:24<00:00,  8.36it/s]Best trial: 64. Best value: 0.1524:  98%|█████████▊| 197/200 [00:24<00:00,  8.36it/s]                                                                                     Best trial: 64. Best value: 0.1524:  99%|█████████▉| 198/200 [00:24<00:00,  8.36it/s]Best trial: 64. Best value: 0.1524:  99%|█████████▉| 198/200 [00:24<00:00,  8.36it/s]                                                                                     Best trial: 64. Best value: 0.1524: 100%|█████████▉| 199/200 [00:24<00:00,  8.36it/s]Best trial: 64. Best value: 0.1524: 100%|█████████▉| 199/200 [00:24<00:00,  8.36it/s]Best trial: 64. Best value: 0.1524: 100%|██████████| 200/200 [00:24<00:00,  8.09it/s]

  Trial 153: MRB=0.0155% buy=0.54 sell=0.43
