[I 2025-10-08 20:34:42,892] Trial 91 finished with value: 0.0452 and parameters: {'buy_threshold': 0.54, 'sell_threshold': 0.43999999999999995, 'ewrls_lambda': 0.999, 'bb_amplification_factor': 0.02}. Best is trial 64 with value: 0.1524.Best trial: 64. Best value: 0.1524:  61%|██████    | 122/200 [00:15<00:09,  8.39it/s]Best trial: 64. Best value: 0.1524:  61%|██████    | 122/200 [00:15<00:09,  8.39it/s]                                                                                     Best trial: 64. Best value: 0.1524:  62%|██████▏   | 123/200 [00:15<00:09,  8.39it/s]Best trial: 64. Best value: 0.1524:  62%|██████▏   | 123/200 [00:15<00:09,  8.39it/s]                                                                                     Best trial: 64. Best value: 0.1524:  62%|██████▏   | 124/200 [00:16<00:09,  8.39it/s]Best trial: 64. Best value: 0.1524:  62%|██████▏   | 124/200 [00:16<00:09,  8.39it/s]Best trial: 64. Best value: 0.1524:  62%|██████▎   | 125/200 [00:16<00:08,  8.40it/s]                                                                                     Best trial: 64. Best value: 0.1524:  62%|██████▎   | 125/200 [00:16<00:08,  8.40it/s]Best trial: 64. Best value: 0.1524:  62%|██████▎   | 125/200 [00:16<00:08,  8.40it/s]                                                                                     Best trial: 64. Best value: 0.1524:  63%|██████▎   | 126/200 [00:16<00:08,  8.40it/s]Best trial: 64. Best value: 0.1524:  63%|██████▎   | 126/200 [00:16<00:08,  8.40it/s]                                                                                     Best trial: 64. Best value: 0.1524:  64%|██████▎   | 127/200 [00:16<00:08,  8.40it/s]Best trial: 64. Best value: 0.1524:  64%|██████▎   | 127/200 [00:16<00:08,  8.40it/s]                                                                                     Best trial: 64. Best value: 0.1524:  64%|██████▍   | 128/200 [00:16<00:08,  8.40it/s]Best trial: 64. Best value: 0.1524:  64%|██████▍   | 128/200 [00:16<00:08,  8.40it/s]Best trial: 64. Best value: 0.1524:  64%|██████▍   | 129/200 [00:16<00:08,  8.40it/s]                                                                                     Best trial: 64. Best value: 0.1524:  64%|██████▍   | 129/200 [00:16<00:08,  8.40it/s]Best trial: 64. Best value: 0.1524:  64%|██████▍   | 129/200 [00:16<00:08,  8.40it/s]                                                                                     Best trial: 64. Best value: 0.1524:  65%|██████▌   | 130/200 [00:16<00:08,  8.40it/s]Best trial: 64. Best value: 0.1524:  65%|██████▌   | 130/200 [00:16<00:08,  8.40it/s]                                                                                     Best trial: 64. Best value: 0.1524:  66%|██████▌   | 131/200 [00:16<00:08,  8.40it/s]Best trial: 64. Best value: 0.1524:  66%|██████▌   | 131/200 [00:16<00:08,  8.40it/s]                                                                                     Best trial: 64. Best value: 0.1524:  66%|██████▌   | 132/200 [00:16<00:08,  8.40it/s]Best trial: 64. Best value: 0.1524:  66%|██████▌   | 132/200 [00:16<00:08,  8.40it/s]Best trial: 64. Best value: 0.1524:  66%|██████▋   | 133/200 [00:16<00:07,  8.41it/s]                                                                                     Best trial: 64. Best value: 0.1524:  66%|██████▋   | 133/200 [00:16<00:07,  8.41it/s]Best trial: 64. Best value: 0.1524:  66%|██████▋   | 133/200 [00:17<00:07,  8.41it/s]                                                                                     Best trial: 64. Best value: 0.1524:  67%|██████▋   | 134/200 [00:17<00:07,  8.41it/s]Best trial: 64. Best value: 0.1524:  67%|██████▋   | 134/200 [00:17<00:07,  8.41it/s]                                                                                     Best trial: 64. Best value: 0.1524:  68%|██████▊   | 135/200 [00:17<00:07,  8.41it/s]Best trial: 64. Best value: 0.1524:  68%|██████▊   | 135/200 [00:17<00:07,  8.41it/s]                                                                                     Best trial: 64. Best value: 0.1524:  68%|██████▊   | 136/200 [00:17<00:07,  8.41it/s]Best trial: 64. Best value: 0.1524:  68%|██████▊   | 136/200 [00:17<00:07,  8.41it/s]Best trial: 64. Best value: 0.1524:  68%|██████▊   | 137/200 [00:17<00:07,  8.41it/s]                                                                                     Best trial: 64. Best value: 0.1524:  68%|██████▊   | 137/200 [00:17<00:07,  8.41it/s]Best trial: 64. Best value: 0.1524:  68%|██████▊   | 137/200 [00:17<00:07,  8.41it/s]                                                                                     Best trial: 64. Best value: 0.1524:  69%|██████▉   | 138/200 [00:17<00:07,  8.41it/s]Best trial: 64. Best value: 0.1524:  69%|██████▉   | 138/200 [00:17<00:07,  8.41it/s]                                                                                     Best trial: 64. Best value: 0.1524:  70%|██████▉   | 139/200 [00:17<00:07,  8.41it/s]Best trial: 64. Best value: 0.1524:  70%|██████▉   | 139/200 [00:17<00:07,  8.41it/s]                                                                                     Best trial: 64. Best value: 0.1524:  70%|███████   | 140/200 [00:17<00:07,  8.41it/s]Best trial: 64. Best value: 0.1524:  70%|███████   | 140/200 [00:17<00:07,  8.41it/s]Best trial: 64. Best value: 0.1524:  70%|███████   | 141/200 [00:17<00:07,  8.41it/s]                                                                                     Best trial: 64. Best value: 0.1524:  70%|███████   | 141/200 [00:17<00:07,  8.41it/s]Best trial: 64. Best value: 0.1524:  70%|███████   | 141/200 [00:17<00:07,  8.41it/s]                                                                                     Best trial: 64. Best value: 0.1524:  71%|███████   | 142/200 [00:17<00:06,  8.41it/s]Best trial: 64. Best value: 0.1524:  71%|███████   | 142/200 [00:17<00:06,  8.41it/s]                                                                                     Best trial: 64. Best value: 0.1524:  72%|███████▏  | 143/200 [00:17<00:06,  8.41it/s]Best trial: 64. Best value: 0.1524:  72%|███████▏  | 143/200 [00:17<00:06,  8.41it/s]                                                                                     Best trial: 64. Best value: 0.1524:  72%|███████▏  | 144/200 [00:18<00:06,  8.41it/s]Best trial: 64. Best value: 0.1524:  72%|███████▏  | 144/200 [00:18<00:06,  8.41it/s]Best trial: 64. Best value: 0.1524:  72%|███████▎  | 145/200 [00:18<00:06,  8.37it/s]                                                                                     Best trial: 64. Best value: 0.1524:  72%|███████▎  | 145/200 [00:18<00:06,  8.37it/s]Best trial: 64. Best value: 0.1524:  72%|███████▎  | 145/200 [00:18<00:06,  8.37it/s]                                                                                     Best trial: 64. Best value: 0.1524:  73%|███████▎  | 146/200 [00:18<00:06,  8.37it/s]Best trial: 64. Best value: 0.1524:  73%|███████▎  | 146/200 [00:18<00:06,  8.37it/s]                                                                                     Best trial: 64. Best value: 0.1524:  74%|███████▎  | 147/200 [00:18<00:06,  8.37it/s]Best trial: 64. Best value: 0.1524:  74%|███████▎  | 147/200 [00:18<00:06,  8.37it/s]                                                                                     Best trial: 64. Best value: 0.1524:  74%|███████▍  | 148/200 [00:18<00:06,  8.37it/s]Best trial: 64. Best value: 0.1524:  74%|███████▍  | 148/200 [00:18<00:06,  8.37it/s]Best trial: 64. Best value: 0.1524:  74%|███████▍  | 149/200 [00:18<00:06,  8.41it/s]                                                                                     Best trial: 64. Best value: 0.1524:  74%|███████▍  | 149/200 [00:18<00:06,  8.41it/s]Best trial: 64. Best value: 0.1524:  74%|███████▍  | 149/200 [00:18<00:06,  8.41it/s]                                                                                     Best trial: 64. Best value: 0.1524:  75%|███████▌  | 150/200 [00:18<00:05,  8.41it/s]Best trial: 64. Best value: 0.1524:  75%|███████▌  | 150/200 [00:18<00:05,  8.41it/s]                                                                                     Best trial: 64. Best value: 0.1524:  76%|███████▌  | 151/200 [00:18<00:05,  8.41it/s]Best trial: 64. Best value: 0.1524:  76%|███████▌  | 151/200 [00:18<00:05,  8.41it/s]                                                                                     
  Trial 92: MRB=0.0452% buy=0.54 sell=0.44
[I 2025-10-08 20:34:43,328] Trial 92 finished with value: 0.0452 and parameters: {'buy_threshold': 0.54, 'sell_threshold': 0.43999999999999995, 'ewrls_lambda': 0.999, 'bb_amplification_factor': 0.02}. Best is trial 64 with value: 0.1524.
  Trial 94: MRB=0.0882% buy=0.53 sell=0.50
[I 2025-10-08 20:34:43,348] Trial 94 finished with value: 0.0882 and parameters: {'buy_threshold': 0.53, 'sell_threshold': 0.5, 'ewrls_lambda': 0.993, 'bb_amplification_factor': 0.04}. Best is trial 64 with value: 0.1524.
  Trial 93: MRB=0.0882% buy=0.54 sell=0.50
[I 2025-10-08 20:34:43,349] Trial 93 finished with value: 0.0882 and parameters: {'buy_threshold': 0.54, 'sell_threshold': 0.5, 'ewrls_lambda': 0.999, 'bb_amplification_factor': 0.02}. Best is trial 64 with value: 0.1524.
  Trial 95: MRB=0.0777% buy=0.53 sell=0.42
[I 2025-10-08 20:34:43,369] Trial 95 finished with value: 0.0777 and parameters: {'buy_threshold': 0.53, 'sell_threshold': 0.42, 'ewrls_lambda': 0.993, 'bb_amplification_factor': 0.04}. Best is trial 64 with value: 0.1524.
  Trial 96: MRB=0.0777% buy=0.53 sell=0.42
[I 2025-10-08 20:34:43,802] Trial 96 finished with value: 0.0777 and parameters: {'buy_threshold': 0.53, 'sell_threshold': 0.42, 'ewrls_lambda': 0.993, 'bb_amplification_factor': 0.04}. Best is trial 64 with value: 0.1524.
  Trial 98: MRB=0.0983% buy=0.53 sell=0.42
[I 2025-10-08 20:34:43,822] Trial 98 finished with value: 0.0983 and parameters: {'buy_threshold': 0.53, 'sell_threshold': 0.42, 'ewrls_lambda': 0.992, 'bb_amplification_factor': 0.03}. Best is trial 64 with value: 0.1524.
  Trial 97: MRB=0.0983% buy=0.53 sell=0.42
[I 2025-10-08 20:34:43,825] Trial 97 finished with value: 0.0983 and parameters: {'buy_threshold': 0.53, 'sell_threshold': 0.42, 'ewrls_lambda': 0.992, 'bb_amplification_factor': 0.03}. Best is trial 64 with value: 0.1524.
  Trial 99: MRB=0.0564% buy=0.56 sell=0.41
[I 2025-10-08 20:34:43,844] Trial 99 finished with value: 0.0564 and parameters: {'buy_threshold': 0.56, 'sell_threshold': 0.41, 'ewrls_lambda': 0.997, 'bb_amplification_factor': 0.03}. Best is trial 64 with value: 0.1524.
  Trial 100: MRB=0.0351% buy=0.56 sell=0.41
[I 2025-10-08 20:34:44,275] Trial 100 finished with value: 0.0351 and parameters: {'buy_threshold': 0.56, 'sell_threshold': 0.41, 'ewrls_lambda': 0.997, 'bb_amplification_factor': 0.08}. Best is trial 64 with value: 0.1524.
  Trial 101: MRB=0.0902% buy=0.56 sell=0.41
[I 2025-10-08 20:34:44,297] Trial 101 finished with value: 0.0902 and parameters: {'buy_threshold': 0.56, 'sell_threshold': 0.41, 'ewrls_lambda': 0.992, 'bb_amplification_factor': 0.03}. Best is trial 64 with value: 0.1524.
  Trial 102: MRB=0.0902% buy=0.52 sell=0.41
[I 2025-10-08 20:34:44,298] Trial 102 finished with value: 0.0902 and parameters: {'buy_threshold': 0.52, 'sell_threshold': 0.41, 'ewrls_lambda': 0.992, 'bb_amplification_factor': 0.03}. Best is trial 64 with value: 0.1524.
  Trial 103: MRB=0.0564% buy=0.52 sell=0.41
[I 2025-10-08 20:34:44,320] Trial 103 finished with value: 0.0564 and parameters: {'buy_threshold': 0.52, 'sell_threshold': 0.41, 'ewrls_lambda': 0.992, 'bb_amplification_factor': 0.03}. Best is trial 64 with value: 0.1524.
  Trial 104: MRB=0.0564% buy=0.53 sell=0.43
[I 2025-10-08 20:34:44,752] Trial 104 finished with value: 0.0564 and parameters: {'buy_threshold': 0.53, 'sell_threshold': 0.43, 'ewrls_lambda': 0.992, 'bb_amplification_factor': 0.03}. Best is trial 64 with value: 0.1524.
  Trial 106: MRB=0.0871% buy=0.53 sell=0.43
[I 2025-10-08 20:34:44,773] Trial 106 finished with value: 0.0871 and parameters: {'buy_threshold': 0.53, 'sell_threshold': 0.43, 'ewrls_lambda': 0.991, 'bb_amplification_factor': 0.04}. Best is trial 64 with value: 0.1524.
  Trial 105: MRB=0.0871% buy=0.53 sell=0.43
[I 2025-10-08 20:34:44,777] Trial 105 finished with value: 0.0871 and parameters: {'buy_threshold': 0.53, 'sell_threshold': 0.43, 'ewrls_lambda': 0.991, 'bb_amplification_factor': 0.04}. Best is trial 64 with value: 0.1524.
  Trial 107: MRB=0.0562% buy=0.53 sell=0.43
[I 2025-10-08 20:34:44,795] Trial 107 finished with value: 0.0562 and parameters: {'buy_threshold': 0.53, 'sell_threshold': 0.43, 'ewrls_lambda': 0.991, 'bb_amplification_factor': 0.05}. Best is trial 64 with value: 0.1524.
  Trial 108: MRB=0.0562% buy=0.54 sell=0.42
[I 2025-10-08 20:34:45,224] Trial 108 finished with value: 0.0562 and parameters: {'buy_threshold': 0.54, 'sell_threshold': 0.42, 'ewrls_lambda': 0.991, 'bb_amplification_factor': 0.05}. Best is trial 64 with value: 0.1524.
  Trial 110: MRB=0.0683% buy=0.55 sell=0.42
[I 2025-10-08 20:34:45,245] Trial 110 finished with value: 0.0683 and parameters: {'buy_threshold': 0.55, 'sell_threshold': 0.42, 'ewrls_lambda': 0.99, 'bb_amplification_factor': 0.02}. Best is trial 64 with value: 0.1524.
  Trial 109: MRB=0.0683% buy=0.54 sell=0.42
[I 2025-10-08 20:34:45,250] Trial 109 finished with value: 0.0683 and parameters: {'buy_threshold': 0.54, 'sell_threshold': 0.42, 'ewrls_lambda': 0.991, 'bb_amplification_factor': 0.05}. Best is trial 64 with value: 0.1524.
  Trial 111: MRB=0.0452% buy=0.55 sell=0.42
[I 2025-10-08 20:34:45,268] Trial 111 finished with value: 0.0452 and parameters: {'buy_threshold': 0.55, 'sell_threshold': 0.42, 'ewrls_lambda': 0.99, 'bb_amplification_factor': 0.02}. Best is trial 64 with value: 0.1524.
  Trial 112: MRB=0.0212% buy=0.55 sell=0.42
[I 2025-10-08 20:34:45,701] Trial 112 finished with value: 0.0212 and parameters: {'buy_threshold': 0.55, 'sell_threshold': 0.42, 'ewrls_lambda': 0.996, 'bb_amplification_factor': 0.15}. Best is trial 64 with value: 0.1524.
  Trial 114: MRB=0.0491% buy=0.52 sell=0.39
[I 2025-10-08 20:34:45,721] Trial 114 finished with value: 0.0491 and parameters: {'buy_threshold': 0.52, 'sell_threshold': 0.38999999999999996, 'ewrls_lambda': 0.996, 'bb_amplification_factor': 0.15}. Best is trial 64 with value: 0.1524.
  Trial 113: MRB=0.0491% buy=0.54 sell=0.42
[I 2025-10-08 20:34:45,723] Trial 113 finished with value: 0.0491 and parameters: {'buy_threshold': 0.54, 'sell_threshold': 0.42, 'ewrls_lambda': 0.996, 'bb_amplification_factor': 0.15}. Best is trial 64 with value: 0.1524.
  Trial 115: MRB=0.0388% buy=0.52 sell=0.39
[I 2025-10-08 20:34:45,744] Trial 115 finished with value: 0.0388 and parameters: {'buy_threshold': 0.52, 'sell_threshold': 0.38999999999999996, 'ewrls_lambda': 0.996, 'bb_amplification_factor': 0.07}. Best is trial 64 with value: 0.1524.
  Trial 116: MRB=0.0388% buy=0.50 sell=0.40
[I 2025-10-08 20:34:46,183] Trial 116 finished with value: 0.0388 and parameters: {'buy_threshold': 0.5, 'sell_threshold': 0.39999999999999997, 'ewrls_lambda': 0.994, 'bb_amplification_factor': 0.07}. Best is trial 64 with value: 0.1524.
  Trial 117: MRB=0.0263% buy=0.50 sell=0.40
[I 2025-10-08 20:34:46,200] Trial 117 finished with value: 0.0263 and parameters: {'buy_threshold': 0.5, 'sell_threshold': 0.39999999999999997, 'ewrls_lambda': 0.997, 'bb_amplification_factor': 0.09}. Best is trial 64 with value: 0.1524.
  Trial 118: MRB=0.0263% buy=0.50 sell=0.40
[I 2025-10-08 20:34:46,202] Trial 118 finished with value: 0.0263 and parameters: {'buy_threshold': 0.5, 'sell_threshold': 0.39999999999999997, 'ewrls_lambda': 0.993, 'bb_amplification_factor': 0.07}. Best is trial 64 with value: 0.1524.
  Trial 119: MRB=0.0268% buy=0.50 sell=0.40
[I 2025-10-08 20:34:46,223] Trial 119 finished with value: 0.0268 and parameters: {'buy_threshold': 0.5, 'sell_threshold': 0.39999999999999997, 'ewrls_lambda': 0.994, 'bb_amplification_factor': 0.09}. Best is trial 64 with value: 0.1524.
  Trial 120: MRB=0.0268% buy=0.54 sell=0.35
[I 2025-10-08 20:34:46,657] Trial 120 finished with value: 0.0268 and parameters: {'buy_threshold': 0.54, 'sell_threshold': 0.35, 'ewrls_lambda': 0.993, 'bb_amplification_factor': 0.09}. Best is trial 64 with value: 0.1524.
  Trial 122: MRB=0.0808% buy=0.53 sell=0.36
[I 2025-10-08 20:34:46,678] Trial 122 finished with value: 0.0808 and parameters: {'buy_threshold': 0.53, 'sell_threshold': 0.36, 'ewrls_lambda': 0.992, 'bb_amplification_factor': 0.1}. Best is trial 64 with value: 0.1524.
  Trial 121: MRB=0.0808% buy=0.53 sell=0.43
