[I 2025-10-08 20:34:39,503] Trial 61 finished with value: 0.0657 and parameters: {'buy_threshold': 0.55, 'sell_threshold': 0.42, 'ewrls_lambda': 0.99, 'bb_amplification_factor': 0.01}. Best is trial 32 with value: 0.1106.Best trial: 64. Best value: 0.1524:  46%|████▌     | 91/200 [00:11<00:13,  8.37it/s]Best trial: 64. Best value: 0.1524:  46%|████▌     | 91/200 [00:11<00:13,  8.37it/s]                                                                                    Best trial: 64. Best value: 0.1524:  46%|████▌     | 92/200 [00:12<00:12,  8.37it/s]Best trial: 64. Best value: 0.1524:  46%|████▌     | 92/200 [00:12<00:12,  8.37it/s]Best trial: 64. Best value: 0.1524:  46%|████▋     | 93/200 [00:12<00:12,  8.38it/s]                                                                                    Best trial: 64. Best value: 0.1524:  46%|████▋     | 93/200 [00:12<00:12,  8.38it/s]Best trial: 64. Best value: 0.1524:  46%|████▋     | 93/200 [00:12<00:12,  8.38it/s]                                                                                    Best trial: 64. Best value: 0.1524:  47%|████▋     | 94/200 [00:12<00:12,  8.38it/s]Best trial: 64. Best value: 0.1524:  47%|████▋     | 94/200 [00:12<00:12,  8.38it/s]                                                                                    Best trial: 64. Best value: 0.1524:  48%|████▊     | 95/200 [00:12<00:12,  8.38it/s]Best trial: 64. Best value: 0.1524:  48%|████▊     | 95/200 [00:12<00:12,  8.38it/s]                                                                                    Best trial: 64. Best value: 0.1524:  48%|████▊     | 96/200 [00:12<00:12,  8.38it/s]Best trial: 64. Best value: 0.1524:  48%|████▊     | 96/200 [00:12<00:12,  8.38it/s]Best trial: 64. Best value: 0.1524:  48%|████▊     | 97/200 [00:12<00:12,  8.39it/s]                                                                                    Best trial: 64. Best value: 0.1524:  48%|████▊     | 97/200 [00:12<00:12,  8.39it/s]Best trial: 64. Best value: 0.1524:  48%|████▊     | 97/200 [00:12<00:12,  8.39it/s]                                                                                    Best trial: 64. Best value: 0.1524:  49%|████▉     | 98/200 [00:12<00:12,  8.39it/s]Best trial: 64. Best value: 0.1524:  49%|████▉     | 98/200 [00:12<00:12,  8.39it/s]                                                                                    Best trial: 64. Best value: 0.1524:  50%|████▉     | 99/200 [00:12<00:12,  8.39it/s]Best trial: 64. Best value: 0.1524:  50%|████▉     | 99/200 [00:12<00:12,  8.39it/s]                                                                                    Best trial: 64. Best value: 0.1524:  50%|█████     | 100/200 [00:13<00:11,  8.39it/s]Best trial: 64. Best value: 0.1524:  50%|█████     | 100/200 [00:13<00:11,  8.39it/s]Best trial: 64. Best value: 0.1524:  50%|█████     | 101/200 [00:13<00:11,  8.41it/s]                                                                                     Best trial: 64. Best value: 0.1524:  50%|█████     | 101/200 [00:13<00:11,  8.41it/s]Best trial: 64. Best value: 0.1524:  50%|█████     | 101/200 [00:13<00:11,  8.41it/s]                                                                                     Best trial: 64. Best value: 0.1524:  51%|█████     | 102/200 [00:13<00:11,  8.41it/s]Best trial: 64. Best value: 0.1524:  51%|█████     | 102/200 [00:13<00:11,  8.41it/s]                                                                                     Best trial: 64. Best value: 0.1524:  52%|█████▏    | 103/200 [00:13<00:11,  8.41it/s]Best trial: 64. Best value: 0.1524:  52%|█████▏    | 103/200 [00:13<00:11,  8.41it/s]                                                                                     Best trial: 64. Best value: 0.1524:  52%|█████▏    | 104/200 [00:13<00:11,  8.41it/s]Best trial: 64. Best value: 0.1524:  52%|█████▏    | 104/200 [00:13<00:11,  8.41it/s]Best trial: 64. Best value: 0.1524:  52%|█████▎    | 105/200 [00:13<00:11,  8.40it/s]                                                                                     Best trial: 64. Best value: 0.1524:  52%|█████▎    | 105/200 [00:13<00:11,  8.40it/s]Best trial: 64. Best value: 0.1524:  52%|█████▎    | 105/200 [00:13<00:11,  8.40it/s]                                                                                     Best trial: 64. Best value: 0.1524:  53%|█████▎    | 106/200 [00:13<00:11,  8.40it/s]Best trial: 64. Best value: 0.1524:  53%|█████▎    | 106/200 [00:13<00:11,  8.40it/s]                                                                                     Best trial: 64. Best value: 0.1524:  54%|█████▎    | 107/200 [00:13<00:11,  8.40it/s]Best trial: 64. Best value: 0.1524:  54%|█████▎    | 107/200 [00:13<00:11,  8.40it/s]                                                                                     Best trial: 64. Best value: 0.1524:  54%|█████▍    | 108/200 [00:14<00:10,  8.40it/s]Best trial: 64. Best value: 0.1524:  54%|█████▍    | 108/200 [00:14<00:10,  8.40it/s]Best trial: 64. Best value: 0.1524:  55%|█████▍    | 109/200 [00:14<00:10,  8.43it/s]                                                                                     Best trial: 64. Best value: 0.1524:  55%|█████▍    | 109/200 [00:14<00:10,  8.43it/s]Best trial: 64. Best value: 0.1524:  55%|█████▍    | 109/200 [00:14<00:10,  8.43it/s]                                                                                     Best trial: 64. Best value: 0.1524:  55%|█████▌    | 110/200 [00:14<00:10,  8.43it/s]Best trial: 64. Best value: 0.1524:  55%|█████▌    | 110/200 [00:14<00:10,  8.43it/s]                                                                                     Best trial: 64. Best value: 0.1524:  56%|█████▌    | 111/200 [00:14<00:10,  8.43it/s]Best trial: 64. Best value: 0.1524:  56%|█████▌    | 111/200 [00:14<00:10,  8.43it/s]                                                                                     Best trial: 64. Best value: 0.1524:  56%|█████▌    | 112/200 [00:14<00:10,  8.43it/s]Best trial: 64. Best value: 0.1524:  56%|█████▌    | 112/200 [00:14<00:10,  8.43it/s]Best trial: 64. Best value: 0.1524:  56%|█████▋    | 113/200 [00:14<00:10,  8.42it/s]                                                                                     Best trial: 64. Best value: 0.1524:  56%|█████▋    | 113/200 [00:14<00:10,  8.42it/s]Best trial: 64. Best value: 0.1524:  56%|█████▋    | 113/200 [00:14<00:10,  8.42it/s]                                                                                     Best trial: 64. Best value: 0.1524:  57%|█████▋    | 114/200 [00:14<00:10,  8.42it/s]Best trial: 64. Best value: 0.1524:  57%|█████▋    | 114/200 [00:14<00:10,  8.42it/s]                                                                                     Best trial: 64. Best value: 0.1524:  57%|█████▊    | 115/200 [00:14<00:10,  8.42it/s]Best trial: 64. Best value: 0.1524:  57%|█████▊    | 115/200 [00:14<00:10,  8.42it/s]                                                                                     Best trial: 64. Best value: 0.1524:  58%|█████▊    | 116/200 [00:15<00:09,  8.42it/s]Best trial: 64. Best value: 0.1524:  58%|█████▊    | 116/200 [00:15<00:09,  8.42it/s]Best trial: 64. Best value: 0.1524:  58%|█████▊    | 117/200 [00:15<00:09,  8.38it/s]                                                                                     Best trial: 64. Best value: 0.1524:  58%|█████▊    | 117/200 [00:15<00:09,  8.38it/s]Best trial: 64. Best value: 0.1524:  58%|█████▊    | 117/200 [00:15<00:09,  8.38it/s]                                                                                     Best trial: 64. Best value: 0.1524:  59%|█████▉    | 118/200 [00:15<00:09,  8.38it/s]Best trial: 64. Best value: 0.1524:  59%|█████▉    | 118/200 [00:15<00:09,  8.38it/s]                                                                                     Best trial: 64. Best value: 0.1524:  60%|█████▉    | 119/200 [00:15<00:09,  8.38it/s]Best trial: 64. Best value: 0.1524:  60%|█████▉    | 119/200 [00:15<00:09,  8.38it/s]                                                                                     Best trial: 64. Best value: 0.1524:  60%|██████    | 120/200 [00:15<00:09,  8.38it/s]Best trial: 64. Best value: 0.1524:  60%|██████    | 120/200 [00:15<00:09,  8.38it/s]Best trial: 64. Best value: 0.1524:  60%|██████    | 121/200 [00:15<00:09,  8.39it/s]                                                                                     Best trial: 64. Best value: 0.1524:  60%|██████    | 121/200 [00:15<00:09,  8.39it/s]Best trial: 64. Best value: 0.1524:  60%|██████    | 121/200 [00:15<00:09,  8.39it/s]                                                                                     
  Trial 62: MRB=0.0388% buy=0.50 sell=0.46
[I 2025-10-08 20:34:39,522] Trial 62 finished with value: 0.0388 and parameters: {'buy_threshold': 0.5, 'sell_threshold': 0.45999999999999996, 'ewrls_lambda': 0.994, 'bb_amplification_factor': 0.07}. Best is trial 32 with value: 0.1106.
  Trial 63: MRB=0.0976% buy=0.54 sell=0.43
[I 2025-10-08 20:34:39,540] Trial 63 finished with value: 0.0976 and parameters: {'buy_threshold': 0.54, 'sell_threshold': 0.43, 'ewrls_lambda': 0.99, 'bb_amplification_factor': 0.17}. Best is trial 32 with value: 0.1106.
  Trial 64: MRB=0.1524% buy=0.54 sell=0.41
[I 2025-10-08 20:34:39,977] Trial 64 finished with value: 0.1524 and parameters: {'buy_threshold': 0.54, 'sell_threshold': 0.41, 'ewrls_lambda': 0.994, 'bb_amplification_factor': 0.01}. Best is trial 64 with value: 0.1524.
  Trial 65: MRB=0.1524% buy=0.54 sell=0.43
[I 2025-10-08 20:34:39,979] Trial 65 finished with value: 0.1524 and parameters: {'buy_threshold': 0.54, 'sell_threshold': 0.43, 'ewrls_lambda': 0.994, 'bb_amplification_factor': 0.04}. Best is trial 64 with value: 0.1524.
  Trial 66: MRB=0.1122% buy=0.54 sell=0.41
[I 2025-10-08 20:34:39,996] Trial 66 finished with value: 0.1122 and parameters: {'buy_threshold': 0.54, 'sell_threshold': 0.41, 'ewrls_lambda': 0.998, 'bb_amplification_factor': 0.04}. Best is trial 64 with value: 0.1524.
  Trial 67: MRB=0.0976% buy=0.54 sell=0.43
[I 2025-10-08 20:34:40,009] Trial 67 finished with value: 0.0976 and parameters: {'buy_threshold': 0.54, 'sell_threshold': 0.43, 'ewrls_lambda': 0.988, 'bb_amplification_factor': 0.17}. Best is trial 64 with value: 0.1524.
  Trial 69: MRB=0.0000% buy=0.54 sell=0.43
[I 2025-10-08 20:34:40,455] Trial 69 finished with value: 0.0 and parameters: {'buy_threshold': 0.54, 'sell_threshold': 0.43, 'ewrls_lambda': 0.988, 'bb_amplification_factor': 0.17}. Best is trial 64 with value: 0.1524.
  Trial 68: MRB=0.0000% buy=0.54 sell=0.43
[I 2025-10-08 20:34:40,462] Trial 68 finished with value: 0.0 and parameters: {'buy_threshold': 0.54, 'sell_threshold': 0.43, 'ewrls_lambda': 0.988, 'bb_amplification_factor': 0.17}. Best is trial 64 with value: 0.1524.
  Trial 70: MRB=0.0000% buy=0.54 sell=0.43
[I 2025-10-08 20:34:40,466] Trial 70 finished with value: 0.0 and parameters: {'buy_threshold': 0.54, 'sell_threshold': 0.43, 'ewrls_lambda': 0.988, 'bb_amplification_factor': 0.17}. Best is trial 64 with value: 0.1524.
  Trial 71: MRB=0.0434% buy=0.54 sell=0.43
[I 2025-10-08 20:34:40,488] Trial 71 finished with value: 0.0434 and parameters: {'buy_threshold': 0.54, 'sell_threshold': 0.43, 'ewrls_lambda': 0.988, 'bb_amplification_factor': 0.18}. Best is trial 64 with value: 0.1524.
  Trial 72: MRB=0.0000% buy=0.57 sell=0.43
[I 2025-10-08 20:34:40,953] Trial 72 finished with value: 0.0 and parameters: {'buy_threshold': 0.5700000000000001, 'sell_threshold': 0.43, 'ewrls_lambda': 0.988, 'bb_amplification_factor': 0.18}. Best is trial 64 with value: 0.1524.
  Trial 73: MRB=0.0698% buy=0.57 sell=0.43
[I 2025-10-08 20:34:40,969] Trial 73 finished with value: 0.0698 and parameters: {'buy_threshold': 0.5700000000000001, 'sell_threshold': 0.43, 'ewrls_lambda': 0.998, 'bb_amplification_factor': 0.19}. Best is trial 64 with value: 0.1524.
  Trial 74: MRB=0.0698% buy=0.57 sell=0.41
[I 2025-10-08 20:34:40,975] Trial 74 finished with value: 0.0698 and parameters: {'buy_threshold': 0.5700000000000001, 'sell_threshold': 0.41, 'ewrls_lambda': 0.989, 'bb_amplification_factor': 0.18}. Best is trial 64 with value: 0.1524.
  Trial 75: MRB=0.0140% buy=0.52 sell=0.41
[I 2025-10-08 20:34:40,990] Trial 75 finished with value: 0.014 and parameters: {'buy_threshold': 0.52, 'sell_threshold': 0.41, 'ewrls_lambda': 0.989, 'bb_amplification_factor': 0.01}. Best is trial 64 with value: 0.1524.
  Trial 76: MRB=0.0000% buy=0.52 sell=0.41
[I 2025-10-08 20:34:41,423] Trial 76 finished with value: 0.0 and parameters: {'buy_threshold': 0.52, 'sell_threshold': 0.41, 'ewrls_lambda': 0.989, 'bb_amplification_factor': 0.01}. Best is trial 64 with value: 0.1524.
  Trial 77: MRB=0.0493% buy=0.52 sell=0.41
[I 2025-10-08 20:34:41,441] Trial 77 finished with value: 0.0493 and parameters: {'buy_threshold': 0.52, 'sell_threshold': 0.41, 'ewrls_lambda': 0.989, 'bb_amplification_factor': 0.01}. Best is trial 64 with value: 0.1524.
  Trial 78: MRB=0.0493% buy=0.52 sell=0.40
[I 2025-10-08 20:34:41,445] Trial 78 finished with value: 0.0493 and parameters: {'buy_threshold': 0.52, 'sell_threshold': 0.39999999999999997, 'ewrls_lambda': 0.987, 'bb_amplification_factor': 0.01}. Best is trial 64 with value: 0.1524.
  Trial 79: MRB=0.0282% buy=0.53 sell=0.40
[I 2025-10-08 20:34:41,463] Trial 79 finished with value: 0.0282 and parameters: {'buy_threshold': 0.53, 'sell_threshold': 0.39999999999999997, 'ewrls_lambda': 0.991, 'bb_amplification_factor': 0.16}. Best is trial 64 with value: 0.1524.
  Trial 80: MRB=0.0282% buy=0.54 sell=0.40
[I 2025-10-08 20:34:41,896] Trial 80 finished with value: 0.0282 and parameters: {'buy_threshold': 0.54, 'sell_threshold': 0.39999999999999997, 'ewrls_lambda': 0.987, 'bb_amplification_factor': 0.16}. Best is trial 64 with value: 0.1524.
  Trial 81: MRB=0.0525% buy=0.53 sell=0.40
[I 2025-10-08 20:34:41,920] Trial 81 finished with value: 0.0525 and parameters: {'buy_threshold': 0.53, 'sell_threshold': 0.39999999999999997, 'ewrls_lambda': 0.994, 'bb_amplification_factor': 0.16}. Best is trial 64 with value: 0.1524.
  Trial 82: MRB=0.0525% buy=0.53 sell=0.42
[I 2025-10-08 20:34:41,922] Trial 82 finished with value: 0.0525 and parameters: {'buy_threshold': 0.53, 'sell_threshold': 0.42, 'ewrls_lambda': 0.992, 'bb_amplification_factor': 0.16}. Best is trial 64 with value: 0.1524.
  Trial 83: MRB=0.0564% buy=0.54 sell=0.42
[I 2025-10-08 20:34:41,941] Trial 83 finished with value: 0.0564 and parameters: {'buy_threshold': 0.54, 'sell_threshold': 0.42, 'ewrls_lambda': 0.994, 'bb_amplification_factor': 0.03}. Best is trial 64 with value: 0.1524.
  Trial 84: MRB=0.0608% buy=0.55 sell=0.45
[I 2025-10-08 20:34:42,373] Trial 84 finished with value: 0.0608 and parameters: {'buy_threshold': 0.55, 'sell_threshold': 0.44999999999999996, 'ewrls_lambda': 0.994, 'bb_amplification_factor': 0.13}. Best is trial 64 with value: 0.1524.
  Trial 86: MRB=0.0315% buy=0.61 sell=0.45
[I 2025-10-08 20:34:42,397] Trial 86 finished with value: 0.0315 and parameters: {'buy_threshold': 0.61, 'sell_threshold': 0.44999999999999996, 'ewrls_lambda': 0.998, 'bb_amplification_factor': 0.11}. Best is trial 64 with value: 0.1524.
  Trial 85: MRB=0.0315% buy=0.55 sell=0.45
[I 2025-10-08 20:34:42,399] Trial 85 finished with value: 0.0315 and parameters: {'buy_threshold': 0.55, 'sell_threshold': 0.44999999999999996, 'ewrls_lambda': 0.998, 'bb_amplification_factor': 0.14}. Best is trial 64 with value: 0.1524.
  Trial 87: MRB=0.0378% buy=0.61 sell=0.46
[I 2025-10-08 20:34:42,418] Trial 87 finished with value: 0.0378 and parameters: {'buy_threshold': 0.61, 'sell_threshold': 0.45999999999999996, 'ewrls_lambda': 0.995, 'bb_amplification_factor': 0.11}. Best is trial 64 with value: 0.1524.
  Trial 88: MRB=0.0378% buy=0.62 sell=0.44
[I 2025-10-08 20:34:42,851] Trial 88 finished with value: 0.0378 and parameters: {'buy_threshold': 0.62, 'sell_threshold': 0.43999999999999995, 'ewrls_lambda': 0.998, 'bb_amplification_factor': 0.11}. Best is trial 64 with value: 0.1524.
  Trial 89: MRB=0.0871% buy=0.55 sell=0.44
[I 2025-10-08 20:34:42,870] Trial 89 finished with value: 0.0871 and parameters: {'buy_threshold': 0.55, 'sell_threshold': 0.43999999999999995, 'ewrls_lambda': 0.995, 'bb_amplification_factor': 0.14}. Best is trial 64 with value: 0.1524.
  Trial 90: MRB=0.0871% buy=0.54 sell=0.44
[I 2025-10-08 20:34:42,874] Trial 90 finished with value: 0.0871 and parameters: {'buy_threshold': 0.54, 'sell_threshold': 0.43999999999999995, 'ewrls_lambda': 0.999, 'bb_amplification_factor': 0.09}. Best is trial 64 with value: 0.1524.
  Trial 91: MRB=0.0452% buy=0.54 sell=0.44
